   145, 42.6650,  1, -272.93, 14.86
   160, 44.1850,  1, -287.07, 16.380000000000003
   196, 47.8400,  1, -301.62, 20.035000000000004
   278, 56.4450,  1, -302.65, 28.64
   291, 57.7650,  1, -293.83, 29.96
   373, 66.1200,  1, -341.34, 38.315000000000005
   387, 67.5600,  1, -367.57, 39.755
   429, 71.8850,  1, -382.68, 44.080000000000005
   487, 77.8550,  2, -141.26,  50
   487, 77.8550,  2, -183.88,  50
   608, 106.3950,  1, -268.30, 12.254999999999995
   618, 107.4200,  1, -272.75, 13.280000000000001
   628, 108.4500,  1, -288.26, 14.310000000000002
   678, 113.6000,  1, -297.64, 19.459999999999994
   766, 122.6600,  1, -319.27, 28.519999999999996
   773, 123.3800,  1, -323.55, 29.239999999999995
   793, 125.4350,  1, -267.60, 31.295
   901, 136.6550,  1, -348.24, 42.515
   973, 144.1550,  2, -159.63,  50
   973, 144.1550,  2, -173.53,  50
  1063, 170.0100,  1, -268.24, 9.169999999999987
  1154, 179.4850,  1, -297.84, 18.64500000000001
  1181, 182.3000,  1, -291.30, 21.460000000000008
  1230, 187.4050,  1, -286.72, 26.564999999999998
  1318, 196.5700,  1, -338.29, 35.72999999999999
  1368, 201.7800,  1, -361.70, 40.94
  1368, 201.7800,  1, -373.34, 40.94
  1398, 204.9050,  1, -356.68, 44.065
  1455, 210.8400,  2, -157.45,  50
  1556, 236.8200,  1, -267.77, 10.305000000000007
  1565, 237.7600,  1, -266.18, 11.245000000000005
  1565, 237.7600,  1, -285.29, 11.245000000000005
  1594, 240.7800,  1, -274.84, 14.265000000000015
  1594, 240.7800,  1, -274.81, 14.265000000000015
  1633, 244.8400,  1, -302.07, 18.325000000000017
  1664, 248.0700,  1, -312.83, 21.555000000000007
  1802, 262.3250,  1, -348.22, 35.81
  1941, 276.5350,  2, -162.68,  50
  1941, 276.5350,  2, -196.72,  50
  2082, 306.4500,  1, -281.38, 14.21999999999997
  2088, 307.0600,  1, -248.57, 14.829999999999984
  2143, 312.6850,  1, -299.22, 20.454999999999984
  2161, 314.5300,  1, -279.88, 22.299999999999955
  2179, 316.3650,  1, -286.94, 24.13499999999999
  2209, 319.4350,  1, -309.99, 27.204999999999984
  2243, 322.9100,  1, -287.84, 30.680000000000007
  2353, 334.1600,  1, -344.89, 41.93000000000001
  2361, 334.9800,  1, -310.27, 42.75
  2432, 342.2400,  2, -125.34,  50
  2582, 373.4500,  1, -288.09, 15.134999999999991
  2592, 374.4700,  1, -270.18, 16.15500000000003
  2670, 382.4500,  1, -294.95, 24.13499999999999
  2684, 383.8800,  1, -318.10, 25.564999999999998
  2714, 386.9500,  1, -330.95, 28.63499999999999
  2845, 400.3450,  1, -322.33, 42.03000000000003
  2855, 401.3650,  1, -369.51, 43.05000000000001
  2885, 404.4350,  1, -356.46, 46.120000000000005
  2923, 408.3250,  2, -168.74,  50
  2923, 408.3250,  2, -171.04,  50
  3085, 441.2800,  1, -266.64, 16.369999999999948
  3135, 446.3900,  1, -297.70, 21.47999999999996
  3155, 448.4350,  1, -305.97, 23.524999999999977
  3155, 448.4350,  1, -295.81, 23.524999999999977
  3175, 450.4800,  1, -272.83, 25.569999999999993
  3215, 454.5750,  1, -323.11, 29.664999999999964
  3303, 463.5750,  1, -375.80, 38.664999999999964
  3402, 473.7000,  1, -396.75, 48.789999999999964
  3414, 474.9250,  2, -93.47,  50
  3414, 474.9250,  2, -171.22,  50
  3550, 505.6150,  1, -278.22, 13.699999999999989
  3589, 509.6050,  1, -283.95, 17.689999999999998
  3603, 511.0350,  1, -296.94, 19.120000000000005
  3616, 512.3700,  1, -301.41, 20.454999999999984
  3646, 515.4050,  1, -299.98, 23.489999999999952
  3646, 515.4050,  1, -262.92, 23.489999999999952
  3666, 517.4300,  1, -256.73, 25.51499999999993
  3666, 517.4300,  1, -261.03, 25.51499999999993
  3717, 522.5850,  1, -335.38, 30.670000000000016
  3908, 541.9200,  2, -169.45,  50
  4047, 571.8050,  1, -249.94, 13.864999999999895
  4091, 576.2550,  1, -289.42, 18.31499999999994
  4102, 577.3700,  1, -283.32, 19.42999999999995
  4105, 577.6750,  1, -293.24, 19.7349999999999
  4131, 580.3050,  1, -312.96, 22.364999999999895
  4233, 590.6250,  1, -343.33, 32.684999999999945
  4286, 595.9850,  1, -351.91, 38.04499999999996
  4395, 607.0200,  1, -395.75, 49.07999999999993
  4405, 608.0300,  2, -174.53,  50
  4405, 608.0300,  2, -142.47,  50
  4528, 636.6550,  1, -274.44, 12.240000000000009
  4558, 639.6900,  1, -287.85, 15.275000000000091
  4592, 643.1300,  1, -278.24, 18.715000000000032
  4616, 645.5600,  1, -277.28, 21.144999999999982
  4693, 653.3500,  1, -316.65, 28.93500000000006
  4731, 657.1950,  1, -286.98, 32.780000000000086
  4781, 662.2550,  1, -353.90, 37.84000000000003
  4802, 664.3800,  1, -356.53, 39.96500000000003
  4810, 665.1900,  1, -366.03, 40.77500000000009
  4893, 673.5850,  1, -403.21, 49.17000000000007
  5038, 704.0050,  1, -287.10, 14.57000000000005
  5056, 705.8250,  1, -291.28, 16.3900000000001
  5097, 709.9750,  1, -299.35, 20.540000000000077
  5106, 710.8850,  1, -287.00, 21.450000000000045
  5115, 711.8000,  1, -266.07, 22.36500000000001
  5177, 718.0700,  1, -326.14, 28.635000000000105
  5193, 719.6900,  1, -319.69, 30.25500000000011
  5207, 721.1050,  1, -298.46, 31.670000000000073
  5389, 739.5250,  2, -146.56,  50
  5389, 739.5250,  2, -138.83,  50
  5502, 769.4450,  1, -268.72, 11.235000000000014
  5551, 774.4050,  1, -279.40, 16.194999999999936
  5571, 776.4300,  1, -301.17, 18.219999999999914
  5573, 776.6300,  1, -300.55, 18.41999999999996
  5579, 777.2350,  1, -301.91, 19.024999999999977
  5630, 782.4000,  1, -301.19, 24.18999999999994
  5630, 782.4000,  1, -317.01, 24.18999999999994
  5886, 808.3050,  2, -170.85,  50
  5886, 808.3050,  2, -165.27,  50
  5886, 808.3050,  2, -151.31,  50
  5999, 836.6550,  1, -261.97, 11.230000000000018
  6013, 838.0700,  1, -279.08, 12.645000000000095
  6024, 839.1850,  1, -238.12, 13.759999999999991
  6043, 841.1050,  1, -283.86, 15.680000000000064
  6058, 842.6250,  1, -285.77, 17.200000000000045
  6080, 844.8500,  1, -253.40, 19.425000000000068
  6167, 853.6550,  1, -319.77, 28.230000000000018
  6302, 867.3150,  1, -329.05, 41.8900000000001
  6333, 870.4500,  1, -370.01, 45.02500000000009
  6383, 875.5100,  2, -184.10,  50
  6622, 916.7200,  1, -300.43, 23.985000000000014
  6627, 917.2250,  1, -293.42, 24.49000000000001
  6665, 921.0700,  1, -306.13, 28.335000000000036
  6678, 922.3850,  1, -303.81, 29.649999999999977
  6840, 938.7800,  1, -352.76, 46.04499999999996
  6847, 939.4850,  1, -365.28, 46.75
  6869, 941.7100,  1, -410.59, 48.97500000000002
  6880, 942.8250,  2, -207.47,  50
  6880, 942.8250,  2, -188.73,  50
  6880, 942.8250,  2, -189.25,  50
  6992, 970.3450,  1, -247.61, 11.129999999999995
  7000, 971.1550,  1, -270.96, 11.93999999999994
  7010, 972.1700,  1, -234.95, 12.954999999999927
  7023, 973.4800,  1, -273.96, 14.264999999999986
  7054, 976.6200,  1, -285.97, 17.404999999999973
  7054, 976.6200,  1, -279.37, 17.404999999999973
  7066, 977.8300,  1, -267.24, 18.61500000000001
  7172, 988.5600,  1, -302.31, 29.344999999999914
  7194, 990.7850,  1, -343.27, 31.569999999999936
  7286, 1000.0950,  1, -354.28, 40.879999999999995
  7426, 1031.3900,  1, -273.40, 14.280000000000086
  7473, 1036.2850,  1, -272.14, 19.175000000000068
  7495, 1038.5750,  1, -285.59, 21.465000000000032
  7539, 1043.1600,  1, -331.98, 26.050000000000068
  7544, 1043.6800,  1, -309.05, 26.57000000000005
  7554, 1044.7200,  1, -314.78, 27.610000000000014
  7711, 1061.0750,  1, -350.35, 43.96500000000003
  7769, 1067.1200,  2, -157.20,  50
  7769, 1067.1200,  2, -187.12,  50
  7769, 1067.1200,  2, -184.08,  50
  7938, 1101.8250,  1, -246.20, 17.394999999999982
  8066, 1115.1600,  1, -329.89, 30.730000000000018
  8124, 1121.2000,  1, -341.71, 36.76999999999998
  8143, 1123.1800,  1, -351.05, 38.75
  8216, 1130.7850,  1, -378.12, 46.35500000000002
  8223, 1131.5150,  1, -350.18, 47.085000000000036
  8233, 1132.5550,  1, -338.39, 48.125
  8251, 1134.4300,  2, -164.84,  50
  8251, 1134.4300,  2, -94.75,  50
  8251, 1134.4300,  2, -158.04,  50
  8351, 1161.7350,  1, -257.22, 10.214999999999918
  8351, 1161.7350,  1, -264.13, 10.214999999999918
  8390, 1165.7950,  1, -238.39, 14.275000000000091
  8462, 1173.2950,  1, -294.18, 21.77500000000009
  8479, 1175.0650,  1, -291.86, 23.545000000000073
  8498, 1177.0450,  1, -303.25, 25.52500000000009
  8653, 1193.1900,  1, -351.18, 41.67000000000007
  8718, 1199.9600,  1, -350.93, 48.440000000000055
  8721, 1200.2750,  1, -354.06, 48.75500000000011
  8733, 1201.5250,  2, -209.11,  50
  8864, 1231.5450,  1, -283.46, 13.435000000000173
  8895, 1234.7750,  1, -298.79, 16.66500000000019
  8929, 1238.3150,  1, -289.93, 20.205000000000155
  8931, 1238.5250,  1, -274.08, 20.41500000000019
  8931, 1238.5250,  1, -292.76, 20.41500000000019
  8958, 1241.3350,  1, -307.76, 23.225000000000136
  9100, 1256.1300,  1, -346.27, 38.02000000000021
  9108, 1256.9600,  1, -312.05, 38.850000000000136
  9187, 1265.1900,  1, -307.78, 47.080000000000155
  9296, 1293.6100,  1, -270.25, 11.254999999999882
  9416, 1306.1100,  1, -285.86, 23.75499999999988
  9434, 1307.9850,  1, -312.47, 25.62999999999988
  9481, 1312.8800,  1, -339.26, 30.52500000000009
  9551, 1320.1700,  1, -366.73, 37.815000000000055
  9601, 1325.3800,  1, -376.96, 43.02500000000009
  9636, 1329.0250,  1, -394.66, 46.67000000000007
  9668, 1332.3600,  2, -125.73,  50
  9668, 1332.3600,  2, -137.93,  50
  9668, 1332.3600,  2, -169.98,  50
  9918, 1374.7750,  1, -230.46, 25.835000000000036
  9935, 1376.5450,  1, -291.49, 27.605000000000018
 10042, 1387.6900,  1, -341.20, 38.75
 10104, 1394.1500,  1, -238.96, 45.210000000000036
 10131, 1396.9600,  1, -298.02, 48.01999999999998
 10150, 1398.9400,  2, -168.09,  50
 10150, 1398.9400,  2, -167.36,  50
 10150, 1398.9400,  2, -132.93,  50
 10150, 1398.9400,  2, -190.86,  50
 10150, 1398.9400,  2, -128.04,  50
 10250, 1426.1400,  1, -267.39, 10.210000000000036
 10287, 1429.9950,  1, -277.60, 14.064999999999827
 10318, 1433.2200,  1, -295.45, 17.289999999999964
 10320, 1433.4300,  1, -302.94, 17.5
 10348, 1436.3450,  1, -310.30, 20.414999999999964
 10363, 1437.9100,  1, -290.43, 21.980000000000018
 10385, 1440.2000,  1, -298.81, 24.269999999999982
 10402, 1441.9700,  1, -326.45, 26.039999999999964
 10560, 1458.4300,  1, -368.40, 42.5
 10632, 1465.9300,  2, -157.50,  50
 10791, 1500.4100,  1, -266.67, 16.355000000000018
 10802, 1501.5550,  1, -286.57, 17.5
 10840, 1505.5150,  1, -305.12, 21.460000000000036
 10850, 1506.5550,  1, -279.96, 22.5
 10914, 1513.2200,  1, -289.03, 29.164999999999964
 11114, 1534.0550,  2, -175.97,  50
 11114, 1534.0550,  2, -131.57,  50
 11114, 1534.0550,  2, -120.64,  50
 11114, 1534.0550,  2, -139.20,  50
 11243, 1563.5550,  1, -271.87, 13.230000000000018
 11253, 1564.5950,  1, -278.32, 14.269999999999982
 11283, 1567.7200,  1, -287.22, 17.394999999999982
 11312, 1570.7450,  1, -282.36, 20.419999999999845
 11342, 1573.8700,  1, -302.00, 23.544999999999845
 11558, 1596.3700,  1, -382.89, 46.044999999999845
 11566, 1597.2000,  1, -328.48, 46.875
 11596, 1600.3250,  1, -359.06, 50.0
 11596, 1600.3250,  2, -178.96,  50
 11596, 1600.3250,  2, -184.18,  50
 11745, 1632.1300,  1, -285.19, 15.310000000000173
 11770, 1634.7350,  1, -292.17, 17.914999999999964
 11781, 1635.8800,  1, -298.09, 19.060000000000173
 11814, 1639.3150,  1, -316.35, 22.49500000000012
 11847, 1642.7550,  1, -305.02, 25.935000000000173
 11853, 1643.3800,  1, -280.08, 26.560000000000173
 11882, 1646.4000,  1, -307.35, 29.580000000000155
 11907, 1649.0050,  1, -311.73, 32.18500000000017
 11909, 1649.2100,  1, -341.47, 32.3900000000001
 11972, 1655.7750,  1, -358.02, 38.955000000000155
 12140, 1690.4100,  1, -239.00, 17.394999999999982
 12189, 1695.5150,  1, -270.45, 22.5
 12199, 1696.5550,  1, -307.18, 23.539999999999964
 12322, 1709.3700,  1, -309.76, 36.35499999999979
 12327, 1709.8900,  1, -348.37, 36.875
 12434, 1721.0350,  1, -373.42, 48.01999999999998
 12453, 1723.0150,  2, -159.54,  50
 12453, 1723.0150,  2, -179.11,  50
 12453, 1723.0150,  2, -166.00,  50
 12453, 1723.0150,  2, -182.58,  50
 12586, 1753.1600,  1, -269.70, 13.650000000000091
 12602, 1754.8250,  1, -255.15, 15.315000000000055
 12602, 1754.8250,  1, -289.13, 15.315000000000055
 12632, 1757.9500,  1, -287.85, 18.440000000000055
 12681, 1763.0550,  1, -308.45, 23.545000000000073
 12707, 1765.7650,  1, -321.62, 26.25500000000011
 12730, 1768.1600,  1, -310.19, 28.65000000000009
 12828, 1778.3700,  1, -311.42, 38.8599999999999
 12935, 1789.5150,  2, -168.98,  50
 12935, 1789.5150,  2, -178.22,  50
 13052, 1818.8150,  1, -271.58, 11.975000000000136
 13054, 1819.0250,  1, -271.16, 12.185000000000173
 13087, 1822.4600,  1, -285.49, 15.620000000000118
 13113, 1825.1700,  1, -293.84, 18.330000000000155
 13136, 1827.5650,  1, -306.22, 20.725000000000136
 13244, 1838.8150,  1, -323.98, 31.975000000000136
 13290, 1843.6100,  1, -334.77, 36.76999999999998
 13330, 1847.7750,  1, -362.18, 40.93500000000017
 13418, 1856.9400,  2, -127.56,  50
 13418, 1856.9400,  2, -185.40,  50
 13505, 1883.1800,  1, -239.16, 8.855000000000018
 13547, 1887.5550,  1, -234.47, 13.230000000000018
 13562, 1889.1200,  1, -279.47, 14.794999999999845
 13576, 1890.5750,  1, -267.53, 16.25
 13587, 1891.7200,  1, -295.46, 17.394999999999982
 13645, 1897.7650,  1, -298.48, 23.440000000000055
 13872, 1921.4100,  1, -318.76, 47.085000000000036
 13900, 1924.3250,  2, -94.14,  50
 13900, 1924.3250,  2, -190.84,  50
 13900, 1924.3250,  2, -185.80,  50
 14004, 1951.8150,  1, -252.21, 10.620000000000118
 14062, 1957.8600,  1, -289.89, 16.664999999999964
 14093, 1961.0850,  1, -297.82, 19.8900000000001
 14138, 1965.7750,  1, -300.24, 24.580000000000155
 14191, 1971.2950,  1, -301.24, 30.100000000000136
 14196, 1971.8150,  1, -322.52, 30.62000000000012
 14206, 1972.8600,  1, -283.95, 31.664999999999964
 14346, 1987.4400,  1, -363.56, 46.24500000000012
 14383, 1991.2950,  2, -167.03,  50
 14383, 1991.2950,  2, -143.25,  50
 14512, 2021.5550,  1, -271.72, 13.230000000000018
 14532, 2023.6400,  1, -283.14, 15.315000000000055
 14621, 2032.9100,  1, -285.68, 24.585000000000036
 14628, 2033.6400,  1, -323.52, 25.315000000000055
 14679, 2038.9500,  1, -324.04, 30.625
 14807, 2052.2800,  1, -367.34, 43.955000000000155
 14816, 2053.2150,  1, -375.14, 44.8900000000001
 14866, 2058.4250,  2, -150.60,  50
 14866, 2058.4250,  2, -168.06,  50
 14866, 2058.4250,  2, -172.44,  50
 15005, 2090.0900,  1, -291.56, 14.2800000000002
 15025, 2092.1750,  1, -262.74, 16.365000000000236
 15116, 2101.6550,  1, -313.90, 25.845000000000255
 15153, 2105.5100,  1, -322.08, 29.700000000000273
 15348, 2125.8200,  2, -215.83,  50
 15348, 2125.8200,  2, -165.45,  50
 15348, 2125.8200,  2, -139.58,  50
 15348, 2125.8200,  2, -159.04,  50
 15348, 2125.8200,  2, -178.73,  50
 15348, 2125.8200,  2, -128.36,  50
 15478, 2155.4450,  1, -280.63, 13.335000000000036
 15487, 2156.3850,  1, -245.95, 14.275000000000091
 15517, 2159.5100,  1, -280.27, 17.40000000000009
 15571, 2165.1350,  1, -300.86, 23.02500000000009
 15596, 2167.7400,  1, -302.10, 25.629999999999654
 15684, 2176.9050,  1, -313.23, 34.79500000000007
 15740, 2182.7400,  1, -319.84, 40.629999999999654
 15774, 2186.2800,  1, -356.79, 44.17000000000007
 15802, 2189.1950,  1, -322.33, 47.085000000000036
 15830, 2192.1150,  2, -219.51,  50
 15913, 2217.0700,  1, -261.21, 8.440000000000055
 15968, 2222.8000,  1, -278.83, 14.170000000000073
 15984, 2224.4650,  1, -253.11, 15.835000000000036
 16087, 2235.1950,  1, -305.59, 26.565000000000055
 16150, 2241.7600,  1, -288.02, 33.13000000000011
 16158, 2242.5900,  1, -356.16, 33.960000000000036
 16175, 2244.3650,  1, -324.27, 35.73499999999967
 16219, 2248.9450,  1, -359.23, 40.315000000000055
 16228, 2249.8850,  1, -326.80, 41.25500000000011
 16243, 2251.4450,  1, -406.46, 42.815000000000055
 16410, 2285.7600,  1, -265.93, 17.30500000000029
 16418, 2286.5900,  1, -277.83, 18.13500000000022
 16508, 2295.9650,  1, -277.23, 27.51000000000022
 16509, 2296.0700,  1, -293.16, 27.615000000000236
 16553, 2300.6550,  1, -322.32, 32.20000000000027
 16624, 2308.0500,  1, -280.99, 39.595000000000255
 16638, 2309.5100,  1, -342.18, 41.05500000000029
 16724, 2318.4650,  2, -170.64,  50
 16724, 2318.4650,  2, -156.04,  50
 16724, 2318.4650,  2, -154.10,  50
 16833, 2345.6750,  1, -277.90, 11.150000000000091
 16882, 2350.7800,  1, -279.71, 16.25500000000011
 16893, 2351.9250,  1, -268.87, 17.40000000000009
 16983, 2361.3000,  1, -325.77, 26.77500000000009
 16986, 2361.6150,  1, -326.09, 27.08999999999969
 16991, 2362.1350,  1, -299.55, 27.610000000000127
 17136, 2377.2400,  1, -426.77, 42.71499999999969
 17138, 2377.4450,  1, -362.54, 42.92000000000007
 17206, 2384.5300,  2, -177.07,  50
 17206, 2384.5300,  2, -148.50,  50
 17325, 2414.5300,  1, -245.68, 12.200000000000273
 17335, 2415.5700,  1, -290.73, 13.240000000000236
 17355, 2417.6550,  1, -281.57, 15.325000000000273
 17408, 2423.1750,  1, -295.33, 20.845000000000255
 17435, 2425.9900,  1, -335.58, 23.659999999999854
 17444, 2426.9250,  1, -281.95, 24.595000000000255
 17473, 2429.9450,  1, -267.71, 27.615000000000236
 17540, 2436.9250,  1, -335.26, 34.595000000000255
 17643, 2447.6550,  1, -308.49, 45.32500000000027
 17688, 2452.3400,  2, -167.52,  50
 17833, 2484.4250,  1, -242.93, 14.894999999999982
 17856, 2486.8200,  1, -285.31, 17.289999999999964
 17925, 2494.0100,  1, -296.19, 24.480000000000018
 17925, 2494.0100,  1, -260.46, 24.480000000000018
 17935, 2495.0500,  1, -271.18, 25.519999999999982
 17994, 2501.1950,  1, -322.74, 31.664999999999964
 18002, 2502.0300,  1, -320.84, 32.5
 18023, 2504.2150,  1, -345.32, 34.684999999999945
 18170, 2519.5300,  2, -143.03,  50
 18170, 2519.5300,  2, -124.04,  50
 18317, 2551.1950,  1, -245.46, 15.105000000000018
 18368, 2556.5100,  1, -296.60, 20.420000000000073
 18416, 2561.5100,  1, -307.07, 25.420000000000073
 18448, 2564.8400,  1, -331.14, 28.75
 18524, 2572.7600,  1, -357.42, 36.67000000000007
 18534, 2573.8000,  1, -333.30, 37.710000000000036
 18555, 2575.9900,  1, -325.95, 39.899999999999636
 18593, 2579.9450,  1, -360.69, 43.85500000000002
 18652, 2586.0900,  2, -158.30,  50
 18652, 2586.0900,  2, -140.09,  50
 18777, 2615.8400,  1, -280.06, 12.805000000000291
 18787, 2616.8850,  1, -266.82, 13.850000000000364
 18808, 2619.0700,  1, -278.08, 16.03500000000031
 18810, 2619.2800,  1, -251.29, 16.245000000000346
 18877, 2626.2600,  1, -304.03, 23.225000000000364
 18994, 2638.4450,  1, -359.18, 35.41000000000031
 19027, 2641.8850,  1, -345.42, 38.850000000000364
 19086, 2648.0300,  1, -294.03, 44.995000000000346
 19135, 2653.1350,  2, -139.66,  50
 19135, 2653.1350,  2, -153.13,  50
 19254, 2682.3200,  1, -250.58, 12.195000000000164
 19299, 2687.0100,  1, -260.98, 16.88500000000022
 19352, 2692.5300,  1, -296.36, 22.4050000000002
 19419, 2699.5100,  1, -317.76, 29.38500000000022
 19531, 2711.1750,  1, -359.02, 41.05000000000018
 19539, 2712.0100,  1, -319.33, 41.88500000000022
 19617, 2720.1350,  2, -170.19,  50
 19617, 2720.1350,  2, -170.49,  50
 19617, 2720.1350,  2, -157.28,  50
 19617, 2720.1350,  2, -178.49,  50
 19726, 2748.1750,  1, -248.27, 11.144999999999982
 19766, 2752.3400,  1, -267.21, 15.309999999999945
 19785, 2754.3200,  1, -283.89, 17.289999999999964
 19789, 2754.7400,  1, -285.33, 17.70999999999958
 19923, 2768.6950,  1, -308.64, 31.664999999999964
 19933, 2769.7400,  1, -326.36, 32.70999999999958
 19933, 2769.7400,  1, -298.22, 32.70999999999958
 20001, 2776.8200,  1, -364.47, 39.789999999999964
 20099, 2787.0300,  2, -180.67,  50
 20099, 2787.0300,  2, -151.85,  50
 20218, 2817.5300,  1, -245.81, 12.190000000000055
 20238, 2819.6150,  1, -268.95, 14.274999999999636
 20267, 2822.6350,  1, -280.95, 17.295000000000073
 20287, 2824.7150,  1, -304.95, 19.375
 20293, 2825.3400,  1, -308.61, 20.0
 20364, 2832.7400,  1, -254.83, 27.399999999999636
 20385, 2834.9250,  1, -294.47, 29.585000000000036
 20396, 2836.0700,  1, -323.02, 30.730000000000018
 20581, 2855.3400,  2, -153.94,  50
 20581, 2855.3400,  2, -158.69,  50
 20710, 2885.3650,  1, -290.58, 13.24499999999989
 20730, 2887.4450,  1, -286.66, 15.325000000000273
 20739, 2888.3850,  1, -271.27, 16.265000000000327
 20778, 2892.4450,  1, -256.40, 20.325000000000273
 20778, 2892.4450,  1, -301.77, 20.325000000000273
 20828, 2897.6550,  1, -315.53, 25.53500000000031
 20839, 2898.8000,  1, -311.03, 26.68000000000029
 20867, 2901.7150,  1, -315.33, 29.595000000000255
 21033, 2919.0100,  1, -375.58, 46.89000000000033
 21063, 2922.1350,  2, -136.42,  50
 21173, 2950.1750,  1, -258.14, 11.25500000000011
 21182, 2951.1150,  1, -283.03, 12.194999999999709
 21207, 2953.7150,  1, -223.71, 14.795000000000073
 21388, 2972.5700,  1, -322.65, 33.65000000000009
 21469, 2981.0100,  1, -363.75, 42.090000000000146
 21484, 2982.5700,  1, -353.60, 43.65000000000009
 21509, 2985.1750,  1, -366.76, 46.25500000000011
 21545, 2988.9250,  2, -126.85,  50
 21545, 2988.9250,  2, -158.83,  50
 21545, 2988.9250,  2, -160.88,  50
 21623, 3013.8400,  1, -276.12, 7.920000000000073
 21664, 3018.1150,  1, -278.05, 12.194999999999709
 21693, 3021.1350,  1, -253.96, 15.215000000000146
 21746, 3026.6550,  1, -312.12, 20.735000000000127
 21909, 3043.6350,  1, -314.65, 37.715000000000146
 21959, 3048.8400,  1, -322.66, 42.92000000000007
 21959, 3048.8400,  1, -351.11, 42.92000000000007
 21989, 3051.9650,  1, -379.12, 46.04500000000007
 21993, 3052.3850,  1, -347.10, 46.465000000000146
 22027, 3055.9250,  2, -127.16,  50
 22111, 3081.2800,  1, -258.46, 8.555000000000291
 22139, 3084.1950,  1, -267.00, 11.470000000000255
 22146, 3084.9250,  1, -271.89, 12.200000000000273
 22166, 3087.0100,  1, -264.26, 14.28500000000031
 22235, 3094.1950,  1, -306.03, 21.470000000000255
 22274, 3098.2600,  1, -283.36, 25.53500000000031
 22371, 3108.3650,  1, -333.74, 35.63999999999987
 22402, 3111.5900,  1, -350.92, 38.86500000000024
 22509, 3122.7400,  2, -167.91,  50
 22509, 3122.7400,  2, -130.25,  50
 22643, 3153.8850,  1, -273.71, 13.765000000000327
 22644, 3153.9900,  1, -255.37, 13.86999999999989
 22730, 3162.9450,  1, -266.81, 22.825000000000273
 22814, 3171.6950,  1, -337.72, 31.575000000000273
 22830, 3173.3650,  1, -329.48, 33.24499999999989
 22843, 3174.7150,  1, -329.95, 34.595000000000255
 22948, 3185.6550,  1, -379.34, 45.53500000000031
 22991, 3190.1350,  2, -137.19,  50
 22991, 3190.1350,  2, -162.62,  50
 22991, 3190.1350,  2, -146.90,  50
 23058, 3214.6350,  1, -253.96, 6.775000000000091
 23118, 3220.8850,  1, -249.79, 13.025000000000091
 23195, 3228.9050,  1, -281.95, 21.045000000000073
 23198, 3229.2150,  1, -305.15, 21.355000000000018
 23296, 3239.4250,  1, -298.15, 31.565000000000055
 23375, 3247.6550,  1, -344.07, 39.79500000000007
 23424, 3252.7600,  1, -379.70, 44.90000000000009
 23434, 3253.8000,  1, -365.21, 45.940000000000055
 23473, 3257.8650,  2, -152.11,  50
 23473, 3257.8650,  2, -141.35,  50
 23593, 3287.4250,  1, -272.11, 12.295000000000073
 23652, 3293.5700,  1, -278.20, 18.440000000000055
 23653, 3293.6750,  1, -266.92, 18.545000000000073
 23690, 3297.5300,  1, -300.77, 22.40000000000009
 23728, 3301.4900,  1, -279.39, 26.359999999999673
 23730, 3301.6950,  1, -273.36, 26.565000000000055
 23837, 3312.8400,  1, -335.62, 37.710000000000036
 23906, 3320.0300,  1, -393.34, 44.90000000000009
 23955, 3325.1350,  2, -168.56,  50
 23955, 3325.1350,  2, -190.37,  50
 24035, 3350.3650,  1, -267.92, 8.129999999999654
 24113, 3358.4900,  1, -274.86, 16.254999999999654
 24133, 3360.5700,  1, -296.04, 18.335000000000036
 24163, 3363.6950,  1, -303.63, 21.460000000000036
 24202, 3367.7600,  1, -316.96, 25.52500000000009
 24221, 3369.7400,  1, -303.67, 27.504999999999654
 24268, 3374.6350,  1, -324.33, 32.40000000000009
 24388, 3387.1350,  1, -357.93, 44.90000000000009
 24437, 3392.2400,  2, -171.10,  50
 24437, 3392.2400,  2, -153.07,  50
 24545, 3420.6750,  1, -263.84, 11.050000000000182
 24615, 3427.9650,  1, -286.88, 18.340000000000146
 24615, 3427.9650,  1, -293.59, 18.340000000000146
 24618, 3428.2800,  1, -304.41, 18.6550000000002
 24634, 3429.9450,  1, -288.80, 20.320000000000164
 24713, 3438.1750,  1, -290.39, 28.550000000000182
 24791, 3446.3000,  1, -319.52, 36.67500000000018
 24831, 3450.4650,  1, -375.21, 40.840000000000146
 24919, 3459.6350,  2, -167.62,  50
 24919, 3459.6350,  2, -126.56,  50
 25057, 3491.1950,  1, -294.96, 14.175000000000182
 25077, 3493.2800,  1, -291.42, 16.26000000000022
 25234, 3509.6350,  1, -336.47, 32.61500000000024
 25322, 3518.8000,  1, -368.83, 41.7800000000002
 25339, 3520.5700,  1, -331.41, 43.55000000000018
 25371, 3523.9050,  1, -339.25, 46.88500000000022
 25401, 3527.0300,  2, -111.23,  50
 25401, 3527.0300,  2, -217.15,  50
 25401, 3527.0300,  2, -189.37,  50
 25401, 3527.0300,  2, -105.65,  50
 25510, 3554.4050,  1, -261.56, 11.1550000000002
 25510, 3554.4050,  1, -258.25, 11.1550000000002
 25520, 3555.4450,  1, -223.01, 12.195000000000164
 25529, 3556.3850,  1, -271.07, 13.135000000000218
 25559, 3559.5100,  1, -271.66, 16.26000000000022
 25588, 3562.5300,  1, -288.14, 19.2800000000002
 25791, 3583.6750,  1, -331.00, 40.42500000000018
 25883, 3593.2600,  2, -133.85,  50
 25883, 3593.2600,  2, -143.30,  50
 25883, 3593.2600,  2, -195.86,  50
 25979, 3619.7600,  1, -278.68, 9.805000000000291
 26018, 3623.8200,  1, -270.67, 13.865000000000236
 26031, 3625.1750,  1, -258.79, 15.220000000000255
 26080, 3630.2800,  1, -256.30, 20.325000000000273
 26237, 3646.6350,  1, -316.57, 36.68000000000029
 26256, 3648.6150,  1, -339.76, 38.659999999999854
 26274, 3650.4900,  1, -366.98, 40.534999999999854
 26315, 3654.7600,  1, -366.80, 44.80500000000029
 26365, 3659.9650,  2, -158.83,  50
 26365, 3659.9650,  2, -144.98,  50
 26469, 3686.9650,  1, -269.90, 10.63000000000011
 26472, 3687.2800,  1, -243.98, 10.945000000000164
 26500, 3690.1950,  1, -241.14, 13.860000000000127
 26523, 3692.5900,  1, -257.89, 16.25500000000011
 26583, 3698.8400,  1, -303.71, 22.50500000000011
 26602, 3700.8200,  1, -301.42, 24.485000000000127
 26640, 3704.7800,  1, -319.10, 28.445000000000164
 26729, 3714.0500,  1, -312.70, 37.715000000000146
 26807, 3722.1750,  1, -356.78, 45.840000000000146
 26847, 3726.3400,  2, -124.03,  50
 26917, 3750.3200,  1, -264.05, 7.095000000000255
 26944, 3753.1350,  1, -259.13, 9.91000000000031
 27012, 3760.2150,  1, -274.45, 16.990000000000236
 27044, 3763.5500,  1, -255.39, 20.325000000000273
 27044, 3763.5500,  1, -282.50, 20.325000000000273
 27142, 3773.7600,  1, -323.27, 30.53500000000031
 27158, 3775.4250,  1, -319.19, 32.20000000000027
 27213, 3781.1550,  1, -317.93, 37.93000000000029
 27230, 3782.9250,  1, -321.11, 39.70000000000027
 27329, 3793.2400,  2, -156.70,  50
 27436, 3820.6550,  1, -262.33, 10.9350000000004
 27468, 3823.9900,  1, -269.77, 14.269999999999982
 27468, 3823.9900,  1, -277.32, 14.269999999999982
 27551, 3832.6350,  1, -301.56, 22.91500000000042
 27552, 3832.7400,  1, -252.05, 23.019999999999982
 27653, 3843.2600,  1, -307.63, 33.54000000000042
 27672, 3845.2400,  1, -328.35, 35.51999999999998
 27756, 3853.9900,  1, -338.43, 44.26999999999998
 27812, 3859.8200,  2, -158.77,  50
 27812, 3859.8200,  2, -146.85,  50
 27931, 3889.6950,  1, -271.66, 12.190000000000055
 27935, 3890.1150,  1, -277.25, 12.609999999999673
 27970, 3893.7600,  1, -279.54, 16.25500000000011
 28018, 3898.7600,  1, -282.27, 21.25500000000011
 28078, 3905.0100,  1, -280.92, 27.50500000000011
 28114, 3908.7600,  1, -334.73, 31.25500000000011
 28117, 3909.0700,  1, -327.90, 31.565000000000055
 28178, 3915.4250,  1, -353.56, 37.92000000000007
 28181, 3915.7400,  1, -337.85, 38.23499999999967
 28294, 3927.5100,  2, -116.05,  50
 28377, 3952.2800,  1, -262.96, 8.450000000000273
 28401, 3954.7800,  1, -275.93, 10.950000000000273
 28471, 3962.0700,  1, -291.80, 18.240000000000236
 28474, 3962.3850,  1, -285.60, 18.55500000000029
 28500, 3965.0900,  1, -245.28, 21.26000000000022
 28608, 3976.3400,  1, -277.48, 32.51000000000022
 28628, 3978.4250,  1, -323.97, 34.595000000000255
 28696, 3985.5100,  1, -369.74, 41.68000000000029
 28776, 3993.8400,  2, -171.89,  50
 28776, 3993.8400,  2, -179.81,  50
 28934, 4027.7800,  1, -262.78, 16.26000000000022
 28944, 4028.8200,  1, -280.75, 17.300000000000182
 28953, 4029.7600,  1, -256.79, 18.240000000000236
 29254, 4061.1150,  1, -372.46, 49.5949999999998
 29258, 4061.5300,  2, -183.73,  50
 29258, 4061.5300,  2, -143.95,  50
 29258, 4061.5300,  2, -84.64,  50
 29258, 4061.5300,  2, -127.47,  50
 29258, 4061.5300,  2, -137.25,  50
 29258, 4061.5300,  2, -145.36,  50
 29376, 4090.6550,  1, -275.63, 12.095000000000255
 29643, 4118.0550,  1, -334.73, 39.495000000000346
 29653, 4119.0800,  1, -314.56, 40.51999999999998
 29746, 4128.5900,  2, -110.06,  50
 29746, 4128.5900,  2, -107.40,  50
 29746, 4128.5900,  2, -134.44,  50
 29746, 4128.5900,  2, -178.56,  50
 29746, 4128.5900,  2, -171.63,  50
 29746, 4128.5900,  2, -202.06,  50
 29746, 4128.5900,  2, -185.31,  50
 29838, 4154.6600,  1, -259.02, 9.204999999999927
 30116, 4183.0900,  1, -350.24, 37.63500000000022
 30165, 4188.1000,  1, -374.85, 42.64500000000044
 30214, 4193.1150,  1, -395.63, 47.659999999999854
 30214, 4193.1150,  1, -310.11, 47.659999999999854
 30237, 4195.4650,  2, -180.12,  50
 30237, 4195.4650,  2, -153.71,  50
 30237, 4195.4650,  2, -175.59,  50
 30237, 4195.4650,  2, -133.45,  50
 30237, 4195.4650,  2, -97.29,  50
 30377, 4225.8400,  1, -286.60, 14.114999999999782
 30417, 4229.9300,  1, -294.08, 18.204999999999927
 30486, 4236.9900,  1, -312.35, 25.264999999999418
 30496, 4238.0100,  1, -287.78, 26.284999999999854
 30516, 4240.0550,  1, -275.69, 28.329999999999927
 30546, 4243.1250,  1, -312.75, 31.399999999999636
 30605, 4249.1600,  1, -355.14, 37.43499999999949
 30728, 4261.7400,  2, -124.73,  50
 30728, 4261.7400,  2, -175.74,  50
 30728, 4261.7400,  2, -151.96,  50
 30997, 4307.2050,  1, -297.66, 27.30500000000029
 30997, 4307.2050,  1, -285.52, 27.30500000000029
 31076, 4315.2850,  1, -283.07, 35.38500000000022
 31106, 4318.3500,  1, -345.10, 38.45000000000073
 31137, 4321.5200,  1, -373.92, 41.6200000000008
 31156, 4323.4650,  1, -333.76, 43.56500000000051
 31219, 4329.9100,  2, -138.28,  50
 31219, 4329.9100,  2, -132.04,  50
 31219, 4329.9100,  2, -131.00,  50
 31219, 4329.9100,  2, -68.64,  50
 31340, 4359.3950,  1, -270.49, 12.170000000000073
 31445, 4370.1350,  1, -303.00, 22.909999999999854
 31496, 4375.3500,  1, -289.00, 28.125
 31533, 4379.1350,  1, -245.55, 31.909999999999854
 31607, 4386.7050,  1, -356.39, 39.47999999999956
 31657, 4391.8200,  1, -270.94, 44.594999999999345
 31710, 4397.2400,  2, -131.33,  50
 31710, 4397.2400,  2, -133.86,  50
 31710, 4397.2400,  2, -139.36,  50
 31710, 4397.2400,  2, -132.27,  50
 31845, 4426.8750,  1, -272.92, 13.604999999999563
 31889, 4431.3750,  1, -292.55, 18.104999999999563
 31929, 4435.4650,  1, -306.91, 22.19499999999971
 31954, 4438.0200,  1, -320.70, 24.75
 32088, 4451.7250,  1, -384.15, 38.45499999999993
 32088, 4451.7250,  1, -371.70, 38.45499999999993
 32183, 4461.4450,  1, -368.39, 48.17499999999927
 32187, 4461.8500,  1, -393.70, 48.57999999999993
 32201, 4463.2850,  2, -171.51,  50
 32201, 4463.2850,  2, -144.33,  50
 32390, 4498.8600,  1, -258.72, 19.125
 32390, 4498.8600,  1, -295.56, 19.125
 32459, 4505.9150,  1, -281.87, 26.18000000000029
 32470, 4507.0400,  1, -319.64, 27.30500000000029
 32539, 4514.0950,  1, -330.65, 34.36000000000058
 32559, 4516.1400,  1, -315.60, 36.405000000000655
 32692, 4529.7450,  2, -208.45,  50
 32692, 4529.7450,  2, -142.83,  50
 32692, 4529.7450,  2, -169.36,  50
 32692, 4529.7450,  2, -148.10,  50
 32861, 4564.9100,  1, -286.33, 17.079999999999927
 32993, 4578.4100,  1, -342.07, 30.579999999999927
 33044, 4583.6250,  1, -340.86, 35.79500000000007
 33183, 4597.8400,  2, -165.47,  50
 33183, 4597.8400,  2, -157.75,  50
 33183, 4597.8400,  2, -123.48,  50
 33183, 4597.8400,  2, -124.93,  50
 33183, 4597.8400,  2, -151.92,  50
 33183, 4597.8400,  2, -132.83,  50
 33303, 4627.2850,  1, -265.94, 12.069999999999709
 33316, 4628.6150,  1, -275.29, 13.399999999999636
 33520, 4649.4750,  1, -339.00, 34.26000000000022
 33530, 4650.5000,  1, -334.99, 35.284999999999854
 33592, 4656.8400,  1, -327.88, 41.625
 33674, 4665.2250,  2, -170.83,  50
 33674, 4665.2250,  2, -171.81,  50
 33674, 4665.2250,  2, -159.02,  50
 33674, 4665.2250,  2, -164.78,  50
 33674, 4665.2250,  2, -169.01,  50
 33833, 4699.0900,  1, -284.25, 16.05500000000029
 33904, 4706.3500,  1, -302.61, 23.31500000000051
 33923, 4708.2950,  1, -320.13, 25.26000000000022
 33992, 4715.3500,  1, -309.94, 32.31500000000051
 34000, 4716.1700,  1, -282.19, 33.13500000000022
 34041, 4720.3650,  1, -334.65, 37.32999999999993
 34165, 4733.0450,  2, -166.22,  50
 34165, 4733.0450,  2, -156.25,  50
 34165, 4733.0450,  2, -151.91,  50
 34165, 4733.0450,  2, -120.18,  50
 34335, 4767.2000,  1, -285.37, 17.18499999999949
 34440, 4777.9350,  1, -299.59, 27.920000000000073
 34656, 4800.0300,  2, -188.31,  50
 34656, 4800.0300,  2, -175.16,  50
 34656, 4800.0300,  2, -181.12,  50
 34656, 4800.0300,  2, -162.00,  50
 34656, 4800.0300,  2, -174.65,  50
 34656, 4800.0300,  2, -167.33,  50
 34656, 4800.0300,  2, -123.60,  50
 34656, 4800.0300,  2, -152.66,  50
 34964, 4847.6100,  1, -327.98, 31.295000000000073
 35034, 4854.7650,  1, -334.67, 38.45000000000073
 35147, 4866.3250,  2, -152.11,  50
 35147, 4866.3250,  2, -170.95,  50
 35147, 4866.3250,  2, -158.25,  50
 35147, 4866.3250,  2, -188.15,  50
 35147, 4866.3250,  2, -176.42,  50
 35147, 4866.3250,  2, -171.48,  50
 35147, 4866.3250,  2, -190.30,  50
 35147, 4866.3250,  2, -127.91,  50
 35336, 4901.9250,  1, -269.25, 19.125
 35362, 4904.5850,  1, -321.39, 21.784999999999854
 35406, 4909.0850,  1, -329.07, 26.284999999999854
 35638, 4932.8100,  2, -142.32,  50
 35638, 4932.8100,  2, -135.37,  50
 35638, 4932.8100,  2, -134.28,  50
 35638, 4932.8100,  2, -165.99,  50
 35638, 4932.8100,  2, -182.48,  50
 35638, 4932.8100,  2, -166.00,  50
 35638, 4932.8100,  2, -132.06,  50
 35934, 4979.6950,  1, -316.38, 30.06999999999971
 35958, 4982.1450,  1, -332.18, 32.52000000000044
 36129, 4999.6350,  2, -159.22,  50
 36129, 4999.6350,  2, -134.65,  50
 36129, 4999.6350,  2, -143.99,  50
 36129, 4999.6350,  2, -173.73,  50
 36129, 4999.6350,  2, -149.84,  50
 36129, 4999.6350,  2, -183.03,  50
 36129, 4999.6350,  2, -135.60,  50
 36129, 4999.6350,  2, -153.15,  50
 36474, 5052.1850,  1, -312.68, 35.07500000000073
 36591, 5064.1550,  1, -330.58, 47.04500000000007
 36620, 5067.1200,  2, -112.23,  50
 36620, 5067.1200,  2, -159.35,  50
 36620, 5067.1200,  2, -172.79,  50
 36620, 5067.1200,  2, -161.65,  50
 36620, 5067.1200,  2, -124.13,  50
 36620, 5067.1200,  2, -188.22,  50
 36620, 5067.1200,  2, -172.03,  50
 36942, 5117.4250,  1, -338.42, 32.725000000000364
 37005, 5123.8700,  1, -335.76, 39.17000000000007
 37065, 5130.0050,  1, -366.50, 45.30500000000029
 37111, 5134.7100,  2, -204.23,  50
 37111, 5134.7100,  2, -161.77,  50
 37111, 5134.7100,  2, -159.74,  50
 37111, 5134.7100,  2, -192.72,  50
 37111, 5134.7100,  2, -159.48,  50
 37111, 5134.7100,  2, -153.89,  50
 37111, 5134.7100,  2, -132.60,  50
 37338, 5174.1400,  1, -300.84, 23.01000000000022
 37397, 5180.1750,  1, -301.94, 29.045000000000073
 37588, 5199.7100,  1, -374.99, 48.57999999999993
 37602, 5201.1400,  2, -136.62,  50
 37602, 5201.1400,  2, -142.80,  50
 37602, 5201.1400,  2, -195.68,  50
 37602, 5201.1400,  2, -153.50,  50
 37602, 5201.1400,  2, -179.65,  50
 37602, 5201.1400,  2, -166.28,  50
 37602, 5201.1400,  2, -154.88,  50
 37790, 5237.1000,  1, -266.26, 19.020000000000437
 37838, 5242.0100,  1, -324.37, 23.93000000000029
 38004, 5258.9900,  1, -368.47, 40.909999999999854
 38093, 5268.0900,  2, -109.39,  50
 38093, 5268.0900,  2, -178.62,  50
 38093, 5268.0900,  2, -142.46,  50
 38093, 5268.0900,  2, -156.67,  50
 38093, 5268.0900,  2, -158.47,  50
 38093, 5268.0900,  2, -168.93,  50
 38093, 5268.0900,  2, -169.37,  50
 38222, 5298.0950,  1, -274.87, 12.985000000000582
 38584, 5335.1200,  2, -156.09,  50
 38584, 5335.1200,  2, -199.71,  50
 38584, 5335.1200,  2, -155.03,  50
 38584, 5335.1200,  2, -171.07,  50
 38584, 5335.1200,  2, -178.54,  50
 38584, 5335.1200,  2, -183.19,  50
 38584, 5335.1200,  2, -167.65,  50
 38584, 5335.1200,  2, -128.72,  50
 38584, 5335.1200,  2, -139.78,  50
 38917, 5386.0600,  1, -334.49, 33.850000000000364
 38986, 5393.1200,  1, -325.79, 40.909999999999854
 38986, 5393.1200,  1, -370.08, 40.909999999999854
 39075, 5402.2200,  2, -196.33,  50
 39075, 5402.2200,  2, -152.05,  50
 39075, 5402.2200,  2, -168.99,  50
 39075, 5402.2200,  2, -131.95,  50
 39075, 5402.2200,  2, -154.69,  50
 39075, 5402.2200,  2, -136.91,  50
 39075, 5402.2200,  2, -145.35,  50
 39506, 5463.2900,  1, -365.55, 43.875
 39551, 5467.8900,  1, -399.23, 48.475000000000364
 39566, 5469.4250,  2, -151.35,  50
 39566, 5469.4250,  2, -157.93,  50
 39566, 5469.4250,  2, -145.05,  50
 39566, 5469.4250,  2, -180.11,  50
 39566, 5469.4250,  2, -172.80,  50
 39566, 5469.4250,  2, -177.23,  50
 39566, 5469.4250,  2, -155.01,  50
 39566, 5469.4250,  2, -172.79,  50
 39714, 5501.7250,  1, -279.98, 14.930000000000291
 39851, 5515.7400,  1, -329.66, 28.94499999999971
 39901, 5520.8500,  1, -349.39, 34.05500000000029
 40057, 5536.8050,  2, -175.97,  50
 40057, 5536.8050,  2, -176.31,  50
 40057, 5536.8050,  2, -146.90,  50
 40057, 5536.8050,  2, -194.19,  50
 40057, 5536.8050,  2, -178.40,  50
 40057, 5536.8050,  2, -180.23,  50
 40057, 5536.8050,  2, -182.98,  50
 40548, 5602.7150,  2, -199.81,  50
 40548, 5602.7150,  2, -185.87,  50
 40548, 5602.7150,  2, -167.58,  50
 40548, 5602.7150,  2, -144.82,  50
 40548, 5602.7150,  2, -172.90,  50
 40548, 5602.7150,  2, -167.95,  50
 40548, 5602.7150,  2, -153.68,  50
 40548, 5602.7150,  2, -180.49,  50
 40548, 5602.7150,  2, -139.11,  50
 40548, 5602.7150,  2, -157.13,  50
 40985, 5664.5900,  1, -346.80, 44.48999999999978
 41014, 5667.5550,  1, -378.45, 47.45499999999993
 41039, 5670.1150,  2, -148.25,  50
 41039, 5670.1150,  2, -156.86,  50
 41039, 5670.1150,  2, -153.23,  50
 41039, 5670.1150,  2, -155.95,  50
 41039, 5670.1150,  2, -162.34,  50
 41039, 5670.1150,  2, -168.57,  50
 41039, 5670.1150,  2, -145.62,  50
 41039, 5670.1150,  2, -171.66,  50
 41333, 5717.6650,  1, -325.18, 29.86499999999978
 41440, 5728.6100,  1, -317.46, 40.80999999999949
 41530, 5737.8100,  2, -121.34,  50
 41530, 5737.8100,  2, -138.61,  50
 41530, 5737.8100,  2, -200.15,  50
 41530, 5737.8100,  2, -164.02,  50
 41530, 5737.8100,  2, -152.15,  50
 41530, 5737.8100,  2, -147.68,  50
 41530, 5737.8100,  2, -177.64,  50
 41530, 5737.8100,  2, -184.96,  50
 41809, 5783.0500,  1, -356.68, 28.329999999999927
 42021, 5804.7350,  1, -367.56, 50.01499999999942
 42021, 5804.7350,  2, -157.45,  50
 42021, 5804.7350,  2, -164.31,  50
 42021, 5804.7350,  2, -115.23,  50
 42021, 5804.7350,  2, -181.85,  50
 42021, 5804.7350,  2, -142.67,  50
 42021, 5804.7350,  2, -146.62,  50
 42021, 5804.7350,  2, -174.97,  50
 42021, 5804.7350,  2, -112.04,  50
 42453, 5865.3750,  1, -372.59, 43.97999999999956
 42512, 5871.4100,  2, -187.40,  50
 42512, 5871.4100,  2, -167.32,  50
 42512, 5871.4100,  2, -156.35,  50
 42512, 5871.4100,  2, -198.89,  50
 42512, 5871.4100,  2, -146.76,  50
 42512, 5871.4100,  2, -159.26,  50
 42512, 5871.4100,  2, -141.38,  50
 42512, 5871.4100,  2, -190.91,  50
 42512, 5871.4100,  2, -174.55,  50
 42658, 5903.3950,  1, -273.77, 14.725000000000364
 42725, 5910.2500,  1, -296.23, 21.579999999999927
 42897, 5927.8400,  1, -356.14, 39.17000000000007
 43003, 5938.6800,  2, -131.75,  50
 43003, 5938.6800,  2, -177.12,  50
 43003, 5938.6800,  2, -220.36,  50
 43003, 5938.6800,  2, -184.78,  50
 43003, 5938.6800,  2, -172.38,  50
 43003, 5938.6800,  2, -166.40,  50
 43356, 5991.3750,  1, -338.17, 35.89500000000044
 43362, 5991.9900,  1, -324.60, 36.51000000000022
 43494, 6005.4900,  2, -162.80,  50
 43494, 6005.4900,  2, -158.16,  50
 43494, 6005.4900,  2, -180.85,  50
 43494, 6005.4900,  2, -124.05,  50
 43494, 6005.4900,  2, -138.24,  50
 43494, 6005.4900,  2, -144.61,  50
 43494, 6005.4900,  2, -172.91,  50
 43494, 6005.4900,  2, -179.38,  50
 43708, 6043.5750,  1, -306.11, 21.68499999999949
 43985, 6071.9050,  2, -102.78,  50
 43985, 6071.9050,  2, -169.91,  50
 43985, 6071.9050,  2, -170.48,  50
 43985, 6071.9050,  2, -132.14,  50
 43985, 6071.9050,  2, -182.58,  50
 43985, 6071.9050,  2, -176.48,  50
 43985, 6071.9050,  2, -139.52,  50
 43985, 6071.9050,  2, -151.10,  50
 43985, 6071.9050,  2, -136.69,  50
 44203, 6111.4750,  1, -299.03, 22.090000000000146
 44459, 6137.6600,  1, -374.49, 48.274999999999636
 44476, 6139.3950,  2, -161.71,  50
 44476, 6139.3950,  2, -179.35,  50
 44476, 6139.3950,  2, -141.32,  50
 44476, 6139.3950,  2, -191.37,  50
 44476, 6139.3950,  2, -143.89,  50
 44476, 6139.3950,  2, -167.06,  50
 44476, 6139.3950,  2, -168.86,  50
 44476, 6139.3950,  2, -172.03,  50
 44758, 6184.0500,  1, -322.57, 28.63500000000022
 44967, 6205.4250,  2, -172.24,  50
 44967, 6205.4250,  2, -150.48,  50
 44967, 6205.4250,  2, -175.47,  50
 44967, 6205.4250,  2, -122.61,  50
 44967, 6205.4250,  2, -172.10,  50
 44967, 6205.4250,  2, -153.64,  50
 44967, 6205.4250,  2, -138.05,  50
 44967, 6205.4250,  2, -136.44,  50
 44967, 6205.4250,  2, -212.33,  50
 45412, 6266.5050,  1, -364.66, 45.30500000000029
 45458, 6271.2100,  2, -181.65,  50
 45458, 6271.2100,  2, -132.84,  50
 45458, 6271.2100,  2, -120.37,  50
 45458, 6271.2100,  2, -151.96,  50
 45458, 6271.2100,  2, -141.19,  50
 45458, 6271.2100,  2, -174.95,  50
 45458, 6271.2100,  2, -171.52,  50
 45458, 6271.2100,  2, -93.23,  50
 45458, 6271.2100,  2, -175.19,  50
 45603, 6302.0900,  1, -277.39, 14.625
 45661, 6308.0200,  1, -299.09, 20.55500000000029
 45776, 6319.7850,  1, -340.73, 32.31999999999971
 45815, 6323.7700,  1, -354.66, 36.30500000000029
 45930, 6335.5350,  1, -405.26, 48.06999999999971
 45949, 6337.4750,  2, -131.32,  50
 45949, 6337.4750,  2, -166.61,  50
 45949, 6337.4750,  2, -131.38,  50
 45949, 6337.4750,  2, -179.16,  50
 45949, 6337.4750,  2, -179.39,  50
 46134, 6372.8800,  1, -275.94, 18.715000000000146
 46259, 6385.6650,  1, -335.32, 31.5
 46440, 6404.1750,  2, -153.66,  50
 46440, 6404.1750,  2, -144.19,  50
 46440, 6404.1750,  2, -151.42,  50
 46440, 6404.1750,  2, -109.46,  50
 46440, 6404.1750,  2, -195.33,  50
 46440, 6404.1750,  2, -179.10,  50
 46440, 6404.1750,  2, -189.84,  50
 46440, 6404.1750,  2, -164.82,  50
 46624, 6440.0050,  1, -288.51, 18.61499999999978
 46750, 6452.8900,  1, -325.54, 31.5
 46789, 6456.8800,  1, -343.42, 35.48999999999978
 46931, 6471.4050,  2, -136.51,  50
 46931, 6471.4050,  2, -122.59,  50
 46931, 6471.4050,  2, -125.29,  50
 46931, 6471.4050,  2, -153.66,  50
 46931, 6471.4050,  2, -178.48,  50
 46931, 6471.4050,  2, -180.88,  50
 46931, 6471.4050,  2, -185.47,  50
 47222, 6517.6400,  1, -353.91, 29.55500000000029
 47260, 6521.5300,  1, -322.49, 33.44499999999971
 47298, 6525.4150,  1, -345.73, 37.32999999999993
 47416, 6537.4850,  1, -393.96, 49.399999999999636
 47422, 6538.0950,  2, -182.30,  50
 47422, 6538.0950,  2, -186.50,  50
 47422, 6538.0950,  2, -144.59,  50
 47422, 6538.0950,  2, -181.36,  50
 47422, 6538.0950,  2, -122.07,  50
 47422, 6538.0950,  2, -148.67,  50
 47761, 6588.4350,  1, -337.36, 34.465000000000146
 47786, 6590.9950,  1, -312.03, 37.024999999999636
 47863, 6598.8700,  1, -360.65, 44.899999999999636
 47913, 6603.9850,  2, -212.58,  50
 47913, 6603.9850,  2, -168.23,  50
 47913, 6603.9850,  2, -171.97,  50
 47913, 6603.9850,  2, -119.48,  50
 47913, 6603.9850,  2, -147.08,  50
 47913, 6603.9850,  2, -144.76,  50
 47913, 6603.9850,  2, -132.16,  50
 48059, 6636.0800,  1, -278.14, 14.729999999999563
 48347, 6665.5350,  1, -428.22, 44.18499999999949
 48404, 6671.3650,  2, -161.16,  50
 48404, 6671.3650,  2, -188.48,  50
 48404, 6671.3650,  2, -153.11,  50
 48404, 6671.3650,  2, -118.32,  50
 48404, 6671.3650,  2, -164.63,  50
 48404, 6671.3650,  2, -176.72,  50
 48404, 6671.3650,  2, -166.01,  50
 48404, 6671.3650,  2, -165.27,  50
 48578, 6704.9500,  1, -269.89, 17.590000000000146
 48751, 6722.6400,  1, -350.62, 35.280000000000655
 48808, 6728.4700,  1, -430.78, 41.11000000000058
 48895, 6737.3700,  2, -146.94,  50
 48895, 6737.3700,  2, -141.74,  50
 48895, 6737.3700,  2, -180.05,  50
 48895, 6737.3700,  2, -178.59,  50
 48895, 6737.3700,  2, -157.33,  50
 48895, 6737.3700,  2, -166.79,  50
 48895, 6737.3700,  2, -194.82,  50
 49164, 6781.5750,  1, -312.34, 27.30999999999949
 49164, 6781.5750,  1, -326.83, 27.30999999999949
 49202, 6785.4600,  1, -292.91, 31.19499999999971
 49293, 6794.7650,  1, -352.51, 40.5
 49386, 6804.2800,  2, -151.45,  50
 49386, 6804.2800,  2, -182.23,  50
 49386, 6804.2800,  2, -161.61,  50
 49386, 6804.2800,  2, -136.17,  50
 49386, 6804.2800,  2, -174.07,  50
 49386, 6804.2800,  2, -137.37,  50
 49799, 6863.3800,  1, -363.39, 42.034999999999854
 49877, 6871.3600,  2, -119.73,  50
 49877, 6871.3600,  2, -163.97,  50
 49877, 6871.3600,  2, -172.56,  50
 49877, 6871.3600,  2, -150.34,  50
 49877, 6871.3600,  2, -165.92,  50
 49877, 6871.3600,  2, -156.29,  50
 49877, 6871.3600,  2, -257.58,  50
 49877, 6871.3600,  2, -164.36,  50
 49877, 6871.3600,  2, -175.21,  50
 50366, 6937.6550,  1, -344.87, 49.80999999999949
 50368, 6937.8600,  2, -133.18,  50
 50368, 6937.8600,  2, -170.42,  50
 50368, 6937.8600,  2, -174.66,  50
 50368, 6937.8600,  2, -160.42,  50
 50368, 6937.8600,  2, -121.40,  50
 50368, 6937.8600,  2, -159.11,  50
 50368, 6937.8600,  2, -185.34,  50
 50368, 6937.8600,  2, -150.77,  50
 50368, 6937.8600,  2, -200.17,  50
 50815, 6999.6650,  1, -376.44, 45.51000000000022
 50859, 7004.1650,  2, -171.27,  50
 50859, 7004.1650,  2, -156.90,  50
 50859, 7004.1650,  2, -193.82,  50
 50859, 7004.1650,  2, -165.56,  50
 50859, 7004.1650,  2, -172.96,  50
 50859, 7004.1650,  2, -147.35,  50
 50859, 7004.1650,  2, -135.68,  50
 50859, 7004.1650,  2, -186.77,  50
 50859, 7004.1650,  2, -110.75,  50
 51195, 7054.9250,  1, -337.41, 34.159999999999854
 51350, 7070.7800,  2, -202.40,  50
 51350, 7070.7800,  2, -165.77,  50
 51350, 7070.7800,  2, -151.97,  50
 51350, 7070.7800,  2, -165.83,  50
 51350, 7070.7800,  2, -176.13,  50
 51350, 7070.7800,  2, -155.87,  50
 51350, 7070.7800,  2, -171.94,  50
 51350, 7070.7800,  2, -146.96,  50
 51350, 7070.7800,  2, -175.12,  50
 51616, 7114.9500,  1, -316.80, 27.0
 51780, 7131.7200,  1, -364.51, 43.77000000000044
 51841, 7137.9600,  2, -147.16,  50
 51841, 7137.9600,  2, -168.45,  50
 51841, 7137.9600,  2, -142.19,  50
 51841, 7137.9600,  2, -171.22,  50
 51841, 7137.9600,  2, -168.59,  50
 51841, 7137.9600,  2, -173.85,  50
 51841, 7137.9600,  2, -167.73,  50
 51841, 7137.9600,  2, -247.74,  50
 52063, 7177.9550,  1, -277.09, 22.5
 52255, 7197.5900,  1, -367.35, 42.13500000000022
 52332, 7205.4650,  2, -171.63,  50
 52332, 7205.4650,  2, -171.74,  50
 52332, 7205.4650,  2, -152.51,  50
 52332, 7205.4650,  2, -167.76,  50
 52332, 7205.4650,  2, -188.56,  50
 52332, 7205.4650,  2, -157.67,  50
 52332, 7205.4650,  2, -140.72,  50
 52332, 7205.4650,  2, -154.23,  50
 52571, 7246.3900,  1, -283.50, 24.235000000000582
 52823, 7272.1650,  2, -154.53,  50
 52823, 7272.1650,  2, -189.66,  50
 52823, 7272.1650,  2, -186.57,  50
 52823, 7272.1650,  2, -149.84,  50
 52823, 7272.1650,  2, -124.34,  50
 52823, 7272.1650,  2, -177.17,  50
 52823, 7272.1650,  2, -197.37,  50
 52823, 7272.1650,  2, -147.01,  50
 52823, 7272.1650,  2, -139.08,  50
 53185, 7325.9600,  1, -305.78, 36.81999999999971
 53314, 7339.1550,  2, -189.23,  50
 53314, 7339.1550,  2, -167.29,  50
 53314, 7339.1550,  2, -171.04,  50
 53314, 7339.1550,  2, -154.35,  50
 53314, 7339.1550,  2, -178.87,  50
 53314, 7339.1550,  2, -169.35,  50
 53314, 7339.1550,  2, -175.95,  50
 53314, 7339.1550,  2, -195.36,  50
 53314, 7339.1550,  2, -145.47,  50
 53628, 7387.9750,  1, -321.49, 31.905000000000655
 53805, 7406.0800,  2, -147.81,  50
 53805, 7406.0800,  2, -151.57,  50
 53805, 7406.0800,  2, -135.01,  50
 53805, 7406.0800,  2, -120.47,  50
 53805, 7406.0800,  2, -181.43,  50
 53805, 7406.0800,  2, -192.41,  50
 53805, 7406.0800,  2, -154.16,  50
 53805, 7406.0800,  2, -168.30,  50
 53805, 7406.0800,  2, -200.48,  50
 53995, 7442.2700,  1, -295.39, 19.225000000000364
 54108, 7453.8300,  1, -330.45, 30.784999999999854
 54168, 7459.9650,  1, -351.15, 36.92000000000007
 54296, 7473.0550,  2, -164.79,  50
 54296, 7473.0550,  2, -151.66,  50
 54296, 7473.0550,  2, -159.87,  50
 54296, 7473.0550,  2, -128.31,  50
 54296, 7473.0550,  2, -163.22,  50
 54296, 7473.0550,  2, -137.79,  50
 54296, 7473.0550,  2, -163.61,  50
 54419, 7501.4750,  1, -272.49, 12.375
 54665, 7526.6350,  1, -347.50, 37.534999999999854
 54787, 7539.1150,  2, -147.19,  50
 54787, 7539.1150,  2, -167.83,  50
 54787, 7539.1150,  2, -147.64,  50
 54787, 7539.1150,  2, -134.31,  50
 54787, 7539.1150,  2, -187.55,  50
 54787, 7539.1150,  2, -152.17,  50
 54787, 7539.1150,  2, -141.00,  50
 54787, 7539.1150,  2, -174.41,  50
 55144, 7591.8400,  1, -348.22, 36.30500000000029
 55235, 7601.1450,  1, -384.87, 45.61000000000058
 55278, 7605.5450,  2, -149.48,  50
 55278, 7605.5450,  2, -182.71,  50
 55278, 7605.5450,  2, -199.74,  50
 55278, 7605.5450,  2, -157.85,  50
 55278, 7605.5450,  2, -155.36,  50
 55278, 7605.5450,  2, -191.69,  50
 55278, 7605.5450,  2, -103.00,  50
 55278, 7605.5450,  2, -145.87,  50
 55769, 7671.3350,  2, -141.77,  50
 55769, 7671.3350,  2, -163.68,  50
 55769, 7671.3350,  2, -155.25,  50
 55769, 7671.3350,  2, -156.15,  50
 55769, 7671.3350,  2, -189.37,  50
 55769, 7671.3350,  2, -165.64,  50
 55769, 7671.3350,  2, -181.41,  50
 55769, 7671.3350,  2, -167.95,  50
 55769, 7671.3350,  2, -147.47,  50
 55769, 7671.3350,  2, -157.81,  50
 55984, 7709.7650,  1, -301.82, 21.780000000000655
 56100, 7721.6300,  1, -339.51, 33.64500000000044
 56260, 7737.9950,  2, -161.27,  50
 56260, 7737.9950,  2, -161.96,  50
 56260, 7737.9950,  2, -203.99,  50
 56260, 7737.9950,  2, -197.40,  50
 56260, 7737.9950,  2, -111.99,  50
 56260, 7737.9950,  2, -120.44,  50
 56260, 7737.9950,  2, -91.53,  50
 56260, 7737.9950,  2, -145.82,  50
 56524, 7781.2550,  1, -318.76, 26.795000000000073
 56561, 7785.0400,  1, -327.87, 30.579999999999927
 56730, 7802.3250,  1, -434.01, 47.86499999999978
 56751, 7804.4700,  2, -145.01,  50
 56751, 7804.4700,  2, -155.26,  50
 56751, 7804.4700,  2, -190.35,  50
 56751, 7804.4700,  2, -121.25,  50
 56751, 7804.4700,  2, -138.30,  50
 56751, 7804.4700,  2, -262.75,  50
 56751, 7804.4700,  2, -174.96,  50
 57230, 7869.5950,  1, -378.71, 48.780000000000655
 57242, 7870.8250,  2, -190.73,  50
 57242, 7870.8250,  2, -188.54,  50
 57242, 7870.8250,  2, -184.11,  50
 57242, 7870.8250,  2, -172.82,  50
 57242, 7870.8250,  2, -163.39,  50
 57242, 7870.8250,  2, -134.11,  50
 57242, 7870.8250,  2, -171.23,  50
 57242, 7870.8250,  2, -180.57,  50
 57242, 7870.8250,  2, -145.08,  50
 57511, 7914.2000,  1, -310.55, 27.30999999999949
 57562, 7919.4150,  1, -316.47, 32.524999999999636
 57733, 7936.9050,  2, -184.38,  50
 57733, 7936.9050,  2, -187.37,  50
 57733, 7936.9050,  2, -160.54,  50
 57733, 7936.9050,  2, -151.56,  50
 57733, 7936.9050,  2, -152.42,  50
 57733, 7936.9050,  2, -175.05,  50
 57733, 7936.9050,  2, -165.97,  50
 57733, 7936.9050,  2, -140.21,  50
 58127, 7993.6150,  1, -312.01, 40.094999999999345
 58148, 7995.7600,  1, -331.28, 42.23999999999978
 58224, 8003.5350,  2, -158.58,  50
 58224, 8003.5350,  2, -127.75,  50
 58224, 8003.5350,  2, -160.86,  50
 58224, 8003.5350,  2, -151.45,  50
 58224, 8003.5350,  2, -207.19,  50
 58224, 8003.5350,  2, -162.30,  50
 58224, 8003.5350,  2, -132.31,  50
 58224, 8003.5350,  2, -156.67,  50
 58410, 8038.4250,  1, -301.30, 18.81500000000051
 58460, 8043.5400,  1, -311.03, 23.93000000000029
 58554, 8053.1550,  1, -346.20, 33.54500000000007
 58645, 8062.4600,  1, -377.94, 42.850000000000364
 58715, 8069.6200,  2, -151.43,  50
 58715, 8069.6200,  2, -150.34,  50
 58715, 8069.6200,  2, -149.32,  50
 58715, 8069.6200,  2, -126.22,  50
 58715, 8069.6200,  2, -164.07,  50
 58715, 8069.6200,  2, -157.58,  50
 58912, 8106.2550,  1, -293.50, 19.94499999999971
 59184, 8134.0750,  1, -366.64, 47.76499999999942
 59206, 8136.3250,  2, -120.48,  50
 59206, 8136.3250,  2, -189.41,  50
 59206, 8136.3250,  2, -108.82,  50
 59206, 8136.3250,  2, -152.05,  50
 59206, 8136.3250,  2, -144.46,  50
 59206, 8136.3250,  2, -184.96,  50
 59206, 8136.3250,  2, -172.25,  50
 59206, 8136.3250,  2, -164.52,  50
 59530, 8185.6350,  1, -318.57, 32.93000000000029
 59533, 8185.9450,  1, -304.44, 33.23999999999978
 59646, 8197.4950,  1, -400.14, 44.79000000000087
 59697, 8202.7150,  2, -155.99,  50
 59697, 8202.7150,  2, -158.04,  50
 59697, 8202.7150,  2, -148.08,  50
 59697, 8202.7150,  2, -176.39,  50
 59697, 8202.7150,  2, -133.53,  50
 59697, 8202.7150,  2, -137.79,  50
 59697, 8202.7150,  2, -185.22,  50
 59950, 8244.5550,  1, -303.82, 25.670000000000073
 60034, 8253.1450,  1, -343.81, 34.26000000000022
 60188, 8268.8950,  2, -180.37,  50
 60188, 8268.8950,  2, -130.63,  50
 60188, 8268.8950,  2, -158.76,  50
 60188, 8268.8950,  2, -148.00,  50
 60188, 8268.8950,  2, -183.15,  50
 60188, 8268.8950,  2, -169.44,  50
 60188, 8268.8950,  2, -173.40,  50
 60188, 8268.8950,  2, -161.35,  50
 60630, 8329.7700,  1, -369.38, 44.9950000000008
 60665, 8333.3500,  1, -375.53, 48.57500000000073
 60679, 8334.7800,  2, -163.76,  50
 60679, 8334.7800,  2, -146.08,  50
 60679, 8334.7800,  2, -185.36,  50
 60679, 8334.7800,  2, -166.92,  50
 60679, 8334.7800,  2, -202.49,  50
 60679, 8334.7800,  2, -119.51,  50
 60679, 8334.7800,  2, -188.23,  50
 60679, 8334.7800,  2, -127.27,  50
 60845, 8368.3400,  1, -275.57, 16.770000000000437
 60922, 8376.2150,  1, -323.81, 24.645000000000437
 61052, 8389.5100,  1, -340.26, 37.94000000000051
 61080, 8392.3700,  1, -379.36, 40.80000000000109
 61170, 8401.5750,  2, -180.83,  50
 61170, 8401.5750,  2, -166.44,  50
 61170, 8401.5750,  2, -190.71,  50
 61170, 8401.5750,  2, -141.33,  50
 61170, 8401.5750,  2, -160.46,  50
 61170, 8401.5750,  2, -128.81,  50
 61412, 8442.6000,  1, -295.21, 24.540000000000873
 61478, 8449.3500,  1, -330.55, 31.290000000000873
 61661, 8468.0650,  2, -168.31,  50
 61661, 8468.0650,  2, -147.38,  50
 61661, 8468.0650,  2, -191.30,  50
 61661, 8468.0650,  2, -161.96,  50
 61661, 8468.0650,  2, -146.71,  50
 61661, 8468.0650,  2, -182.23,  50
 61661, 8468.0650,  2, -154.12,  50
 61661, 8468.0650,  2, -158.22,  50
 61890, 8507.0900,  1, -316.98, 23.210000000000946
 61904, 8508.5200,  1, -324.97, 24.640000000001237
 61913, 8509.4400,  1, -309.99, 25.56000000000131
 61946, 8512.8150,  1, -307.35, 28.93500000000131
 62014, 8519.7700,  1, -348.03, 35.89000000000124
 62122, 8530.8150,  1, -354.28, 46.93500000000131
 62152, 8533.8850,  2, -164.06,  50
 62152, 8533.8850,  2, -122.43,  50
 62152, 8533.8850,  2, -180.40,  50
 62337, 8567.5900,  1, -281.84, 18.710000000000946
 62342, 8568.1000,  1, -295.98, 19.220000000001164
 62387, 8572.7000,  1, -298.42, 23.820000000001528
 62429, 8576.9950,  1, -303.63, 28.1150000000016
 62631, 8597.6550,  1, -338.68, 48.775000000001455
 62643, 8598.8850,  2, -208.59,  50
 62643, 8598.8850,  2, -157.29,  50
 62643, 8598.8850,  2, -182.58,  50
 62643, 8598.8850,  2, -157.40,  50
 62815, 8632.6450,  1, -287.14, 17.38000000000102
 62995, 8651.0550,  1, -319.47, 35.79000000000087
 63031, 8654.7350,  1, -371.30, 39.470000000001164
 63040, 8655.6550,  1, -338.86, 40.39000000000124
 63046, 8656.2700,  1, -329.44, 41.00500000000102
 63054, 8657.0900,  1, -366.54, 41.82500000000073
 63134, 8665.2700,  2, -171.96,  50
 63134, 8665.2700,  2, -157.56,  50
 63134, 8665.2700,  2, -179.99,  50
 63134, 8665.2700,  2, -197.46,  50
 63273, 8694.5400,  1, -285.04, 14.010000000000218
 63353, 8702.7250,  1, -308.37, 22.19499999999971
 63625, 8730.5400,  2, -172.06,  50
 63625, 8730.5400,  2, -115.00,  50
 63625, 8730.5400,  2, -232.28,  50
 63625, 8730.5400,  2, -164.12,  50
 63625, 8730.5400,  2, -174.40,  50
 63625, 8730.5400,  2, -163.68,  50
 63625, 8730.5400,  2, -151.92,  50
 63625, 8730.5400,  2, -155.34,  50
 63846, 8770.1550,  1, -328.40, 22.390000000001237
 63855, 8771.0750,  1, -290.75, 23.31000000000131
 63884, 8774.0400,  1, -318.38, 26.275000000001455
 63900, 8775.6800,  1, -317.45, 27.915000000000873
 63982, 8784.0650,  1, -225.15, 36.30000000000109
 64047, 8790.7150,  1, -354.87, 42.95000000000073
 64116, 8797.7700,  2, -170.19,  50
 64116, 8797.7700,  2, -152.31,  50
 64116, 8797.7700,  2, -165.51,  50
 64116, 8797.7700,  2, -141.13,  50
 64273, 8830.0750,  1, -265.69, 15.845000000001164
 64337, 8836.6200,  1, -309.34, 22.390000000001237
 64351, 8838.0550,  1, -301.03, 23.825000000000728
 64383, 8841.3250,  1, -319.09, 27.095000000001164
 64429, 8846.0300,  1, -311.26, 31.80000000000109
 64607, 8864.2350,  2, -185.67,  50
 64607, 8864.2350,  2, -116.90,  50
 64607, 8864.2350,  2, -137.02,  50
 64607, 8864.2350,  2, -167.61,  50
 64607, 8864.2350,  2, -175.84,  50
 64818, 8901.6900,  1, -305.90, 21.3700000000008
 64825, 8902.4050,  1, -320.10, 22.085000000000946
 64828, 8902.7150,  1, -291.23, 22.395000000000437
 64928, 8912.9400,  1, -321.47, 32.6200000000008
 64985, 8918.7700,  1, -334.46, 38.45000000000073
 65031, 8923.4750,  1, -360.63, 43.155000000000655
 65071, 8927.5650,  1, -349.58, 47.2450000000008
 65098, 8930.3250,  2, -141.75,  50
 65098, 8930.3250,  2, -140.64,  50
 65098, 8930.3250,  2, -170.75,  50
 65347, 8971.3050,  1, -287.10, 25.25500000000102
 65354, 8972.0200,  1, -317.90, 25.970000000001164
 65391, 8975.8050,  1, -325.09, 29.75500000000102
 65529, 8989.9150,  1, -357.58, 43.8650000000016
 65589, 8996.0550,  2, -147.07,  50
 65589, 8996.0550,  2, -168.75,  50
 65589, 8996.0550,  2, -204.81,  50
 65589, 8996.0550,  2, -176.19,  50
 65589, 8996.0550,  2, -150.17,  50
 65589, 8996.0550,  2, -190.32,  50
 65790, 9032.5900,  1, -297.99, 20.350000000000364
 65870, 9040.7700,  1, -322.22, 28.530000000000655
 65872, 9040.9750,  1, -303.08, 28.735000000000582
 65883, 9042.1000,  1, -337.07, 29.860000000000582
 66080, 9062.2450,  2, -180.44,  50
 66080, 9062.2450,  2, -158.06,  50
 66080, 9062.2450,  2, -195.37,  50
 66080, 9062.2450,  2, -191.46,  50
 66080, 9062.2450,  2, -208.48,  50
 66080, 9062.2450,  2, -194.17,  50
 66363, 9107.1450,  1, -313.58, 28.735000000000582
 66381, 9108.9850,  1, -331.58, 30.575000000000728
 66438, 9114.8150,  1, -311.35, 36.405000000000655
 66445, 9115.5300,  1, -305.36, 37.1200000000008
 66527, 9123.9150,  1, -348.59, 45.50500000000102
 66571, 9128.4150,  2, -143.47,  50
 66571, 9128.4150,  2, -156.87,  50
 66571, 9128.4150,  2, -149.25,  50
 66571, 9128.4150,  2, -123.90,  50
 66571, 9128.4150,  2, -121.94,  50
 66774, 9165.3850,  1, -295.13, 20.55500000000029
 66780, 9165.9950,  1, -288.67, 21.165000000000873
 66989, 9187.3700,  1, -372.63, 42.54000000000087
 67007, 9189.2150,  1, -358.07, 44.38500000000022
 67034, 9191.9750,  1, -374.46, 47.14500000000044
 67062, 9194.8400,  2, -178.18,  50
 67062, 9194.8400,  2, -161.06,  50
 67062, 9194.8400,  2, -139.98,  50
 67062, 9194.8400,  2, -171.69,  50
 67062, 9194.8400,  2, -163.26,  50
 67228, 9228.0900,  1, -284.11, 16.770000000000437
 67309, 9236.3700,  1, -280.17, 25.05000000000109
 67381, 9243.7350,  1, -324.65, 32.41500000000087
 67396, 9245.2700,  1, -340.69, 33.95000000000073
 67446, 9250.3850,  1, -332.93, 39.06500000000051
 67490, 9254.8850,  1, -342.58, 43.56500000000051
 67498, 9255.7000,  1, -375.43, 44.38000000000102
 67553, 9261.3250,  2, -155.10,  50
 67553, 9261.3250,  2, -211.72,  50
 67553, 9261.3250,  2, -186.42,  50
 67801, 9302.1900,  1, -294.02, 25.159999999999854
 67813, 9303.4150,  1, -307.77, 26.38500000000022
 67826, 9304.7450,  1, -301.75, 27.715000000000146
 67844, 9306.5900,  1, -295.71, 29.55999999999949
 67963, 9318.7600,  1, -366.85, 41.72999999999956
 67973, 9319.7800,  1, -295.84, 42.75
 67991, 9321.6200,  1, -367.89, 44.590000000000146
 68044, 9327.0400,  2, -175.28,  50
 68044, 9327.0400,  2, -162.21,  50
 68044, 9327.0400,  2, -153.68,  50
 68119, 9349.8700,  1, -258.81, 7.4650000000001455
 68327, 9371.1450,  1, -296.38, 28.73999999999978
 68336, 9372.0650,  1, -313.43, 29.659999999999854
 68409, 9379.5300,  1, -332.74, 37.125
 68412, 9379.8400,  1, -360.84, 37.43499999999949
 68436, 9382.2900,  1, -345.82, 39.88500000000022
 68445, 9383.2150,  1, -348.95, 40.80999999999949
 68535, 9392.4150,  2, -166.11,  50
 68535, 9392.4150,  2, -158.76,  50
 68535, 9392.4150,  2, -167.84,  50
 68663, 9422.1000,  1, -272.43, 12.885000000000218
 68668, 9422.6100,  1, -268.77, 13.395000000000437
 68749, 9430.8950,  1, -290.28, 21.68000000000029
 68770, 9433.0400,  1, -258.29, 23.825000000000728
 68792, 9435.2900,  1, -301.86, 26.075000000000728
 68918, 9448.1800,  1, -354.50, 38.965000000000146
 68924, 9448.7900,  1, -328.64, 39.57500000000073
 69026, 9459.2250,  2, -189.61,  50
 69026, 9459.2250,  2, -185.53,  50
 69026, 9459.2250,  2, -185.99,  50
 69216, 9495.4150,  1, -292.34, 19.225000000000364
 69267, 9500.6350,  1, -323.54, 24.44499999999971
 69291, 9503.0900,  1, -322.89, 26.899999999999636
 69305, 9504.5200,  1, -315.30, 28.329999999999927
 69323, 9506.3600,  1, -364.43, 30.170000000000073
 69345, 9508.6100,  1, -319.35, 32.42000000000007
 69350, 9509.1200,  1, -334.75, 32.93000000000029
 69450, 9519.3500,  1, -374.22, 43.159999999999854
 69517, 9526.2000,  2, -168.17,  50
 69517, 9526.2000,  2, -152.73,  50
 69646, 9555.2350,  1, -272.09, 12.989999999999782
 69807, 9571.7000,  1, -305.57, 29.454999999999927
 69816, 9572.6200,  1, -299.74, 30.375
 69817, 9572.7250,  1, -347.69, 30.479999999999563
 69863, 9577.4300,  1, -342.77, 35.18499999999949
 69880, 9579.1650,  1, -327.50, 36.92000000000007
 69917, 9582.9500,  1, -357.63, 40.70499999999993
 69973, 9588.6800,  1, -384.61, 46.43499999999949
 70008, 9592.2600,  2, -174.09,  50
 70008, 9592.2600,  2, -145.98,  50
 70224, 9630.6800,  1, -305.57, 21.88500000000022
 70225, 9630.7800,  1, -313.66, 21.985000000000582
 70306, 9639.0650,  1, -332.88, 30.270000000000437
 70352, 9643.7700,  1, -294.09, 34.975000000000364
 70352, 9643.7700,  1, -336.14, 34.975000000000364
 70369, 9645.5100,  1, -304.00, 36.715000000000146
 70387, 9647.3500,  1, -392.98, 38.55500000000029
 70499, 9658.8050,  2, -207.19,  50
 70499, 9658.8050,  2, -117.29,  50
 70499, 9658.8050,  2, -170.33,  50
 70636, 9688.6900,  1, -263.51, 13.800000000001091
 70744, 9699.7350,  1, -307.06, 24.845000000001164
 70780, 9703.4150,  1, -314.67, 28.525000000001455
 70806, 9706.0750,  1, -321.96, 31.18500000000131
 70815, 9706.9950,  1, -330.47, 32.10500000000138
 70842, 9709.7600,  1, -370.93, 34.8700000000008
 70990, 9724.8950,  2, -127.30,  50
 70990, 9724.8950,  2, -110.54,  50
 70990, 9724.8950,  2, -165.68,  50
 70990, 9724.8950,  2, -132.94,  50
 71124, 9754.2000,  1, -271.00, 13.4950000000008
 71180, 9759.9300,  1, -281.63, 19.225000000000364
 71286, 9770.7700,  1, -352.27, 30.06500000000051
 71331, 9775.3700,  1, -360.41, 34.66500000000087
 71331, 9775.3700,  1, -340.91, 34.66500000000087
 71393, 9781.7150,  1, -355.92, 41.01000000000022
 71429, 9785.3950,  1, -365.40, 44.69000000000051
 71481, 9790.7150,  2, -172.88,  50
 71481, 9790.7150,  2, -206.23,  50
 71481, 9790.7150,  2, -160.53,  50
 71635, 9821.4500,  1, -274.06, 15.540000000000873
 71651, 9823.0900,  1, -286.65, 17.18000000000029
 71653, 9823.2900,  1, -298.10, 17.38000000000102
 71703, 9828.4050,  1, -308.19, 22.4950000000008
 71733, 9831.4750,  1, -290.55, 25.56500000000051
 71756, 9833.8250,  1, -319.14, 27.915000000000873
 71823, 9840.6800,  1, -388.96, 34.77000000000044
 71896, 9848.1450,  1, -269.75, 42.23500000000058
 71972, 9855.9150,  2, -102.31,  50
 71972, 9855.9150,  2, -157.22,  50
 72124, 9886.9500,  1, -275.00, 15.340000000000146
 72227, 9897.4850,  1, -278.48, 25.875
 72283, 9903.2150,  1, -352.87, 31.604999999999563
 72335, 9908.5300,  1, -316.47, 36.92000000000007
 72398, 9914.9750,  1, -388.27, 43.36499999999978
 72463, 9921.6200,  2, -156.55,  50
 72463, 9921.6200,  2, -189.36,  50
 72463, 9921.6200,  2, -139.39,  50
 72463, 9921.6200,  2, -181.36,  50
 72463, 9921.6200,  2, -129.41,  50
 72598, 9950.8050,  1, -264.07, 13.600000000000364
 72607, 9951.7250,  1, -276.92, 14.520000000000437
 72668, 9957.9650,  1, -308.51, 20.76000000000022
 72737, 9965.0200,  1, -314.66, 27.81500000000051
 72779, 9969.3150,  1, -295.54, 32.11000000000058
 72787, 9970.1350,  1, -327.34, 32.93000000000029
 72803, 9971.7700,  1, -344.19, 34.56500000000051
 72866, 9978.2150,  1, -347.23, 41.01000000000022
 72954, 9987.2150,  2, -144.09,  50
 72954, 9987.2150,  2, -184.58,  50
 73051, 10012.9950,  1, -234.89, 9.715000000000146
 73052, 10013.1000,  1, -264.44, 9.819999999999709
 73122, 10020.2600,  1, -281.22, 16.979999999999563
 73139, 10021.9950,  1, -286.44, 18.715000000000146
 73151, 10023.2250,  1, -280.75, 19.94499999999971
 73166, 10024.7600,  1, -231.43, 21.479999999999563
 73283, 10036.7250,  1, -340.99, 33.44499999999971
 73399, 10048.5900,  1, -353.82, 45.30999999999949
 73445, 10053.2900,  2, -151.05,  50
 73445, 10053.2900,  2, -160.31,  50
 73571, 10081.8500,  1, -231.65, 12.680000000000291
 73619, 10086.7600,  1, -267.01, 17.590000000000146
 73685, 10093.5100,  1, -301.04, 24.340000000000146
 73686, 10093.6100,  1, -269.09, 24.44000000000051
 73695, 10094.5300,  1, -327.85, 25.360000000000582
 73722, 10097.2900,  1, -260.42, 28.1200000000008
 73803, 10105.5750,  1, -335.69, 36.405000000000655
 73897, 10115.1900,  1, -334.48, 46.02000000000044
 73936, 10119.1800,  2, -167.45,  50
 73936, 10119.1800,  2, -163.91,  50
 74070, 10148.7000,  1, -272.79, 13.5
 74106, 10152.3850,  1, -300.61, 17.18499999999949
 74142, 10156.0650,  1, -263.35, 20.86499999999978
 74149, 10156.7800,  1, -283.11, 21.579999999999927
 74177, 10159.6450,  1, -310.74, 24.44499999999971
 74203, 10162.3050,  1, -284.62, 27.104999999999563
 74228, 10164.8600,  1, -326.95, 29.659999999999854
 74373, 10179.6900,  1, -397.81, 44.48999999999978
 74427, 10185.2150,  2, -152.19,  50
 74427, 10185.2150,  2, -170.08,  50
 74625, 10220.4650,  1, -287.35, 20.045000000000073
 74674, 10225.4750,  1, -321.47, 25.05500000000029
 74688, 10226.9050,  1, -321.35, 26.485000000000582
 74712, 10229.3600,  1, -321.31, 28.94000000000051
 74785, 10236.8250,  1, -311.38, 36.405000000000655
 74812, 10239.5900,  1, -348.08, 39.17000000000007
 74867, 10245.2150,  1, -380.49, 44.79500000000007
 74880, 10246.5400,  1, -392.49, 46.1200000000008
 74918, 10250.4300,  2, -194.15,  50
 74918, 10250.4300,  2, -154.26,  50
 75097, 10283.7700,  1, -295.92, 18.095000000001164
 75123, 10286.4300,  1, -300.54, 20.75500000000102
 75193, 10293.5900,  1, -307.84, 27.915000000000873
 75219, 10296.2450,  1, -308.69, 30.570000000001528
 75219, 10296.2450,  1, -322.99, 30.570000000001528
 75228, 10297.1650,  1, -359.61, 31.4900000000016
 75409, 10315.6800,  2, -135.09,  50
 75409, 10315.6800,  2, -124.00,  50
 75409, 10315.6800,  2, -133.46,  50
 75409, 10315.6800,  2, -160.71,  50
 75560, 10347.4850,  1, -273.01, 15.235000000000582
 75612, 10352.8050,  1, -279.19, 20.55500000000029
 75620, 10353.6200,  1, -300.25, 21.3700000000008
 75734, 10365.2800,  1, -334.44, 33.030000000000655
 75822, 10374.2800,  1, -356.95, 42.030000000000655
 75848, 10376.9400,  1, -379.96, 44.69000000000051
 75859, 10378.0650,  1, -324.36, 45.81500000000051
 75900, 10382.2600,  2, -205.21,  50
 75900, 10382.2600,  2, -146.93,  50
 75900, 10382.2600,  2, -135.96,  50
 75998, 10407.8150,  1, -263.64, 9.81000000000131
 76096, 10417.8400,  1, -277.54, 19.835000000000946
 76175, 10425.9150,  1, -331.25, 27.910000000001673
 76182, 10426.6350,  1, -311.16, 28.63000000000102
 76201, 10428.5750,  1, -325.56, 30.570000000001528
 76352, 10444.0200,  1, -383.71, 46.01500000000124
 76391, 10448.0100,  2, -127.90,  50
 76391, 10448.0100,  2, -98.08,  50
 76391, 10448.0100,  2, -164.25,  50
 76391, 10448.0100,  2, -154.95,  50
 76520, 10476.2250,  1, -280.76, 12.985000000000582
 76540, 10478.2700,  1, -282.91, 15.030000000000655
 76637, 10488.1900,  1, -289.56, 24.950000000000728
 76769, 10501.6900,  1, -322.73, 38.45000000000073
 76770, 10501.7900,  1, -358.28, 38.55000000000109
 76802, 10505.0650,  1, -354.64, 41.82500000000073
 76882, 10513.2450,  2, -154.36,  50
 76882, 10513.2450,  2, -191.73,  50
 76882, 10513.2450,  2, -160.05,  50
 76882, 10513.2450,  2, -151.31,  50
 77051, 10546.0400,  1, -252.41, 17.070000000001528
 77218, 10563.1200,  1, -288.84, 34.150000000001455
 77309, 10572.4300,  1, -355.63, 43.460000000000946
 77329, 10574.4750,  1, -327.39, 45.50500000000102
 77369, 10578.5650,  1, -362.54, 49.595000000001164
 77373, 10578.9750,  2, -143.53,  50
 77373, 10578.9750,  2, -148.22,  50
 77373, 10578.9750,  2, -178.00,  50
 77373, 10578.9750,  2, -154.45,  50
 77373, 10578.9750,  2, -131.28,  50
 77525, 10609.2000,  1, -275.00, 15.335000000000946
 77542, 10610.9400,  1, -255.21, 17.075000000000728
 77568, 10613.6000,  1, -288.76, 19.735000000000582
 77637, 10620.6550,  1, -310.92, 26.790000000000873
 77692, 10626.2800,  1, -328.02, 32.41500000000087
 77706, 10627.7150,  1, -348.71, 33.850000000000364
 77745, 10631.7000,  1, -315.22, 37.835000000000946
 77842, 10641.6200,  1, -368.67, 47.75500000000102
 77864, 10643.8700,  2, -172.52,  50
 77864, 10643.8700,  2, -113.87,  50
 78058, 10679.8850,  1, -264.76, 19.639999999999418
 78067, 10680.8050,  1, -258.97, 20.55999999999949
 78145, 10688.7800,  1, -311.55, 28.534999999999854
 78216, 10696.0400,  1, -356.84, 35.79500000000007
 78300, 10704.6350,  1, -373.11, 44.38999999999942
 78355, 10710.2600,  2, -122.30,  50
 78355, 10710.2600,  2, -115.16,  50
 78355, 10710.2600,  2, -153.34,  50
 78355, 10710.2600,  2, -166.69,  50
 78355, 10710.2600,  2, -164.88,  50
 78487, 10739.6350,  1, -274.96, 13.290000000000873
 78643, 10755.5900,  1, -327.76, 29.2450000000008
 78846, 10776.3500,  2, -146.76,  50
 78846, 10776.3500,  2, -155.84,  50
 78846, 10776.3500,  2, -159.01,  50
 78846, 10776.3500,  2, -157.99,  50
 78846, 10776.3500,  2, -155.54,  50
 78846, 10776.3500,  2, -140.14,  50
 78846, 10776.3500,  2, -183.57,  50
 78846, 10776.3500,  2, -171.33,  50
 79337, 10841.3400,  2, -165.79,  50
 79337, 10841.3400,  2, -176.79,  50
 79337, 10841.3400,  2, -152.95,  50
 79337, 10841.3400,  2, -149.90,  50
 79337, 10841.3400,  2, -133.97,  50
 79337, 10841.3400,  2, -130.43,  50
 79337, 10841.3400,  2, -154.01,  50
 79337, 10841.3400,  2, -138.89,  50
 79337, 10841.3400,  2, -210.51,  50
 79337, 10841.3400,  2, -171.30,  50
 79514, 10874.3050,  1, -285.00, 17.899999999999636
 79759, 10899.3600,  1, -382.37, 42.95499999999993
 79828, 10906.4150,  2, -154.38,  50
 79828, 10906.4150,  2, -150.28,  50
 79828, 10906.4150,  2, -141.36,  50
 79828, 10906.4150,  2, -131.49,  50
 79828, 10906.4150,  2, -179.45,  50
 79828, 10906.4150,  2, -162.51,  50
 79828, 10906.4150,  2, -170.53,  50
 79828, 10906.4150,  2, -195.10,  50
 80030, 10942.2700,  1, -283.44, 20.454999999999927
 80152, 10954.7450,  1, -343.86, 32.93000000000029
 80206, 10960.2700,  1, -338.62, 38.45499999999993
 80319, 10971.8250,  2, -150.28,  50
 80319, 10971.8250,  2, -156.65,  50
 80319, 10971.8250,  2, -174.38,  50
 80319, 10971.8250,  2, -183.84,  50
 80319, 10971.8250,  2, -166.71,  50
 80319, 10971.8250,  2, -181.52,  50
 80319, 10971.8250,  2, -163.96,  50
 80739, 11030.0550,  1, -336.14, 42.7450000000008
 80740, 11030.1550,  1, -399.45, 42.845000000001164
 80795, 11035.7800,  1, -376.01, 48.470000000001164
 80810, 11037.3150,  2, -173.50,  50
 80810, 11037.3150,  2, -138.92,  50
 80810, 11037.3150,  2, -177.73,  50
 80810, 11037.3150,  2, -160.74,  50
 80810, 11037.3150,  2, -146.72,  50
 80810, 11037.3150,  2, -167.38,  50
 80810, 11037.3150,  2, -197.54,  50
 81054, 11076.8250,  1, -290.62, 24.7400000000016
 81188, 11090.5300,  1, -380.78, 38.44500000000153
 81301, 11102.0900,  2, -178.63,  50
 81301, 11102.0900,  2, -168.74,  50
 81301, 11102.0900,  2, -121.76,  50
 81301, 11102.0900,  2, -182.00,  50
 81301, 11102.0900,  2, -192.34,  50
 81301, 11102.0900,  2, -156.62,  50
 81301, 11102.0900,  2, -152.10,  50
 81301, 11102.0900,  2, -154.28,  50
 81553, 11143.4500,  1, -320.35, 25.56500000000051
 81596, 11147.8500,  1, -330.70, 29.965000000000146
 81641, 11152.4500,  1, -322.75, 34.56500000000051
 81792, 11167.8950,  2, -157.70,  50
 81792, 11167.8950,  2, -157.02,  50
 81792, 11167.8950,  2, -171.56,  50
 81792, 11167.8950,  2, -161.86,  50
 81792, 11167.8950,  2, -162.65,  50
 81792, 11167.8950,  2, -168.88,  50
 81792, 11167.8950,  2, -85.77,  50
 82283, 11233.6100,  2, -148.63,  50
 82283, 11233.6100,  2, -181.00,  50
 82283, 11233.6100,  2, -125.37,  50
 82283, 11233.6100,  2, -161.11,  50
 82283, 11233.6100,  2, -163.54,  50
 82283, 11233.6100,  2, -174.46,  50
 82283, 11233.6100,  2, -123.58,  50
 82283, 11233.6100,  2, -163.44,  50
 82283, 11233.6100,  2, -149.81,  50
 82283, 11233.6100,  2, -165.45,  50
 82525, 11273.1100,  1, -310.90, 24.545000000000073
 82568, 11277.5100,  1, -322.65, 28.94499999999971
 82680, 11288.9650,  1, -349.47, 40.399999999999636
 82774, 11298.5750,  2, -142.86,  50
 82774, 11298.5750,  2, -144.13,  50
 82774, 11298.5750,  2, -145.50,  50
 82774, 11298.5750,  2, -169.99,  50
 82774, 11298.5750,  2, -188.07,  50
 82774, 11298.5750,  2, -164.64,  50
 82774, 11298.5750,  2, -179.85,  50
 83012, 11338.7800,  1, -326.37, 24.13000000000102
 83017, 11339.2900,  1, -303.28, 24.640000000001237
 83132, 11351.0550,  1, -309.97, 36.405000000000655
 83250, 11363.1200,  1, -379.81, 48.470000000001164
 83265, 11364.6550,  2, -171.35,  50
 83265, 11364.6550,  2, -209.65,  50
 83265, 11364.6550,  2, -221.23,  50
 83265, 11364.6550,  2, -153.23,  50
 83265, 11364.6550,  2, -194.09,  50
 83265, 11364.6550,  2, -164.32,  50
 83465, 11400.0300,  1, -284.38, 20.25
 83465, 11400.0300,  1, -288.85, 20.25
 83756, 11429.7900,  2, -130.07,  50
 83756, 11429.7900,  2, -163.82,  50
 83756, 11429.7900,  2, -131.30,  50
 83756, 11429.7900,  2, -174.13,  50
 83756, 11429.7900,  2, -152.71,  50
 83756, 11429.7900,  2, -209.16,  50
 83756, 11429.7900,  2, -170.11,  50
 83756, 11429.7900,  2, -136.29,  50
 84247, 11496.1800,  2, -130.84,  50
 84247, 11496.1800,  2, -209.58,  50
 84247, 11496.1800,  2, -178.20,  50
 84247, 11496.1800,  2, -141.13,  50
 84247, 11496.1800,  2, -162.11,  50
 84247, 11496.1800,  2, -153.58,  50
 84247, 11496.1800,  2, -160.28,  50
 84247, 11496.1800,  2, -185.12,  50
 84247, 11496.1800,  2, -127.02,  50
 84247, 11496.1800,  2, -126.56,  50
 84596, 11546.6350,  1, -348.63, 35.48500000000058
 84604, 11547.4500,  1, -330.07, 36.30000000000109
 84652, 11552.3600,  1, -379.33, 41.210000000000946
 84738, 11561.1550,  2, -150.75,  50
 84738, 11561.1550,  2, -149.62,  50
 84738, 11561.1550,  2, -156.09,  50
 84738, 11561.1550,  2, -145.89,  50
 84738, 11561.1550,  2, -158.54,  50
 84738, 11561.1550,  2, -170.06,  50
 84738, 11561.1550,  2, -155.19,  50
 84906, 11594.1350,  1, -274.22, 16.979999999999563
 85208, 11625.0200,  1, -383.44, 47.86499999999978
 85229, 11627.1650,  2, -155.63,  50
 85229, 11627.1650,  2, -163.14,  50
 85229, 11627.1650,  2, -167.30,  50
 85229, 11627.1650,  2, -120.10,  50
 85229, 11627.1650,  2, -160.61,  50
 85229, 11627.1650,  2, -149.06,  50
 85229, 11627.1650,  2, -157.77,  50
 85229, 11627.1650,  2, -163.72,  50
 85361, 11655.2900,  1, -267.59, 13.295000000000073
 85369, 11656.1100,  1, -284.28, 14.114999999999782
 85530, 11672.5750,  1, -296.20, 30.579999999999927
 85567, 11676.3600,  1, -320.55, 34.36499999999978
 85720, 11692.0100,  2, -122.18,  50
 85720, 11692.0100,  2, -184.90,  50
 85720, 11692.0100,  2, -123.08,  50
 85720, 11692.0100,  2, -168.00,  50
 85720, 11692.0100,  2, -169.47,  50
 85720, 11692.0100,  2, -185.08,  50
 85955, 11732.2250,  1, -314.31, 23.825000000000728
 86051, 11742.0400,  1, -335.03, 33.64000000000124
 86122, 11749.3050,  1, -381.81, 40.905000000000655
 86211, 11758.4050,  2, -139.68,  50
 86211, 11758.4050,  2, -169.61,  50
 86211, 11758.4050,  2, -138.62,  50
 86211, 11758.4050,  2, -141.08,  50
 86211, 11758.4050,  2, -153.71,  50
 86211, 11758.4050,  2, -154.46,  50
 86211, 11758.4050,  2, -139.87,  50
 86648, 11818.5400,  1, -392.12, 44.48000000000138
 86681, 11821.9150,  1, -406.25, 47.85500000000138
 86702, 11824.0650,  2, -158.44,  50
 86702, 11824.0650,  2, -142.92,  50
 86702, 11824.0650,  2, -177.34,  50
 86702, 11824.0650,  2, -169.73,  50
 86702, 11824.0650,  2, -140.59,  50
 86702, 11824.0650,  2, -160.65,  50
 86702, 11824.0650,  2, -158.19,  50
 86702, 11824.0650,  2, -129.61,  50
 87070, 11877.8950,  1, -338.49, 37.43000000000029
 87086, 11879.5300,  1, -346.76, 39.06500000000051
 87094, 11880.3500,  1, -371.96, 39.88500000000022
 87193, 11890.4750,  2, -174.52,  50
 87193, 11890.4750,  2, -180.76,  50
 87193, 11890.4750,  2, -125.35,  50
 87193, 11890.4750,  2, -149.53,  50
 87193, 11890.4750,  2, -182.28,  50
 87193, 11890.4750,  2, -168.69,  50
 87193, 11890.4750,  2, -138.34,  50
 87493, 11937.3850,  1, -355.98, 30.475000000000364
 87561, 11944.3400,  1, -320.91, 37.43000000000029
 87588, 11947.1000,  1, -360.07, 40.19000000000051
 87684, 11956.9150,  2, -152.53,  50
 87684, 11956.9150,  2, -172.24,  50
 87684, 11956.9150,  2, -155.44,  50
 87684, 11956.9150,  2, -160.88,  50
 87684, 11956.9150,  2, -179.29,  50
 87684, 11956.9150,  2, -158.03,  50
 87684, 11956.9150,  2, -149.22,  50
 87845, 11987.6100,  1, -281.87, 16.26000000000022
 87958, 11999.1650,  1, -281.73, 27.81500000000051
 88034, 12006.9400,  1, -358.86, 35.590000000000146
 88118, 12015.5300,  1, -334.92, 44.18000000000029
 88143, 12018.0900,  1, -392.03, 46.73999999999978
 88175, 12021.3600,  2, -170.41,  50
 88175, 12021.3600,  2, -123.97,  50
 88175, 12021.3600,  2, -149.46,  50
 88175, 12021.3600,  2, -126.11,  50
 88175, 12021.3600,  2, -162.72,  50
 88589, 12077.3150,  1, -372.93, 42.13000000000102
 88666, 12085.1900,  2, -142.94,  50
 88666, 12085.1900,  2, -206.61,  50
 88666, 12085.1900,  2, -143.58,  50
 88666, 12085.1900,  2, -143.90,  50
 88666, 12085.1900,  2, -148.74,  50
 88666, 12085.1900,  2, -156.03,  50
 88666, 12085.1900,  2, -173.73,  50
 88666, 12085.1900,  2, -165.83,  50
 88666, 12085.1900,  2, -167.14,  50
 88903, 12124.7000,  1, -287.78, 24.025000000001455
 88970, 12131.5550,  1, -294.01, 30.88000000000102
 89157, 12150.6800,  2, -157.63,  50
 89157, 12150.6800,  2, -174.52,  50
 89157, 12150.6800,  2, -159.63,  50
 89157, 12150.6800,  2, -134.18,  50
 89157, 12150.6800,  2, -177.66,  50
 89157, 12150.6800,  2, -150.65,  50
 89157, 12150.6800,  2, -139.72,  50
 89157, 12150.6800,  2, -148.46,  50
 89342, 12184.4150,  1, -286.11, 18.710000000000946
 89648, 12215.7150,  2, -171.10,  50
 89648, 12215.7150,  2, -166.70,  50
 89648, 12215.7150,  2, -156.54,  50
 89648, 12215.7150,  2, -196.77,  50
 89648, 12215.7150,  2, -160.32,  50
 89648, 12215.7150,  2, -154.04,  50
 89648, 12215.7150,  2, -182.90,  50
 89648, 12215.7150,  2, -176.66,  50
 89648, 12215.7150,  2, -184.21,  50
 89885, 12256.3400,  1, -318.78, 24.030000000000655
 89943, 12262.2700,  1, -303.30, 29.960000000000946
 90139, 12282.3150,  2, -138.08,  50
 90139, 12282.3150,  2, -158.04,  50
 90139, 12282.3150,  2, -235.60,  50
 90139, 12282.3150,  2, -98.62,  50
 90139, 12282.3150,  2, -126.85,  50
 90139, 12282.3150,  2, -187.41,  50
 90139, 12282.3150,  2, -147.10,  50
 90139, 12282.3150,  2, -151.46,  50
 90497, 12333.9050,  1, -338.54, 36.400000000001455
 90630, 12347.5100,  2, -156.30,  50
 90630, 12347.5100,  2, -143.28,  50
 90630, 12347.5100,  2, -180.21,  50
 90630, 12347.5100,  2, -156.56,  50
 90630, 12347.5100,  2, -164.90,  50
 90630, 12347.5100,  2, -159.89,  50
 90630, 12347.5100,  2, -173.62,  50
 90630, 12347.5100,  2, -146.07,  50
 90630, 12347.5100,  2, -134.29,  50
 90712, 12369.7900,  1, -263.32, 8.175000000001091
 90902, 12389.2250,  1, -320.64, 27.610000000000582
 91121, 12411.6200,  2, -139.67,  50
 91121, 12411.6200,  2, -142.02,  50
 91121, 12411.6200,  2, -153.52,  50
 91121, 12411.6200,  2, -159.64,  50
 91121, 12411.6200,  2, -146.44,  50
 91121, 12411.6200,  2, -205.91,  50
 91121, 12411.6200,  2, -179.71,  50
 91121, 12411.6200,  2, -183.84,  50
 91463, 12461.2450,  1, -348.61, 34.77000000000044
 91513, 12466.3600,  1, -336.65, 39.88500000000022
 91556, 12470.7600,  1, -332.98, 44.284999999999854
 91597, 12474.9500,  1, -369.07, 48.475000000000364
 91598, 12475.0550,  1, -386.29, 48.57999999999993
 91612, 12476.4850,  2, -139.10,  50
 91612, 12476.4850,  2, -155.59,  50
 91612, 12476.4850,  2, -161.33,  50
 91612, 12476.4850,  2, -171.20,  50
 91612, 12476.4850,  2, -156.18,  50
 91847, 12516.8250,  1, -312.49, 23.825000000000728
 91929, 12525.2150,  1, -314.89, 32.215000000000146
 92103, 12543.0100,  2, -183.82,  50
 92103, 12543.0100,  2, -119.18,  50
 92103, 12543.0100,  2, -126.52,  50
 92103, 12543.0100,  2, -172.15,  50
 92103, 12543.0100,  2, -175.92,  50
 92103, 12543.0100,  2, -148.17,  50
 92103, 12543.0100,  2, -171.09,  50
 92103, 12543.0100,  2, -137.07,  50
 92391, 12587.1100,  1, -292.44, 29.2450000000008
 92427, 12590.7900,  1, -315.41, 32.92500000000109
 92499, 12598.1550,  1, -345.87, 40.29000000000087
 92528, 12601.1200,  1, -360.98, 43.25500000000102
 92594, 12607.8700,  2, -166.39,  50
 92594, 12607.8700,  2, -139.44,  50
 92594, 12607.8700,  2, -213.80,  50
 92594, 12607.8700,  2, -156.70,  50
 92594, 12607.8700,  2, -154.30,  50
 92594, 12607.8700,  2, -184.77,  50
 92952, 12659.4400,  1, -361.64, 36.409999999999854
 92991, 12663.4300,  1, -401.12, 40.399999999999636
 93041, 12668.5400,  1, -357.26, 45.51000000000022
 93085, 12673.0400,  2, -144.95,  50
 93085, 12673.0400,  2, -187.65,  50
 93085, 12673.0400,  2, -169.41,  50
 93085, 12673.0400,  2, -139.03,  50
 93085, 12673.0400,  2, -166.31,  50
 93085, 12673.0400,  2, -160.00,  50
 93085, 12673.0400,  2, -151.46,  50
 93378, 12717.6200,  1, -292.88, 29.75500000000102
 93403, 12720.1800,  1, -306.08, 32.31500000000051
 93471, 12727.1350,  1, -340.94, 39.27000000000044
 93536, 12733.7800,  1, -373.30, 45.91500000000087
 93576, 12737.8700,  2, -158.88,  50
 93576, 12737.8700,  2, -173.32,  50
 93576, 12737.8700,  2, -160.82,  50
 93576, 12737.8700,  2, -182.48,  50
 93576, 12737.8700,  2, -187.46,  50
 93576, 12737.8700,  2, -180.89,  50
 93726, 12767.9500,  1, -275.60, 15.135000000000218
 93760, 12771.4300,  1, -282.96, 18.61499999999978
 93994, 12795.3600,  1, -359.52, 42.54500000000007
 94015, 12797.5100,  1, -391.33, 44.69499999999971
 94015, 12797.5100,  1, -410.42, 44.69499999999971
 94067, 12802.8250,  2, -170.14,  50
 94067, 12802.8250,  2, -185.47,  50
 94067, 12802.8250,  2, -144.30,  50
 94067, 12802.8250,  2, -165.42,  50
 94067, 12802.8250,  2, -174.36,  50
 94333, 12845.2700,  1, -312.81, 27.0
 94399, 12852.0200,  1, -311.92, 33.75
 94524, 12864.8050,  1, -399.68, 46.534999999999854
 94558, 12868.2800,  2, -157.79,  50
 94558, 12868.2800,  2, -111.39,  50
 94558, 12868.2800,  2, -147.68,  50
 94558, 12868.2800,  2, -110.17,  50
 94558, 12868.2800,  2, -156.07,  50
 94558, 12868.2800,  2, -161.67,  50
 94558, 12868.2800,  2, -138.02,  50
 94789, 12907.1200,  1, -280.19, 23.420000000000073
 94866, 12914.9950,  1, -332.27, 31.295000000000073
 95049, 12933.7150,  2, -186.59,  50
 95049, 12933.7150,  2, -194.68,  50
 95049, 12933.7150,  2, -154.37,  50
 95049, 12933.7150,  2, -137.23,  50
 95049, 12933.7150,  2, -179.58,  50
 95049, 12933.7150,  2, -174.35,  50
 95049, 12933.7150,  2, -209.79,  50
 95049, 12933.7150,  2, -145.08,  50
