    36, 24.8400,  1, -209.95, 3.960000000000001
    42, 25.4800,  1, -217.94, 4.600000000000001
    46, 25.9100,  1, -221.94, 5.030000000000001
    55, 26.8700,  1, -213.08, 5.990000000000002
    69, 28.3700,  1, -226.43, 7.490000000000002
    70, 28.4800,  1, -222.96, 7.600000000000001
   135, 35.5200,  1, -315.45, 14.640000000000004
   151, 37.2400,  1, -269.85, 16.360000000000003
   160, 38.2000,  1, -242.85, 17.320000000000004
   209, 43.4500,  1, -302.39, 22.570000000000004
   237, 57.7700,  1, -209.69, 2.8900000000000006
   245, 58.6300,  1, -209.03, 3.75
   247, 58.8400,  1, -213.30, 3.960000000000001
   247, 58.8400,  1, -212.78, 3.960000000000001
   248, 58.9500,  1, -219.56, 4.07
   250, 59.1700,  1, -211.06, 4.289999999999999
   259, 60.1300,  1, -213.76, 5.25
   266, 60.8800,  1, -221.56, 6.0
   314, 66.0600,  1, -234.48, 11.18
   351, 70.1100,  1, -238.68, 15.229999999999997
   377, 84.5400,  1, -208.33, 2.720000000000013
   379, 84.7600,  1, -207.16, 2.940000000000012
   379, 84.7600,  1, -211.02, 2.940000000000012
   382, 85.0900,  1, -210.49, 3.2700000000000102
   386, 85.5300,  1, -213.08, 3.710000000000008
   398, 86.8400,  1, -212.41, 5.02000000000001
   410, 88.1500,  1, -211.27, 6.3300000000000125
   426, 89.9000,  1, -217.35, 8.080000000000013
   454, 92.9700,  1, -216.13, 11.150000000000006
   456, 93.1800,  1, -221.85, 11.360000000000014
   497, 109.2200,  1, -216.54, 4.3700000000000045
   512, 110.8600,  1, -214.19, 6.010000000000005
   522, 111.9500,  1, -211.24, 7.1000000000000085
   522, 111.9500,  1, -220.70, 7.1000000000000085
   525, 112.2800,  1, -222.22, 7.430000000000007
   527, 112.5000,  1, -218.33, 7.650000000000006
   528, 112.6100,  1, -213.81, 7.760000000000005
   540, 113.9200,  1, -221.34, 9.070000000000007
   573, 117.5300,  1, -233.26, 12.680000000000007
   578, 118.0800,  1, -222.98, 13.230000000000004
   601, 131.7200,  1, -209.23, 2.4000000000000057
   613, 133.0400,  1, -211.95, 3.719999999999999
   618, 133.5800,  1, -209.80, 4.260000000000019
   625, 134.3500,  1, -206.21, 5.030000000000001
   638, 135.7700,  1, -211.43, 6.450000000000017
   652, 137.3000,  1, -216.80, 7.980000000000018
   662, 138.4000,  1, -207.93, 9.080000000000013
   662, 138.4000,  1, -210.61, 9.080000000000013
   679, 140.2600,  1, -220.56, 10.939999999999998
   700, 142.5500,  1, -221.63, 13.230000000000018
   733, 157.8300,  1, -209.48, 3.5
   734, 157.9400,  1, -208.55, 3.609999999999985
   737, 158.2700,  1, -214.48, 3.9399999999999977
   752, 159.9100,  1, -213.56, 5.579999999999984
   753, 160.0200,  1, -215.54, 5.689999999999998
   756, 160.3500,  1, -212.12, 6.019999999999982
   775, 162.4300,  1, -221.40, 8.099999999999994
   776, 162.5400,  1, -214.98, 8.20999999999998
   812, 166.4700,  1, -224.25, 12.139999999999986
   819, 167.2400,  1, -225.83, 12.909999999999997
   852, 182.2200,  1, -215.54, 3.3799999999999955
   853, 182.3300,  1, -218.15, 3.490000000000009
   857, 182.7700,  1, -210.34, 3.930000000000007
   859, 182.9900,  1, -207.79, 4.150000000000006
   860, 183.1000,  1, -212.34, 4.259999999999991
   864, 183.5400,  1, -213.35, 4.699999999999989
   866, 183.7600,  1, -210.12, 4.9199999999999875
   871, 184.3000,  1, -213.29, 5.460000000000008
   872, 184.4100,  1, -205.88, 5.569999999999993
   895, 186.9300,  1, -239.18, 8.090000000000003
   929, 201.9400,  1, -213.50, 3.5999999999999943
   932, 202.2700,  1, -208.73, 3.930000000000007
   935, 202.6000,  1, -210.74, 4.259999999999991
   938, 202.9300,  1, -216.21, 4.590000000000003
   941, 203.2600,  1, -212.33, 4.9199999999999875
   942, 203.3600,  1, -209.15, 5.02000000000001
   951, 204.3500,  1, -210.52, 6.009999999999991
   964, 205.7700,  1, -209.44, 7.430000000000007
  1008, 210.5800,  1, -215.82, 12.240000000000009
  1019, 211.7900,  1, -219.46, 13.449999999999989
  1044, 225.8200,  1, -214.49, 2.519999999999982
  1048, 226.2600,  1, -207.50, 2.9599999999999795
  1058, 227.3500,  1, -210.24, 4.049999999999983
  1063, 227.9000,  1, -210.34, 4.599999999999994
  1067, 228.3300,  1, -218.86, 5.030000000000001
  1067, 228.3300,  1, -216.21, 5.030000000000001
  1072, 228.8800,  1, -235.27, 5.579999999999984
  1078, 229.5400,  1, -213.49, 6.239999999999981
  1095, 231.4000,  1, -226.42, 8.099999999999994
  1105, 232.4900,  1, -228.85, 9.189999999999998
  1133, 247.1800,  1, -206.88, 2.8499999999999943
  1142, 248.1600,  1, -206.96, 3.829999999999984
  1143, 248.2700,  1, -207.52, 3.9399999999999977
  1146, 248.6000,  1, -209.89, 4.269999999999982
  1170, 251.2200,  1, -205.25, 6.889999999999986
  1186, 252.9700,  1, -205.37, 8.639999999999986
  1190, 253.4100,  1, -212.73, 9.079999999999984
  1190, 253.4100,  1, -205.49, 9.079999999999984
  1215, 256.1500,  1, -204.82, 11.819999999999965
  1287, 263.6500,  1, -240.23, 19.319999999999965
  1316, 277.7900,  1, -203.54, 2.920000000000016
  1318, 278.0000,  1, -210.84, 3.1299999999999955
  1320, 278.2100,  1, -203.53, 3.339999999999975
  1323, 278.5200,  1, -203.73, 3.6499999999999773
  1324, 278.6200,  1, -205.10, 3.75
  1326, 278.8300,  1, -204.82, 3.9599999999999795
  1345, 280.8100,  1, -205.08, 5.939999999999998
  1346, 280.9100,  1, -200.96, 6.0400000000000205
  1365, 282.9000,  1, -206.83, 8.029999999999973
  1400, 286.5400,  1, -210.11, 11.670000000000016
  1433, 301.1500,  1, -215.42, 3.329999999999984
  1434, 301.2500,  1, -213.94, 3.430000000000007
  1437, 301.5600,  1, -212.88, 3.740000000000009
  1437, 301.5600,  1, -212.96, 3.740000000000009
  1439, 301.7700,  1, -207.22, 3.9499999999999886
  1442, 302.0800,  1, -205.36, 4.259999999999991
  1457, 303.6500,  1, -214.76, 5.829999999999984
  1458, 303.7500,  1, -209.81, 5.930000000000007
  1485, 306.5600,  1, -206.03, 8.740000000000009
  1488, 306.8700,  1, -208.14, 9.050000000000011
  1516, 321.1600,  1, -203.65, 2.8100000000000023
  1520, 321.5800,  1, -204.26, 3.2299999999999613
  1523, 321.9000,  1, -207.24, 3.5499999999999545
  1526, 322.2100,  1, -202.86, 3.859999999999957
  1527, 322.3100,  1, -205.64, 3.9599999999999795
  1535, 323.1500,  1, -205.04, 4.7999999999999545
  1549, 324.6000,  1, -203.33, 6.25
  1635, 333.5600,  1, -222.23, 15.20999999999998
  1655, 335.6500,  1, -234.86, 17.299999999999955
  1734, 343.8700,  1, -257.71, 25.519999999999982
  1770, 359.0200,  1, -203.91, 3.6499999999999773
  1772, 359.2200,  1, -205.33, 3.8500000000000227
  1773, 359.3300,  1, -204.88, 3.9599999999999795
  1775, 359.5400,  1, -198.65, 4.170000000000016
  1787, 360.7900,  1, -198.15, 5.420000000000016
  1788, 360.9000,  1, -198.20, 5.529999999999973
  1793, 361.4100,  1, -199.29, 6.0400000000000205
  1803, 362.4600,  1, -198.68, 7.089999999999975
  1861, 368.5000,  1, -208.92, 13.129999999999995
  1895, 372.0400,  1, -231.54, 16.670000000000016
  1923, 386.1800,  1, -203.11, 2.819999999999993
  1923, 386.1800,  1, -204.72, 2.819999999999993
  1930, 386.9100,  1, -205.11, 3.5500000000000114
  1932, 387.1200,  1, -204.68, 3.759999999999991
  1938, 387.7500,  1, -204.46, 4.389999999999986
  1964, 390.4600,  1, -199.50, 7.099999999999966
  1984, 392.5400,  1, -210.32, 9.180000000000007
  1992, 393.3700,  1, -208.80, 10.009999999999991
  2029, 397.2200,  1, -212.12, 13.860000000000014
  2049, 399.3100,  1, -216.49, 15.949999999999989
  2079, 413.7200,  1, -203.76, 2.900000000000034
  2080, 413.8300,  1, -202.68, 3.009999999999991
  2089, 414.7700,  1, -201.77, 3.9499999999999886
  2096, 415.5000,  1, -199.38, 4.680000000000007
  2144, 420.5000,  3, 205.56, 9.670000000000016
  2144, 420.5000,  1, -206.84, 9.680000000000007
  2146, 420.7100,  1, -199.38, 9.889999999999986
  2152, 421.3300,  1, -199.05, 10.509999999999991
  2155, 421.6500,  1, -201.06, 10.829999999999984
  2188, 425.0800,  1, -215.26, 14.259999999999991
  2219, 439.4700,  1, -201.06, 3.1200000000000045
  2220, 439.5800,  1, -202.67, 3.2299999999999613
  2224, 440.0000,  1, -200.79, 3.6499999999999773
  2225, 440.1000,  1, -201.51, 3.75
  2233, 440.9300,  1, -200.22, 4.579999999999984
  2235, 441.1500,  1, -201.40, 4.7999999999999545
  2237, 441.3500,  1, -200.81, 5.0
  2257, 443.4300,  1, -201.63, 7.079999999999984
  2276, 445.4100,  1, -199.53, 9.060000000000002
  2286, 446.4600,  1, -210.08, 10.109999999999957
  2313, 460.5600,  1, -204.49, 2.7099999999999795
  2314, 460.6600,  1, -203.46, 2.8100000000000023
  2315, 460.7700,  1, -203.55, 2.919999999999959
  2325, 461.8100,  1, -200.80, 3.9599999999999795
  2331, 462.4300,  1, -200.32, 4.579999999999984
  2374, 466.9100,  1, -193.76, 9.060000000000002
  2384, 467.9600,  1, -197.88, 10.109999999999957
  2434, 473.1600,  1, -213.14, 15.310000000000002
  2436, 473.3700,  1, -208.70, 15.519999999999982
  2444, 474.2100,  1, -225.95, 16.359999999999957
  2473, 488.7500,  1, -203.51, 2.920000000000016
  2477, 489.1600,  1, -203.41, 3.330000000000041
  2480, 489.4700,  1, -202.78, 3.640000000000043
  2481, 489.5800,  1, -203.73, 3.75
  2484, 489.9000,  1, -201.57, 4.069999999999993
  2490, 490.5200,  1, -200.15, 4.689999999999998
  2493, 490.8300,  1, -198.59, 5.0
  2503, 491.8700,  1, -196.54, 6.0400000000000205
  2503, 491.8700,  1, -200.61, 6.0400000000000205
  2532, 494.9000,  1, -202.20, 9.069999999999993
  2568, 509.9600,  1, -204.23, 3.6499999999999773
  2568, 509.9600,  1, -203.21, 3.6499999999999773
  2570, 510.1600,  1, -202.11, 3.8500000000000227
  2571, 510.2700,  1, -204.20, 3.9599999999999795
  2574, 510.5800,  1, -200.05, 4.269999999999982
  2578, 511.0000,  1, -198.91, 4.689999999999998
  2591, 512.3400,  1, -198.88, 6.03000000000003
  2611, 514.4000,  1, -199.13, 8.089999999999975
  2617, 515.0100,  3, 211.31, 8.640000000000043
  2671, 520.5700,  1, -215.40, 14.260000000000048
  2702, 535.3200,  1, -202.48, 2.980000000000018
  2706, 535.7300,  1, -203.48, 3.3899999999999864
  2709, 536.0500,  1, -201.27, 3.7099999999999227
  2711, 536.2500,  1, -200.73, 3.909999999999968
  2717, 536.8600,  1, -202.41, 4.519999999999982
  2731, 538.3100,  1, -197.09, 5.969999999999914
  2756, 540.8800,  3, 212.76, 8.480000000000018
  2800, 545.4100,  1, -199.27, 13.069999999999936
  2804, 545.8200,  1, -194.83, 13.480000000000018
  2811, 546.5500,  1, -213.22, 14.209999999999923
  2848, 561.5300,  1, -201.53, 3.7099999999999227
  2878, 564.6100,  1, -208.68, 6.789999999999964
  2900, 566.8800,  1, -207.08, 9.059999999999945
  2900, 566.8800,  1, -197.71, 9.059999999999945
  2903, 567.1900,  1, -195.14, 9.370000000000005
  2912, 568.1100,  3, 204.52, 10.279999999999973
  2930, 569.9600,  1, -209.53, 12.139999999999986
  2950, 572.0300,  1, -219.96, 14.209999999999923
  2955, 572.5500,  1, -226.18, 14.729999999999905
  2958, 572.8500,  1, -218.28, 15.029999999999973
  2987, 587.1100,  1, -203.60, 2.769999999999982
  2987, 587.1100,  1, -203.39, 2.769999999999982
  2989, 587.3200,  1, -202.92, 2.980000000000018
  2989, 587.3200,  1, -204.85, 2.980000000000018
  2989, 587.3200,  1, -203.93, 2.980000000000018
  2993, 587.7300,  1, -201.64, 3.3899999999999864
  3007, 589.1800,  1, -197.31, 4.839999999999918
  3013, 589.8000,  1, -198.60, 5.459999999999923
  3092, 597.9300,  1, -206.42, 13.589999999999918
  3098, 598.5500,  1, -223.14, 14.209999999999923
  3126, 612.6000,  1, -205.73, 2.7799999999999727
  3135, 613.5300,  1, -203.60, 3.7099999999999227
  3138, 613.8300,  1, -202.05, 4.009999999999991
  3143, 614.3500,  1, -203.15, 4.529999999999973
  3146, 614.6600,  1, -201.97, 4.839999999999918
  3157, 615.8000,  1, -200.57, 5.9799999999999045
  3178, 617.9500,  1, -204.63, 8.129999999999995
  3188, 618.9800,  3, 212.53, 9.079999999999927
  3246, 624.9500,  1, -211.95, 15.129999999999995
  3347, 635.3500,  1, -220.23, 25.529999999999973
  3375, 649.5100,  1, -203.91, 2.67999999999995
  3376, 649.6100,  1, -205.04, 2.7799999999999727
  3383, 650.3300,  1, -203.69, 3.5
  3397, 651.7800,  1, -199.50, 4.949999999999932
  3456, 657.8500,  1, -194.56, 11.019999999999982
  3467, 658.9800,  1, -229.59, 12.149999999999977
  3467, 658.9800,  1, -205.97, 12.149999999999977
  3467, 658.9800,  1, -227.06, 12.149999999999977
  3532, 665.6800,  1, -217.57, 18.84999999999991
  3607, 673.4000,  1, -247.98, 26.569999999999936
  3640, 688.1900,  1, -204.47, 3.2900000000000773
  3644, 688.6000,  1, -203.29, 3.7000000000000455
  3664, 690.6600,  1, -198.97, 5.759999999999991
  3666, 690.8600,  1, -199.05, 5.960000000000036
  3667, 690.9600,  1, -196.75, 6.060000000000059
  3676, 691.9000,  1, -194.58, 7.0
  3717, 696.1100,  1, -228.58, 11.210000000000036
  3725, 696.9400,  1, -211.64, 12.040000000000077
  3766, 701.1600,  1, -217.58, 16.25999999999999
  3794, 704.0500,  1, -234.55, 19.149999999999977
  3831, 718.9500,  1, -201.30, 3.6000000000000227
  3836, 719.4600,  1, -199.85, 4.110000000000014
  3850, 720.9100,  1, -201.31, 5.559999999999945
  3863, 722.2500,  1, -199.68, 6.899999999999977
  3874, 723.3800,  1, -200.79, 8.029999999999973
  3874, 723.3800,  1, -196.53, 8.029999999999973
  3906, 726.6800,  1, -206.09, 11.329999999999927
  3944, 730.5800,  1, -210.49, 15.230000000000018
  3944, 730.5800,  1, -223.05, 15.230000000000018
  3961, 732.3300,  1, -235.46, 16.980000000000018
  4008, 748.5600,  1, -202.66, 4.739999999999895
  4008, 748.5600,  1, -216.46, 4.739999999999895
  4009, 748.6600,  1, -210.02, 4.839999999999918
  4010, 748.7600,  1, -211.30, 4.939999999999941
  4018, 749.5800,  1, -203.73, 5.759999999999991
  4020, 749.8000,  1, -198.77, 5.9799999999999045
  4080, 755.9600,  1, -210.62, 12.139999999999986
  4085, 756.4800,  1, -199.03, 12.659999999999968
  4090, 757.0000,  1, -192.26, 13.17999999999995
  4120, 760.0800,  1, -216.85, 16.25999999999999
  4149, 774.2500,  1, -205.14, 2.8899999999999864
  4154, 774.7600,  1, -204.66, 3.3999999999999773
  4159, 775.2800,  1, -202.31, 3.919999999999959
  4159, 775.2800,  1, -204.74, 3.919999999999959
  4159, 775.2800,  1, -201.22, 3.919999999999959
  4179, 777.3300,  1, -198.66, 5.970000000000027
  4179, 777.3300,  1, -198.97, 5.970000000000027
  4183, 777.7500,  1, -197.84, 6.389999999999986
  4189, 778.3600,  1, -195.55, 7.0
  4199, 779.4000,  1, -198.49, 8.039999999999964
  4227, 793.6600,  1, -203.73, 2.7799999999999727
  4229, 793.8600,  1, -202.86, 2.980000000000018
  4231, 794.0700,  1, -202.82, 3.1900000000000546
  4235, 794.4800,  1, -203.56, 3.6000000000000227
  4238, 794.8000,  1, -199.75, 3.919999999999959
  4256, 796.6500,  1, -200.17, 5.769999999999982
  4268, 797.8800,  1, -198.42, 7.0
  4269, 797.9800,  1, -198.61, 7.100000000000023
  4332, 804.4600,  1, -198.02, 13.580000000000041
  4338, 805.0800,  1, -206.24, 14.200000000000045
  4386, 821.1800,  1, -200.33, 4.839999999999918
  4397, 822.3100,  1, -198.31, 5.969999999999914
  4397, 822.3100,  1, -201.26, 5.969999999999914
  4407, 823.3300,  1, -199.45, 6.990000000000009
  4407, 823.3300,  1, -195.98, 6.990000000000009
  4418, 824.4600,  1, -201.41, 8.120000000000005
  4445, 827.2500,  1, -204.12, 10.909999999999968
  4447, 827.4500,  1, -203.02, 11.110000000000014
  4457, 828.4800,  1, -202.90, 12.139999999999986
  4457, 828.4800,  1, -215.16, 12.139999999999986
  4495, 843.7000,  1, -208.70, 3.800000000000068
  4496, 843.8100,  1, -203.06, 3.909999999999968
  4513, 845.5600,  1, -199.19, 5.659999999999968
  4513, 845.5600,  1, -206.21, 5.659999999999968
  4517, 845.9600,  1, -198.05, 6.060000000000059
  4526, 846.9000,  1, -201.05, 7.0
  4536, 847.9300,  1, -198.22, 8.029999999999973
  4596, 854.1000,  1, -206.70, 14.200000000000045
  4626, 857.1900,  1, -219.76, 17.290000000000077
  4656, 860.2800,  1, -215.23, 20.379999999999995
  4684, 874.5100,  1, -205.20, 2.669999999999959
  4687, 874.8200,  1, -206.52, 2.980000000000018
  4692, 875.3300,  1, -202.94, 3.490000000000009
  4702, 876.3600,  1, -200.22, 4.519999999999982
  4704, 876.5700,  1, -200.77, 4.730000000000018
  4713, 877.5000,  1, -196.97, 5.659999999999968
  4723, 878.5300,  1, -196.45, 6.689999999999941
  4727, 878.9400,  1, -198.61, 7.100000000000023
  4805, 886.9600,  1, -218.66, 15.120000000000005
  4806, 887.0700,  1, -212.31, 15.230000000000018
  4835, 901.6300,  1, -204.74, 2.7799999999999727
  4842, 902.3500,  1, -203.57, 3.5
  4858, 904.0000,  1, -201.01, 5.149999999999977
  4870, 905.2300,  1, -199.63, 6.3799999999999955
  4877, 905.9500,  1, -196.75, 7.100000000000023
  4923, 910.6900,  1, -211.55, 11.840000000000032
  4934, 911.8200,  1, -200.04, 12.970000000000027
  4936, 912.0300,  1, -200.68, 13.17999999999995
  4936, 912.0300,  1, -200.15, 13.17999999999995
  5006, 919.2300,  1, -221.99, 20.379999999999995
  5033, 933.5100,  1, -203.79, 2.669999999999959
  5035, 933.7100,  1, -202.52, 2.8700000000000045
  5035, 933.7100,  1, -204.81, 2.8700000000000045
  5036, 933.8200,  1, -202.96, 2.980000000000018
  5036, 933.8200,  1, -202.12, 2.980000000000018
  5055, 935.7800,  1, -198.49, 4.939999999999941
  5125, 942.9800,  1, -218.94, 12.139999999999986
  5125, 942.9800,  1, -203.65, 12.139999999999986
  5130, 943.5000,  1, -204.61, 12.659999999999968
  5138, 944.3200,  1, -224.72, 13.480000000000018
  5165, 958.4800,  1, -203.74, 2.6700000000000728
  5176, 959.6100,  1, -203.12, 3.800000000000068
  5177, 959.7100,  1, -202.71, 3.900000000000091
  5179, 959.9300,  1, -200.56, 4.1200000000000045
  5207, 962.8100,  1, -198.78, 7.0
  5207, 962.8100,  1, -195.39, 7.0
  5217, 963.8300,  1, -196.75, 8.020000000000095
  5217, 963.8300,  1, -200.44, 8.020000000000095
  5256, 967.8500,  1, -196.31, 12.040000000000077
  5279, 970.2100,  1, -206.30, 14.400000000000091
  5308, 984.6100,  1, -203.78, 2.769999999999982
  5308, 984.6100,  1, -203.30, 2.769999999999982
  5310, 984.8200,  1, -204.01, 2.980000000000018
  5314, 985.2300,  1, -201.26, 3.3899999999999864
  5324, 986.2600,  1, -204.50, 4.419999999999959
  5326, 986.4600,  1, -201.30, 4.6200000000000045
  5357, 989.6600,  1, -208.49, 7.819999999999936
  5369, 990.9000,  1, -198.69, 9.059999999999945
  5398, 993.8800,  1, -204.29, 12.039999999999964
  5410, 995.1100,  1, -211.69, 13.269999999999982
  5461, 1011.8800,  1, -205.56, 5.039999999999964
  5485, 1014.3500,  1, -235.35, 7.509999999999991
  5495, 1015.3800,  1, -223.46, 8.539999999999964
  5500, 1015.9000,  1, -199.96, 9.059999999999945
  5524, 1018.3600,  1, -212.59, 11.519999999999982
  5529, 1018.8800,  1, -198.74, 12.039999999999964
  5532, 1019.1900,  1, -201.46, 12.350000000000023
  5571, 1023.2000,  1, -328.17, 16.360000000000014
  5603, 1026.6000,  1, -215.19, 19.759999999999877
  5775, 1045.0200,  1, -233.86, 38.17999999999995
  5806, 1059.4100,  1, -201.31, 3.0800000000001546
  5808, 1059.6300,  1, -202.33, 3.300000000000182
  5812, 1060.0600,  1, -201.35, 3.730000000000018
  5812, 1060.0600,  1, -200.98, 3.730000000000018
  5814, 1060.2700,  1, -200.29, 3.9400000000000546
  5815, 1060.3800,  1, -216.72, 4.050000000000182
  5823, 1061.2400,  1, -200.10, 4.910000000000082
  5843, 1063.3800,  1, -199.46, 7.050000000000182
  5884, 1067.7700,  1, -200.96, 11.440000000000055
  5942, 1073.9900,  1, -216.09, 17.660000000000082
  5972, 1088.3800,  1, -202.34, 3.0
  5979, 1089.1300,  1, -203.03, 3.75
  5980, 1089.2400,  1, -200.03, 3.8599999999999
  5981, 1089.3500,  1, -200.90, 3.9699999999998
  5986, 1089.8800,  1, -201.06, 4.5
  5988, 1090.1000,  1, -200.26, 4.7199999999998
  5989, 1090.2000,  1, -198.07, 4.819999999999936
  5991, 1090.4100,  1, -197.30, 5.029999999999973
  6029, 1094.4900,  1, -201.78, 9.1099999999999
  6077, 1099.6300,  1, -209.84, 14.25
  6107, 1113.9500,  1, -218.40, 3.1000000000001364
  6112, 1114.4900,  1, -202.09, 3.6400000000001
  6115, 1114.8100,  1, -201.72, 3.9600000000000364
  6122, 1115.5600,  1, -199.57, 4.710000000000036
  6134, 1116.8500,  1, -213.24, 6.0
  6142, 1117.7000,  1, -249.16, 6.850000000000136
  6153, 1118.8800,  1, -196.61, 8.0300000000002
  6162, 1119.8500,  1, -214.17, 9.0
  6220, 1126.0600,  1, -326.08, 15.210000000000036
  6487, 1154.6600,  1, -253.73, 43.81000000000017
  6516, 1168.7400,  1, -209.00, 2.8900000000001
  6536, 1170.8800,  1, -197.75, 5.0300000000002
  6538, 1171.1000,  1, -201.78, 5.25
  6538, 1171.1000,  1, -198.70, 5.25
  6539, 1171.2000,  1, -200.65, 5.350000000000136
  6539, 1171.2000,  1, -201.13, 5.350000000000136
  6541, 1171.4100,  1, -197.60, 5.560000000000173
  6599, 1177.6300,  1, -212.27, 11.7800000000002
  6600, 1177.7400,  1, -188.61, 11.8900000000001
  6605, 1178.2700,  1, -200.48, 12.420000000000073
  6634, 1192.7000,  1, -202.37, 2.8900000000001
  6635, 1192.8100,  1, -204.01, 3.0
  6639, 1193.2400,  1, -201.48, 3.4300000000000637
  6639, 1193.2400,  1, -202.59, 3.4300000000000637
  6642, 1193.5600,  1, -200.46, 3.75
  6649, 1194.3100,  1, -199.51, 4.5
  6652, 1194.6300,  1, -197.73, 4.820000000000164
  6653, 1194.7400,  1, -198.41, 4.930000000000064
  6673, 1196.8800,  1, -201.10, 7.070000000000164
  6673, 1196.8800,  1, -200.60, 7.070000000000164
  6723, 1213.5600,  1, -216.16, 5.220000000000027
  6723, 1213.5600,  1, -214.92, 5.220000000000027
  6756, 1217.1000,  3, 210.17, 8.740000000000009
  6816, 1223.5200,  1, -218.32, 15.180000000000064
  6826, 1224.6000,  1, -230.27, 16.25999999999999
  6836, 1225.6600,  1, -218.77, 17.320000000000164
  6836, 1225.6600,  1, -222.21, 17.320000000000164
  6845, 1226.6300,  1, -234.81, 18.29000000000019
  6955, 1238.4100,  1, -261.64, 30.070000000000164
  6961, 1239.0600,  1, -263.88, 30.720000000000027
  6988, 1253.0200,  1, -203.74, 2.660000000000082
  6990, 1253.2400,  1, -203.26, 2.880000000000109
  6990, 1253.2400,  1, -202.90, 2.880000000000109
  6992, 1253.4500,  1, -202.73, 3.0900000000001455
  6995, 1253.7700,  1, -202.27, 3.410000000000082
  6996, 1253.8800,  1, -201.66, 3.520000000000209
  7010, 1255.3800,  1, -201.22, 5.020000000000209
  7010, 1255.3800,  1, -198.66, 5.020000000000209
  7074, 1262.2400,  1, -201.22, 11.88000000000011
  7096, 1264.6000,  1, -215.70, 14.240000000000009
  7127, 1279.0200,  1, -201.58, 3.2100000000000364
  7141, 1280.5200,  1, -198.84, 4.710000000000036
  7153, 1281.8100,  1, -199.02, 6.0
  7153, 1281.8100,  1, -196.18, 6.0
  7163, 1282.8800,  1, -194.89, 7.070000000000164
  7176, 1284.2700,  3, 214.35, 8.430000000000064
  7201, 1286.9500,  3, 208.30, 11.059999999999945
  7210, 1287.9100,  1, -209.63, 12.100000000000136
  7230, 1290.0600,  1, -210.71, 14.25
  7245, 1291.6600,  1, -215.53, 15.850000000000136
  7271, 1305.4100,  1, -202.18, 2.560000000000173
  7273, 1305.6300,  1, -202.34, 2.7800000000002
  7282, 1306.6000,  1, -202.14, 3.75
  7294, 1307.8800,  1, -198.11, 5.0300000000002
  7313, 1309.9100,  1, -198.60, 7.060000000000173
  7313, 1309.9100,  1, -195.37, 7.060000000000173
  7317, 1310.3500,  1, -194.52, 7.5
  7353, 1314.2000,  1, -208.37, 11.350000000000136
  7389, 1318.0600,  1, -213.93, 15.210000000000036
  7398, 1319.0200,  1, -218.91, 16.170000000000073
  7426, 1333.1300,  1, -204.72, 2.770000000000209
  7427, 1333.2400,  1, -203.77, 2.880000000000109
  7434, 1333.9900,  1, -203.49, 3.630000000000109
  7435, 1334.1000,  1, -202.37, 3.740000000000009
  7437, 1334.3100,  1, -198.90, 3.9500000000000455
  7437, 1334.3100,  1, -200.37, 3.9500000000000455
  7466, 1337.4100,  1, -195.74, 7.050000000000182
  7466, 1337.4100,  1, -196.85, 7.050000000000182
  7518, 1342.9900,  1, -199.17, 12.63000000000011
  7600, 1351.7700,  1, -226.59, 21.410000000000082
  7636, 1366.6000,  1, -204.17, 3.740000000000009
  7638, 1366.8100,  1, -202.83, 3.9500000000000455
  7666, 1369.8100,  1, -203.92, 6.9500000000000455
  7686, 1371.9500,  3, 206.19, 9.070000000000164
  7719, 1375.4900,  1, -203.40, 12.63000000000011
  7722, 1375.8100,  1, -200.32, 12.950000000000045
  7724, 1376.0200,  1, -213.21, 13.160000000000082
  7733, 1376.9900,  1, -205.11, 14.13000000000011
  7735, 1377.2000,  1, -207.43, 14.340000000000146
  7841, 1388.5600,  1, -226.54, 25.700000000000045
  7874, 1403.1600,  1, -201.25, 3.290000000000191
  7875, 1403.2700,  1, -203.14, 3.400000000000091
  7890, 1404.8800,  1, -198.63, 5.010000000000218
  7892, 1405.1000,  1, -197.71, 5.230000000000018
  7909, 1406.9100,  1, -199.13, 7.040000000000191
  7919, 1407.9900,  1, -202.19, 8.120000000000118
  7919, 1407.9900,  1, -200.89, 8.120000000000118
  7973, 1413.7700,  1, -210.55, 13.900000000000091
  7976, 1414.1000,  1, -204.54, 14.230000000000018
  8010, 1417.7400,  1, -214.63, 17.87000000000012
  8038, 1432.1000,  1, -207.02, 2.7799999999999727
  8039, 1432.2000,  1, -203.94, 2.880000000000109
  8048, 1433.1600,  1, -203.43, 3.8400000000001455
  8052, 1433.6000,  1, -198.50, 4.279999999999973
  8096, 1438.3100,  3, 209.21, 8.8900000000001
  8097, 1438.4100,  1, -198.57, 9.090000000000146
  8100, 1438.7400,  3, 206.96, 9.330000000000155
  8115, 1440.3500,  1, -194.14, 11.029999999999973
  8135, 1442.4900,  1, -213.70, 13.170000000000073
  8206, 1450.1000,  1, -222.68, 20.779999999999973
  8244, 1465.6600,  1, -201.79, 3.8400000000001455
  8250, 1466.3100,  1, -201.87, 4.490000000000009
  8252, 1466.5200,  1, -199.01, 4.7000000000000455
  8264, 1467.8100,  1, -202.27, 5.990000000000009
  8264, 1467.8100,  1, -200.40, 5.990000000000009
  8274, 1468.8800,  1, -199.56, 7.060000000000173
  8293, 1470.9100,  1, -201.89, 9.090000000000146
  8331, 1474.9900,  1, -200.20, 13.170000000000073
  8337, 1475.6300,  1, -203.82, 13.810000000000173
  8344, 1476.3800,  1, -210.25, 14.560000000000173
  8374, 1490.8800,  1, -205.50, 2.980000000000018
  8380, 1491.5200,  1, -201.95, 3.619999999999891
  8381, 1491.6300,  1, -202.80, 3.730000000000018
  8397, 1493.3500,  1, -199.67, 5.449999999999818
  8452, 1499.2400,  1, -197.04, 11.339999999999918
  8457, 1499.7700,  1, -201.50, 11.86999999999989
  8466, 1500.7400,  1, -215.30, 12.839999999999918
  8488, 1503.1000,  1, -203.05, 15.199999999999818
  8530, 1507.6000,  1, -216.08, 19.699999999999818
  8634, 1518.7400,  1, -225.94, 30.839999999999918
  8672, 1533.8100,  1, -207.04, 3.9600000000000364
  8673, 1533.9100,  1, -212.79, 4.060000000000173
  8701, 1536.9100,  1, -221.84, 7.060000000000173
  8727, 1539.7000,  3, 208.33, 9.769999999999982
  8730, 1540.0200,  1, -200.16, 10.170000000000073
  8734, 1540.4500,  3, 212.93, 10.5
  8825, 1550.2000,  3, 171.46, 20.2800000000002
  8845, 1552.3500,  1, -266.17, 22.5
  8870, 1555.0200,  1, -262.44, 25.170000000000073
  8872, 1555.2400,  1, -266.61, 25.3900000000001
  8901, 1569.7000,  1, -203.14, 2.8700000000001182
  8905, 1570.1300,  1, -203.31, 3.300000000000182
  8905, 1570.1300,  1, -203.66, 3.300000000000182
  8909, 1570.5600,  1, -198.56, 3.730000000000018
  8911, 1570.7700,  1, -200.19, 3.9400000000000546
  8925, 1572.2700,  1, -199.10, 5.440000000000055
  8981, 1578.2700,  1, -197.85, 11.440000000000055
  8988, 1579.0200,  1, -201.89, 12.190000000000055
  8990, 1579.2400,  1, -198.65, 12.410000000000082
  8996, 1579.8800,  1, -201.26, 13.050000000000182
  9023, 1594.4900,  1, -203.63, 2.660000000000082
  9024, 1594.6000,  1, -205.03, 2.769999999999982
  9026, 1594.8100,  1, -204.47, 2.980000000000018
  9026, 1594.8100,  1, -203.35, 2.980000000000018
  9041, 1596.4100,  1, -199.59, 4.580000000000155
  9045, 1596.8500,  1, -199.07, 5.019999999999982
  9048, 1597.1600,  1, -200.39, 5.330000000000155
  9064, 1598.8800,  1, -202.53, 7.050000000000182
  9119, 1604.7700,  1, -198.44, 12.940000000000055
  9153, 1608.4100,  1, -209.93, 16.580000000000155
  9197, 1624.3800,  1, -199.55, 4.580000000000155
  9220, 1626.8500,  1, -199.42, 7.0499999999999545
  9220, 1626.8500,  1, -196.18, 7.0499999999999545
  9220, 1626.8500,  1, -201.00, 7.0499999999999545
  9277, 1632.9500,  1, -198.51, 13.150000000000091
  9281, 1633.3800,  1, -200.75, 13.580000000000155
  9294, 1634.7700,  1, -214.34, 14.970000000000027
  9339, 1639.6000,  1, -227.68, 19.799999999999955
  9373, 1643.2400,  1, -219.70, 23.440000000000055
  9390, 1645.0600,  1, -228.73, 25.25999999999999
  9425, 1659.8800,  1, -214.60, 3.520000000000209
  9445, 1662.0200,  1, -223.91, 5.660000000000082
  9447, 1662.2400,  1, -199.14, 5.880000000000109
  9472, 1664.9100,  3, 212.52, 8.450000000000045
  9505, 1668.4500,  1, -200.09, 12.090000000000146
  9506, 1668.5600,  1, -198.27, 12.200000000000045
  9508, 1668.7700,  1, -196.83, 12.410000000000082
  9515, 1669.5200,  1, -204.13, 13.160000000000082
  9518, 1669.8500,  1, -197.89, 13.490000000000009
  9532, 1671.3500,  1, -210.99, 14.990000000000009
  9571, 1686.8100,  1, -206.41, 3.9600000000000364
  9571, 1686.8100,  1, -203.67, 3.9600000000000364
  9619, 1691.9500,  1, -209.26, 9.100000000000136
  9623, 1692.3800,  3, 207.06, 9.430000000000064
  9641, 1694.3100,  1, -200.01, 11.460000000000036
  9656, 1695.9100,  1, -191.17, 13.060000000000173
  9666, 1696.9900,  1, -228.49, 14.1400000000001
  9702, 1700.8500,  1, -225.71, 18.0
  9719, 1702.6600,  1, -220.57, 19.810000000000173
  9737, 1704.6000,  1, -269.39, 21.75
  9785, 1720.8500,  1, -202.64, 5.009999999999991
  9788, 1721.1600,  1, -202.17, 5.320000000000164
  9823, 1724.9100,  1, -203.16, 9.070000000000164
  9823, 1724.9100,  1, -206.03, 9.070000000000164
  9855, 1728.3500,  1, -199.57, 12.509999999999991
  9857, 1728.5600,  1, -205.01, 12.720000000000027
  9866, 1729.5200,  1, -206.65, 13.680000000000064
  9867, 1729.6300,  1, -203.94, 13.790000000000191
  9877, 1730.7000,  1, -205.27, 14.860000000000127
  9908, 1734.0200,  1, -220.52, 18.180000000000064
  9934, 1747.9100,  1, -205.24, 2.550000000000182
  9938, 1748.3500,  1, -203.11, 2.990000000000009
  9945, 1749.1000,  1, -203.45, 3.740000000000009
  9947, 1749.3100,  1, -199.89, 3.9500000000000455
  9962, 1750.9100,  1, -200.93, 5.550000000000182
  9976, 1752.4100,  1, -197.86, 7.050000000000182
  9991, 1754.0200,  3, 214.49, 8.590000000000146
 10021, 1757.2400,  1, -193.44, 11.88000000000011
 10022, 1757.3500,  1, -202.81, 11.990000000000009
 10023, 1757.4500,  1, -199.06, 12.090000000000146
 10053, 1771.8100,  1, -203.28, 2.980000000000018
 10080, 1774.7000,  1, -201.10, 5.870000000000118
 10081, 1774.8100,  1, -198.67, 5.980000000000018
 10108, 1777.7000,  3, 212.58, 8.789999999999964
 10118, 1778.7700,  3, 211.55, 9.930000000000064
 10119, 1778.8800,  3, 206.44, 9.960000000000036
 10139, 1781.0200,  1, -197.48, 12.190000000000055
 10140, 1781.1300,  1, -200.03, 12.300000000000182
 10142, 1781.3500,  1, -199.74, 12.519999999999982
 10149, 1782.1000,  1, -194.87, 13.269999999999982
 10192, 1798.2400,  1, -203.16, 4.3900000000001
 10195, 1798.5600,  1, -200.46, 4.710000000000036
 10205, 1799.6300,  1, -200.54, 5.7800000000002
 10225, 1801.7700,  1, -201.63, 7.920000000000073
 10236, 1802.9500,  1, -205.92, 9.100000000000136
 10270, 1806.6000,  1, -197.59, 12.75
 10273, 1806.9100,  1, -203.12, 13.060000000000173
 10274, 1807.0200,  1, -196.08, 13.170000000000073
 10277, 1807.3500,  1, -198.89, 13.5
 10369, 1817.2000,  1, -205.45, 23.350000000000136
 10427, 1834.8100,  1, -216.25, 6.0
 10461, 1838.4500,  3, 208.06, 9.539999999999964
 10477, 1840.1600,  1, -193.15, 11.350000000000136
 10485, 1841.0200,  1, -195.82, 12.210000000000036
 10495, 1842.1000,  1, -203.83, 13.289999999999964
 10504, 1843.0600,  1, -204.90, 14.25
 10512, 1843.9100,  1, -204.98, 15.100000000000136
 10517, 1844.4500,  1, -205.28, 15.6400000000001
 10520, 1844.7700,  1, -198.58, 15.960000000000036
 10554, 1848.4100,  1, -216.97, 19.600000000000136
 10586, 1863.0200,  1, -203.09, 3.2100000000000364
 10587, 1863.1300,  1, -203.05, 3.3200000000001637
 10591, 1863.5600,  1, -199.50, 3.75
 10602, 1864.7400,  1, -201.14, 4.930000000000064
 10603, 1864.8500,  1, -199.84, 5.039999999999964
 10608, 1865.3800,  1, -199.47, 5.570000000000164
 10612, 1865.8100,  1, -197.22, 6.0
 10677, 1872.7700,  1, -202.89, 12.960000000000036
 10681, 1873.2000,  1, -197.02, 13.3900000000001
 10689, 1874.0600,  1, -207.30, 14.25
 10729, 1889.5200,  1, -198.59, 4.150000000000091
 10731, 1889.7400,  1, -201.53, 4.370000000000118
 10734, 1890.0600,  1, -201.71, 4.690000000000055
 10734, 1890.0600,  1, -199.01, 4.690000000000055
 10735, 1890.1600,  1, -199.82, 4.790000000000191
 10737, 1890.3800,  1, -198.55, 5.010000000000218
 10745, 1891.2400,  1, -197.64, 5.870000000000118
 10756, 1892.4100,  1, -197.33, 7.040000000000191
 10776, 1894.5600,  3, 211.05, 9.090000000000146
 10813, 1898.5200,  1, -205.26, 13.150000000000091
 10852, 1913.8800,  1, -200.78, 4.050000000000182
 10856, 1914.3100,  1, -199.34, 4.480000000000018
 10861, 1914.8500,  1, -199.93, 5.019999999999982
 10862, 1914.9500,  1, -200.20, 5.120000000000118
 10870, 1915.8100,  1, -201.16, 5.980000000000018
 10895, 1918.4900,  3, 209.64, 8.650000000000091
 10932, 1922.4500,  1, -201.35, 12.620000000000118
 10934, 1922.6600,  1, -199.00, 12.830000000000155
 10938, 1923.1000,  1, -205.81, 13.269999999999982
 10966, 1926.1000,  1, -210.82, 16.269999999999982
 11014, 1942.3800,  1, -199.05, 5.0300000000002
 11033, 1944.4100,  1, -199.01, 7.060000000000173
 11084, 1949.8800,  1, -199.24, 12.5300000000002
 11090, 1950.5200,  1, -201.24, 13.170000000000073
 11090, 1950.5200,  1, -195.98, 13.170000000000073
 11090, 1950.5200,  1, -194.45, 13.170000000000073
 11090, 1950.5200,  1, -196.44, 13.170000000000073
 11155, 1957.4900,  1, -204.39, 20.1400000000001
 11205, 1962.8500,  1, -210.66, 25.5
 11306, 1973.6600,  3, 176.95, 36.22000000000003
 11340, 1988.3500,  1, -201.63, 3.519999999999982
 11342, 1988.5600,  1, -200.26, 3.730000000000018
 11354, 1989.8500,  1, -199.30, 5.019999999999982
 11363, 1990.8100,  1, -196.39, 5.980000000000018
 11387, 1993.3800,  3, 214.93, 8.440000000000055
 11397, 1994.4500,  3, 209.38, 9.580000000000155
 11428, 1997.7700,  1, -202.46, 12.940000000000055
 11428, 1997.7700,  1, -192.73, 12.940000000000055
 11485, 2003.8800,  1, -202.24, 19.050000000000182
 11638, 2020.2700,  1, -230.60, 35.440000000000055
 11668, 2034.8100,  1, -204.00, 2.980000000000018
 11688, 2036.9500,  1, -200.23, 5.120000000000118
 11691, 2037.2700,  1, -199.79, 5.440000000000055
 11706, 2038.8800,  1, -198.21, 7.050000000000182
 11724, 2040.8100,  3, 214.25, 8.950000000000045
 11770, 2045.7400,  1, -196.17, 13.910000000000082
 11773, 2046.0600,  1, -203.55, 14.230000000000018
 11777, 2046.4900,  1, -206.50, 14.660000000000082
 11792, 2048.0900,  1, -213.97, 16.26000000000022
 12107, 2081.8400,  2, -103.32,  50
 12181, 2101.0700,  1, -202.59, 7.720000000000255
 12184, 2101.3900,  1, -202.56, 8.039999999999964
 12189, 2101.9300,  3, 213.94, 8.5
 12221, 2105.3600,  3, 200.07, 11.91000000000031
 12233, 2106.6400,  1, -203.60, 13.289999999999964
 12237, 2107.0700,  1, -203.95, 13.720000000000255
 12257, 2109.2200,  1, -202.22, 15.86999999999989
 12267, 2110.2800,  1, -207.79, 16.93000000000029
 12277, 2111.3600,  1, -193.08, 18.01000000000022
 12334, 2117.4700,  1, -221.93, 24.11999999999989
 12366, 2132.5900,  1, -207.54, 3.2100000000000364
 12367, 2132.7000,  1, -208.93, 3.319999999999709
 12368, 2132.8000,  1, -210.37, 3.4200000000000728
 12368, 2132.8000,  1, -208.79, 3.4200000000000728
 12388, 2134.9500,  1, -211.05, 5.569999999999709
 12446, 2141.1600,  1, -200.38, 11.779999999999745
 12450, 2141.5900,  1, -210.05, 12.210000000000036
 12454, 2142.0100,  1, -199.61, 12.63000000000011
 12457, 2142.3400,  1, -207.63, 12.960000000000036
 12462, 2142.8700,  1, -209.64, 13.489999999999782
 12492, 2157.3600,  1, -206.03, 3.0100000000002183
 12494, 2157.5700,  1, -202.27, 3.2200000000002547
 12503, 2158.5300,  1, -204.04, 4.180000000000291
 12514, 2159.7200,  1, -199.06, 5.369999999999891
 12515, 2159.8200,  1, -199.46, 5.470000000000255
 12520, 2160.3600,  1, -197.16, 6.010000000000218
 12521, 2160.4700,  1, -199.68, 6.119999999999891
 12573, 2166.0300,  1, -195.05, 11.680000000000291
 12577, 2166.4700,  1, -201.60, 12.11999999999989
 12614, 2170.4300,  3, 201.78, 16.059999999999945
 12642, 2184.7500,  1, -202.29, 2.8899999999998727
 12646, 2185.1800,  1, -202.54, 3.319999999999709
 12648, 2185.3900,  1, -201.85, 3.5299999999997453
 12652, 2185.8200,  1, -200.46, 3.9600000000000364
 12704, 2191.3900,  3, 205.63, 9.489999999999782
 12721, 2193.2200,  1, -193.01, 11.359999999999673
 12729, 2194.0700,  1, -199.04, 12.210000000000036
 12738, 2195.0300,  1, -198.83, 13.170000000000073
 12743, 2195.5700,  1, -199.04, 13.710000000000036
 12746, 2195.8900,  1, -202.76, 14.029999999999745
 12781, 2211.3600,  1, -207.81, 3.5399999999999636
 12844, 2218.1100,  3, 207.22, 10.259999999999764
 12845, 2218.2200,  3, 205.96, 10.309999999999945
 12846, 2218.3200,  3, 202.73, 10.460000000000036
 12900, 2224.1100,  1, -206.30, 16.289999999999964
 12908, 2224.9700,  1, -211.30, 17.149999999999636
 12915, 2225.7200,  1, -214.64, 17.899999999999636
 12926, 2226.8900,  1, -207.15, 19.06999999999971
 12946, 2229.0300,  1, -216.56, 21.210000000000036
 13016, 2236.5300,  1, -196.22, 28.710000000000036
 13055, 2252.2800,  1, -202.24, 3.9600000000000364
 13062, 2253.0300,  1, -201.24, 4.710000000000036
 13068, 2253.6800,  1, -200.00, 5.359999999999673
 13069, 2253.7800,  1, -198.14, 5.460000000000036
 13099, 2257.0000,  3, 212.96, 8.579999999999927
 13129, 2260.2200,  1, -202.80, 11.899999999999636
 13145, 2261.9300,  1, -200.44, 13.609999999999673
 13185, 2266.2200,  3, 200.15, 17.879999999999654
 13189, 2266.6400,  1, -202.02, 18.31999999999971
 13191, 2266.8600,  1, -208.63, 18.539999999999964
 13249, 2284.3400,  1, -196.52, 6.010000000000218
 13259, 2285.4100,  1, -199.60, 7.079999999999927
 13272, 2286.8000,  3, 213.52, 8.430000000000291
 13275, 2287.1200,  3, 211.55, 8.710000000000036
 13275, 2287.1200,  3, 210.07, 8.769999999999982
 13303, 2290.1200,  1, -195.42, 11.789999999999964
 13312, 2291.0900,  1, -196.59, 12.760000000000218
 13315, 2291.4100,  1, -199.57, 13.079999999999927
 13321, 2292.0500,  1, -198.63, 13.720000000000255
 13327, 2292.7000,  1, -203.39, 14.36999999999989
 13372, 2308.9500,  1, -201.32, 4.609999999999673
 13385, 2310.3400,  1, -198.94, 6.0
 13417, 2313.7600,  3, 210.41, 9.379999999999654
 13418, 2313.8700,  3, 208.75, 9.489999999999782
 13418, 2313.8700,  3, 207.33, 9.480000000000018
 13445, 2316.7600,  1, -194.48, 12.420000000000073
 13447, 2316.9800,  1, -196.95, 12.639999999999873
 13449, 2317.2000,  1, -201.85, 12.859999999999673
 13461, 2318.4800,  1, -206.52, 14.139999999999873
 13471, 2319.5500,  1, -197.12, 15.210000000000036
 13563, 2340.5000,  3, 211.00, 9.61999999999989
 13564, 2340.6100,  3, 210.40, 9.730000000000018
 13571, 2341.3600,  3, 204.20, 10.430000000000291
 13578, 2342.1100,  3, 202.29, 11.200000000000273
 13588, 2343.1800,  1, -205.23, 12.329999999999927
 13590, 2343.3900,  1, -199.71, 12.539999999999964
 13591, 2343.5000,  3, 203.93, 12.570000000000164
 13719, 2357.2200,  1, -215.56, 26.36999999999989
 13740, 2359.4700,  1, -212.15, 28.61999999999989
 13868, 2373.1800,  1, -236.60, 42.32999999999993
 13907, 2388.8200,  1, -201.53, 3.9700000000002547
 13911, 2389.2500,  1, -201.88, 4.400000000000091
 13912, 2389.3600,  1, -200.74, 4.510000000000218
 13915, 2389.6800,  1, -203.95, 4.829999999999927
 13916, 2389.7800,  1, -205.58, 4.930000000000291
 13934, 2391.7200,  1, -201.36, 6.869999999999891
 13945, 2392.8900,  1, -201.92, 8.039999999999964
 13961, 2394.6100,  3, 209.83, 9.680000000000291
 14022, 2401.1400,  1, -216.45, 16.289999999999964
 14063, 2405.5300,  1, -225.33, 20.68000000000029
 14147, 2425.7200,  3, 207.94, 8.879999999999654
 14151, 2426.1400,  3, 208.20, 9.309999999999945
 14160, 2427.1100,  3, 204.19, 10.210000000000036
 14161, 2427.2200,  3, 207.18, 10.359999999999673
 14165, 2427.6400,  3, 205.58, 10.739999999999782
 14178, 2429.0300,  1, -199.85, 12.210000000000036
 14194, 2430.7500,  1, -200.71, 13.929999999999836
 14233, 2434.9300,  1, -207.42, 18.109999999999673
 14278, 2439.7500,  1, -208.50, 22.929999999999836
 14318, 2444.0300,  1, -213.84, 27.210000000000036
 14409, 2464.8700,  3, 210.01, 9.509999999999764
 14411, 2465.0900,  3, 208.40, 9.639999999999873
 14413, 2465.3000,  3, 209.75, 9.920000000000073
 14416, 2465.6200,  3, 208.29, 10.199999999999818
 14419, 2465.9500,  3, 203.89, 10.569999999999709
 14447, 2468.9500,  1, -200.65, 13.609999999999673
 14448, 2469.0500,  1, -199.71, 13.710000000000036
 14493, 2473.8700,  1, -204.04, 18.529999999999745
 14560, 2481.0500,  3, 188.14, 25.659999999999854
 14594, 2484.7000,  1, -224.14, 29.359999999999673
 14692, 2506.6200,  3, 209.69, 10.199999999999818
 14720, 2509.6200,  3, 196.91, 13.179999999999836
 14726, 2510.2600,  1, -211.31, 13.920000000000073
 14746, 2512.4100,  1, -211.70, 16.06999999999971
 14748, 2512.6200,  1, -206.87, 16.279999999999745
 14757, 2513.5900,  1, -213.42, 17.25
 14761, 2514.0100,  1, -219.71, 17.670000000000073
 14784, 2516.4800,  1, -223.32, 20.139999999999873
 14834, 2521.8400,  1, -223.76, 25.5
 14940, 2533.2000,  1, -241.68, 36.85999999999967
 15020, 2553.3000,  3, 212.12, 8.450000000000273
 15024, 2553.7300,  3, 213.96, 8.829999999999927
 15038, 2555.2300,  3, 202.08, 10.36999999999989
 15043, 2555.7600,  3, 203.78, 10.889999999999873
 15054, 2556.9500,  3, 201.27, 12.019999999999982
 15169, 2569.2600,  3, 203.87, 24.38000000000011
 15170, 2569.3700,  1, -201.36, 24.539999999999964
 15177, 2570.1200,  1, -211.37, 25.289999999999964
 15244, 2577.3000,  1, -213.54, 32.470000000000255
 15292, 2582.4500,  1, -235.31, 37.61999999999989
 15337, 2598.4500,  1, -201.25, 4.619999999999891
 15369, 2601.8700,  1, -203.72, 8.039999999999964
 15370, 2601.9800,  1, -204.65, 8.150000000000091
 15396, 2604.7600,  3, 203.51, 10.840000000000146
 15424, 2607.7600,  1, -206.57, 13.930000000000291
 15425, 2607.8700,  1, -207.64, 14.039999999999964
 15426, 2607.9800,  1, -205.58, 14.150000000000091
 15428, 2608.2000,  1, -209.30, 14.36999999999989
 15431, 2608.5100,  1, -206.40, 14.680000000000291
 15643, 2631.2300,  3, 179.98, 37.38000000000011
 15724, 2651.4300,  3, 211.49, 8.480000000000018
 15726, 2651.6400,  3, 212.91, 8.730000000000018
 15727, 2651.7500,  3, 210.18, 8.859999999999673
 15728, 2651.8600,  3, 213.81, 8.949999999999818
 15735, 2652.6100,  3, 209.00, 9.639999999999873
 15735, 2652.6100,  3, 210.88, 9.699999999999818
 15737, 2652.8200,  3, 207.92, 9.889999999999873
 15737, 2652.8200,  3, 207.09, 9.879999999999654
 15752, 2654.4300,  1, -202.17, 11.569999999999709
 15853, 2665.2500,  1, -203.44, 22.389999999999873
 15935, 2685.5000,  3, 213.69, 8.670000000000073
 15935, 2685.5000,  3, 214.01, 8.590000000000146
 15936, 2685.6100,  3, 213.85, 8.769999999999982
 15936, 2685.6100,  3, 212.67, 8.720000000000255
 15937, 2685.7200,  3, 212.68, 8.849999999999909
 15941, 2686.1400,  3, 211.36, 9.300000000000182
 15945, 2686.5700,  3, 208.76, 9.690000000000055
 15945, 2686.5700,  3, 212.38, 9.75
 15956, 2687.7500,  3, 204.58, 10.849999999999909
 15996, 2692.0300,  1, -207.01, 15.220000000000255
 16029, 2706.7800,  1, -201.30, 3.4200000000000728
 16034, 2707.3200,  1, -200.04, 3.9600000000000364
 16034, 2707.3200,  1, -202.13, 3.9600000000000364
 16035, 2707.4300,  1, -203.88, 4.069999999999709
 16053, 2709.3600,  1, -198.58, 6.0
 16084, 2712.6800,  3, 209.48, 9.2199999999998
 16085, 2712.7800,  3, 208.96, 9.349999999999909
 16118, 2716.3200,  1, -203.75, 12.960000000000036
 16133, 2717.9300,  1, -204.41, 14.569999999999709
 16149, 2719.6400,  1, -210.65, 16.279999999999745
 16235, 2740.3700,  3, 207.31, 8.949999999999818
 16237, 2740.5900,  3, 212.76, 9.179999999999836
 16240, 2740.9100,  3, 210.69, 9.4699999999998
 16243, 2741.2300,  3, 210.50, 9.809999999999945
 16249, 2741.8700,  3, 207.26, 10.409999999999854
 16260, 2743.0500,  1, -189.51, 11.670000000000073
 16451, 2763.5100,  3, 189.73, 32.029999999999745
 16550, 2774.1200,  1, -227.69, 42.73999999999978
 16592, 2778.6200,  1, -232.15, 47.23999999999978
 16618, 2781.4100,  2, -40.14,  50
 16725, 2804.0900,  3, 202.58, 11.239999999999782
 16727, 2804.3000,  3, 202.31, 11.399999999999636
 16727, 2804.3000,  3, 201.74, 11.379999999999654
 16729, 2804.5100,  3, 201.73, 11.58999999999969
 16758, 2807.6200,  1, -205.59, 14.779999999999745
 16762, 2808.0500,  1, -207.48, 15.210000000000036
 16800, 2812.1200,  1, -202.12, 19.279999999999745
 16864, 2818.9800,  3, 182.12, 26.049999999999727
 16914, 2824.3400,  1, -220.15, 31.5
 16973, 2830.6600,  1, -229.53, 37.81999999999971
 17059, 2850.8200,  3, 213.17, 8.929999999999836
 17063, 2851.2500,  3, 208.16, 9.33999999999969
 17067, 2851.6800,  3, 209.95, 9.809999999999945
 17094, 2854.5700,  1, -197.64, 12.75
 17098, 2855.0000,  1, -195.21, 13.179999999999836
 17109, 2856.1800,  1, -199.56, 14.359999999999673
 17118, 2857.1400,  1, -203.97, 15.319999999999709
 17122, 2857.5700,  1, -207.13, 15.75
 17139, 2859.3900,  1, -204.91, 17.56999999999971
 17305, 2877.1800,  3, 180.87, 35.279999999999745
 17394, 2897.7600,  3, 210.26, 9.400000000000091
 17405, 2898.9500,  3, 206.06, 10.510000000000218
 17426, 2901.2000,  1, -196.07, 12.86999999999989
 17435, 2902.1600,  1, -196.63, 13.829999999999927
 17439, 2902.5900,  1, -196.75, 14.260000000000218
 17451, 2903.8700,  1, -200.74, 15.539999999999964
 17452, 2903.9800,  1, -198.36, 15.650000000000091
 17491, 2908.1600,  1, -212.69, 19.829999999999927
 17526, 2911.9100,  1, -215.78, 23.579999999999927
 17547, 2914.1600,  1, -208.98, 25.829999999999927
 17631, 2934.6600,  3, 211.96, 8.710000000000036
 17631, 2934.6600,  3, 213.08, 8.740000000000236
 17635, 2935.0900,  3, 209.83, 9.190000000000055
 17636, 2935.2000,  3, 212.47, 9.2800000000002
 17639, 2935.5100,  3, 212.13, 9.550000000000182
 17640, 2935.6200,  3, 213.32, 9.670000000000073
 17640, 2935.6200,  3, 208.12, 9.730000000000018
 17667, 2938.5100,  1, -198.57, 12.640000000000327
 17675, 2939.3700,  1, -199.92, 13.5
 17751, 2947.5100,  3, 192.36, 21.550000000000182
 17836, 2967.8600,  3, 213.97, 8.920000000000073
 17840, 2968.2800,  3, 207.74, 9.329999999999927
 17842, 2968.5000,  3, 206.40, 9.639999999999873
 17844, 2968.7200,  3, 204.94, 9.809999999999945
 17848, 2969.1400,  3, 203.20, 10.2800000000002
 17849, 2969.2500,  3, 204.35, 10.320000000000164
 17850, 2969.3600,  3, 203.82, 10.460000000000036
 17856, 2970.0000,  1, -194.14, 11.150000000000091
 17867, 2971.1800,  1, -203.34, 12.329999999999927
 17879, 2972.4700,  1, -203.14, 13.61999999999989
 17963, 2992.7200,  3, 213.21, 8.86999999999989
 17964, 2992.8200,  3, 211.32, 8.970000000000255
 17971, 2993.5700,  3, 209.91, 9.75
 17971, 2993.5700,  3, 209.41, 9.679999999999836
 17993, 2995.9300,  1, -196.55, 12.11999999999989
 17997, 2996.3600,  1, -197.65, 12.550000000000182
 17999, 2996.5700,  1, -197.27, 12.760000000000218
 18001, 2996.7800,  1, -198.97, 12.970000000000255
 18002, 2996.8900,  1, -195.72, 13.079999999999927
 18046, 3001.6100,  1, -204.85, 17.800000000000182
 18136, 3022.7600,  3, 210.12, 9.349999999999909
 18136, 3022.7600,  3, 211.45, 9.340000000000146
 18141, 3023.3000,  3, 207.03, 9.950000000000273
 18156, 3024.9100,  1, -200.90, 11.579999999999927
 18161, 3025.4500,  1, -194.43, 12.11999999999989
 18162, 3025.5500,  1, -193.02, 12.220000000000255
 18167, 3026.0900,  1, -196.57, 12.760000000000218
 18175, 3026.9500,  1, -199.83, 13.61999999999989
 18445, 3055.8700,  1, -229.19, 42.539999999999964
 18463, 3057.8000,  1, -241.60, 44.470000000000255
 18545, 3077.9300,  3, 211.65, 8.519999999999982
 18545, 3077.9300,  3, 211.62, 8.529999999999745
 18547, 3078.1400,  3, 209.03, 8.75
 18552, 3078.6800,  3, 210.72, 9.299999999999727
 18553, 3078.7800,  3, 205.27, 9.319999999999709
 18570, 3080.6100,  1, -201.40, 11.25
 18574, 3081.0300,  1, -194.46, 11.670000000000073
 18634, 3087.4700,  1, -201.21, 18.109999999999673
 18906, 3116.6100,  3, 174.07, 47.2199999999998
 18932, 3119.3900,  2, -29.02,  50
 19023, 3140.3900,  3, 209.45, 9.4699999999998
 19024, 3140.5000,  3, 208.06, 9.559999999999945
 19031, 3141.2500,  3, 206.82, 10.319999999999709
 19085, 3147.0300,  1, -205.86, 16.170000000000073
 19149, 3153.8900,  1, -216.43, 23.029999999999745
 19168, 3155.9300,  3, 194.02, 24.9699999999998
 19187, 3157.9700,  3, 196.46, 27.049999999999727
 19230, 3162.5700,  1, -220.85, 31.710000000000036
 19263, 3166.1100,  1, -207.19, 35.25
 19274, 3167.2800,  3, 177.97, 36.34999999999991
 19364, 3188.3700,  3, 211.10, 9.440000000000055
 19364, 3188.3700,  3, 209.67, 9.5
 19367, 3188.7000,  3, 208.68, 9.829999999999927
 19373, 3189.3400,  3, 207.14, 10.489999999999782
 19395, 3191.7000,  1, -194.17, 12.859999999999673
 19398, 3192.0100,  1, -200.59, 13.170000000000073
 19400, 3192.2300,  1, -202.52, 13.389999999999873
 19410, 3193.3000,  1, -200.10, 14.460000000000036
 19417, 3194.0500,  1, -201.36, 15.210000000000036
 19510, 3204.0100,  3, 185.48, 25.149999999999636
 19594, 3224.2300,  3, 208.80, 8.799999999999727
 19607, 3225.6200,  3, 209.51, 10.170000000000073
 19616, 3226.5900,  1, -198.94, 11.25
 19622, 3227.2300,  1, -192.44, 11.889999999999873
 19625, 3227.5500,  1, -202.89, 12.210000000000036
 19649, 3230.1200,  1, -207.14, 14.779999999999745
 19653, 3230.5500,  1, -198.38, 15.210000000000036
 19662, 3231.5100,  1, -200.85, 16.170000000000073
 19735, 3239.3400,  3, 188.48, 23.98999999999978
 19978, 3265.3700,  2, -61.72,  50
