    43, 29.8050,  1, -230.27, 4.5
    52, 30.7250,  1, -236.77, 5.420000000000002
    58, 31.3400,  1, -232.86, 6.035
    62, 31.7500,  1, -231.07, 6.445
    66, 32.1550,  1, -234.44, 6.850000000000001
    76, 33.1700,  1, -253.60, 7.865000000000002
    81, 33.6800,  1, -250.79, 8.375
    98, 35.4050,  1, -259.02, 10.100000000000001
   257, 51.6000,  1, -309.66, 26.295
   361, 62.1650,  1, -339.78, 36.86
   463, 87.7900,  1, -207.33, 10.400000000000006
   471, 88.6150,  1, -212.88, 11.224999999999994
   487, 90.2600,  1, -207.34, 12.870000000000005
   530, 94.6850,  1, -235.26, 17.295
   530, 94.6850,  1, -234.86, 17.295
   541, 95.8200,  1, -258.67, 18.429999999999993
   549, 96.6450,  1, -247.48, 19.254999999999995
   550, 96.7450,  1, -247.94, 19.355000000000004
   582, 100.0400,  3, 176.70, 22.549999999999997
   595, 101.3800,  3, 160.83, 23.944999999999993
   660, 122.9800,  1, -199.98, 6.585000000000008
   668, 123.8050,  1, -200.58, 7.410000000000011
   684, 125.4500,  1, -205.83, 9.055000000000007
   701, 127.2000,  1, -203.24, 10.805000000000007
   718, 128.9550,  1, -224.73, 12.560000000000016
   723, 129.4800,  1, -230.55, 13.084999999999994
   775, 134.8950,  3, 175.88, 18.415000000000006
   783, 135.7300,  3, 176.71, 19.239999999999995
   785, 135.9350,  3, 184.08, 19.510000000000005
   813, 138.8550,  3, 156.44, 22.415000000000006
   931, 166.4550,  1, -211.03, 12.185000000000002
   938, 167.1850,  3, 221.30, 12.884999999999991
   943, 167.7050,  3, 222.33, 13.375
   957, 169.1650,  3, 210.12, 14.889999999999986
   959, 169.3750,  3, 213.43, 15.024999999999977
   972, 170.7300,  3, 201.85, 16.414999999999992
   975, 171.0400,  3, 199.71, 16.669999999999987
   980, 171.5600,  3, 206.76, 17.269999999999982
   981, 171.6650,  3, 205.21, 17.349999999999994
  1016, 175.3100,  3, 190.13, 21.03
  1124, 200.4250,  1, -204.13, 11.14500000000001
  1156, 203.7600,  3, 209.63, 14.444999999999993
  1158, 203.9650,  3, 208.19, 14.60499999999999
  1164, 204.5900,  3, 203.06, 15.280000000000001
  1173, 205.5300,  3, 207.26, 16.159999999999997
  1173, 205.5300,  1, -203.48, 16.25
  1174, 205.6350,  3, 204.18, 16.319999999999993
  1177, 205.9450,  3, 201.15, 16.60499999999999
  1186, 206.8850,  3, 198.65, 17.57499999999999
  1188, 207.0900,  3, 197.78, 17.764999999999986
  1321, 235.8400,  3, 220.24, 13.650000000000006
  1322, 235.9450,  3, 217.40, 13.789999999999992
  1324, 236.1550,  3, 213.36, 13.97999999999999
  1327, 236.4650,  3, 215.14, 14.300000000000011
  1332, 236.9850,  3, 213.52, 14.794999999999987
  1346, 238.4450,  3, 207.92, 16.345
  1350, 238.8600,  3, 209.40, 16.67500000000001
  1364, 240.3200,  3, 202.26, 18.159999999999997
  1374, 241.3600,  3, 198.62, 19.224999999999994
  1391, 243.1350,  3, 189.19, 20.97999999999999
  1463, 264.4600,  1, -202.00, 7.264999999999986
  1511, 269.3650,  1, -205.94, 12.170000000000016
  1517, 269.9800,  1, -200.00, 12.785000000000025
  1521, 270.3900,  1, -217.47, 13.194999999999993
  1536, 271.9250,  3, 217.39, 14.680000000000007
  1558, 274.1750,  3, 197.08, 16.900000000000034
  1559, 274.2800,  3, 199.64, 17.04000000000002
  1560, 274.3800,  3, 201.87, 17.15500000000003
  1566, 274.9900,  3, 190.04, 17.730000000000018
  1611, 279.5950,  3, 177.58, 22.38499999999999
  1741, 307.1050,  1, -220.17, 13.194999999999993
  1749, 307.9250,  1, -202.48, 14.014999999999986
  1752, 308.2300,  3, 218.34, 14.299999999999955
  1756, 308.6400,  3, 217.37, 14.664999999999964
  1763, 309.3550,  3, 207.93, 15.379999999999995
  1786, 311.7100,  3, 201.04, 17.764999999999986
  1787, 311.8100,  3, 194.12, 17.875
  1806, 313.7550,  3, 192.44, 19.819999999999993
  1829, 316.1050,  3, 191.00, 22.139999999999986
  1992, 346.6300,  1, -193.82, 6.134999999999991
  2041, 351.6400,  1, -203.08, 11.144999999999982
  2058, 353.3800,  1, -214.22, 12.884999999999991
  2085, 356.1400,  3, 209.22, 15.634999999999991
  2088, 356.4500,  3, 209.65, 15.875
  2091, 356.7550,  1, -231.10, 16.25999999999999
  2106, 358.2850,  3, 200.72, 17.774999999999977
  2112, 358.9050,  3, 210.25, 18.38499999999999
  2120, 359.7200,  3, 197.47, 19.214999999999975
  2133, 361.0500,  3, 188.87, 20.454999999999984
  2247, 386.8450,  1, -212.65, 11.555000000000007
  2268, 388.9900,  1, -215.14, 13.699999999999989
  2276, 389.8100,  3, 217.10, 14.435000000000002
  2294, 391.6550,  3, 202.13, 16.34499999999997
  2298, 392.0600,  3, 205.69, 16.72999999999996
  2305, 392.7800,  3, 206.03, 17.47999999999996
  2311, 393.3900,  3, 195.17, 18.034999999999968
  2322, 394.5150,  3, 195.77, 19.144999999999982
  2323, 394.6150,  3, 192.57, 19.25999999999999
  2368, 399.2200,  3, 173.23, 23.924999999999955
  2458, 422.5750,  1, -193.47, 9.104999999999961
  2507, 427.5850,  1, -218.38, 14.114999999999952
  2509, 427.7850,  3, 215.19, 14.239999999999952
  2527, 429.6300,  3, 211.88, 16.064999999999998
  2529, 429.8350,  3, 205.66, 16.319999999999993
  2532, 430.1400,  3, 196.24, 16.639999999999986
  2536, 430.5500,  3, 210.69, 16.989999999999952
  2549, 431.8800,  3, 198.99, 18.394999999999982
  2570, 434.0300,  3, 190.04, 20.5
  2571, 434.1300,  3, 182.45, 20.599999999999966
  2676, 459.8250,  1, -213.55, 10.634999999999991
  2712, 463.5050,  3, 215.91, 14.300000000000011
  2727, 465.0350,  3, 213.60, 15.745000000000005
  2730, 465.3450,  3, 209.91, 16.144999999999982
  2732, 465.5500,  3, 205.66, 16.339999999999975
  2732, 465.5500,  3, 207.31, 16.33499999999998
  2741, 466.4700,  3, 200.90, 17.274999999999977
  2741, 466.4700,  3, 207.47, 17.254999999999995
  2752, 467.5950,  3, 199.54, 18.355000000000018
  2757, 468.1050,  3, 193.33, 18.875
  2864, 492.9500,  1, -196.88, 10.839999999999975
  2902, 496.8350,  1, -220.12, 14.724999999999966
  2917, 498.3650,  1, -220.53, 16.254999999999995
  2929, 499.5950,  3, 201.82, 17.404999999999973
  2938, 500.5150,  3, 198.13, 18.399999999999977
  2947, 501.4350,  3, 201.80, 19.289999999999964
  2948, 501.5350,  3, 191.86, 19.370000000000005
  2949, 501.6400,  3, 194.04, 19.42500000000001
  2950, 501.7400,  3, 191.01, 19.569999999999993
  2967, 503.4800,  3, 182.75, 21.305000000000007
  3111, 532.4250,  3, 220.17, 14.404999999999973
  3112, 532.5250,  3, 220.10, 14.529999999999973
  3124, 533.7350,  3, 217.42, 15.729999999999905
  3130, 534.3450,  3, 208.40, 16.370000000000005
  3136, 534.9500,  3, 204.14, 16.969999999999914
  3138, 535.1550,  3, 207.12, 17.125
  3140, 535.3550,  3, 210.04, 17.334999999999923
  3141, 535.4550,  3, 204.45, 17.434999999999945
  3141, 535.4550,  3, 203.83, 17.424999999999955
  3153, 536.6750,  3, 202.59, 18.714999999999918
  3265, 562.0100,  1, -204.39, 11.230000000000018
  3268, 562.3150,  1, -214.10, 11.535000000000082
  3303, 565.8550,  3, 205.98, 15.045000000000073
  3307, 566.2600,  1, -214.31, 15.480000000000018
  3312, 566.7700,  3, 204.51, 15.899999999999977
  3314, 566.9700,  3, 203.76, 16.100000000000023
  3316, 567.1750,  3, 200.15, 16.295000000000073
  3321, 567.6800,  3, 195.51, 16.889999999999986
  3338, 569.4000,  3, 188.78, 18.56000000000006
  3347, 570.3100,  3, 194.78, 19.430000000000064
  3447, 594.3050,  1, -192.31, 10.014999999999986
  3458, 595.4200,  1, -207.68, 11.129999999999995
  3472, 596.8300,  1, -216.13, 12.540000000000077
  3479, 597.5450,  1, -212.06, 13.254999999999995
  3479, 597.5450,  1, -215.45, 13.254999999999995
  3487, 598.3500,  3, 220.16, 13.975000000000023
  3493, 598.9550,  3, 207.29, 14.634999999999991
  3502, 599.8700,  3, 214.52, 15.565000000000055
  3514, 601.0800,  3, 192.23, 16.75999999999999
  3563, 606.0450,  3, 185.84, 21.715000000000032
  3664, 630.3300,  1, -199.59, 10.115000000000009
  3669, 630.8350,  1, -213.18, 10.620000000000005
  3691, 633.0650,  1, -219.13, 12.850000000000023
  3693, 633.2700,  1, -210.59, 13.05499999999995
  3714, 635.3950,  1, -208.26, 15.17999999999995
  3742, 638.2250,  3, 193.28, 17.969999999999914
  3746, 638.6300,  3, 192.53, 18.334999999999923
  3778, 641.8700,  3, 180.27, 21.574999999999932
  3786, 642.6800,  3, 186.79, 22.434999999999945
  4046, 682.7850,  1, -205.67, 10.115000000000009
  4067, 684.9100,  1, -200.27, 12.240000000000009
  4112, 689.4600,  3, 197.24, 16.735000000000014
  4118, 690.0700,  3, 209.01, 17.33000000000004
  4120, 690.2750,  3, 205.92, 17.530000000000086
  4128, 691.0800,  3, 196.65, 18.315000000000055
  4129, 691.1850,  3, 198.10, 18.43500000000006
  4135, 691.7950,  3, 203.77, 19.120000000000005
  4143, 692.6000,  3, 193.87, 19.83000000000004
  4193, 697.6600,  3, 173.07, 24.965000000000032
  4286, 722.9750,  1, -208.81, 9.305000000000064
  4338, 728.2350,  3, 208.46, 14.530000000000086
  4344, 728.8450,  3, 207.30, 15.155000000000086
  4346, 729.0500,  3, 206.12, 15.365000000000009
  4354, 729.8550,  3, 207.35, 16.13499999999999
  4363, 730.7700,  3, 200.15, 17.095000000000027
  4366, 731.0700,  3, 203.48, 17.32000000000005
  4369, 731.3750,  3, 191.34, 17.660000000000082
  4373, 731.7800,  3, 195.65, 18.050000000000068
  4386, 733.0950,  3, 199.21, 19.370000000000005
  4512, 759.7350,  1, -204.56, 12.644999999999982
  4519, 760.4450,  3, 211.13, 13.274999999999977
  4534, 761.9600,  3, 210.63, 14.829999999999927
  4539, 762.4700,  3, 209.40, 15.324999999999932
  4539, 762.4700,  3, 213.87, 15.284999999999968
  4543, 762.8750,  3, 211.99, 15.694999999999936
  4544, 762.9750,  3, 212.89, 15.80499999999995
  4544, 762.9750,  3, 207.17, 15.844999999999914
  4555, 764.0850,  3, 206.25, 16.909999999999968
  4567, 765.3050,  3, 197.28, 18.139999999999986
  4668, 790.1800,  1, -191.21, 10.120000000000005
  4701, 793.5200,  1, -216.00, 13.460000000000036
  4712, 794.6300,  3, 211.92, 14.565000000000055
  4716, 795.0350,  3, 215.44, 14.965000000000032
  4719, 795.3350,  3, 218.02, 15.25500000000011
  4723, 795.7450,  3, 217.25, 15.675000000000068
  4733, 796.7550,  3, 201.84, 16.635000000000105
  4733, 796.7550,  3, 211.36, 16.63000000000011
  4745, 797.9700,  3, 200.07, 17.905000000000086
  4747, 798.1750,  3, 200.47, 18.040000000000077
  4848, 822.2050,  1, -196.60, 10.120000000000005
  4859, 823.3200,  1, -196.98, 11.235000000000014
  4881, 825.5500,  3, 217.34, 13.370000000000005
  4882, 825.6500,  3, 214.97, 13.469999999999914
  4889, 826.3550,  1, -220.79, 14.269999999999982
  4897, 827.1700,  3, 205.86, 15.079999999999927
  4902, 827.6750,  3, 208.75, 15.524999999999977
  4931, 830.6050,  3, 202.59, 18.424999999999955
  4936, 831.1100,  3, 195.93, 19.014999999999986
  4939, 831.4200,  1, -246.87, 19.334999999999923
  5035, 855.2850,  1, -217.11, 9.610000000000014
  5092, 861.0550,  3, 217.19, 15.305000000000064
  5103, 862.1700,  3, 199.01, 16.470000000000027
  5111, 862.9750,  3, 202.91, 17.295000000000073
  5111, 862.9750,  3, 205.37, 17.285000000000082
  5112, 863.0750,  3, 204.16, 17.325000000000045
  5120, 863.8850,  3, 198.67, 18.155000000000086
  5122, 864.0850,  3, 199.61, 18.3900000000001
  5122, 864.0850,  3, 202.90, 18.38499999999999
  5133, 865.2000,  3, 194.21, 19.465000000000032
  5271, 893.5750,  3, 221.17, 13.839999999999918
  5300, 896.5100,  3, 206.99, 16.784999999999968
  5308, 897.3200,  3, 199.99, 17.539999999999964
  5316, 898.1300,  3, 198.05, 18.394999999999982
  5324, 898.9400,  3, 197.38, 19.164999999999964
  5335, 900.0550,  3, 185.48, 20.329999999999927
  5341, 900.6600,  3, 186.54, 20.93999999999994
  5346, 901.1700,  3, 171.86, 21.444999999999936
  5352, 901.7750,  3, 184.93, 22.05499999999995
  5366, 903.1900,  3, 169.91, 23.41999999999996
  5455, 926.7850,  1, -206.30, 8.904999999999973
  5477, 929.0100,  1, -204.36, 11.129999999999995
  5483, 929.6200,  1, -210.99, 11.740000000000009
  5488, 930.1250,  1, -206.92, 12.245000000000005
  5528, 934.1750,  3, 212.97, 16.264999999999986
  5533, 934.6800,  3, 204.65, 16.764999999999986
  5539, 935.2850,  3, 205.04, 17.31000000000006
  5549, 936.3000,  3, 198.82, 18.394999999999982
  5553, 936.7000,  3, 196.48, 18.80499999999995
  5567, 938.1200,  3, 189.08, 20.18500000000006
  5661, 961.4800,  1, -193.90, 9.409999999999968
  5667, 962.0850,  1, -196.25, 10.014999999999986
  5679, 963.3050,  1, -202.16, 11.2349999999999
  5710, 966.4400,  1, -206.47, 14.370000000000005
  5716, 967.0500,  3, 215.81, 14.909999999999968
  5717, 967.1500,  3, 215.23, 15.039999999999964
  5719, 967.3500,  1, -236.16, 15.279999999999973
  5724, 967.8550,  3, 218.36, 15.754999999999995
  5742, 969.6800,  3, 201.87, 17.534999999999968
  5772, 972.7100,  3, 187.92, 20.63499999999999
  5865, 995.9400,  1, -199.89, 9.31000000000006
  5876, 997.0550,  1, -205.47, 10.424999999999955
  5887, 998.1700,  1, -220.97, 11.539999999999964
  5890, 998.4700,  1, -206.33, 11.840000000000032
  5910, 1000.4950,  1, -223.36, 13.865000000000009
  5925, 1002.0100,  3, 210.98, 15.294999999999959
  5943, 1003.8300,  3, 200.82, 17.18500000000006
  5957, 1005.2500,  3, 190.48, 18.610000000000014
  5974, 1006.9700,  3, 188.82, 20.289999999999964
  5975, 1007.0700,  3, 182.01, 20.345000000000027
  6056, 1029.5750,  1, -200.41, 8.25
  6124, 1036.6600,  3, 209.76, 15.294999999999845
  6126, 1036.8700,  3, 208.86, 15.490000000000009
  6127, 1036.9700,  3, 199.46, 15.61999999999989
  6131, 1037.3900,  3, 208.81, 16.049999999999955
  6134, 1037.7000,  3, 203.95, 16.289999999999964
  6153, 1039.6800,  3, 197.66, 18.294999999999845
  6155, 1039.8900,  3, 191.36, 18.539999999999964
  6173, 1041.7650,  3, 185.94, 20.434999999999945
  6178, 1042.2850,  3, 183.92, 20.934999999999945
  6313, 1069.9200,  3, 221.80, 13.925000000000182
  6325, 1071.1700,  3, 214.07, 15.115000000000009
  6326, 1071.2750,  3, 212.03, 15.285000000000082
  6328, 1071.4850,  3, 209.72, 15.480000000000018
  6329, 1071.5850,  3, 207.39, 15.525000000000091
  6340, 1072.7350,  3, 203.72, 16.705000000000155
  6341, 1072.8350,  3, 199.59, 16.769999999999982
  6342, 1072.9400,  3, 206.19, 16.950000000000045
  6359, 1074.7100,  3, 184.67, 18.670000000000073
  6366, 1075.4400,  3, 193.67, 19.3900000000001
  6474, 1100.5750,  1, -212.19, 11.144999999999982
  6492, 1102.4500,  1, -213.84, 13.019999999999982
  6516, 1104.9500,  3, 201.86, 15.464999999999918
  6522, 1105.5750,  3, 205.33, 16.11999999999989
  6534, 1106.8250,  3, 199.65, 17.339999999999918
  6544, 1107.8700,  3, 192.99, 18.339999999999918
  6549, 1108.3900,  3, 201.23, 18.954999999999927
  6551, 1108.5950,  3, 190.07, 19.139999999999873
  6558, 1109.3250,  3, 187.16, 19.8599999999999
  6597, 1113.3900,  3, 164.92, 23.894999999999982
  6690, 1137.3050,  1, -207.77, 9.585000000000036
  6697, 1138.0350,  1, -192.31, 10.315000000000055
  6715, 1139.9100,  3, 218.84, 12.149999999999864
  6726, 1141.0550,  3, 219.89, 13.299999999999955
  6735, 1141.9950,  3, 216.87, 14.2349999999999
  6739, 1142.4100,  3, 216.93, 14.674999999999955
  6739, 1142.4100,  3, 211.37, 14.674999999999955
  6745, 1143.0350,  3, 213.76, 15.224999999999909
  6752, 1143.7650,  3, 197.86, 15.944999999999936
  6752, 1143.7650,  3, 217.98, 15.950000000000045
  6834, 1166.1200,  1, -203.13, 8.434999999999945
  6867, 1169.5550,  1, -205.70, 11.870000000000118
  6871, 1169.9700,  3, 228.05, 12.240000000000009
  6877, 1170.5950,  1, -209.82, 12.910000000000082
  6891, 1172.0550,  3, 210.78, 14.320000000000164
  6903, 1173.3050,  3, 202.91, 15.615000000000009
  6913, 1174.3450,  3, 209.66, 16.580000000000155
  6924, 1175.4950,  3, 202.21, 17.77500000000009
  6948, 1177.9950,  3, 191.16, 20.230000000000018
  7137, 1211.7000,  1, -213.59, 9.995000000000118
  7138, 1211.8050,  1, -195.22, 10.100000000000136
  7171, 1215.2450,  3, 216.90, 13.519999999999982
  7176, 1215.7650,  3, 219.79, 14.019999999999982
  7179, 1216.0750,  3, 220.33, 14.269999999999982
  7185, 1216.7000,  3, 214.46, 14.900000000000091
  7199, 1218.1600,  3, 209.18, 16.3900000000001
  7199, 1218.1600,  3, 204.17, 16.425000000000182
  7203, 1218.5750,  3, 205.33, 16.789999999999964
  7224, 1220.7650,  3, 190.40, 19.0
  7323, 1245.8800,  1, -202.51, 10.205000000000155
  7358, 1249.5250,  1, -206.23, 13.850000000000136
  7365, 1250.2550,  3, 208.03, 14.490000000000009
  7372, 1250.9850,  3, 203.49, 15.240000000000009
  7382, 1252.0250,  3, 203.99, 16.285000000000082
  7386, 1252.4400,  3, 208.36, 16.684999999999945
  7387, 1252.5450,  3, 192.77, 16.835000000000036
  7392, 1253.0650,  3, 205.56, 17.295000000000073
  7409, 1254.8350,  3, 193.79, 19.100000000000136
  7410, 1254.9400,  3, 191.01, 19.25999999999999
  7523, 1280.4400,  3, 227.69, 11.579999999999927
  7526, 1280.7550,  1, -206.24, 11.975000000000136
  7540, 1282.2100,  3, 225.75, 13.3900000000001
  7549, 1283.1500,  3, 217.49, 14.295000000000073
  7553, 1283.5650,  3, 203.41, 14.775000000000091
  7568, 1285.1300,  3, 207.08, 16.319999999999936
  7578, 1286.1700,  3, 199.03, 17.36500000000001
  7579, 1286.2750,  3, 209.26, 17.470000000000027
  7594, 1287.8350,  3, 184.98, 19.02500000000009
  7620, 1290.5450,  3, 181.19, 21.720000000000027
  7703, 1313.9400,  1, -208.21, 8.539999999999964
  7728, 1316.5450,  1, -219.02, 11.144999999999982
  7729, 1316.6500,  1, -204.15, 11.25
  7756, 1319.4600,  3, 214.50, 14.0
  7761, 1319.9850,  3, 207.04, 14.579999999999927
  7775, 1321.4400,  3, 196.22, 15.9699999999998
  7779, 1321.8600,  3, 193.74, 16.36999999999989
  7779, 1321.8600,  3, 198.92, 16.355000000000018
  7795, 1323.5250,  3, 189.05, 18.029999999999973
  7816, 1325.7100,  3, 183.85, 20.25999999999999
  7877, 1345.8350,  1, -198.47, 6.245000000000118
  7904, 1348.6500,  1, -205.91, 9.060000000000173
  7913, 1349.5850,  1, -202.02, 9.995000000000118
  7933, 1351.6700,  1, -206.31, 12.080000000000155
  7944, 1352.8150,  3, 212.18, 13.210000000000036
  7952, 1353.6500,  3, 214.05, 14.045000000000073
  7964, 1354.9000,  3, 199.10, 15.290000000000191
  7974, 1355.9400,  3, 206.24, 16.27500000000009
  7988, 1357.4000,  3, 202.33, 17.785000000000082
  8002, 1358.8600,  3, 186.62, 19.230000000000018
  8090, 1382.1500,  1, -206.52, 9.065000000000055
  8091, 1382.2550,  1, -205.30, 9.170000000000073
  8096, 1382.7750,  1, -209.52, 9.690000000000055
  8132, 1386.5250,  3, 215.55, 13.414999999999964
  8140, 1387.3600,  3, 210.05, 14.200000000000045
  8144, 1387.7750,  3, 206.02, 14.595000000000027
  8166, 1390.0650,  3, 183.05, 16.914999999999964
  8176, 1391.1100,  3, 186.53, 17.970000000000027
  8180, 1391.5250,  3, 187.33, 18.3599999999999
  8180, 1391.5250,  3, 189.05, 18.345000000000027
  8248, 1412.5850,  1, -193.63, 6.980000000000018
  8261, 1413.9400,  1, -200.46, 8.335000000000036
  8281, 1416.0250,  1, -204.15, 10.420000000000073
  8311, 1419.1500,  3, 212.67, 13.440000000000055
  8314, 1419.4600,  3, 213.54, 13.819999999999936
  8328, 1420.9200,  3, 212.24, 15.254999999999882
  8340, 1422.1700,  3, 202.06, 16.559999999999945
  8341, 1422.2750,  3, 196.79, 16.660000000000082
  8352, 1423.4200,  3, 199.81, 17.795000000000073
  8368, 1425.0850,  3, 179.13, 19.38499999999999
  8466, 1449.8050,  1, -201.70, 10.105000000000018
  8474, 1450.6400,  1, -209.92, 10.940000000000055
  8517, 1455.1200,  3, 208.98, 15.36999999999989
  8524, 1455.8450,  3, 206.89, 16.11500000000001
  8527, 1456.1600,  3, 197.21, 16.355000000000018
  8527, 1456.1600,  3, 200.22, 16.36500000000001
  8531, 1456.5750,  3, 201.65, 16.809999999999945
  8534, 1456.8900,  3, 199.62, 17.085000000000036
  8536, 1457.0950,  3, 196.03, 17.309999999999945
  8563, 1459.9100,  3, 192.25, 20.13499999999999
  8680, 1486.8800,  1, -201.67, 12.080000000000155
  8684, 1487.2950,  1, -202.11, 12.495000000000118
  8690, 1487.9200,  1, -242.48, 13.120000000000118
  8693, 1488.2350,  1, -215.46, 13.434999999999945
  8704, 1489.3800,  1, -217.91, 14.580000000000155
  8717, 1490.7350,  3, 213.32, 15.914999999999964
  8721, 1491.1500,  3, 207.77, 16.309999999999945
  8732, 1492.2950,  3, 201.31, 17.465000000000146
  8749, 1494.0650,  3, 199.42, 19.194999999999936
  8765, 1495.7350,  1, -264.77, 20.934999999999945
  8871, 1521.5450,  1, -198.09, 10.940000000000055
  8877, 1522.1700,  1, -209.67, 11.565000000000055
  8893, 1523.8350,  1, -229.75, 13.230000000000018
  8915, 1526.1300,  3, 219.12, 15.514999999999873
  8920, 1526.6500,  3, 211.36, 15.954999999999927
  8969, 1531.7550,  3, 200.07, 21.09999999999991
  8983, 1533.2100,  3, 190.60, 22.514999999999873
  9000, 1534.9850,  3, 177.10, 24.289999999999964
  9032, 1538.3150,  3, 166.09, 27.654999999999973
  9052, 1540.4000,  3, 169.89, 29.700000000000045
  9125, 1562.0650,  1, -191.54, 7.5
  9160, 1565.7100,  1, -209.38, 11.144999999999982
  9170, 1566.7550,  1, -224.45, 12.190000000000055
  9191, 1568.9400,  3, 214.68, 14.274999999999864
  9198, 1569.6700,  3, 210.89, 15.004999999999882
  9210, 1570.9200,  3, 203.73, 16.25499999999988
  9222, 1572.1700,  3, 208.86, 17.554999999999836
  9247, 1574.7750,  3, 200.42, 20.1099999999999
  9263, 1576.4400,  3, 184.84, 21.779999999999973
  9263, 1576.4400,  3, 177.26, 21.829999999999927
  9410, 1605.7000,  3, 213.35, 15.200000000000045
  9415, 1606.2200,  3, 206.94, 15.664999999999964
  9417, 1606.4300,  3, 211.24, 15.900000000000091
  9420, 1606.7450,  3, 213.17, 16.24000000000001
  9420, 1606.7450,  3, 203.37, 16.174999999999955
  9421, 1606.8450,  3, 212.17, 16.299999999999955
  9424, 1607.1600,  3, 207.66, 16.575000000000045
  9431, 1607.8900,  3, 204.19, 17.299999999999955
  9440, 1608.8250,  3, 206.67, 18.285000000000082
  9452, 1610.0750,  3, 195.69, 19.4849999999999
  9564, 1635.2750,  1, -232.44, 11.560000000000173
  9579, 1636.8350,  1, -253.74, 13.120000000000118
  9585, 1637.4600,  1, -222.41, 13.745000000000118
  9591, 1638.0850,  3, 215.72, 14.315000000000055
  9608, 1639.8600,  3, 212.04, 16.045000000000073
  9616, 1640.6900,  3, 201.09, 16.8900000000001
  9621, 1641.2100,  3, 208.75, 17.465000000000146
  9628, 1641.9400,  3, 197.09, 18.220000000000027
  9628, 1641.9400,  1, -232.40, 18.225000000000136
  9656, 1644.8600,  3, 188.67, 21.11500000000001
  9751, 1668.7750,  1, -212.71, 9.795000000000073
  9774, 1671.1700,  1, -237.90, 12.190000000000055
  9777, 1671.4850,  3, 224.65, 12.4849999999999
  9808, 1674.7100,  3, 211.15, 15.694999999999936
  9813, 1675.2350,  1, -228.22, 16.25499999999988
  9815, 1675.4400,  3, 204.06, 16.444999999999936
  9822, 1676.1700,  3, 211.11, 17.089999999999918
  9833, 1677.3150,  3, 202.25, 18.325000000000045
  9844, 1678.4600,  3, 189.68, 19.38499999999999
  9845, 1678.5650,  3, 193.97, 19.519999999999982
  9935, 1701.6800,  1, -208.05, 9.2650000000001
  9943, 1702.5150,  1, -216.07, 10.100000000000136
  9943, 1702.5150,  1, -222.63, 10.100000000000136
  9963, 1704.5950,  1, -215.47, 12.180000000000064
  9970, 1705.3250,  1, -227.39, 12.910000000000082
  9985, 1706.8900,  3, 211.38, 14.440000000000055
 10012, 1709.7000,  3, 205.99, 17.225000000000136
 10026, 1711.1600,  3, 192.16, 18.735000000000127
 10038, 1712.4100,  3, 192.05, 19.940000000000055
 10041, 1712.7200,  3, 190.79, 20.210000000000036
 10157, 1738.4700,  1, -210.96, 11.980000000000018
 10159, 1738.6800,  1, -273.44, 12.190000000000055
 10173, 1740.1400,  1, -210.31, 13.650000000000091
 10184, 1741.2850,  1, -215.88, 14.795000000000073
 10188, 1741.7000,  3, 206.56, 15.164999999999964
 10197, 1742.6400,  3, 207.52, 16.069999999999936
 10200, 1742.9500,  3, 208.83, 16.434999999999945
 10210, 1743.9950,  3, 200.05, 17.424999999999955
 10227, 1745.7650,  3, 187.39, 19.204999999999927
 10287, 1752.0150,  3, 179.38, 25.50499999999988
 10367, 1774.7100,  1, -200.82, 8.230000000000018
 10386, 1776.6900,  1, -197.32, 10.210000000000036
 10395, 1777.6300,  1, -226.75, 11.150000000000091
 10397, 1777.8350,  1, -219.71, 11.355000000000018
 10413, 1779.5050,  1, -212.99, 13.025000000000091
 10419, 1780.1300,  1, -205.85, 13.650000000000091
 10445, 1782.8350,  3, 193.01, 16.325000000000045
 10447, 1783.0450,  3, 205.46, 16.4849999999999
 10455, 1783.8800,  3, 200.16, 17.375
 10465, 1784.9200,  3, 199.72, 18.36500000000001
 10562, 1810.0650,  1, -200.37, 10.0
 10582, 1812.1500,  1, -210.76, 12.085000000000036
 10601, 1814.1300,  1, -211.99, 14.065000000000055
 10607, 1814.7550,  1, -214.36, 14.690000000000055
 10609, 1814.9600,  3, 213.97, 14.839999999999918
 10624, 1816.5250,  3, 211.43, 16.36999999999989
 10624, 1816.5250,  3, 213.13, 16.38499999999999
 10629, 1817.0450,  3, 208.33, 16.929999999999836
 10632, 1817.3600,  1, -277.37, 17.294999999999845
 10661, 1820.3800,  3, 187.52, 20.269999999999982
 10754, 1844.2100,  1, -208.32, 9.585000000000036
 10781, 1847.0250,  1, -206.53, 12.400000000000091
 10800, 1849.0050,  1, -221.39, 14.38000000000011
 10814, 1850.4600,  1, -214.34, 15.835000000000036
 10821, 1851.1900,  3, 203.64, 16.52500000000009
 10825, 1851.6100,  1, -225.38, 16.9849999999999
 10837, 1852.8600,  3, 195.92, 18.230000000000018
 10857, 1854.9400,  1, -230.23, 20.315000000000055
 10922, 1861.7100,  3, 160.29, 27.00999999999999
 10935, 1863.0650,  3, 179.47, 28.339999999999918
 10990, 1883.1500,  1, -186.26, 5.620000000000118
 11030, 1887.3150,  1, -202.61, 9.785000000000082
 11047, 1889.0850,  1, -238.71, 11.555000000000064
 11087, 1893.2550,  3, 201.33, 15.654999999999973
 11093, 1893.8800,  3, 194.72, 16.27500000000009
 11141, 1898.8800,  1, -260.17, 21.350000000000136
 11169, 1901.7950,  3, 164.30, 24.25
 11180, 1902.9400,  1, -309.65, 25.410000000000082
 11246, 1909.8150,  3, 140.22, 32.20499999999993
 11287, 1914.0850,  3, 124.93, 36.549999999999955
 11413, 1940.9000,  3, 227.65, 12.954999999999927
 11435, 1943.1900,  3, 217.77, 15.305000000000064
 11435, 1943.1900,  3, 217.49, 15.24499999999989
 11438, 1943.5050,  3, 216.65, 15.605000000000018
 11443, 1944.0250,  3, 212.61, 16.13000000000011
 11445, 1944.2350,  3, 209.08, 16.299999999999955
 11445, 1944.2350,  3, 214.04, 16.289999999999964
 11445, 1944.2350,  3, 206.46, 16.34999999999991
 11446, 1944.3350,  3, 211.76, 16.394999999999982
 11474, 1947.2550,  3, 183.22, 19.325000000000045
 11602, 1974.5550,  1, -214.76, 13.225000000000136
 11602, 1974.5550,  3, 222.35, 13.185000000000173
 11612, 1975.5950,  3, 211.13, 14.259999999999991
 11621, 1976.5350,  1, -233.30, 15.205000000000155
 11621, 1976.5350,  1, -247.09, 15.205000000000155
 11627, 1977.1600,  3, 206.21, 15.7650000000001
 11637, 1978.2000,  1, -219.61, 16.87000000000012
 11642, 1978.7200,  3, 196.61, 17.320000000000164
 11651, 1979.6600,  1, -292.06, 18.330000000000155
 11743, 1989.2450,  3, 156.74, 27.810000000000173
 11861, 2015.3700,  1, -203.45, 12.189999999999827
 11881, 2017.4500,  3, 216.33, 14.174999999999955
 11882, 2017.5550,  3, 219.89, 14.279999999999973
 11901, 2019.5350,  3, 204.19, 16.329999999999927
 11902, 2019.6400,  3, 211.84, 16.375
 11904, 2019.8450,  3, 207.41, 16.575000000000045
 11907, 2020.1600,  3, 203.85, 16.899999999999864
 11914, 2020.8900,  3, 209.01, 17.62999999999988
 11924, 2021.9300,  3, 200.95, 18.7349999999999
 11927, 2022.2450,  3, 204.84, 19.00499999999988
 12037, 2047.5950,  1, -206.39, 11.350000000000136
 12054, 2049.3650,  1, -217.78, 13.11999999999989
 12058, 2049.7800,  1, -210.67, 13.53500000000031
 12062, 2050.1950,  3, 219.01, 13.894999999999982
 12071, 2051.1350,  1, -227.53, 14.890000000000327
 12080, 2052.0700,  3, 202.90, 15.740000000000236
 12082, 2052.2800,  3, 204.37, 15.990000000000236
 12086, 2052.6950,  3, 204.45, 16.38000000000011
 12100, 2054.1550,  3, 205.86, 17.875
 12124, 2056.6550,  3, 186.69, 20.365000000000236
 12241, 2082.9900,  3, 225.10, 12.059999999999945
 12261, 2085.0700,  3, 217.53, 14.069999999999709
 12262, 2085.1750,  3, 219.44, 14.224999999999909
 12262, 2085.1750,  1, -212.24, 14.275000000000091
 12270, 2086.0100,  3, 215.08, 15.054999999999836
 12271, 2086.1150,  3, 221.64, 15.194999999999709
 12272, 2086.2150,  3, 210.87, 15.309999999999945
 12273, 2086.3200,  3, 215.50, 15.315000000000055
 12280, 2087.0500,  3, 208.16, 16.11999999999989
 12532, 2127.0900,  1, -206.24, 9.490000000000236
 12558, 2129.8000,  3, 218.53, 12.150000000000091
 12567, 2130.7400,  1, -217.74, 13.139999999999873
 12571, 2131.1550,  1, -204.80, 13.555000000000291
 12572, 2131.2600,  3, 225.13, 13.635000000000218
 12578, 2131.8850,  3, 214.15, 14.240000000000236
 12588, 2132.9250,  3, 217.58, 15.224999999999909
 12609, 2135.1150,  1, -237.29, 17.514999999999873
 12661, 2140.5300,  3, 172.57, 22.920000000000073
 12700, 2144.5900,  3, 167.85, 26.940000000000055
 12807, 2170.7600,  1, -206.45, 11.055000000000291
 12818, 2171.9050,  3, 221.86, 12.164999999999964
 12825, 2172.6350,  1, -221.72, 12.930000000000291
 12838, 2173.9900,  3, 224.18, 14.25
 12848, 2175.0300,  3, 212.38, 15.275000000000091
 12868, 2177.1150,  3, 198.11, 17.36999999999989
 12902, 2180.6550,  3, 187.27, 20.920000000000073
 13090, 2214.1150,  1, -194.76, 5.839999999999691
 13107, 2215.8850,  1, -209.56, 7.610000000000127
 13144, 2219.7400,  3, 215.46, 11.409999999999854
 13159, 2221.3000,  1, -209.91, 13.025000000000091
 13170, 2222.4450,  3, 212.87, 14.110000000000127
 13179, 2223.3850,  3, 209.63, 15.025000000000091
 13182, 2223.6950,  3, 208.80, 15.335000000000036
 13208, 2226.4050,  3, 194.22, 18.059999999999945
 13231, 2228.8000,  3, 183.08, 20.424999999999727
 13267, 2232.5500,  3, 166.16, 24.21499999999969
 13342, 2254.2800,  1, -194.40, 7.710000000000036
 13399, 2260.2150,  3, 223.69, 13.58999999999969
 13413, 2261.6750,  3, 215.10, 15.044999999999618
 13413, 2261.6750,  3, 210.88, 15.024999999999636
 13413, 2261.6750,  3, 205.87, 15.049999999999727
 13415, 2261.8850,  3, 215.55, 15.274999999999636
 13426, 2263.0300,  3, 202.41, 16.36499999999978
 13430, 2263.4450,  3, 206.44, 16.84999999999991
 13446, 2265.1150,  3, 199.42, 18.534999999999854
 13481, 2268.7600,  3, 170.69, 22.105000000000018
 13592, 2294.1350,  1, -198.83, 11.470000000000255
 13599, 2294.8650,  3, 225.83, 12.175000000000182
 13611, 2296.1150,  3, 217.45, 13.400000000000091
 13629, 2297.9900,  3, 203.66, 15.275000000000091
 13642, 2299.3400,  3, 203.41, 16.610000000000127
 13649, 2300.0700,  3, 200.83, 17.34999999999991
 13662, 2301.4250,  3, 197.13, 18.704999999999927
 13668, 2302.0500,  3, 194.90, 19.329999999999927
 13684, 2303.7150,  3, 189.73, 21.00500000000011
 13709, 2306.3200,  3, 179.06, 23.59999999999991
 13817, 2331.4050,  1, -205.54, 11.16000000000031
 13836, 2333.3850,  1, -221.33, 13.140000000000327
 13838, 2333.5900,  1, -213.90, 13.345000000000255
 13856, 2335.4650,  1, -228.11, 15.220000000000255
 13857, 2335.5700,  3, 217.64, 15.224999999999909
 13866, 2336.5100,  3, 209.53, 16.230000000000018
 13877, 2337.6550,  3, 208.62, 17.355000000000018
 13881, 2338.0700,  1, -226.68, 17.825000000000273
 13896, 2339.6350,  3, 202.71, 19.360000000000127
 13915, 2341.6150,  3, 193.70, 21.30500000000029
 13985, 2363.0900,  1, -199.02, 7.184999999999945
 13997, 2364.3400,  1, -202.34, 8.434999999999945
 14010, 2365.6950,  1, -202.73, 9.789999999999964
 14023, 2367.0500,  1, -203.14, 11.144999999999982
 14043, 2369.1350,  1, -226.60, 13.230000000000018
 14051, 2369.9650,  3, 218.85, 14.004999999999654
 14058, 2370.6950,  3, 211.05, 14.734999999999673
 14082, 2373.1950,  3, 203.81, 17.24499999999989
 14083, 2373.3000,  3, 201.16, 17.3449999999998
 14096, 2374.6550,  3, 198.60, 18.654999999999745
 14221, 2401.9900,  1, -221.16, 12.914999999999964
 14245, 2404.4900,  3, 217.04, 15.3100000000004
 14251, 2405.1150,  3, 193.56, 16.015000000000327
 14256, 2405.6350,  1, -238.85, 16.5600000000004
 14279, 2408.0300,  3, 199.26, 18.890000000000327
 14288, 2408.9650,  3, 179.02, 19.860000000000127
 14303, 2410.5300,  3, 190.84, 21.394999999999982
 14310, 2411.2600,  3, 171.65, 22.170000000000073
 14331, 2413.4450,  3, 143.42, 24.325000000000273
 14559, 2450.9450,  1, -208.24, 11.150000000000091
 14571, 2452.1950,  3, 226.51, 12.295000000000073
 14576, 2452.7150,  3, 224.48, 12.909999999999854
 14588, 2453.9650,  3, 220.95, 14.125
 14590, 2454.1750,  3, 203.15, 14.375
 14590, 2454.1750,  3, 210.88, 14.304999999999836
 14600, 2455.2150,  3, 195.65, 15.38000000000011
 14627, 2458.0300,  3, 201.67, 18.13000000000011
 14647, 2460.1150,  3, 188.65, 20.235000000000127
 14654, 2460.8400,  3, 189.60, 21.019999999999982
 14717, 2481.2400,  1, -190.45, 6.474999999999909
 14723, 2481.8650,  1, -199.82, 7.099999999999909
 14772, 2486.9650,  1, -209.26, 12.200000000000273
 14783, 2488.1150,  3, 204.28, 13.325000000000273
 14788, 2488.6350,  3, 216.72, 13.775000000000091
 14802, 2490.0900,  3, 202.24, 15.300000000000182
 14816, 2491.5500,  3, 194.68, 16.735000000000127
 14818, 2491.7600,  3, 205.68, 16.965000000000146
 14822, 2492.1750,  3, 196.96, 17.375
 14828, 2492.8000,  3, 184.41, 18.02500000000009
 14917, 2516.1950,  1, -211.42, 9.175000000000182
 14946, 2519.2150,  1, -226.32, 12.195000000000164
 14965, 2521.1950,  3, 214.48, 14.170000000000073
 14969, 2521.6150,  3, 217.19, 14.539999999999964
 14977, 2522.4450,  3, 208.75, 15.355000000000018
 14978, 2522.5500,  3, 213.07, 15.49499999999989
 14980, 2522.7600,  3, 202.59, 15.650000000000091
 14986, 2523.3850,  1, -249.15, 16.365000000000236
 14986, 2523.3850,  3, 204.60, 16.324999999999818
 14991, 2523.9050,  3, 186.47, 16.835000000000036
 15095, 2548.5700,  1, -210.80, 10.735000000000127
 15126, 2551.8000,  3, 202.53, 13.929999999999836
 15128, 2552.0100,  1, -263.92, 14.175000000000182
 15128, 2552.0100,  3, 202.43, 14.085000000000036
 15134, 2552.6350,  3, 212.03, 14.7199999999998
 15152, 2554.5100,  3, 197.55, 16.634999999999764
 15157, 2555.0300,  1, -213.77, 17.195000000000164
 15194, 2558.8850,  3, 178.43, 21.02500000000009
 15198, 2559.3000,  3, 180.49, 21.449999999999818
 15202, 2559.7150,  3, 173.16, 21.795000000000073
 15299, 2584.4900,  1, -208.48, 10.0
 15338, 2588.5500,  3, 217.50, 13.985000000000127
 15349, 2589.6950,  3, 212.02, 15.110000000000127
 15350, 2589.8000,  3, 201.81, 15.260000000000218
 15367, 2591.5700,  3, 205.76, 17.015000000000327
 15374, 2592.3000,  3, 201.47, 17.75500000000011
 15376, 2592.5100,  3, 199.30, 17.93000000000029
 15377, 2592.6150,  3, 193.85, 18.05500000000029
 15381, 2593.0300,  3, 200.42, 18.455000000000382
 15568, 2612.5100,  3, 138.79, 37.9350000000004
 15676, 2637.5500,  1, -221.67, 11.150000000000091
 15686, 2638.5900,  1, -204.73, 12.190000000000055
 15711, 2641.1950,  3, 211.70, 14.724999999999909
 15716, 2641.7150,  3, 211.78, 15.25
 15744, 2644.6350,  3, 188.33, 18.179999999999836
 15754, 2645.6750,  3, 179.73, 19.2199999999998
 15763, 2646.6150,  3, 181.10, 20.204999999999927
 15787, 2649.1150,  3, 180.45, 22.625
 15829, 2653.4900,  3, 164.53, 27.059999999999945
 15860, 2656.7150,  3, 158.35, 30.259999999999764
 15974, 2682.3850,  1, -203.26, 11.770000000000437
 15997, 2684.7800,  1, -213.63, 14.165000000000418
 16001, 2685.1950,  3, 218.26, 14.50500000000011
 16025, 2687.6950,  3, 206.78, 16.985000000000127
 16025, 2687.6950,  3, 204.89, 17.04000000000042
 16026, 2687.8000,  3, 203.62, 17.1550000000002
 16038, 2689.0500,  3, 197.59, 18.375
 16046, 2689.8850,  3, 185.36, 19.240000000000236
 16060, 2691.3400,  3, 190.19, 20.66500000000042
 16092, 2694.6750,  3, 181.52, 24.03500000000031
 16223, 2721.9450,  1, -216.26, 13.550000000000182
 16230, 2722.6750,  1, -267.92, 14.2800000000002
 16247, 2724.4450,  1, -210.53, 16.050000000000182
 16258, 2725.5900,  3, 209.14, 17.190000000000055
 16266, 2726.4250,  3, 202.05, 17.99499999999989
 16270, 2726.8400,  3, 209.32, 18.425000000000182
 16282, 2728.0900,  3, 188.03, 19.605000000000018
 16288, 2728.7150,  1, -252.30, 20.320000000000164
 16296, 2729.5500,  3, 191.95, 21.065000000000055
 16307, 2730.6950,  1, -231.13, 22.300000000000182
 16399, 2754.4650,  1, -190.50, 9.385000000000218
 16423, 2756.9650,  3, 226.62, 11.865000000000236
 16431, 2757.8000,  3, 209.36, 12.625
 16432, 2757.9050,  1, -212.14, 12.825000000000273
 16447, 2759.4650,  3, 217.96, 14.300000000000182
 16451, 2759.8850,  3, 217.05, 14.800000000000182
 16455, 2760.3000,  3, 212.39, 15.139999999999873
 16457, 2760.5100,  1, -210.51, 15.430000000000291
 16466, 2761.4450,  3, 211.95, 16.325000000000273
 16511, 2766.1350,  3, 187.93, 21.0
 16629, 2792.2800,  1, -262.48, 12.195000000000164
 16646, 2794.0500,  1, -208.01, 13.965000000000146
 16649, 2794.3650,  3, 218.13, 14.224999999999909
 16659, 2795.4050,  3, 211.58, 15.315000000000055
 16679, 2797.4900,  3, 198.81, 17.36999999999989
 16699, 2799.5700,  3, 189.48, 19.40000000000009
 16708, 2800.5100,  3, 188.72, 20.394999999999982
 16715, 2801.2400,  3, 186.00, 21.139999999999873
 16717, 2801.4450,  3, 186.94, 21.25500000000011
 16717, 2801.4450,  3, 190.13, 21.304999999999836
 16830, 2827.2600,  1, -204.54, 11.670000000000073
 16840, 2828.3000,  1, -196.48, 12.710000000000036
 16849, 2829.2400,  1, -246.97, 13.649999999999636
 16856, 2829.9650,  3, 208.38, 14.304999999999836
 16867, 2831.1150,  3, 208.80, 15.484999999999673
 16869, 2831.3200,  3, 207.79, 15.7199999999998
 16878, 2832.2600,  3, 196.76, 16.56999999999971
 16885, 2832.9900,  3, 198.10, 17.304999999999836
 16895, 2834.0300,  3, 199.20, 18.399999999999636
 16904, 2834.9650,  3, 190.22, 19.33999999999969
 16969, 2855.8850,  1, -194.93, 6.665000000000418
 17020, 2861.1950,  1, -208.34, 11.975000000000364
 17030, 2862.2400,  3, 220.63, 12.990000000000236
 17032, 2862.4450,  3, 209.79, 13.144999999999982
 17052, 2864.5300,  3, 208.39, 15.225000000000364
 17054, 2864.7400,  3, 203.81, 15.430000000000291
 17054, 2864.7400,  3, 197.10, 15.515000000000327
 17068, 2866.1950,  3, 202.43, 16.875
 17081, 2867.5500,  3, 196.16, 18.28500000000031
 17100, 2869.5300,  3, 197.61, 20.230000000000018
 17202, 2894.0700,  1, -204.21, 10.5300000000002
 17212, 2895.1150,  1, -217.57, 11.574999999999818
 17224, 2896.3650,  3, 221.62, 12.775000000000091
 17236, 2897.6150,  3, 207.51, 14.010000000000218
 17262, 2900.3200,  3, 192.38, 16.769999999999982
 17265, 2900.6350,  3, 204.27, 17.039999999999964
 17267, 2900.8400,  3, 196.98, 17.2800000000002
 17278, 2901.9900,  3, 201.87, 18.445000000000164
 17281, 2902.3000,  3, 196.43, 18.75500000000011
 17293, 2903.5500,  3, 191.90, 20.0
 17386, 2927.3200,  1, -194.96, 9.595000000000255
 17401, 2928.8850,  1, -213.76, 11.16000000000031
 17416, 2930.4450,  1, -197.18, 12.720000000000255
 17418, 2930.6550,  1, -203.92, 12.930000000000291
 17436, 2932.5300,  3, 219.27, 14.74499999999989
 17447, 2933.6750,  3, 207.57, 15.845000000000255
 17471, 2936.1750,  3, 202.47, 18.394999999999982
 17491, 2938.2600,  3, 204.85, 20.460000000000036
 17495, 2938.6750,  3, 183.03, 20.945000000000164
 17529, 2942.2150,  3, 162.74, 24.465000000000146
 17637, 2968.5300,  1, -211.26, 11.144999999999982
 17647, 2969.5700,  1, -222.32, 12.184999999999945
 17664, 2971.3400,  1, -219.66, 13.954999999999927
 17672, 2972.1750,  3, 218.71, 14.6899999999996
 17673, 2972.2800,  3, 213.04, 14.789999999999964
 17674, 2972.3850,  3, 216.34, 14.929999999999836
 17716, 2976.7600,  3, 193.80, 19.34999999999991
 17725, 2977.6950,  3, 193.89, 20.269999999999982
 17728, 2978.0100,  3, 191.43, 20.579999999999927
 17736, 2978.8400,  3, 192.65, 21.414999999999964
 17854, 3005.1550,  1, -215.92, 12.190000000000055
 17864, 3006.1950,  3, 227.99, 13.21499999999969
 17884, 3008.2800,  3, 215.89, 15.259999999999764
 17888, 3008.6950,  3, 215.99, 15.694999999999709
 17895, 3009.4250,  3, 204.52, 16.454999999999927
 17910, 3010.9900,  3, 195.84, 18.0
 17914, 3011.4050,  3, 199.67, 18.389999999999873
 17924, 3012.4450,  3, 197.36, 19.379999999999654
 17933, 3013.3850,  3, 189.86, 20.329999999999927
 17968, 3017.0300,  3, 174.35, 24.004999999999654
 18099, 3044.5900,  3, 217.63, 13.440000000000055
 18122, 3046.9900,  3, 212.17, 15.845000000000255
 18125, 3047.3000,  3, 211.79, 16.230000000000018
 18134, 3048.2400,  3, 201.56, 17.105000000000018
 18137, 3048.5500,  3, 203.93, 17.40000000000009
 18154, 3050.3200,  3, 202.40, 19.170000000000073
 18159, 3050.8400,  3, 187.46, 19.705000000000382
 18172, 3052.1950,  3, 186.45, 21.03500000000031
 18174, 3052.4050,  1, -217.15, 21.350000000000364
 18222, 3057.4050,  3, 161.31, 26.28500000000031
 18339, 3084.4650,  1, -205.29, 12.085000000000036
 18340, 3084.5700,  1, -211.39, 12.190000000000055
 18370, 3087.6950,  1, -214.77, 15.315000000000055
 18370, 3087.6950,  3, 218.45, 15.25500000000011
 18391, 3089.8850,  1, -219.97, 17.50500000000011
 18404, 3091.2400,  3, 206.08, 18.759999999999764
 18410, 3091.8650,  3, 191.08, 19.384999999999764
 18429, 3093.8400,  3, 188.59, 21.434999999999945
 18431, 3094.0500,  3, 194.96, 21.605000000000018
 18489, 3100.0900,  3, 170.00, 27.63000000000011
 18617, 3128.2800,  1, -210.52, 13.235000000000127
 18633, 3129.9450,  1, -220.46, 14.900000000000091
 18644, 3131.0900,  3, 213.93, 15.989999999999782
 18656, 3132.3400,  1, -233.28, 17.295000000000073
 18656, 3132.3400,  3, 207.37, 17.25
 18662, 3132.9650,  3, 199.35, 17.875
 18662, 3132.9650,  3, 204.20, 17.875
 18665, 3133.2800,  3, 192.06, 18.164999999999964
 18670, 3133.8000,  3, 204.25, 18.664999999999964
 18891, 3171.4900,  1, -198.76, 7.809999999999945
 18923, 3174.8200,  1, -244.00, 11.140000000000327
 18961, 3178.7800,  3, 208.35, 15.085000000000036
 18961, 3178.7800,  3, 210.04, 15.010000000000218
 18969, 3179.6150,  3, 213.86, 15.914999999999964
 18974, 3180.1350,  3, 193.94, 16.43000000000029
 18980, 3180.7600,  3, 200.99, 16.980000000000018
 18981, 3180.8650,  3, 197.15, 17.13000000000011
 18985, 3181.2800,  3, 200.24, 17.539999999999964
 19083, 3191.4900,  3, 151.37, 27.795000000000073
 19148, 3211.7600,  1, -191.75, 6.670000000000073
 19208, 3218.0100,  3, 221.34, 12.889999999999873
 19211, 3218.3200,  3, 212.13, 13.184999999999945
 19212, 3218.4250,  3, 220.25, 13.299999999999727
 19227, 3219.9900,  3, 210.93, 14.849999999999909
 19231, 3220.4050,  3, 204.50, 15.2199999999998
 19231, 3220.4050,  3, 200.33, 15.2199999999998
 19242, 3221.5500,  3, 201.03, 16.434999999999945
 19285, 3226.0300,  3, 186.26, 20.894999999999982
 19291, 3226.6550,  3, 177.63, 21.460000000000036
 19437, 3255.8000,  3, 204.70, 15.079999999999927
 19439, 3256.0100,  3, 210.11, 15.279999999999745
 19442, 3256.3200,  3, 213.05, 15.61999999999989
 19450, 3257.1550,  3, 205.63, 16.36499999999978
 19453, 3257.4650,  3, 205.06, 16.764999999999873
 19467, 3258.9250,  3, 190.85, 18.184999999999945
 19477, 3259.9650,  3, 192.34, 19.235000000000127
 19486, 3260.9050,  3, 184.86, 20.154999999999745
 19488, 3261.1150,  3, 194.57, 20.414999999999964
 19489, 3261.2150,  3, 193.66, 20.424999999999727
 19549, 3282.4450,  1, -197.08, 6.1550000000002
 19550, 3282.5500,  1, -193.75, 6.260000000000218
 19555, 3283.0700,  1, -201.25, 6.7800000000002
 19566, 3284.2150,  1, -198.15, 7.925000000000182
 19602, 3287.9650,  1, -204.87, 11.675000000000182
 19646, 3292.5500,  1, -232.47, 16.26000000000022
 19676, 3295.6750,  3, 198.07, 19.284999999999854
 19677, 3295.7800,  1, -245.89, 19.490000000000236
 19732, 3301.5100,  3, 169.08, 25.170000000000073
 20004, 3343.5500,  1, -203.97, 8.860000000000127
 20036, 3346.8850,  1, -217.49, 12.195000000000164
 20053, 3348.6550,  3, 220.92, 13.875
 20055, 3348.8650,  3, 214.70, 14.134999999999764
 20066, 3350.0100,  3, 201.60, 15.264999999999873
 20107, 3354.2800,  3, 182.33, 19.519999999999982
 20179, 3361.7800,  3, 155.10, 27.014999999999873
 20186, 3362.5100,  3, 158.89, 27.799999999999727
 20215, 3365.5300,  3, 155.43, 30.795000000000073
 20327, 3377.1950,  3, 118.98, 42.42000000000007
 20408, 3400.5100,  1, -210.11, 8.345000000000255
 20501, 3410.1950,  3, 174.86, 17.940000000000055
 20567, 3417.0700,  3, 165.58, 24.824999999999818
 20572, 3417.5900,  3, 158.36, 25.414999999999964
 20582, 3418.6350,  3, 158.26, 26.38000000000011
 20591, 3419.5700,  3, 147.11, 27.340000000000146
 20592, 3419.6750,  3, 133.60, 27.460000000000036
 20603, 3420.8200,  3, 157.05, 28.595000000000255
 20608, 3421.3400,  3, 147.73, 29.090000000000146
 20790, 3440.3000,  3, 99.75, 48.04500000000007
 20855, 3461.7800,  1, -196.69, 6.675000000000182
 20894, 3465.8400,  1, -201.24, 10.735000000000127
 20930, 3469.5900,  3, 206.90, 14.429999999999836
 20948, 3471.4650,  3, 193.44, 16.340000000000146
 20950, 3471.6750,  3, 193.21, 16.48999999999978
 20952, 3471.8850,  3, 192.20, 16.77500000000009
 20952, 3471.8850,  3, 194.74, 16.699999999999818
 20956, 3472.3000,  3, 198.01, 17.179999999999836
 20969, 3473.6550,  3, 197.62, 18.465000000000146
 20978, 3474.5900,  3, 190.64, 19.409999999999854
 21031, 3493.9050,  1, -193.72, 5.420000000000073
 21068, 3497.7600,  1, -223.71, 9.275000000000091
 21070, 3497.9650,  1, -221.68, 9.480000000000018
 21131, 3504.3200,  3, 209.02, 15.809999999999945
 21134, 3504.6350,  1, -229.55, 16.15000000000009
 21148, 3506.0900,  1, -261.42, 17.605000000000018
 21165, 3507.8650,  1, -273.62, 19.379999999999654
 21205, 3512.0300,  1, -319.75, 23.545000000000073
 21231, 3514.7400,  3, 156.02, 26.190000000000055
 21283, 3520.1550,  3, 147.18, 31.59999999999991
 21385, 3544.7600,  1, -203.77, 10.520000000000437
 21412, 3547.5700,  3, 203.60, 13.265000000000327
 21416, 3547.9900,  1, -214.01, 13.75
 21426, 3549.0300,  3, 214.72, 14.695000000000164
 21431, 3549.5500,  3, 208.59, 15.2800000000002
 21441, 3550.5900,  1, -223.36, 16.350000000000364
 21454, 3551.9450,  3, 195.88, 17.690000000000055
 21457, 3552.2600,  3, 196.90, 17.940000000000055
 21479, 3554.5500,  3, 197.10, 20.26000000000022
 21528, 3559.6550,  3, 173.45, 25.390000000000327
 21647, 3586.1350,  1, -205.54, 12.295000000000073
 21660, 3587.4900,  1, -214.54, 13.649999999999636
 21681, 3589.6750,  3, 204.87, 15.734999999999673
 21700, 3591.6550,  3, 190.17, 17.734999999999673
 21701, 3591.7600,  3, 201.85, 17.899999999999636
 21709, 3592.5900,  3, 195.50, 18.704999999999927
 21715, 3593.2150,  3, 199.02, 19.355000000000018
 21745, 3596.3400,  3, 187.28, 22.434999999999945
 21748, 3596.6550,  3, 176.20, 22.71499999999969
 21923, 3628.7800,  1, -196.45, 7.705000000000382
 21976, 3634.3000,  3, 208.67, 13.215000000000146
 21979, 3634.6150,  1, -218.98, 13.539999999999964
 21996, 3636.3850,  3, 201.67, 15.240000000000236
 22006, 3637.4250,  3, 196.39, 16.335000000000036
 22025, 3639.4050,  3, 202.36, 18.3100000000004
 22036, 3640.5500,  3, 192.47, 19.4050000000002
 22050, 3642.0100,  3, 181.54, 20.835000000000036
 22057, 3642.7400,  3, 162.76, 21.595000000000255
 22066, 3643.6750,  3, 182.97, 22.595000000000255
 22165, 3667.5900,  1, -204.77, 10.204999999999927
 22185, 3669.6750,  3, 223.30, 12.279999999999745
 22192, 3670.4050,  1, -216.84, 13.019999999999982
 22193, 3670.5100,  3, 220.18, 13.029999999999745
 22208, 3672.0700,  3, 209.39, 14.614999999999782
 22218, 3673.1150,  3, 209.44, 15.7199999999998
 22221, 3673.4250,  3, 211.88, 16.029999999999745
 22226, 3673.9450,  3, 204.57, 16.479999999999563
 22263, 3677.8000,  3, 180.75, 20.329999999999927
 22264, 3677.9050,  3, 185.43, 20.46499999999969
 22347, 3700.1950,  1, -206.30, 8.545000000000073
 22352, 3700.7150,  1, -204.17, 9.065000000000055
 22371, 3702.6950,  3, 226.45, 10.99499999999989
 22380, 3703.6350,  1, -222.63, 11.985000000000127
 22412, 3706.9650,  3, 203.16, 15.239999999999782
 22412, 3706.9650,  3, 204.55, 15.299999999999727
 22416, 3707.3850,  3, 207.63, 15.670000000000073
 22442, 3710.0900,  3, 194.07, 18.40000000000009
 22707, 3751.3000,  1, -201.61, 10.110000000000127
 22726, 3753.2800,  3, 231.07, 12.054999999999836
 22730, 3753.6950,  3, 219.18, 12.414999999999964
 22739, 3754.6350,  3, 212.19, 13.400000000000091
 22744, 3755.1550,  3, 219.57, 13.949999999999818
 22763, 3757.1350,  3, 211.86, 15.849999999999909
 22763, 3757.1350,  1, -224.16, 15.945000000000164
 22767, 3757.5500,  3, 211.89, 16.309999999999945
 22768, 3757.6550,  3, 204.03, 16.420000000000073
 22780, 3758.9050,  3, 191.76, 17.634999999999764
 22866, 3781.3650,  1, -202.98, 8.859999999999673
 22868, 3781.5700,  1, -199.23, 9.065000000000055
 22879, 3782.7150,  1, -202.80, 10.210000000000036
 22896, 3784.4900,  3, 214.31, 11.934999999999945
 22915, 3786.4650,  3, 211.78, 13.889999999999873
 22920, 3786.9900,  3, 208.11, 14.429999999999836
 22926, 3787.6150,  3, 213.67, 15.0949999999998
 22928, 3787.8200,  3, 212.59, 15.25500000000011
 22937, 3788.7600,  3, 205.22, 16.24499999999989
 22946, 3789.6950,  3, 205.72, 17.159999999999854
 23060, 3815.0500,  1, -226.42, 11.775000000000091
 23079, 3817.0300,  1, -226.85, 13.75500000000011
 23105, 3819.7400,  3, 193.29, 16.424999999999727
 23108, 3820.0500,  3, 204.54, 16.690000000000055
 23112, 3820.4650,  3, 198.56, 17.139999999999873
 23123, 3821.6150,  3, 181.86, 18.335000000000036
 23125, 3821.8200,  3, 201.28, 18.44499999999971
 23126, 3821.9250,  3, 193.62, 18.605000000000018
 23126, 3821.9250,  3, 194.02, 18.549999999999727
 23467, 3871.4900,  3, 203.83, 12.894999999999982
 23467, 3871.4900,  3, 218.64, 12.825000000000273
 23474, 3872.2150,  3, 214.18, 13.610000000000127
 23480, 3872.8400,  3, 210.11, 14.240000000000236
 23481, 3872.9450,  3, 206.67, 14.360000000000127
 23487, 3873.5700,  3, 217.50, 15.00500000000011
 23487, 3873.5700,  3, 222.69, 14.974999999999909
 23491, 3873.9900,  3, 212.24, 15.394999999999982
 23492, 3874.0900,  3, 202.19, 15.50500000000011
 23747, 3914.3850,  3, 221.98, 11.379999999999654
 23758, 3915.5300,  3, 218.92, 12.559999999999945
 23762, 3915.9450,  3, 222.32, 12.989999999999782
 23774, 3917.1950,  3, 207.01, 14.24499999999989
 23779, 3917.7150,  3, 209.56, 14.754999999999654
 23786, 3918.4450,  3, 207.76, 15.509999999999764
 23792, 3919.0700,  3, 201.82, 16.085000000000036
 23799, 3919.8000,  3, 194.50, 16.829999999999927
 23803, 3920.2150,  3, 196.32, 17.234999999999673
 23828, 3922.8200,  3, 185.86, 19.835000000000036
 23890, 3943.2800,  1, -188.11, 6.3650000000002365
 23907, 3945.0500,  1, -200.32, 8.135000000000218
 23943, 3948.8000,  1, -206.14, 11.885000000000218
 23967, 3951.3000,  3, 211.87, 14.38000000000011
 23975, 3952.1350,  3, 212.61, 15.215000000000146
 23984, 3953.0700,  3, 216.68, 16.125
 23999, 3954.6350,  3, 196.06, 17.690000000000055
 24003, 3955.0500,  3, 195.38, 18.11999999999989
 24077, 3962.7600,  3, 111.45, 25.815000000000055
 24081, 3963.1750,  3, 165.83, 26.204999999999927
 24220, 3991.4900,  3, 217.15, 14.289999999999964
 24229, 3992.4250,  3, 199.99, 15.24499999999989
 24233, 3992.8400,  3, 200.36, 15.724999999999909
 24241, 3993.6750,  3, 199.13, 16.514999999999873
 24273, 3997.0100,  3, 190.51, 19.840000000000146
 24275, 3997.2150,  1, -195.66, 20.115000000000236
 24282, 3997.9450,  1, -281.88, 20.845000000000255
 24303, 4000.1350,  3, 176.58, 22.950000000000273
 24308, 4000.6550,  3, 181.81, 23.460000000000036
 24335, 4003.4650,  3, 164.06, 26.34999999999991
 24420, 4026.4650,  1, -210.63, 8.75500000000011
 24423, 4026.7800,  1, -203.07, 9.070000000000164
 24459, 4030.5300,  1, -221.32, 12.820000000000164
 24478, 4032.5100,  3, 202.44, 14.704999999999927
 24512, 4036.0500,  3, 199.79, 18.25500000000011
 24514, 4036.2600,  3, 198.87, 18.485000000000127
 24569, 4041.9900,  3, 63.99, 24.27500000000009
 24576, 4042.7150,  3, 171.57, 24.965000000000146
 24577, 4042.8200,  3, 184.60, 25.065000000000055
 24820, 4081.9450,  1, -207.53, 10.110000000000127
 24835, 4083.5100,  3, 223.52, 11.664999999999964
 24843, 4084.3400,  3, 212.03, 12.404999999999745
 24863, 4086.4250,  3, 206.65, 14.514999999999873
 24887, 4088.9250,  3, 189.21, 17.039999999999964
 24893, 4089.5500,  3, 197.93, 17.675000000000182
 24895, 4089.7600,  1, -251.17, 17.925000000000182
 24904, 4090.6950,  3, 192.41, 18.84999999999991
 24908, 4091.1150,  1, -295.04, 19.279999999999745
 25003, 4100.9200,  1, -332.75, 29.085000000000036
 25081, 4122.9200,  1, -204.88, 7.875
 25128, 4127.7250,  3, 218.67, 12.654999999999745
 25146, 4129.5700,  3, 210.15, 14.489999999999782
 25154, 4130.3850,  3, 212.07, 15.265000000000327
 25164, 4131.4100,  1, -227.67, 16.36499999999978
 25179, 4132.9450,  3, 197.20, 17.835000000000036
 25186, 4133.6600,  3, 199.96, 18.604999999999563
 25196, 4134.6800,  3, 189.39, 19.609999999999673
 25214, 4136.5200,  3, 183.47, 21.38500000000022
 25224, 4137.5450,  3, 180.67, 22.420000000000073
 25344, 4163.5850,  1, -221.34, 12.170000000000073
 25372, 4166.4500,  1, -219.19, 15.034999999999854
 25378, 4167.0600,  3, 206.07, 15.625
 25379, 4167.1650,  3, 215.52, 15.739999999999782
 25380, 4167.2650,  3, 207.16, 15.8149999999996
 25385, 4167.7800,  3, 203.21, 16.340000000000146
 25405, 4169.8250,  3, 202.28, 18.340000000000146
 25435, 4172.8900,  3, 191.68, 21.460000000000036
 25445, 4173.9150,  3, 191.43, 22.475000000000364
 25461, 4175.5500,  3, 176.58, 24.034999999999854
 25562, 4199.6650,  1, -215.03, 10.229999999999563
 25621, 4205.7000,  3, 207.42, 16.25
 25623, 4205.9050,  3, 213.41, 16.36499999999978
 25627, 4206.3100,  3, 205.12, 16.859999999999673
 25632, 4206.8250,  3, 205.41, 17.36999999999989
 25642, 4207.8450,  3, 203.89, 18.404999999999745
 25652, 4208.8700,  3, 187.06, 19.409999999999854
 25662, 4209.8900,  3, 181.23, 20.389999999999418
 25699, 4213.6750,  3, 177.54, 24.234999999999673
 25909, 4249.2500,  1, -191.38, 10.024999999999636
 25934, 4251.8050,  3, 225.31, 12.49499999999989
 25939, 4252.3200,  3, 217.68, 13.019999999999527
 25940, 4252.4200,  3, 224.97, 13.174999999999272
 25942, 4252.6250,  3, 217.99, 13.36999999999989
 25962, 4254.6700,  3, 208.80, 15.384999999999309
 25981, 4256.6150,  3, 198.06, 17.299999999999272
 25985, 4257.0200,  3, 204.40, 17.75999999999931
 25990, 4257.5350,  3, 195.19, 18.214999999999236
 26012, 4259.7850,  3, 179.90, 20.479999999999563
 26160, 4288.6400,  1, -219.11, 15.030000000000655
 26176, 4290.2800,  3, 205.48, 16.600000000000364
 26182, 4290.8900,  1, -234.12, 17.280000000000655
 26185, 4291.2000,  3, 193.28, 17.535000000000764
 26202, 4292.9350,  3, 204.22, 19.300000000000182
 26209, 4293.6550,  3, 196.94, 20.035000000000764
 26210, 4293.7550,  3, 185.44, 20.05500000000029
 26223, 4295.0850,  3, 183.36, 21.410000000000764
 26233, 4296.1100,  3, 188.59, 22.44000000000051
 26243, 4297.1300,  3, 184.61, 23.420000000000073
 26388, 4325.7500,  3, 216.50, 14.6850000000004
 26400, 4326.9750,  3, 205.74, 15.920000000000073
 26412, 4328.2050,  3, 202.96, 17.13000000000011
 26412, 4328.2050,  3, 175.39, 17.085000000000036
 26414, 4328.4100,  3, 206.83, 17.355000000000473
 26419, 4328.9200,  3, 206.47, 17.795000000000073
 26431, 4330.1450,  3, 200.04, 19.110000000000582
 26434, 4330.4550,  3, 201.30, 19.38000000000011
 26438, 4330.8650,  3, 183.72, 19.785000000000764
 26458, 4332.9100,  3, 194.04, 21.795000000000073
 26516, 4352.6800,  1, -186.10, 5.829999999999927
 26557, 4356.8750,  1, -216.38, 10.024999999999636
 26565, 4357.6950,  1, -217.52, 10.844999999999345
 26588, 4360.0450,  1, -211.90, 13.194999999999709
 26645, 4365.8750,  3, 194.58, 19.014999999999418
 26654, 4366.7950,  3, 187.83, 19.920000000000073
 26679, 4369.3500,  3, 170.58, 22.464999999999236
 26691, 4370.5800,  3, 173.41, 23.719999999999345
 26724, 4373.9550,  3, 167.72, 27.06999999999971
 26739, 4375.4900,  3, 161.23, 28.534999999999854
 26867, 4402.1950,  1, -206.36, 12.989999999999782
 26887, 4404.2400,  3, 213.46, 15.020000000000437
 26890, 4404.5450,  3, 210.53, 15.260000000000218
 26890, 4404.5450,  3, 212.53, 15.24499999999989
 26900, 4405.5700,  3, 206.05, 16.265000000000327
 26902, 4405.7700,  3, 206.56, 16.515000000000327
 26905, 4406.0800,  3, 204.38, 16.824999999999818
 26907, 4406.2850,  3, 203.28, 16.975000000000364
 26940, 4409.6600,  3, 181.55, 20.44499999999971
 26979, 4413.6450,  3, 172.69, 24.43000000000029
 27102, 4440.1400,  3, 219.01, 12.470000000000255
 27109, 4440.8600,  1, -214.34, 13.194999999999709
 27120, 4441.9850,  3, 210.04, 14.25
 27133, 4443.3100,  3, 204.70, 15.550000000000182
 27135, 4443.5150,  3, 191.96, 15.8100000000004
 27142, 4444.2350,  3, 197.23, 16.5600000000004
 27147, 4444.7450,  1, -281.95, 17.079999999999927
 27450, 4475.7350,  3, 87.93, 48.039999999999964
 27452, 4475.9350,  3, 91.58, 48.26500000000033
 27454, 4476.1400,  1, -330.21, 48.475000000000364
 27581, 4503.0950,  3, 216.26, 12.760000000000218
 27639, 4509.0300,  3, 181.70, 18.655000000000655
 27642, 4509.3350,  3, 176.50, 18.920000000000073
 27683, 4513.5300,  3, 161.24, 23.205000000000837
 27688, 4514.0400,  3, 170.64, 23.705000000000837
 27736, 4518.9500,  3, 171.79, 28.605000000000473
 27856, 4531.2200,  3, 108.82, 40.85500000000047
 27860, 4531.6300,  3, 106.29, 41.23000000000047
 27867, 4532.3450,  3, 107.30, 41.9950000000008
 27896, 4535.3100,  3, 98.41, 44.94500000000062
 27955, 4555.1350,  1, -193.09, 5.930000000000291
 27996, 4559.3300,  1, -181.97, 10.125
 28023, 4562.0900,  3, 203.96, 12.800000000000182
 28065, 4566.3850,  3, 182.92, 17.100000000000364
 28067, 4566.5900,  3, 194.17, 17.324999999999818
 28081, 4568.0200,  3, 200.05, 18.76000000000022
 28086, 4568.5350,  3, 196.76, 19.31500000000051
 28087, 4568.6350,  3, 183.15, 19.38500000000022
 28106, 4570.5800,  1, -254.46, 21.375
 28157, 4575.7950,  3, 155.74, 26.534999999999854
 28305, 4605.5150,  3, 215.31, 14.965000000000146
 28308, 4605.8250,  3, 214.72, 15.235000000000582
 28333, 4608.3800,  3, 200.09, 17.855000000000473
 28355, 4610.6300,  3, 188.79, 20.06500000000051
 28359, 4611.0400,  3, 193.06, 20.535000000000764
 28362, 4611.3450,  3, 181.23, 20.835000000000036
 28365, 4611.6550,  3, 185.51, 21.11999999999989
 28380, 4613.1850,  3, 185.81, 22.605000000000473
 28393, 4614.5150,  3, 167.82, 23.985000000000582
 28397, 4614.9250,  3, 175.71, 24.425000000000182
 28541, 4643.3500,  1, -205.94, 14.625
 28561, 4645.3950,  1, -229.32, 16.670000000000073
 28584, 4647.7500,  1, -300.03, 19.024999999999636
 28587, 4648.0550,  1, -245.36, 19.329999999999927
 28596, 4648.9750,  3, 186.53, 20.23999999999978
 28656, 4655.1150,  3, 153.04, 26.30999999999949
 28659, 4655.4200,  3, 139.72, 26.670000000000073
 28758, 4665.5450,  3, 131.84, 36.79500000000007
 28763, 4666.0550,  3, 110.10, 37.26499999999942
 28829, 4672.8050,  3, 112.27, 43.98499999999967
 28937, 4697.9600,  1, -201.01, 10.944999999999709
 28979, 4702.2550,  1, -222.04, 15.239999999999782
 29006, 4705.0150,  1, -198.47, 18.0
 29013, 4705.7350,  1, -242.54, 18.719999999999345
 29014, 4705.8350,  1, -306.82, 18.81999999999971
 29026, 4707.0600,  3, 190.10, 20.019999999999527
 29059, 4710.4350,  1, -274.18, 23.420000000000073
 29064, 4710.9500,  3, 170.78, 23.849999999999454
 29096, 4714.2200,  3, 169.27, 27.11499999999978
 29166, 4721.3800,  3, 124.70, 34.26499999999942
 29238, 4742.5900,  1, -202.29, 7.260000000000218
 29256, 4744.4300,  1, -198.19, 9.100000000000364
 29261, 4744.9450,  1, -208.71, 9.614999999999782
 29323, 4751.2850,  3, 173.97, 15.855000000000473
 29348, 4753.8400,  3, 188.05, 18.44000000000051
 29361, 4755.1700,  3, 194.33, 19.835000000000036
 29367, 4755.7850,  3, 184.96, 20.36499999999978
 29407, 4759.8750,  1, -257.09, 24.545000000000073
 29458, 4765.0900,  3, 149.15, 29.6850000000004
 29488, 4768.1600,  3, 145.38, 32.73499999999967
 29587, 4792.0350,  1, -208.86, 10.024999999999636
 29638, 4797.2500,  1, -248.44, 15.239999999999782
 29643, 4797.7600,  3, 204.89, 15.670000000000073
 29698, 4803.3850,  3, 191.33, 21.30999999999949
 29713, 4804.9200,  3, 184.43, 22.835000000000036
 29717, 4805.3300,  3, 179.79, 23.215000000000146
 29734, 4807.0700,  3, 167.14, 24.98999999999978
 29779, 4811.6700,  3, 165.87, 29.594999999999345
 29848, 4818.7250,  1, -305.36, 36.715000000000146
 29909, 4824.9650,  1, -313.17, 42.95499999999993
 30016, 4849.7400,  1, -196.79, 10.840000000000146
 30019, 4850.0450,  1, -213.71, 11.145000000000437
 30037, 4851.8850,  1, -212.43, 12.985000000000582
 30076, 4855.8750,  3, 199.43, 16.9350000000004
 30080, 4856.2850,  1, -247.47, 17.38500000000022
 30119, 4860.2700,  1, -227.12, 21.3700000000008
 30132, 4861.6000,  3, 185.91, 22.640000000000327
 30214, 4869.9900,  3, 156.63, 31.085000000000036
 30269, 4875.6150,  1, -293.77, 36.715000000000146
 30305, 4879.2950,  3, 126.03, 40.29500000000007
 30435, 4906.0900,  3, 221.88, 13.174999999999272
 30443, 4906.9100,  3, 207.97, 14.0
 30445, 4907.1150,  3, 217.76, 14.199999999999818
 30447, 4907.3200,  3, 215.47, 14.319999999999709
 30449, 4907.5200,  3, 212.73, 14.55999999999949
 30456, 4908.2400,  3, 214.13, 15.2549999999992
 30457, 4908.3400,  3, 212.05, 15.375
 30478, 4910.4900,  3, 200.63, 17.50999999999931
 30582, 4921.1250,  3, 169.67, 28.149999999999636
 30733, 4950.5450,  1, -206.89, 10.020000000000437
 30792, 4956.5800,  1, -217.76, 16.05500000000029
 30800, 4957.3950,  3, 211.02, 16.825000000000728
 30815, 4958.9300,  3, 188.70, 18.36500000000069
 30815, 4958.9300,  3, 200.32, 18.395000000000437
 30826, 4960.0550,  3, 195.14, 19.44000000000051
 30828, 4960.2600,  3, 188.80, 19.710000000000036
 30841, 4961.5900,  3, 190.43, 20.975000000000364
 30864, 4963.9450,  3, 165.23, 23.32000000000062
 30895, 4967.1150,  3, 175.44, 26.579999999999927
 31015, 4993.1450,  1, -208.63, 12.165000000000873
 31030, 4994.6800,  3, 218.31, 13.6850000000004
 31039, 4995.6000,  1, -217.86, 14.6200000000008
 31039, 4995.6000,  3, 206.64, 14.605000000000473
 31040, 4995.7050,  3, 208.32, 14.665000000000873
 31041, 4995.8050,  3, 207.89, 14.735000000000582
 31046, 4996.3200,  3, 213.87, 15.31500000000051
 31060, 4997.7500,  3, 206.06, 16.735000000000582
 31062, 4997.9550,  3, 198.38, 16.915000000000873
 31068, 4998.5700,  3, 198.60, 17.55500000000029
 31189, 5024.6950,  1, -212.49, 12.274999999999636
 31194, 5025.2050,  3, 224.55, 12.75
 31197, 5025.5100,  3, 222.61, 13.029999999999745
 31218, 5027.6600,  3, 210.56, 15.175000000000182
 31236, 5029.5000,  3, 202.97, 17.039999999999964
 31238, 5029.7050,  1, -284.88, 17.284999999999854
 31259, 5031.8500,  3, 197.25, 19.38000000000011
 31269, 5032.8750,  3, 190.58, 20.38500000000022
 31276, 5033.5900,  3, 188.83, 21.104999999999563
 31484, 5054.8650,  3, 104.13, 42.39000000000033
 31601, 5080.7600,  3, 229.00, 11.820000000000618
 31653, 5086.0800,  3, 208.65, 17.105000000000473
 31660, 5086.7950,  3, 205.38, 17.86500000000069
 31664, 5087.2050,  3, 207.06, 18.230000000000473
 31695, 5090.3750,  3, 194.25, 21.390000000000327
 31697, 5090.5800,  3, 182.38, 21.575000000000728
 31737, 5094.6700,  3, 166.61, 25.765000000000327
 31745, 5095.4900,  3, 162.87, 26.5
 31748, 5095.7950,  3, 173.85, 26.8100000000004
 31752, 5096.2050,  3, 157.95, 27.289999999999964
 31908, 5126.3600,  3, 212.99, 15.805000000000291
 31990, 5134.7450,  3, 185.89, 24.154999999999745
 31993, 5135.0500,  3, 165.17, 24.519999999999527
 31999, 5135.6650,  3, 185.13, 25.109999999999673
 32018, 5137.6100,  3, 174.06, 27.034999999999854
 32045, 5140.3700,  3, 150.59, 29.784999999999854
 32078, 5143.7450,  3, 145.20, 33.18499999999949
 32142, 5150.2900,  3, 112.24, 39.73999999999978
 32170, 5153.1550,  3, 109.41, 42.595000000000255
 32242, 5160.5150,  2, -152.94,  50
 32334, 5183.9950,  1, -191.90, 9.204999999999927
 32361, 5186.7550,  3, 227.91, 11.885000000000218
 32381, 5188.8000,  3, 199.42, 13.960000000000036
 32386, 5189.3100,  3, 213.34, 14.444999999999709
 32418, 5192.5850,  3, 204.77, 17.699999999999818
 32421, 5192.8900,  3, 193.70, 18.074999999999818
 32454, 5196.2650,  3, 181.50, 21.4350000000004
 32464, 5197.2900,  3, 176.51, 22.43000000000029
 32479, 5198.8250,  3, 185.26, 24.024999999999636
 32513, 5202.3000,  1, -278.22, 27.51000000000022
 32650, 5230.9450,  3, 220.03, 13.850000000000364
 32655, 5231.4550,  3, 214.34, 14.350000000000364
 32663, 5232.2700,  3, 213.32, 15.215000000000146
 32684, 5234.4200,  1, -211.67, 17.38500000000022
 32684, 5234.4200,  1, -237.38, 17.38500000000022
 32692, 5235.2400,  3, 201.30, 18.1850000000004
 32717, 5237.7950,  3, 195.09, 20.6850000000004
 32720, 5238.1000,  3, 188.20, 21.050000000000182
 32731, 5239.2250,  3, 181.20, 22.140000000000327
 32824, 5248.7400,  3, 157.68, 31.654999999999745
 32987, 5279.2600,  3, 198.39, 16.525000000000546
 32994, 5279.9750,  1, -246.46, 17.280000000000655
 32995, 5280.0800,  3, 208.42, 17.289999999999964
 33014, 5282.0200,  1, -247.20, 19.325000000000728
 33016, 5282.2250,  3, 190.85, 19.515000000000327
 33061, 5286.8300,  3, 183.22, 24.06500000000051
 33065, 5287.2400,  1, -250.37, 24.545000000000073
 33069, 5287.6450,  3, 184.79, 24.875
 33121, 5292.9650,  1, -270.38, 30.270000000000437
 33134, 5294.2950,  1, -322.75, 31.600000000000364
 33227, 5317.4450,  1, -198.54, 9.409999999999854
 33261, 5320.9200,  1, -219.19, 12.885000000000218
 33264, 5321.2250,  1, -230.72, 13.19000000000051
 33267, 5321.5350,  3, 216.09, 13.460000000000036
 33271, 5321.9450,  3, 211.22, 13.900000000000546
 33285, 5323.3750,  3, 202.31, 15.295000000000073
 33300, 5324.9100,  3, 193.91, 16.860000000000582
 33303, 5325.2150,  3, 196.56, 17.159999999999854
 33329, 5327.8750,  3, 192.63, 19.735000000000582
 33356, 5330.6350,  3, 169.17, 22.545000000000073
 33485, 5357.8200,  3, 217.54, 13.0
 33487, 5358.0200,  3, 222.40, 13.240000000000691
 33489, 5358.2250,  3, 217.13, 13.430000000000291
 33490, 5358.3300,  3, 218.71, 13.5
 33504, 5359.7600,  3, 218.46, 14.9950000000008
 33520, 5361.3950,  3, 203.60, 16.660000000000764
 33535, 5362.9300,  3, 195.53, 18.155000000000655
 33536, 5363.0350,  3, 198.58, 18.275000000000546
 33547, 5364.1600,  3, 193.64, 19.355000000000473
 33570, 5366.5100,  3, 189.69, 21.69500000000062
 33657, 5390.0850,  1, -209.30, 8.795000000000073
 33722, 5396.7350,  1, -218.05, 15.444999999999709
 33726, 5397.1400,  3, 210.59, 15.75500000000011
 33731, 5397.6550,  3, 201.89, 16.355000000000473
 33754, 5400.0050,  1, -224.13, 18.715000000000146
 33755, 5400.1100,  3, 190.54, 18.8149999999996
 33758, 5400.4150,  3, 197.40, 19.029999999999745
 33811, 5405.8350,  3, 181.09, 24.51000000000022
 33832, 5407.9850,  3, 162.17, 26.595000000000255
 33894, 5414.3250,  3, 143.29, 32.94999999999982
 34017, 5441.6650,  3, 216.02, 12.460000000000036
 34024, 5442.3800,  1, -210.60, 13.194999999999709
 34027, 5442.6850,  3, 218.23, 13.4399999999996
 34039, 5443.9150,  3, 216.54, 14.68499999999949
 34050, 5445.0400,  1, -233.14, 15.854999999999563
 34064, 5446.4700,  1, -278.94, 17.284999999999854
 34066, 5446.6750,  3, 212.20, 17.389999999999418
 34080, 5448.1100,  3, 197.28, 18.904999999999745
 34088, 5448.9250,  3, 192.81, 19.699999999999818
 34112, 5451.3800,  3, 190.90, 22.174999999999272
 34226, 5476.7800,  1, -212.50, 11.55999999999949
 34245, 5478.7200,  1, -209.56, 13.5
 34253, 5479.5400,  3, 218.63, 14.264999999999418
 34253, 5479.5400,  3, 216.24, 14.215000000000146
 34272, 5481.4850,  1, -232.32, 16.264999999999418
 34289, 5483.2200,  3, 209.18, 17.99499999999989
 34295, 5483.8350,  3, 200.43, 18.579999999999927
 34297, 5484.0400,  1, -214.63, 18.81999999999971
 34349, 5489.3600,  3, 174.50, 24.034999999999854
 34473, 5502.0400,  3, 133.28, 36.79500000000007
 34610, 5530.2400,  1, -229.46, 13.909999999999854
 34611, 5530.3400,  3, 209.04, 13.954999999999927
 34621, 5531.3650,  3, 219.32, 15.015000000000327
 34624, 5531.6700,  3, 207.98, 15.300000000000182
 34629, 5532.1800,  3, 211.28, 15.75
 34638, 5533.1000,  3, 204.04, 16.75500000000011
 34645, 5533.8200,  3, 212.91, 17.404999999999745
 34665, 5535.8650,  3, 190.11, 19.480000000000473
 34671, 5536.4750,  3, 191.09, 20.06500000000051
 34698, 5539.2400,  3, 185.44, 22.88500000000022
 34818, 5565.6100,  1, -201.02, 12.174999999999272
 34824, 5566.2200,  1, -211.73, 12.784999999999854
 34838, 5567.6550,  1, -211.24, 14.219999999999345
 34843, 5568.1650,  3, 213.14, 14.644999999999527
 34845, 5568.3700,  3, 213.15, 14.914999999999964
 34874, 5571.3350,  1, -240.38, 17.899999999999636
 34888, 5572.7650,  3, 197.57, 19.30999999999949
 34889, 5572.8700,  3, 198.32, 19.344999999999345
 34897, 5573.6850,  3, 195.86, 20.229999999999563
 34915, 5575.5300,  3, 184.28, 22.034999999999854
 35015, 5599.6250,  1, -196.13, 10.125
 35031, 5601.2600,  1, -202.71, 11.760000000000218
 35035, 5601.6700,  1, -203.61, 12.170000000000073
 35039, 5602.0800,  1, -209.37, 12.579999999999927
 35045, 5602.6950,  1, -219.96, 13.194999999999709
 35048, 5603.0000,  1, -215.05, 13.5
 35096, 5607.9100,  3, 200.04, 18.350000000000364
 35125, 5610.8750,  3, 167.61, 21.36999999999989
 35130, 5611.3850,  3, 189.15, 21.795000000000073
 35172, 5615.6800,  3, 168.15, 26.095000000000255
 35270, 5639.4350,  1, -209.79, 9.920000000000073
 35303, 5642.8100,  3, 212.68, 13.269999999999527
 35304, 5642.9150,  3, 200.99, 13.295000000000073
 35323, 5644.8600,  1, -223.34, 15.344999999999345
 35337, 5646.2900,  3, 197.84, 16.69499999999971
 35340, 5646.5950,  1, -233.93, 17.079999999999927
 35343, 5646.9050,  3, 197.24, 17.359999999999673
 35344, 5647.0050,  3, 199.25, 17.404999999999745
 35366, 5649.2550,  1, -240.67, 19.73999999999978
 35425, 5655.2900,  3, 166.31, 25.734999999999673
 35525, 5679.0500,  1, -194.22, 10.125
 35538, 5680.3800,  3, 228.63, 11.444999999999709
 35554, 5682.0150,  3, 222.26, 13.010000000000218
 35555, 5682.1200,  3, 223.17, 13.179999999999382
 35574, 5684.0600,  3, 219.76, 15.069999999999709
 35576, 5684.2650,  3, 210.53, 15.24499999999989
 35576, 5684.2650,  3, 202.95, 15.304999999999382
 35584, 5685.0850,  3, 216.75, 16.11999999999989
 35603, 5687.0300,  3, 207.52, 18.074999999999818
 35644, 5691.2200,  3, 191.89, 22.289999999999964
 35783, 5719.5800,  1, -252.95, 14.114999999999782
 35803, 5721.6250,  3, 212.18, 16.05500000000029
 35806, 5721.9300,  3, 207.91, 16.394999999999527
 35809, 5722.2400,  3, 214.26, 16.769999999999527
 35816, 5722.9550,  3, 197.53, 17.465000000000146
 35822, 5723.5700,  3, 209.68, 18.034999999999854
 35832, 5724.5900,  3, 192.93, 19.034999999999854
 35837, 5725.1000,  3, 192.03, 19.55500000000029
 35841, 5725.5100,  3, 194.52, 20.0
 35847, 5726.1250,  3, 190.51, 20.55999999999949
 35919, 5748.2400,  1, -198.56, 7.260000000000218
 35967, 5753.1450,  3, 222.41, 12.13000000000011
 35980, 5754.4750,  3, 209.01, 13.475000000000364
 36017, 5758.2600,  1, -218.51, 17.280000000000655
 36029, 5759.4900,  3, 193.91, 18.485000000000582
 36037, 5760.3050,  1, -252.96, 19.325000000000728
 36048, 5761.4300,  3, 196.69, 20.3700000000008
 36077, 5764.3950,  1, -248.06, 23.415000000000873
 36091, 5765.8300,  3, 178.03, 24.800000000000182
 36155, 5772.3750,  3, 151.87, 31.345000000000255
 36287, 5799.7050,  1, -238.13, 13.399999999999636
 36325, 5803.5900,  3, 197.89, 17.18499999999949
 36325, 5803.5900,  1, -235.64, 17.284999999999854
 36330, 5804.1000,  3, 189.99, 17.774999999999636
 36335, 5804.6150,  1, -237.05, 18.30999999999949
 36356, 5806.7600,  3, 179.54, 20.44499999999971
 36367, 5807.8850,  3, 178.78, 21.49499999999989
 36419, 5813.2050,  3, 166.32, 26.88000000000011
 36436, 5814.9450,  3, 175.37, 28.55999999999949
 36645, 5836.3200,  2, -197.70,  50
 36765, 5862.7550,  3, 232.62, 11.980000000000473
 36788, 5865.1100,  3, 215.64, 14.385000000000218
 36796, 5865.9250,  3, 211.36, 15.205000000000837
 36802, 5866.5400,  3, 198.47, 15.830000000000837
 36809, 5867.2550,  3, 208.82, 16.480000000000473
 36811, 5867.4600,  3, 198.86, 16.68000000000029
 36818, 5868.1750,  3, 205.43, 17.460000000000036
 36826, 5868.9950,  3, 199.41, 18.225000000000364
 36827, 5869.0950,  3, 196.47, 18.340000000000146
 36865, 5872.9850,  3, 185.49, 22.230000000000473
 36957, 5897.1600,  1, -205.33, 9.305000000000291
 36993, 5900.8400,  3, 215.66, 12.950000000000728
 37003, 5901.8650,  3, 214.56, 13.950000000000728
 37020, 5903.6000,  3, 205.59, 15.650000000000546
 37041, 5905.7500,  3, 205.89, 17.88000000000011
 37047, 5906.3650,  3, 195.49, 18.5
 37055, 5907.1800,  3, 192.76, 19.300000000000182
 37093, 5911.0700,  1, -268.55, 23.215000000000146
 37126, 5914.4450,  3, 173.15, 26.585000000000036
 37130, 5914.8500,  3, 165.89, 26.925000000000182
 37270, 5944.1000,  1, -209.82, 14.215000000000146
 37290, 5946.1450,  3, 207.57, 16.17999999999938
 37292, 5946.3500,  3, 208.44, 16.4399999999996
 37292, 5946.3500,  3, 208.18, 16.420000000000073
 37301, 5947.2700,  3, 207.09, 17.38000000000011
 37311, 5948.2950,  3, 199.45, 18.344999999999345
 37320, 5949.2150,  3, 191.76, 19.234999999999673
 37329, 5950.1350,  3, 192.93, 20.164999999999964
 37370, 5954.3300,  3, 175.51, 24.425000000000182
 37527, 5970.3850,  3, 119.73, 40.404999999999745
 37618, 5993.6650,  1, -204.79, 9.204999999999927
 37627, 5994.5850,  1, -208.99, 10.125
 37675, 5999.4950,  3, 200.86, 14.989999999999782
 37676, 5999.5950,  1, -215.91, 15.135000000000218
 37686, 6000.6200,  3, 200.21, 16.085000000000036
 37686, 6000.6200,  3, 200.88, 16.11999999999989
 37688, 6000.8250,  3, 204.93, 16.26000000000022
 37691, 6001.1300,  3, 190.89, 16.654999999999745
 37696, 6001.6400,  3, 188.24, 17.154999999999745
 37697, 6001.7450,  1, -227.74, 17.284999999999854
 37796, 6026.6250,  1, -196.59, 10.024999999999636
 37857, 6032.8650,  1, -232.20, 16.264999999999418
 37862, 6033.3750,  1, -229.90, 16.774999999999636
 37899, 6037.1600,  1, -281.55, 20.55999999999949
 37933, 6040.6350,  3, 181.40, 24.00999999999931
 37938, 6041.1450,  3, 185.41, 24.5
 37952, 6042.5800,  3, 170.21, 25.8799999999992
 37975, 6044.9300,  3, 154.47, 28.25
 37992, 6046.6700,  3, 160.30, 30.00999999999931
 38073, 6054.9550,  3, 129.56, 38.25
 38246, 6086.4050,  3, 199.41, 17.48999999999978
 38273, 6089.1650,  3, 190.09, 20.344999999999345
 38282, 6090.0850,  3, 178.90, 21.18499999999949
 38316, 6093.5600,  1, -245.54, 24.75
 38365, 6098.5750,  3, 160.69, 29.69499999999971
 38382, 6100.3100,  1, -275.84, 31.5
 38460, 6108.2900,  1, -313.44, 39.47999999999956
 38467, 6109.0050,  3, 127.63, 40.11499999999978
 38501, 6112.4850,  3, 102.08, 43.57499999999982
 38563, 6118.8250,  2, -140.94,  50
 38670, 6144.6550,  1, -209.21, 10.739999999999782
 38701, 6147.8250,  3, 211.74, 13.864999999999782
 38703, 6148.0300,  3, 208.58, 14.050000000000182
 38710, 6148.7450,  1, -214.65, 14.829999999999927
 38712, 6148.9500,  1, -220.70, 15.034999999999854
 38715, 6149.2550,  3, 216.43, 15.24499999999989
 38729, 6150.6850,  3, 212.59, 16.73999999999978
 38738, 6151.6100,  3, 203.88, 17.640000000000327
 38758, 6153.6550,  3, 193.31, 19.704999999999927
 38779, 6155.8000,  3, 170.26, 21.88000000000011
 38850, 6176.8800,  1, -197.57, 7.1599999999998545
 38894, 6181.3800,  3, 217.71, 11.644999999999527
 38913, 6183.3250,  1, -223.52, 13.604999999999563
 38921, 6184.1400,  3, 212.67, 14.389999999999418
 38944, 6186.4950,  3, 196.53, 16.675000000000182
 38955, 6187.6200,  1, -234.31, 17.899999999999636
 38959, 6188.0300,  3, 200.25, 18.30499999999938
 38989, 6191.0950,  3, 188.25, 21.284999999999854
 39015, 6193.7550,  1, -287.92, 24.034999999999854
 39090, 6201.4250,  3, 179.08, 31.670000000000073
 39226, 6230.2850,  1, -210.26, 13.805000000000291
 39228, 6230.4900,  3, 216.20, 13.94000000000051
 39232, 6230.8950,  3, 211.28, 14.320000000000618
 39242, 6231.9200,  3, 200.69, 15.375
 39259, 6233.6600,  3, 201.31, 17.165000000000873
 39268, 6234.5800,  1, -243.57, 18.100000000000364
 39280, 6235.8050,  3, 195.21, 19.24000000000069
 39329, 6240.8200,  3, 177.19, 24.25
 39432, 6251.3500,  3, 136.90, 34.8100000000004
 39512, 6259.5350,  3, 115.49, 42.9950000000008
 39570, 6279.2150,  1, -191.23, 5.829999999999927
 39652, 6287.6000,  3, 206.25, 14.154999999999745
 39665, 6288.9300,  1, -229.84, 15.545000000000073
 39665, 6288.9300,  3, 205.35, 15.539999999999964
 39691, 6291.5900,  1, -239.62, 18.204999999999927
 39703, 6292.8200,  3, 191.17, 19.344999999999345
 39744, 6297.0100,  1, -255.76, 23.625
 39755, 6298.1350,  3, 161.73, 24.69499999999971
 39759, 6298.5450,  1, -274.80, 25.159999999999854
 40006, 6338.6550,  1, -202.44, 6.854999999999563
 40058, 6343.9700,  1, -232.38, 12.170000000000073
 40077, 6345.9150,  3, 211.89, 14.099999999999454
 40082, 6346.4250,  3, 208.33, 14.574999999999818
 40083, 6346.5300,  3, 209.54, 14.659999999999854
 40085, 6346.7350,  3, 200.17, 14.835000000000036
 40119, 6350.2100,  1, -232.76, 18.409999999999854
 40132, 6351.5400,  3, 185.85, 19.67999999999938
 40170, 6355.4250,  3, 165.50, 23.585000000000036
 40176, 6356.0400,  3, 175.96, 24.229999999999563
 40297, 6382.5000,  3, 226.43, 12.1899999999996
 40308, 6383.6250,  3, 210.09, 13.3799999999992
 40316, 6384.4450,  1, -200.36, 14.219999999999345
 40317, 6384.5450,  3, 213.72, 14.2549999999992
 40319, 6384.7500,  3, 223.31, 14.474999999999454
 40326, 6385.4650,  1, -217.78, 15.239999999999782
 40337, 6386.5900,  3, 194.55, 16.359999999999673
 40343, 6387.2050,  3, 209.55, 16.949999999999818
 40351, 6388.0200,  1, -226.67, 17.795000000000073
 40666, 6420.2400,  2, -148.56,  50
 40791, 6446.8450,  3, 225.95, 12.524999999999636
 40820, 6449.8100,  3, 204.17, 15.460000000000036
 40820, 6449.8100,  1, -249.23, 15.545000000000073
 40837, 6451.5500,  3, 202.80, 17.229999999999563
 40863, 6454.2100,  3, 193.58, 19.914999999999964
 40868, 6454.7200,  3, 183.24, 20.394999999999527
 40884, 6456.3600,  3, 180.46, 21.98999999999978
 40889, 6456.8700,  3, 189.83, 22.55499999999938
 40892, 6457.1750,  3, 179.73, 22.904999999999745
 40944, 6462.4950,  1, -285.34, 28.229999999999563
 41023, 6484.4850,  1, -204.67, 7.875
 41047, 6486.9350,  1, -192.33, 10.325000000000728
 41061, 6488.3700,  1, -210.99, 11.760000000000218
 41065, 6488.7800,  3, 224.56, 12.11999999999989
 41075, 6489.8000,  1, -208.73, 13.19000000000051
 41085, 6490.8250,  3, 215.94, 14.19000000000051
 41096, 6491.9500,  3, 216.09, 15.270000000000437
 41108, 6493.1750,  3, 206.42, 16.5600000000004
 41122, 6494.6100,  3, 204.57, 17.905000000000655
 41159, 6498.3900,  3, 179.84, 21.710000000000036
 41289, 6525.6200,  1, -208.86, 13.194999999999709
 41299, 6526.6400,  1, -234.63, 14.215000000000146
 41307, 6527.4600,  1, -216.22, 15.034999999999854
 41309, 6527.6650,  3, 204.25, 15.210000000000036
 41314, 6528.1750,  3, 210.42, 15.6899999999996
 41325, 6529.3000,  3, 206.40, 16.829999999999927
 41329, 6529.7100,  3, 205.80, 17.220000000000255
 41330, 6529.8100,  3, 201.85, 17.30499999999938
 41336, 6530.4250,  3, 209.62, 17.99499999999989
 41340, 6530.8350,  3, 206.19, 18.36499999999978
 41430, 6554.1800,  1, -207.69, 9.100000000000364
 41439, 6555.1000,  1, -224.06, 10.020000000000437
 41470, 6558.2700,  1, -220.92, 13.19000000000051
 41480, 6559.2950,  3, 218.69, 14.199999999999818
 41486, 6559.9100,  3, 215.08, 14.800000000000182
 41489, 6560.2150,  3, 209.87, 15.045000000000073
 41497, 6561.0350,  3, 205.52, 15.904999999999745
 41509, 6562.2600,  3, 199.75, 17.105000000000473
 41530, 6564.4100,  3, 189.78, 19.23999999999978
 41572, 6568.7050,  3, 168.31, 23.545000000000073
 41682, 6594.0450,  1, -203.78, 11.145000000000437
 41701, 6595.9900,  1, -217.05, 13.090000000000146
 41711, 6597.0100,  1, -217.36, 14.110000000000582
 41718, 6597.7250,  1, -231.55, 14.825000000000728
 41729, 6598.8500,  3, 199.81, 15.88000000000011
 41740, 6599.9750,  3, 191.64, 17.07000000000062
 41765, 6602.5350,  3, 180.07, 19.610000000000582
 41773, 6603.3500,  3, 188.61, 20.44500000000062
 41776, 6603.6600,  3, 190.70, 20.660000000000764
 41783, 6604.3750,  3, 182.46, 21.420000000000073
 41903, 6630.4500,  1, -222.10, 12.170000000000073
 41912, 6631.3700,  3, 224.22, 13.070000000000618
 41919, 6632.0850,  1, -233.32, 13.805000000000291
 41935, 6633.7200,  3, 198.27, 15.345000000000255
 41944, 6634.6400,  3, 198.93, 16.265000000000327
 41945, 6634.7450,  3, 194.59, 16.400000000000546
 41953, 6635.5600,  3, 199.85, 17.24000000000069
 41954, 6635.6650,  3, 208.69, 17.289999999999964
 41962, 6636.4850,  3, 199.88, 18.1850000000004
 41985, 6638.8350,  3, 188.45, 20.5
 42068, 6661.4500,  1, -204.97, 8.385000000000218
 42082, 6662.8800,  1, -221.63, 9.81500000000051
 42083, 6662.9850,  1, -221.79, 9.920000000000073
 42100, 6664.7200,  1, -216.63, 11.655000000000655
 42103, 6665.0300,  3, 226.33, 11.950000000000728
 42124, 6667.1750,  3, 212.05, 14.030000000000655
 42129, 6667.6850,  1, -222.50, 14.6200000000008
 42149, 6669.7350,  3, 197.89, 16.650000000000546
 42153, 6670.1400,  3, 207.34, 17.00500000000011
 42385, 6707.9200,  1, -207.62, 8.385000000000218
 42417, 6711.1950,  3, 220.07, 11.654999999999745
 42422, 6711.7050,  1, -231.95, 12.170000000000073
 42450, 6714.5700,  3, 209.16, 14.989999999999782
 42450, 6714.5700,  3, 208.79, 14.980000000000473
 42453, 6714.8750,  3, 194.87, 15.239999999999782
 42468, 6716.4100,  3, 193.68, 16.775000000000546
 42533, 6723.0550,  3, 163.78, 23.454999999999927
 42557, 6725.5100,  3, 175.96, 25.9350000000004
 42693, 6739.4200,  3, 118.84, 39.81500000000051
 42792, 6763.6750,  1, -201.87, 10.020000000000437
 42806, 6765.1100,  1, -209.91, 11.454999999999927
 42834, 6767.9700,  3, 206.07, 14.235000000000582
 42844, 6768.9950,  3, 202.55, 15.289999999999964
 42869, 6771.5500,  3, 203.91, 17.80500000000029
 42884, 6773.0850,  3, 203.29, 19.340000000000146
 42892, 6773.9050,  3, 188.41, 20.19500000000062
 42893, 6774.0050,  1, -251.80, 20.350000000000364
 42912, 6775.9500,  3, 203.88, 22.24000000000069
 42923, 6777.0750,  3, 172.85, 23.414999999999964
 43020, 6801.0100,  1, -193.52, 9.81500000000051
 43023, 6801.3200,  1, -214.98, 10.125
 43064, 6805.5100,  3, 211.24, 14.3100000000004
 43076, 6806.7400,  3, 207.16, 15.470000000000255
 43078, 6806.9450,  3, 212.01, 15.740000000000691
 43084, 6807.5550,  3, 208.91, 16.265000000000327
 43085, 6807.6600,  3, 209.26, 16.390000000000327
 43098, 6808.9900,  3, 199.38, 17.715000000000146
 43104, 6809.6000,  3, 199.86, 18.350000000000364
 43166, 6815.9450,  3, 189.48, 24.6850000000004
 43248, 6838.2000,  1, -208.56, 8.284999999999854
 43254, 6838.8100,  1, -210.37, 8.895000000000437
 43256, 6839.0150,  1, -212.64, 9.100000000000364
 43288, 6842.2900,  3, 213.92, 12.289999999999964
 43294, 6842.9050,  3, 208.66, 12.9350000000004
 43311, 6844.6400,  3, 211.91, 14.625
 43339, 6847.5050,  3, 185.87, 17.579999999999927
 43368, 6850.4700,  3, 183.07, 20.5
 43378, 6851.4950,  3, 184.55, 21.484999999999673
 43397, 6853.4350,  3, 174.88, 23.460000000000036
 43480, 6876.1250,  1, -202.01, 8.385000000000218
 43518, 6880.0100,  3, 218.38, 12.25500000000011
 43536, 6881.8500,  3, 205.60, 14.020000000000437
 43536, 6881.8500,  3, 208.95, 14.030000000000655
 43542, 6882.4650,  3, 207.53, 14.675000000000182
 43554, 6883.6950,  3, 197.66, 15.909999999999854
 43556, 6883.8950,  3, 202.84, 16.13500000000022
 43566, 6884.9200,  3, 197.35, 17.150000000000546
 43598, 6888.1950,  3, 204.45, 20.44500000000062
 43608, 6889.2150,  3, 191.39, 21.400000000000546
 43739, 6916.5850,  3, 213.93, 13.199999999999818
 43741, 6916.7900,  3, 212.58, 13.404999999999745
 43745, 6917.2000,  3, 214.39, 13.86999999999989
 43754, 6918.1200,  3, 211.12, 14.8149999999996
 43766, 6919.3450,  3, 206.04, 16.00500000000011
 43777, 6920.4700,  3, 204.40, 17.11999999999989
 43819, 6924.7650,  3, 183.15, 21.390000000000327
 43837, 6926.6100,  1, -253.42, 23.31999999999971
 43847, 6927.6300,  3, 175.30, 24.300000000000182
 43869, 6929.8800,  3, 174.12, 26.579999999999927
 43939, 6950.5600,  1, -197.03, 7.055000000000291
 43940, 6950.6650,  1, -217.02, 7.1599999999998545
 43942, 6950.8700,  1, -196.05, 7.364999999999782
 43963, 6953.0150,  1, -209.00, 9.510000000000218
 43999, 6956.7000,  1, -219.19, 13.194999999999709
 43999, 6956.7000,  1, -220.35, 13.194999999999709
 44007, 6957.5150,  3, 213.04, 13.984999999999673
 44010, 6957.8250,  1, -222.84, 14.319999999999709
 44021, 6958.9500,  1, -211.84, 15.444999999999709
 44046, 6961.5050,  1, -244.30, 18.0
 44161, 6987.3600,  1, -215.86, 11.55999999999949
 44180, 6989.3000,  3, 205.58, 13.479999999999563
 44190, 6990.3250,  3, 208.68, 14.510000000000218
 44196, 6990.9350,  3, 201.96, 15.054999999999382
 44208, 6992.1650,  3, 195.35, 16.30999999999949
 44221, 6993.4950,  3, 200.63, 17.654999999999745
 44225, 6993.9050,  3, 180.47, 18.085000000000036
 44232, 6994.6200,  3, 191.82, 18.75500000000011
 44252, 6996.6650,  1, -237.03, 20.86499999999978
 44277, 6999.2200,  3, 173.79, 23.394999999999527
 44375, 7023.4600,  1, -212.39, 9.920000000000073
 44407, 7026.7350,  3, 216.30, 13.180000000000291
 44418, 7027.8600,  3, 212.73, 14.215000000000146
 44421, 7028.1650,  1, -222.27, 14.625
 44435, 7029.5950,  3, 208.42, 16.0
 44446, 7030.7200,  3, 194.22, 17.175000000000182
 44448, 7030.9250,  3, 196.63, 17.36499999999978
 44449, 7031.0300,  3, 196.14, 17.4350000000004
 44454, 7031.5400,  3, 195.21, 17.9350000000004
 44488, 7035.0150,  3, 175.52, 21.449999999999818
 44554, 7056.7600,  1, -195.97, 6.645000000000437
 44558, 7057.1700,  1, -226.66, 7.055000000000291
 44576, 7059.0100,  1, -213.41, 8.895000000000437
 44608, 7062.2850,  1, -240.13, 12.170000000000073
 44648, 7066.3750,  1, -225.57, 16.26000000000022
 44663, 7067.9100,  3, 190.95, 17.789999999999964
 44698, 7071.4900,  1, -282.02, 21.375
 44776, 7079.4650,  3, 149.08, 29.32000000000062
 44798, 7081.7150,  3, 131.95, 31.579999999999927
 44939, 7096.1350,  1, -328.51, 46.02000000000044
 45002, 7116.5900,  1, -189.69, 6.239999999999782
 45063, 7122.8300,  3, 226.86, 12.399999999999636
 45067, 7123.2400,  3, 221.75, 12.839999999999236
 45101, 7126.7150,  1, -229.70, 16.36499999999978
 45104, 7127.0200,  3, 201.82, 16.604999999999563
 45123, 7128.9650,  3, 199.76, 18.524999999999636
 45167, 7133.4650,  3, 189.41, 23.019999999999527
 45204, 7137.2500,  1, -273.97, 26.899999999999636
 45380, 7155.2500,  1, -354.54, 44.899999999999636
 45430, 7160.3650,  2, -152.74,  50
 45541, 7185.8600,  1, -198.72, 11.149999999999636
 45578, 7189.6400,  1, -229.60, 14.930000000000291
 45581, 7189.9500,  1, -251.98, 15.239999999999782
 45597, 7191.5850,  3, 193.36, 16.86499999999978
 45598, 7191.6850,  3, 204.61, 16.88000000000011
 45602, 7192.0950,  3, 200.99, 17.354999999999563
 45621, 7194.0400,  3, 198.84, 19.289999999999964
 45628, 7194.7550,  3, 184.51, 20.024999999999636
 45645, 7196.4950,  1, -254.17, 21.784999999999854
 45921, 7224.7200,  2, -141.96,  50
 46089, 7256.7500,  1, -236.70, 16.975000000000364
 46123, 7260.2250,  3, 196.05, 20.38000000000011
 46142, 7262.1700,  1, -263.30, 22.395000000000437
 46143, 7262.2700,  3, 185.36, 22.465000000000146
 46248, 7273.0100,  1, -290.65, 33.23500000000058
 46249, 7273.1150,  3, 149.04, 33.3100000000004
 46281, 7276.3850,  1, -298.44, 36.61000000000058
 46356, 7284.0550,  1, -323.10, 44.280000000000655
 46412, 7289.7850,  2, -123.27,  50
 46412, 7289.7850,  2, -145.54,  50
 46510, 7314.3100,  1, -208.34, 9.81500000000051
 46526, 7315.9500,  1, -219.64, 11.454999999999927
 46533, 7316.6650,  1, -248.37, 12.170000000000073
 46546, 7317.9950,  1, -204.96, 13.5
 46556, 7319.0150,  1, -229.47, 14.520000000000437
 46563, 7319.7350,  1, -225.61, 15.239999999999782
 46565, 7319.9350,  3, 203.95, 15.36999999999989
 46628, 7326.3800,  1, -240.62, 21.88500000000022
 46633, 7326.8900,  3, 179.30, 22.355000000000473
 46703, 7334.0500,  1, -272.20, 29.55500000000029
 46833, 7361.6150,  1, -247.89, 13.194999999999709
 46843, 7362.6350,  1, -243.00, 14.215000000000146
 46859, 7364.2700,  3, 211.17, 15.789999999999964
 46884, 7366.8300,  3, 191.57, 18.359999999999673
 46885, 7366.9300,  3, 199.02, 18.4399999999996
 46924, 7370.9200,  3, 169.53, 22.43499999999949
 46945, 7373.0700,  3, 166.67, 24.590000000000146
 46947, 7373.2700,  3, 179.74, 24.824999999999818
 46956, 7374.1950,  3, 157.86, 25.76000000000022
 47071, 7385.9550,  3, 151.14, 37.43000000000029
 47183, 7411.0200,  1, -219.46, 11.350000000000364
 47197, 7412.4550,  3, 220.36, 12.720000000000255
 47204, 7413.1700,  3, 217.71, 13.430000000000291
 47210, 7413.7850,  3, 208.16, 14.109999999999673
 47223, 7415.1150,  3, 215.91, 15.350000000000364
 47223, 7415.1150,  3, 205.58, 15.375
 47229, 7415.7250,  3, 204.88, 16.050000000000182
 47235, 7416.3400,  3, 202.41, 16.590000000000146
 47243, 7417.1600,  3, 208.28, 17.479999999999563
 47291, 7422.0700,  3, 173.69, 22.390000000000327
 47413, 7448.6000,  1, -209.43, 12.3700000000008
 47420, 7449.3200,  3, 220.65, 13.0
 47433, 7450.6450,  3, 214.42, 14.340000000000146
 47437, 7451.0550,  1, -241.29, 14.825000000000728
 47451, 7452.4900,  3, 201.08, 16.19500000000062
 47461, 7453.5100,  3, 197.17, 17.270000000000437
 47467, 7454.1250,  3, 201.51, 17.82000000000062
 47495, 7456.9900,  3, 184.80, 20.670000000000073
 47501, 7457.6000,  3, 177.00, 21.330000000000837
 47781, 7486.2400,  2, -127.09,  50
 47871, 7510.2400,  1, -204.29, 9.0
 47906, 7513.8200,  1, -200.54, 12.579999999999927
 47928, 7516.0700,  3, 212.48, 14.824999999999818
 47932, 7516.4750,  3, 214.78, 15.225000000000364
 47937, 7516.9900,  3, 215.41, 15.664999999999964
 47942, 7517.5000,  3, 209.34, 16.225000000000364
 47952, 7518.5200,  3, 199.05, 17.230000000000473
 47953, 7518.6250,  3, 199.02, 17.280000000000655
 47983, 7521.6950,  3, 192.77, 20.4350000000004
 47985, 7521.8950,  3, 190.25, 20.605000000000473
 48090, 7547.1600,  1, -206.33, 10.639999999999418
 48124, 7550.6350,  3, 218.62, 14.074999999999818
 48133, 7551.5550,  3, 211.37, 14.979999999999563
 48146, 7552.8850,  3, 197.68, 16.289999999999964
 48156, 7553.9100,  3, 208.38, 17.36499999999978
 48183, 7556.6700,  3, 186.99, 20.139999999999418
 48185, 7556.8750,  1, -271.86, 20.354999999999563
 48222, 7560.6600,  3, 174.73, 24.125
 48249, 7563.4200,  3, 175.17, 26.824999999999818
 48406, 7579.4750,  3, 110.26, 42.86999999999989
 48531, 7606.3050,  1, -225.32, 12.680000000000291
 48537, 7606.9200,  3, 219.78, 13.274999999999636
 48538, 7607.0200,  3, 213.81, 13.305000000000291
 48543, 7607.5350,  3, 224.35, 13.819999999999709
 48544, 7607.6350,  3, 217.31, 13.960000000000036
 48557, 7608.9650,  3, 202.97, 15.270000000000437
 48587, 7612.0350,  3, 194.47, 18.375
 48602, 7613.5700,  1, -283.05, 19.94499999999971
 48637, 7617.1450,  3, 169.55, 23.479999999999563
 48727, 7626.3500,  3, 145.12, 32.710000000000036
 48831, 7650.6450,  1, -207.32, 10.530000000000655
 48831, 7650.6450,  1, -213.42, 10.530000000000655
 48835, 7651.0550,  1, -210.04, 10.94000000000051
 48863, 7653.9200,  3, 213.39, 13.730000000000473
 48868, 7654.4300,  1, -227.82, 14.31500000000051
 48901, 7657.8050,  3, 188.29, 17.595000000000255
 48928, 7660.5700,  3, 184.01, 20.425000000000182
 48968, 7664.6600,  3, 168.99, 24.470000000000255
 49013, 7669.2600,  1, -267.84, 29.145000000000437
 49013, 7669.2600,  3, 160.17, 29.074999999999818
 49154, 7698.1150,  3, 213.70, 14.19000000000051
 49165, 7699.2400,  3, 204.13, 15.295000000000073
 49173, 7700.0550,  3, 197.12, 16.075000000000728
 49176, 7700.3650,  3, 206.69, 16.395000000000437
 49185, 7701.2850,  3, 206.00, 17.355000000000473
 49192, 7702.0000,  3, 200.58, 18.07000000000062
 49195, 7702.3050,  3, 190.38, 18.375
 49222, 7705.0700,  3, 189.54, 21.11500000000069
 49239, 7706.8050,  3, 183.95, 22.890000000000327
 49449, 7728.2850,  3, 95.64, 44.375
 49548, 7751.9300,  1, -213.65, 10.020000000000437
 49587, 7755.9200,  3, 204.98, 14.0
 49599, 7757.1450,  3, 211.49, 15.210000000000036
 49608, 7758.0700,  3, 199.70, 16.150000000000546
 49613, 7758.5800,  3, 202.05, 16.605000000000473
 49630, 7760.3200,  3, 155.98, 18.350000000000364
 49644, 7761.7500,  1, -248.16, 19.840000000000146
 49655, 7762.8750,  3, 183.05, 20.860000000000582
 49661, 7763.4900,  3, 178.75, 21.529999999999745
 49716, 7769.1150,  3, 153.35, 27.105000000000473
 49819, 7793.5450,  1, -205.08, 10.430000000000291
 49873, 7799.0700,  3, 202.08, 15.909999999999854
 49883, 7800.0900,  3, 199.60, 16.93000000000029
 49884, 7800.1950,  3, 208.13, 17.0600000000004
 49893, 7801.1150,  3, 204.07, 17.99499999999989
 49906, 7802.4450,  1, -240.63, 19.329999999999927
 49915, 7803.3650,  1, -240.10, 20.25
