    36, 28.9400,  1, -245.79, 3.780000000000001
    50, 30.3750,  1, -260.78, 5.215
    74, 32.8200,  1, -204.87, 7.66
    92, 34.6450,  1, -292.52, 9.485000000000003
   130, 38.5050,  1, -310.71, 13.345000000000002
   149, 40.4350,  1, -325.49, 15.275000000000002
   160, 41.5550,  1, -326.99, 16.395
   300, 55.7700,  1, -320.26, 30.610000000000003
   347, 75.1600,  1, -224.52, 4.634999999999991
   358, 76.2900,  1, -233.70, 5.765000000000001
   363, 76.8050,  1, -258.57, 6.280000000000001
   379, 78.4500,  1, -224.50, 7.924999999999997
   391, 79.6850,  1, -294.50, 9.159999999999997
   392, 79.7900,  1, -274.25, 9.265
   397, 80.3050,  1, -266.62, 9.780000000000001
   403, 80.9200,  1, -227.12, 10.394999999999996
   467, 101.1650,  1, -242.01, 6.38000000000001
   471, 101.5750,  1, -268.79, 6.790000000000006
   497, 104.2550,  1, -291.47, 9.469999999999999
   513, 105.9000,  1, -210.08, 11.115000000000009
   524, 107.0350,  1, -241.92, 12.25
   544, 109.0900,  1, -234.99, 14.305000000000007
   559, 110.6350,  1, -209.88, 15.850000000000009
   615, 116.4000,  1, -331.92, 21.61500000000001
   655, 133.9450,  1, -231.79, 4.114999999999981
   659, 134.3600,  1, -225.27, 4.530000000000001
   677, 136.2350,  1, -261.49, 6.405000000000001
   680, 136.5500,  1, -243.27, 6.719999999999999
   685, 137.0700,  1, -225.31, 7.239999999999981
   689, 137.4850,  1, -256.63, 7.655000000000001
   698, 138.4250,  1, -253.62, 8.594999999999999
   714, 140.0900,  1, -262.95, 10.259999999999991
   760, 158.6450,  1, -248.71, 4.585000000000008
   774, 160.1050,  1, -269.77, 6.0449999999999875
   791, 161.8750,  1, -286.34, 7.814999999999998
   813, 164.1650,  1, -254.13, 10.10499999999999
   827, 165.6250,  1, -285.82, 11.564999999999998
   830, 165.9350,  1, -192.11, 11.875
   858, 168.8550,  1, -205.81, 14.794999999999987
   969, 180.4150,  1, -294.01, 26.35499999999999
  1019, 199.1750,  1, -266.13, 5.105000000000018
  1027, 200.0100,  1, -257.47, 5.939999999999998
  1041, 201.4650,  1, -278.89, 7.39500000000001
  1050, 202.4050,  1, -283.84, 8.335000000000008
  1059, 203.3400,  1, -297.83, 9.27000000000001
  1067, 204.1750,  1, -224.97, 10.105000000000018
  1067, 204.1750,  1, -244.37, 10.105000000000018
  1087, 206.2600,  1, -150.54, 12.189999999999998
  1124, 223.4450,  1, -226.44, 3.644999999999982
  1135, 224.5900,  1, -227.30, 4.789999999999992
  1139, 225.0100,  1, -241.73, 5.2099999999999795
  1151, 226.2600,  1, -203.12, 6.4599999999999795
  1155, 226.6750,  1, -281.57, 6.875
  1159, 227.0900,  1, -228.50, 7.289999999999992
  1213, 232.7150,  1, -267.13, 12.914999999999992
  1263, 237.9250,  1, -340.06, 18.125
  1320, 257.4700,  1, -267.39, 5.700000000000017
  1326, 258.0850,  1, -234.18, 6.314999999999969
  1326, 258.0850,  1, -238.05, 6.314999999999969
  1338, 259.3100,  1, -285.95, 7.539999999999992
  1347, 260.2300,  1, -243.29, 8.460000000000008
  1397, 265.3450,  1, -187.20, 13.575000000000017
  1414, 267.0850,  1, -235.19, 15.31499999999997
  1417, 267.3900,  1, -245.11, 15.619999999999976
  1472, 286.3350,  1, -234.12, 5.419999999999959
  1486, 287.7650,  1, -282.24, 6.849999999999966
  1493, 288.4800,  1, -258.86, 7.564999999999998
  1503, 289.5050,  1, -269.09, 8.589999999999975
  1507, 289.9100,  1, -281.25, 8.995000000000005
  1548, 294.1050,  1, -183.48, 13.189999999999998
  1560, 295.3350,  1, -350.13, 14.419999999999959
  1611, 300.5500,  1, -365.42, 19.63499999999999
  1663, 319.4900,  1, -266.12, 5.115000000000009
  1675, 320.7200,  1, -272.45, 6.345000000000027
  1678, 321.0300,  1, -226.13, 6.654999999999973
  1683, 321.5350,  1, -298.18, 7.160000000000025
  1712, 324.5050,  1, -261.23, 10.129999999999995
  1729, 326.2400,  1, -250.14, 11.865000000000009
  1758, 329.2100,  1, -234.37, 14.83499999999998
  1775, 330.9500,  1, -232.13, 16.57499999999999
  1818, 348.9500,  1, -231.34, 4.194999999999993
  1825, 349.6600,  1, -205.02, 4.90500000000003
  1835, 350.6850,  1, -267.96, 5.930000000000007
  1846, 351.8100,  1, -271.29, 7.055000000000007
  1851, 352.3250,  1, -269.58, 7.569999999999993
  1861, 353.3450,  1, -256.52, 8.590000000000032
  1887, 356.0050,  1, -207.18, 11.25
  1933, 360.7100,  1, -229.54, 15.954999999999984
  1981, 379.2200,  1, -268.95, 4.7000000000000455
  1983, 379.4250,  1, -262.97, 4.90500000000003
  1986, 379.7300,  1, -219.80, 5.210000000000036
  1987, 379.8350,  1, -243.07, 5.314999999999998
  1990, 380.1400,  1, -246.91, 5.6200000000000045
  2004, 381.5750,  1, -280.50, 7.055000000000007
  2042, 385.4600,  1, -294.42, 10.939999999999998
  2106, 392.0050,  1, -301.68, 17.485000000000014
  2149, 409.7300,  1, -259.14, 4.194999999999993
  2155, 410.3450,  1, -235.86, 4.810000000000002
  2158, 410.6550,  1, -250.18, 5.119999999999948
  2164, 411.2650,  1, -256.93, 5.729999999999961
  2171, 411.9800,  1, -253.05, 6.444999999999993
  2205, 415.4600,  1, -285.47, 9.924999999999955
  2206, 415.5600,  1, -262.59, 10.024999999999977
  2238, 418.8350,  1, -265.65, 13.299999999999955
  2270, 436.4900,  1, -235.55, 3.069999999999993
  2290, 438.5350,  1, -249.93, 5.115000000000009
  2294, 438.9500,  1, -240.66, 5.529999999999973
  2297, 439.2550,  1, -251.15, 5.8349999999999795
  2309, 440.4800,  1, -227.21, 7.060000000000002
  2335, 443.1400,  1, -266.20, 9.71999999999997
  2338, 443.4500,  1, -263.72, 10.029999999999973
  2374, 447.1300,  1, -271.67, 13.70999999999998
  2415, 464.9500,  1, -228.31, 3.990000000000009
  2422, 465.6600,  1, -253.51, 4.7000000000000455
  2425, 465.9700,  1, -262.95, 5.010000000000048
  2441, 467.6050,  1, -220.35, 6.645000000000039
  2443, 467.8100,  1, -255.23, 6.850000000000023
  2481, 471.7000,  1, -244.73, 10.740000000000009
  2482, 471.8000,  1, -284.75, 10.840000000000032
  2525, 476.2000,  1, -247.40, 15.240000000000009
  2573, 495.3350,  1, -263.31, 4.704999999999984
  2582, 496.2550,  1, -265.87, 5.625
  2587, 496.7650,  1, -223.46, 6.134999999999991
  2596, 497.6850,  1, -283.92, 7.055000000000007
  2609, 499.0150,  1, -263.31, 8.384999999999991
  2636, 501.7800,  1, -203.84, 11.149999999999977
  2703, 508.6300,  1, -331.95, 18.0
  2891, 527.6900,  1, -372.67, 37.06000000000006
  2951, 547.4350,  1, -262.29, 5.869999999999891
  2951, 547.4350,  1, -270.05, 5.869999999999891
  2951, 547.4350,  1, -271.32, 5.869999999999891
  2965, 548.8500,  1, -266.37, 7.284999999999968
  3011, 553.5050,  1, -182.97, 11.93999999999994
  3067, 559.1750,  1, -351.72, 17.6099999999999
  3078, 560.2850,  1, -251.67, 18.719999999999914
  3093, 561.8050,  1, -228.32, 20.239999999999895
  3136, 579.4850,  1, -246.80, 4.149999999999977
  3162, 582.1200,  1, -272.51, 6.784999999999968
  3162, 582.1200,  1, -257.60, 6.784999999999968
  3174, 583.3300,  1, -293.31, 7.9950000000000045
  3194, 585.3550,  1, -276.19, 10.019999999999982
  3247, 590.7200,  1, -269.09, 15.384999999999991
  3265, 592.9850,  1, -200.20, 17.649999999999977
  3319, 598.4500,  1, -313.02, 23.11500000000001
  3368, 618.7700,  1, -262.62, 4.7549999999999955
  3391, 621.0950,  1, -262.96, 7.080000000000041
  3391, 621.0950,  1, -274.39, 7.080000000000041
  3394, 621.4000,  1, -270.23, 7.384999999999991
  3395, 621.5000,  1, -253.64, 7.485000000000014
  3395, 621.5000,  1, -268.21, 7.485000000000014
  3428, 624.8350,  1, -313.07, 10.82000000000005
  3451, 627.1700,  1, -306.59, 13.154999999999973
  3482, 644.7950,  1, -224.74, 2.939999999999941
  3498, 646.4100,  1, -258.48, 4.55499999999995
  3511, 647.7250,  1, -236.63, 5.8700000000000045
  3544, 651.0650,  1, -284.67, 9.210000000000036
  3546, 651.2700,  1, -170.46, 9.414999999999964
  3553, 651.9750,  1, -281.80, 10.120000000000005
  3598, 656.5300,  1, -133.30, 14.674999999999955
  3623, 659.0600,  1, -206.02, 17.204999999999927
  3677, 677.8200,  1, -256.43, 5.260000000000105
  3677, 677.8200,  1, -243.09, 5.260000000000105
  3686, 678.7300,  1, -221.55, 6.170000000000073
  3713, 681.4600,  1, -212.02, 8.900000000000091
  3732, 683.3850,  1, -297.02, 10.825000000000045
  3743, 684.5000,  1, -227.08, 11.940000000000055
  3777, 687.9400,  1, -335.80, 15.38000000000011
  3830, 693.3050,  1, -346.79, 20.745000000000005
  3876, 712.5650,  1, -230.15, 4.455000000000041
  3879, 712.8700,  1, -250.50, 4.759999999999991
  3891, 714.0800,  1, -266.17, 5.970000000000027
  3895, 714.4850,  1, -236.60, 6.375
  3898, 714.7950,  1, -267.37, 6.684999999999945
  3911, 716.1050,  1, -235.86, 7.9950000000000045
  3927, 717.7250,  1, -189.41, 9.615000000000009
  3980, 723.0850,  1, -260.41, 14.975000000000023
  4038, 742.7300,  1, -260.63, 5.664999999999964
  4042, 743.1350,  1, -259.12, 6.069999999999936
  4044, 743.3350,  1, -259.69, 6.269999999999982
  4052, 744.1500,  1, -241.73, 7.084999999999923
  4067, 745.6700,  1, -277.88, 8.604999999999905
  4128, 751.8350,  1, -209.64, 14.769999999999982
  4215, 760.6450,  1, -370.69, 23.579999999999927
  4230, 762.1600,  1, -304.46, 25.094999999999914
  4284, 781.9750,  1, -235.35, 5.259999999999991
  4285, 782.0750,  1, -262.70, 5.360000000000014
  4295, 783.0850,  1, -238.08, 6.3700000000000045
  4296, 783.1900,  1, -245.91, 6.475000000000023
  4298, 783.3950,  1, -273.08, 6.67999999999995
  4311, 784.7050,  1, -269.50, 7.990000000000009
  4455, 800.3800,  1, -243.68, 23.664999999999964
  4615, 816.6450,  1, -380.32, 39.92999999999995
  4654, 834.0250,  1, -243.00, 3.7450000000000045
  4667, 835.3350,  1, -248.18, 5.055000000000064
  4667, 835.3350,  1, -260.95, 5.055000000000064
  4678, 836.4500,  1, -265.16, 6.170000000000073
  4679, 836.5550,  1, -272.86, 6.274999999999977
  4684, 837.0600,  1, -266.38, 6.779999999999973
  4710, 839.6900,  1, -241.80, 9.410000000000082
  4722, 840.9050,  1, -259.62, 10.625
  4780, 860.4100,  1, -251.73, 5.664999999999964
  4784, 860.8150,  1, -243.98, 6.07000000000005
  4785, 860.9200,  1, -268.03, 6.1749999999999545
  4792, 861.6250,  1, -266.09, 6.8799999999999955
  4842, 866.6850,  1, -290.64, 11.93999999999994
  4889, 871.4400,  1, -364.07, 16.69500000000005
  4911, 873.6700,  1, -288.21, 18.924999999999955
  5015, 884.1900,  1, -221.62, 29.44500000000005
  5048, 901.0750,  1, -242.83, 3.240000000000009
  5073, 903.6050,  1, -231.77, 5.769999999999982
  5091, 905.4300,  1, -231.55, 7.594999999999914
  5093, 905.6300,  1, -232.50, 7.794999999999959
  5094, 905.7300,  1, -265.90, 7.894999999999982
  5103, 906.6450,  1, -272.82, 8.809999999999945
  5113, 907.6550,  1, -198.19, 9.819999999999936
  5117, 908.0600,  1, -222.46, 10.224999999999909
  5163, 925.9200,  1, -256.93, 4.459999999999923
  5166, 926.2200,  1, -256.14, 4.759999999999991
  5169, 926.5250,  1, -242.47, 5.064999999999941
  5172, 926.8250,  1, -268.26, 5.365000000000009
  5177, 927.3300,  1, -267.32, 5.8700000000000045
  5221, 931.7850,  1, -218.27, 10.324999999999932
  5259, 935.7250,  1, -310.17, 14.264999999999986
  5286, 938.4550,  1, -160.18, 16.995000000000005
  5345, 957.7350,  1, -269.86, 5.764999999999986
  5349, 958.1450,  1, -267.38, 6.1749999999999545
  5351, 958.3450,  1, -229.40, 6.375
  5354, 958.6500,  1, -235.22, 6.67999999999995
  5355, 958.7500,  1, -262.50, 6.779999999999973
  5378, 961.0750,  1, -241.96, 9.105000000000018
  5393, 962.5950,  1, -292.80, 10.625
  5444, 967.7550,  1, -280.06, 15.784999999999968
  5486, 986.5650,  1, -252.36, 4.045000000000073
  5496, 987.5750,  1, -227.79, 5.055000000000064
  5526, 990.6100,  1, -246.04, 8.090000000000032
  5527, 990.7100,  1, -224.72, 8.190000000000055
  5549, 992.9400,  1, -315.09, 10.420000000000073
  5555, 993.5500,  1, -260.94, 11.029999999999973
  5582, 996.2800,  1, -343.63, 13.759999999999991
  5612, 999.3150,  1, -278.84, 16.795000000000073
  5673, 1019.9350,  1, -263.30, 5.969999999999914
  5691, 1021.7550,  1, -235.84, 7.789999999999964
  5699, 1022.5650,  1, -236.67, 8.600000000000023
  5703, 1022.9700,  1, -277.15, 9.004999999999995
  5715, 1024.1900,  1, -296.64, 10.225000000000023
  5723, 1025.0250,  1, -237.66, 11.06000000000006
  5774, 1030.3350,  1, -332.83, 16.370000000000005
  5813, 1034.4000,  1, -311.23, 20.43500000000006
  5854, 1052.0050,  1, -219.56, 4.065000000000055
  5869, 1053.5650,  1, -267.08, 5.625
  5886, 1055.3350,  1, -283.42, 7.394999999999982
  5912, 1058.0450,  1, -305.14, 10.105000000000018
  5962, 1063.2550,  1, -220.50, 15.315000000000055
  5981, 1065.2350,  1, -318.69, 17.294999999999845
  6211, 1089.1900,  1, -332.91, 41.25
  6234, 1091.5850,  1, -455.06, 43.64499999999998
  6287, 1110.5350,  1, -260.53, 5.315000000000055
  6290, 1110.8450,  1, -252.23, 5.625
  6295, 1111.3700,  1, -250.42, 6.149999999999864
  6299, 1111.7850,  1, -240.65, 6.565000000000055
  6351, 1117.2000,  1, -181.31, 11.980000000000018
  6396, 1121.8900,  1, -282.86, 16.670000000000073
  6403, 1122.6200,  1, -364.14, 17.399999999999864
  6512, 1133.9700,  1, -363.87, 28.75
  6564, 1152.6100,  1, -238.85, 5.209999999999809
  6567, 1152.9200,  1, -275.19, 5.519999999999982
  6586, 1154.9000,  1, -269.28, 7.5
  6595, 1155.8350,  1, -295.47, 8.434999999999945
  6614, 1157.8150,  1, -296.08, 10.414999999999964
  6629, 1159.3800,  1, -320.89, 11.980000000000018
  6635, 1160.0050,  1, -226.10, 12.605000000000018
  6637, 1160.2100,  1, -224.23, 12.809999999999945
  6715, 1181.6900,  1, -227.09, 7.920000000000073
  6734, 1183.6700,  1, -225.61, 9.900000000000091
  6737, 1183.9850,  1, -229.21, 10.214999999999918
  6741, 1184.4000,  1, -209.59, 10.63000000000011
  6743, 1184.6100,  1, -254.33, 10.839999999999918
  6804, 1190.9600,  1, -233.96, 17.190000000000055
  6835, 1194.1900,  1, -300.96, 20.420000000000073
  6880, 1198.8800,  1, -314.40, 25.110000000000127
  6921, 1216.7200,  1, -217.42, 4.055000000000064
  6926, 1217.2450,  1, -233.31, 4.579999999999927
  6927, 1217.3450,  1, -229.52, 4.680000000000064
  6939, 1218.5950,  1, -262.99, 5.930000000000064
  6948, 1219.5350,  1, -272.34, 6.870000000000118
  6968, 1221.6200,  1, -235.99, 8.954999999999927
  6991, 1224.0150,  1, -263.07, 11.350000000000136
  6995, 1224.4300,  1, -246.76, 11.7650000000001
  7037, 1242.1200,  1, -229.85, 4.169999999999845
  7040, 1242.4300,  1, -246.62, 4.480000000000018
  7043, 1242.7450,  1, -263.51, 4.794999999999845
  7061, 1244.6200,  1, -238.23, 6.669999999999845
  7062, 1244.7200,  1, -266.11, 6.769999999999982
  7178, 1256.8050,  1, -283.98, 18.855000000000018
  7220, 1261.1800,  1, -242.73, 23.230000000000018
  7311, 1270.6600,  1, -276.18, 32.710000000000036
  7376, 1291.2000,  1, -262.60, 6.940000000000055
  7376, 1291.2000,  1, -261.29, 6.940000000000055
  7386, 1292.2450,  1, -303.18, 7.9849999999999
  7395, 1293.1800,  1, -255.69, 8.920000000000073
  7456, 1299.5350,  1, -329.29, 15.275000000000091
  7462, 1300.1600,  1, -300.77, 15.900000000000091
  7467, 1300.6800,  1, -298.41, 16.420000000000073
  7490, 1303.0750,  1, -196.38, 18.815000000000055
  7527, 1320.2350,  1, -237.94, 3.6499999999998636
  7528, 1320.3350,  1, -239.94, 3.75
  7564, 1324.0850,  1, -235.90, 7.5
  7573, 1325.0250,  1, -227.45, 8.440000000000055
  7591, 1326.9000,  1, -278.32, 10.315000000000055
  7619, 1329.8150,  1, -203.19, 13.230000000000018
  7741, 1342.5250,  1, -228.91, 25.940000000000055
  7744, 1342.8350,  1, -257.56, 26.25
  7789, 1360.8600,  1, -251.63, 4.4849999999999
  7814, 1363.4600,  1, -240.20, 7.085000000000036
  7821, 1364.1900,  1, -217.23, 7.815000000000055
  7828, 1364.9200,  1, -235.94, 8.545000000000073
  7864, 1368.6700,  1, -214.12, 12.295000000000073
  7884, 1370.7550,  1, -194.22, 14.38000000000011
  7957, 1378.3600,  1, -219.99, 21.9849999999999
  8160, 1399.5050,  1, -297.32, 43.13000000000011
  8203, 1417.5950,  1, -229.67, 4.269999999999982
  8213, 1418.6400,  1, -244.24, 5.315000000000055
  8216, 1418.9500,  1, -249.92, 5.625
  8241, 1421.5550,  1, -231.87, 8.230000000000018
  8251, 1422.5950,  1, -294.52, 9.269999999999982
  8377, 1435.7200,  1, -277.46, 22.394999999999982
  8402, 1438.3250,  1, -296.73, 25.0
  8453, 1443.6400,  1, -311.01, 30.315000000000055
  8490, 1461.0150,  1, -230.32, 3.645000000000209
  8497, 1461.7450,  1, -233.67, 4.375
  8513, 1463.4100,  1, -238.05, 6.040000000000191
  8549, 1467.1600,  1, -216.76, 9.790000000000191
  8566, 1468.9300,  1, -212.76, 11.560000000000173
  8566, 1468.9300,  1, -240.45, 11.560000000000173
  8568, 1469.1400,  1, -239.79, 11.77000000000021
  8594, 1471.8450,  1, -208.54, 14.475000000000136
  8645, 1490.5650,  1, -260.72, 5.100000000000136
  8646, 1490.6700,  1, -255.91, 5.205000000000155
  8685, 1494.7350,  1, -290.63, 9.269999999999982
  8699, 1496.1900,  1, -201.18, 10.725000000000136
  8702, 1496.5050,  1, -267.59, 11.040000000000191
  8702, 1496.5050,  1, -167.63, 11.040000000000191
  8731, 1499.5250,  1, -219.37, 14.060000000000173
  8834, 1510.2550,  1, -255.48, 24.79000000000019
  8882, 1528.5250,  1, -267.87, 4.790000000000191
  8890, 1529.3600,  1, -251.97, 5.625
  8979, 1538.6300,  1, -224.81, 14.89500000000021
  8985, 1539.2550,  1, -297.45, 15.52000000000021
  8994, 1540.1900,  1, -341.38, 16.455000000000155
  9040, 1544.9850,  1, -194.98, 21.25
  9083, 1549.4600,  1, -361.50, 25.725000000000136
  9171, 1558.6300,  1, -274.02, 34.89500000000021
  9217, 1576.9500,  1, -232.80, 4.585000000000036
  9244, 1579.7650,  1, -238.87, 7.400000000000091
  9246, 1579.9700,  1, -268.92, 7.605000000000018
  9247, 1580.0750,  1, -267.13, 7.710000000000036
  9258, 1581.2200,  1, -242.35, 8.855000000000018
  9279, 1583.4100,  1, -194.81, 11.045000000000073
  9323, 1587.9950,  1, -209.84, 15.629999999999882
  9344, 1590.1800,  1, -253.35, 17.815000000000055
  9375, 1607.1400,  1, -220.46, 3.4200000000000728
  9413, 1611.0950,  1, -270.49, 7.375
  9448, 1614.7450,  1, -219.16, 11.024999999999864
  9451, 1615.0550,  1, -224.33, 11.335000000000036
  9452, 1615.1600,  1, -209.97, 11.440000000000055
  9561, 1626.5150,  1, -290.49, 22.795000000000073
  9575, 1627.9700,  1, -241.03, 24.25
  9586, 1629.1200,  1, -193.64, 25.399999999999864
  9629, 1647.9000,  1, -241.50, 4.380000000000109
  9642, 1649.2550,  1, -274.98, 5.735000000000127
  9654, 1650.5050,  1, -275.47, 6.985000000000127
  9660, 1651.1300,  1, -246.35, 7.610000000000127
  9709, 1656.2350,  1, -248.77, 12.714999999999918
  9710, 1656.3350,  1, -301.54, 12.815000000000055
  9719, 1657.2750,  1, -215.19, 13.75500000000011
  9783, 1663.9400,  3, 242.40, 20.355000000000018
  9818, 1681.8900,  1, -244.95, 3.540000000000191
  9819, 1681.9950,  1, -255.72, 3.644999999999982
  9852, 1685.4300,  1, -269.54, 7.080000000000155
  9855, 1685.7450,  1, -241.93, 7.394999999999982
  9855, 1685.7450,  1, -263.14, 7.394999999999982
  9856, 1685.8450,  1, -235.03, 7.495000000000118
  9889, 1689.2850,  1, -216.30, 10.935000000000173
  9943, 1694.9100,  1, -289.88, 16.560000000000173
 10002, 1715.3700,  1, -240.15, 5.939999999999827
 10006, 1715.7850,  1, -225.00, 6.355000000000018
 10009, 1716.0950,  1, -250.17, 6.664999999999964
 10060, 1721.4100,  1, -221.74, 11.980000000000018
 10070, 1722.4500,  1, -257.93, 13.019999999999982
 10078, 1723.2850,  1, -187.13, 13.855000000000018
 10079, 1723.3900,  1, -209.54, 13.960000000000036
 10158, 1731.6200,  1, -240.20, 22.189999999999827
 10233, 1753.7350,  1, -226.07, 7.604999999999791
 10244, 1754.8800,  1, -248.99, 8.75
 10259, 1756.4400,  1, -201.27, 10.309999999999945
 10260, 1756.5450,  1, -212.57, 10.414999999999964
 10280, 1758.6300,  1, -205.08, 12.5
 10324, 1763.2100,  1, -261.77, 17.079999999999927
 10357, 1766.6500,  1, -341.07, 20.519999999999982
 10494, 1780.9200,  1, -334.05, 34.789999999999964
 10530, 1798.3050,  1, -232.71, 3.5450000000000728
 10537, 1799.0350,  1, -254.20, 4.275000000000091
 10543, 1799.6600,  1, -241.76, 4.900000000000091
 10557, 1801.1200,  1, -270.18, 6.3599999999999
 10563, 1801.7450,  1, -214.90, 6.9849999999999
 10583, 1803.8250,  1, -233.30, 9.065000000000055
 10602, 1805.8050,  1, -228.89, 11.045000000000073
 10666, 1812.4700,  1, -308.47, 17.710000000000036
 10721, 1832.4850,  1, -265.29, 5.519999999999982
 10738, 1834.2550,  1, -274.47, 7.290000000000191
 10766, 1837.1700,  1, -218.31, 10.205000000000155
 10767, 1837.2750,  1, -221.46, 10.310000000000173
 10777, 1838.3150,  1, -226.58, 11.350000000000136
 10789, 1839.5650,  1, -220.12, 12.600000000000136
 10996, 1861.1300,  1, -361.88, 34.16500000000019
 11071, 1868.9400,  1, -243.58, 41.975000000000136
 11106, 1885.9950,  1, -231.16, 3.439999999999827
 11129, 1888.3900,  1, -264.68, 5.835000000000036
 11243, 1900.2650,  1, -225.11, 17.710000000000036
 11288, 1904.9500,  1, -309.33, 22.394999999999982
 11295, 1905.6800,  1, -278.07, 23.125
 11391, 1915.6800,  1, -370.33, 33.125
 11403, 1916.9300,  1, -360.24, 34.375
 11553, 1932.5550,  2, -192.66,  50
 11645, 1955.7350,  1, -293.97, 9.375
 11663, 1957.6100,  1, -301.79, 11.25
 11667, 1958.0250,  1, -294.32, 11.665000000000191
 11682, 1959.5850,  1, -207.28, 13.225000000000136
 11683, 1959.6900,  1, -308.63, 13.330000000000155
 11710, 1962.5050,  1, -283.99, 16.14500000000021
 11712, 1962.7100,  1, -218.97, 16.350000000000136
 11728, 1964.3800,  1, -286.40, 18.02000000000021
 11784, 1983.1700,  1, -240.38, 5.625
 11786, 1983.3800,  1, -230.36, 5.835000000000036
 11791, 1983.9000,  1, -270.68, 6.355000000000018
 11794, 1984.2100,  1, -245.52, 6.664999999999964
 11817, 1986.6100,  1, -293.15, 9.064999999999827
 11908, 1996.0850,  1, -328.90, 18.539999999999964
 11918, 1997.1300,  1, -331.21, 19.585000000000036
 12052, 2011.0950,  1, -400.81, 33.549999999999955
 12096, 2030.1100,  1, -234.25, 4.375
 12101, 2030.6300,  1, -258.84, 4.895000000000209
 12114, 2031.9850,  1, -259.02, 6.25
 12130, 2033.6500,  1, -272.70, 7.915000000000191
 12133, 2033.9600,  1, -198.93, 8.225000000000136
 12160, 2036.7750,  1, -163.94, 11.040000000000191
 12175, 2038.3350,  1, -224.15, 12.600000000000136
 12176, 2038.4400,  1, -314.64, 12.705000000000155
 12220, 2056.3400,  1, -212.05, 4.370000000000346
 12225, 2056.8650,  1, -232.92, 4.894999999999982
 12239, 2058.3200,  1, -267.41, 6.350000000000364
 12245, 2058.9450,  1, -281.62, 6.975000000000364
 12255, 2059.9900,  1, -205.78, 8.019999999999982
 12262, 2060.7150,  1, -242.37, 8.745000000000346
 12271, 2061.6550,  1, -280.71, 9.6850000000004
 12302, 2064.8850,  1, -280.13, 12.915000000000418
 12336, 2081.8400,  1, -234.41, 3.3299999999999272
 12341, 2082.3650,  1, -261.98, 3.8549999999995634
 12350, 2083.3000,  1, -266.02, 4.789999999999964
 12361, 2084.4450,  1, -271.02, 5.934999999999945
 12363, 2084.6550,  1, -233.98, 6.144999999999982
 12389, 2087.3650,  1, -206.28, 8.854999999999563
 12522, 2101.2150,  1, -315.87, 22.704999999999927
 12784, 2128.5100,  2, -117.01,  50
 12861, 2150.1950,  1, -287.72, 7.820000000000164
 12865, 2150.6150,  1, -230.17, 8.239999999999782
 12898, 2154.0500,  1, -221.24, 11.675000000000182
 12951, 2159.5700,  1, -184.71, 17.195000000000164
 12960, 2160.5100,  1, -238.47, 18.13500000000022
 12961, 2160.6150,  1, -268.49, 18.23999999999978
 12968, 2161.3400,  1, -239.83, 18.965000000000146
 13167, 2182.0700,  3, 132.39, 39.63000000000011
 13204, 2199.4900,  1, -226.91, 3.7649999999998727
 13220, 2201.1550,  1, -242.40, 5.430000000000291
 13235, 2202.7150,  1, -290.58, 6.9900000000002365
 13260, 2205.3200,  1, -240.53, 9.595000000000255
 13287, 2208.1350,  1, -175.30, 12.41000000000031
 13360, 2215.7400,  1, -371.93, 20.014999999999873
 13372, 2216.9900,  1, -376.07, 21.264999999999873
 13411, 2221.0500,  1, -343.58, 25.325000000000273
 13455, 2239.0100,  1, -262.88, 4.495000000000346
 13467, 2240.2600,  1, -267.42, 5.745000000000346
 13471, 2240.6750,  1, -271.92, 6.160000000000309
 13501, 2243.8000,  1, -267.94, 9.28500000000031
 13521, 2245.8850,  1, -178.88, 11.370000000000346
 13528, 2246.6150,  1, -190.54, 12.099999999999909
 13571, 2251.0900,  1, -290.42, 16.575000000000273
 13712, 2265.7800,  1, -281.13, 31.265000000000327
 13747, 2282.6350,  1, -228.52, 3.4450000000001637
 13781, 2286.1750,  1, -255.07, 6.985000000000127
 13781, 2286.1750,  1, -225.59, 6.985000000000127
 13806, 2288.7800,  1, -289.37, 9.590000000000146
 14024, 2311.4900,  1, -430.73, 32.29999999999973
 14066, 2315.8650,  1, -435.35, 36.67499999999973
 14116, 2321.0700,  1, -466.36, 41.88000000000011
 14124, 2321.9050,  1, -440.41, 42.715000000000146
 14184, 2341.6150,  1, -272.58, 6.039999999999964
 14205, 2343.8000,  1, -232.14, 8.225000000000364
 14238, 2347.2400,  1, -186.58, 11.664999999999964
 14266, 2350.1550,  1, -282.74, 14.580000000000382
 14289, 2352.5500,  1, -282.56, 16.975000000000364
 14300, 2353.6950,  1, -261.20, 18.120000000000346
 14310, 2354.7400,  1, -337.30, 19.164999999999964
 14526, 2377.2400,  1, -315.82, 41.664999999999964
 14575, 2396.6350,  1, -236.64, 4.895000000000437
 14592, 2398.4050,  1, -195.83, 6.665000000000418
 14627, 2402.0500,  1, -306.78, 10.3100000000004
 14643, 2403.7150,  1, -201.79, 11.975000000000364
 14701, 2409.7600,  1, -196.25, 18.020000000000437
 14716, 2411.3200,  1, -314.47, 19.580000000000382
 14828, 2422.9900,  1, -236.41, 31.25
 14902, 2430.6950,  1, -278.60, 38.95500000000038
 14981, 2453.5100,  1, -278.90, 8.025000000000091
 14996, 2455.0700,  1, -225.89, 9.585000000000036
 15001, 2455.5900,  1, -174.22, 10.105000000000018
 15004, 2455.9050,  1, -265.18, 10.420000000000073
 15004, 2455.9050,  1, -187.06, 10.420000000000073
 15133, 2469.3400,  1, -246.44, 23.855000000000018
 15242, 2480.6950,  3, 153.95, 35.11999999999989
 15296, 2486.3200,  1, -326.11, 40.835000000000036
 15344, 2505.0300,  1, -252.08, 4.790000000000418
 15356, 2506.2800,  1, -273.92, 6.040000000000418
 15368, 2507.5300,  1, -285.36, 7.290000000000418
 15372, 2507.9450,  1, -273.18, 7.705000000000382
 15381, 2508.8850,  1, -278.75, 8.645000000000437
 15470, 2518.1550,  1, -233.94, 17.91500000000042
 15478, 2518.9900,  1, -187.75, 18.75
 15567, 2528.2600,  1, -394.23, 28.020000000000437
 15622, 2547.2600,  1, -224.93, 5.535000000000309
 15766, 2562.2600,  1, -342.02, 20.53500000000031
 15773, 2562.9900,  1, -280.20, 21.264999999999873
 15788, 2564.5500,  1, -283.54, 22.825000000000273
 15827, 2568.6150,  1, -365.09, 26.889999999999873
 16010, 2587.6750,  1, -493.29, 45.95000000000027
 16027, 2589.4450,  1, -543.24, 47.720000000000255
 16043, 2591.1150,  1, -449.77, 49.38999999999987
 16086, 2609.0100,  1, -237.88, 4.285000000000309
 16093, 2609.7400,  1, -261.20, 5.014999999999873
 16098, 2610.2600,  1, -259.75, 5.535000000000309
 16102, 2610.6750,  1, -274.99, 5.950000000000273
 16102, 2610.6750,  1, -235.34, 5.950000000000273
 16104, 2610.8850,  1, -275.21, 6.160000000000309
 16171, 2617.8650,  1, -282.67, 13.139999999999873
 16203, 2621.1950,  1, -330.27, 16.470000000000255
 16241, 2639.5300,  1, -244.00, 3.7600000000002183
 16248, 2640.2600,  1, -265.63, 4.4900000000002365
 16256, 2641.0900,  1, -240.49, 5.320000000000164
 16256, 2641.0900,  1, -271.19, 5.320000000000164
 16256, 2641.0900,  1, -265.21, 5.320000000000164
 16258, 2641.3000,  1, -255.78, 5.5300000000002
 16290, 2644.6350,  1, -220.15, 8.865000000000236
 16305, 2646.1950,  1, -163.33, 10.425000000000182
 16342, 2663.4250,  1, -245.03, 3.650000000000091
 16343, 2663.5300,  1, -220.70, 3.755000000000109
 16349, 2664.1550,  1, -261.07, 4.380000000000109
 16356, 2664.8850,  1, -276.43, 5.110000000000127
 16359, 2665.1950,  1, -269.34, 5.420000000000073
 16369, 2666.2400,  1, -277.29, 6.464999999999691
 16454, 2675.0900,  1, -160.06, 15.315000000000055
 16484, 2678.2150,  1, -247.25, 18.440000000000055
 16531, 2697.4650,  1, -258.30, 4.700000000000273
 16630, 2707.7800,  1, -240.89, 15.015000000000327
 16634, 2708.1950,  1, -149.17, 15.430000000000291
 16637, 2708.5100,  1, -289.91, 15.745000000000346
 16646, 2709.4450,  1, -322.38, 16.68000000000029
 16659, 2710.8000,  1, -233.83, 18.03500000000031
 16661, 2711.0100,  1, -347.35, 18.245000000000346
 16695, 2714.5500,  1, -355.63, 21.78500000000031
 16840, 2744.3850,  1, -326.32, 14.895000000000437
 16865, 2746.9900,  1, -241.80, 17.5
 16923, 2753.0300,  1, -246.78, 23.54000000000042
 17078, 2769.1750,  1, -265.63, 39.6850000000004
 17078, 2769.1750,  1, -322.24, 39.6850000000004
 17177, 2779.4900,  2, -80.61,  50
 17177, 2779.4900,  2, -91.47,  50
 17177, 2779.4900,  2, -110.28,  50
 17234, 2799.5700,  1, -252.02, 5.735000000000127
 17274, 2803.7400,  1, -193.68, 9.904999999999745
 17279, 2804.2600,  1, -161.34, 10.425000000000182
 17280, 2804.3650,  1, -171.30, 10.529999999999745
 17324, 2808.9450,  1, -165.97, 15.110000000000127
 17328, 2809.3650,  1, -275.07, 15.529999999999745
 17481, 2825.3000,  1, -223.65, 31.465000000000146
 17572, 2834.7800,  3, 165.19, 40.909999999999854
 17640, 2855.2400,  1, -205.51, 6.984999999999673
 17647, 2855.9650,  1, -213.21, 7.710000000000036
 17657, 2857.0100,  1, -220.18, 8.75500000000011
 17666, 2857.9450,  1, -269.11, 9.690000000000055
 17692, 2860.6550,  1, -190.08, 12.400000000000091
 17757, 2867.4250,  1, -234.56, 19.170000000000073
 17821, 2874.0900,  1, -307.44, 25.835000000000036
 17965, 2889.0900,  1, -289.08, 40.835000000000036
 18005, 2906.5100,  1, -238.03, 3.955000000000382
 18008, 2906.8200,  1, -262.97, 4.265000000000327
 18048, 2910.9900,  1, -230.96, 8.434999999999945
 18058, 2912.0300,  1, -253.70, 9.475000000000364
 18070, 2913.2800,  1, -194.24, 10.725000000000364
 18128, 2919.3200,  1, -294.44, 16.765000000000327
 18274, 2934.5300,  1, -335.02, 31.975000000000364
 18365, 2944.0100,  1, -295.83, 41.45500000000038
 18423, 2964.3650,  1, -269.33, 5.8449999999998
 18425, 2964.5700,  1, -228.30, 6.050000000000182
 18534, 2975.9250,  1, -196.39, 17.4050000000002
 18659, 2988.9450,  1, -408.58, 30.425000000000182
 18663, 2989.3650,  1, -308.00, 30.8449999999998
 18724, 2995.7150,  1, -314.17, 37.195000000000164
 18809, 3004.5700,  1, -435.67, 46.05000000000018
 18847, 3008.5300,  1, -435.33, 50.01000000000022
 18892, 3026.5900,  1, -241.61, 4.475000000000364
 18904, 3027.8400,  1, -265.53, 5.725000000000364
 18907, 3028.1550,  1, -264.46, 6.040000000000418
 18919, 3029.4050,  1, -243.70, 7.290000000000418
 19039, 3041.9050,  1, -282.59, 19.79000000000042
 19049, 3042.9450,  1, -332.56, 20.830000000000382
 19156, 3054.0900,  1, -189.81, 31.975000000000364
 19161, 3054.6150,  1, -345.41, 32.5
 19213, 3073.5300,  1, -252.13, 5.315000000000055
 19261, 3078.5300,  1, -268.58, 10.315000000000055
 19270, 3079.4650,  1, -255.77, 11.25
 19276, 3080.0900,  1, -310.10, 11.875
 19308, 3083.4250,  1, -272.71, 15.210000000000036
 19312, 3083.8400,  1, -283.21, 15.625
 19334, 3086.1350,  1, -286.88, 17.920000000000073
 19343, 3087.0700,  1, -304.75, 18.855000000000018
 19409, 3107.2600,  1, -271.88, 6.675000000000182
 19488, 3115.4900,  1, -336.27, 14.904999999999745
 19493, 3116.0100,  1, -276.60, 15.425000000000182
 19508, 3117.5700,  1, -328.38, 16.985000000000127
 19522, 3119.0300,  1, -365.22, 18.445000000000164
 19577, 3124.7600,  1, -222.89, 24.175000000000182
 19617, 3128.9250,  1, -363.40, 28.340000000000146
 19771, 3144.9650,  1, -428.10, 44.38000000000011
 19809, 3162.4900,  1, -245.34, 3.7599999999997635
 19977, 3179.9900,  1, -227.08, 21.259999999999764
 19977, 3179.9900,  1, -265.13, 21.259999999999764
 19989, 3181.2400,  1, -373.89, 22.509999999999764
 20026, 3185.0900,  1, -322.40, 26.360000000000127
 20034, 3185.9250,  1, -280.71, 27.195000000000164
 20036, 3186.1350,  1, -415.77, 27.4050000000002
 20123, 3195.1950,  1, -403.01, 36.465000000000146
 20174, 3213.6550,  1, -239.08, 5.110000000000127
 20177, 3213.9650,  1, -262.81, 5.420000000000073
 20186, 3214.9050,  1, -274.75, 6.360000000000127
 20186, 3214.9050,  1, -215.06, 6.360000000000127
 20196, 3215.9450,  1, -266.17, 7.400000000000091
 20270, 3223.6550,  1, -314.12, 15.110000000000127
 20605, 3258.5500,  2, -211.16,  50
 20605, 3258.5500,  2, -211.15,  50
 20752, 3287.3400,  1, -275.90, 15.100000000000364
 20847, 3297.2400,  1, -253.24, 25.0
 20866, 3299.2150,  1, -290.89, 26.975000000000364
 20875, 3300.1550,  1, -244.55, 27.91500000000042
 20904, 3303.1750,  1, -235.35, 30.9350000000004
 20944, 3307.3400,  3, 177.58, 35.00500000000011
 20958, 3308.8000,  1, -426.34, 36.5600000000004
 20960, 3309.0100,  1, -342.24, 36.77000000000044
 21020, 3328.4250,  1, -272.05, 6.039999999999964
 21027, 3329.1550,  1, -272.27, 6.769999999999982
 21097, 3336.4450,  1, -306.58, 14.059999999999945
 21107, 3337.4900,  1, -310.81, 15.104999999999563
 21415, 3369.5700,  1, -476.40, 47.184999999999945
 21442, 3372.3850,  2, -214.57,  50
 21442, 3372.3850,  2, -269.45,  50
 21442, 3372.3850,  2, -171.32,  50
 21519, 3393.3400,  1, -207.41, 7.805000000000291
 21590, 3400.7400,  1, -256.05, 15.204999999999927
 21595, 3401.2600,  1, -303.23, 15.725000000000364
 21602, 3401.9900,  1, -152.22, 16.454999999999927
 21608, 3402.6150,  1, -241.07, 17.079999999999927
 21694, 3411.5700,  1, -265.13, 26.03500000000031
 21695, 3411.6750,  1, -358.50, 26.140000000000327
 21788, 3421.3650,  1, -351.99, 35.82999999999993
 21870, 3443.3000,  1, -224.77, 8.330000000000382
 21913, 3447.7800,  1, -178.20, 12.8100000000004
 21913, 3447.7800,  1, -148.59, 12.8100000000004
 21916, 3448.0900,  1, -167.99, 13.120000000000346
 21916, 3448.0900,  1, -222.82, 13.120000000000346
 21919, 3448.4050,  1, -217.27, 13.4350000000004
 21930, 3449.5500,  1, -245.50, 14.580000000000382
 21946, 3451.2150,  1, -341.35, 16.245000000000346
 21990, 3469.2400,  1, -263.18, 4.3849999999997635
 21996, 3469.8650,  1, -245.47, 5.0099999999997635
 21996, 3469.8650,  1, -227.09, 5.0099999999997635
 22014, 3471.7400,  1, -246.72, 6.8849999999997635
 22026, 3472.9900,  1, -258.49, 8.134999999999764
 22054, 3475.9050,  1, -208.88, 11.050000000000182
 22220, 3493.1950,  1, -386.63, 28.340000000000146
 22428, 3514.8650,  2, -91.53,  50
 22521, 3537.8400,  1, -207.05, 9.475000000000364
 22525, 3538.2600,  1, -194.94, 9.895000000000437
 22525, 3538.2600,  1, -259.22, 9.895000000000437
 22536, 3539.4050,  1, -251.53, 11.040000000000418
 22539, 3539.7150,  1, -214.41, 11.350000000000364
 22544, 3540.2400,  1, -278.63, 11.875
 22545, 3540.3400,  1, -229.24, 11.975000000000364
 22631, 3549.3000,  3, 223.23, 20.925000000000182
 22751, 3576.0900,  1, -279.85, 12.400000000000091
 22755, 3576.5100,  1, -233.29, 12.820000000000164
 22767, 3577.7600,  1, -253.97, 14.070000000000164
 22775, 3578.5900,  1, -223.85, 14.900000000000091
 22777, 3578.8000,  1, -265.77, 15.110000000000127
 22785, 3579.6350,  1, -260.00, 15.945000000000164
 22794, 3580.5700,  1, -293.61, 16.88000000000011
 22908, 3592.4450,  1, -287.12, 28.75500000000011
 22986, 3613.9450,  1, -218.03, 7.910000000000309
 23020, 3617.4900,  1, -227.61, 11.454999999999927
 23032, 3618.7400,  1, -221.54, 12.704999999999927
 23037, 3619.2600,  1, -191.63, 13.225000000000364
 23038, 3619.3650,  1, -215.41, 13.329999999999927
 23046, 3620.1950,  1, -226.50, 14.16000000000031
 23057, 3621.3400,  1, -158.89, 15.305000000000291
 23061, 3621.7600,  1, -167.77, 15.725000000000364
 23156, 3646.0500,  1, -270.79, 9.700000000000273
 23164, 3646.8850,  1, -243.93, 10.53500000000031
 23244, 3655.2150,  1, -356.85, 18.865000000000236
 23247, 3655.5300,  1, -337.44, 19.18000000000029
 23292, 3660.2150,  1, -340.42, 23.865000000000236
 23293, 3660.3200,  1, -343.91, 23.970000000000255
 23325, 3663.6550,  1, -388.52, 27.30500000000029
 23543, 3686.3650,  2, -107.40,  50
 23756, 3721.6350,  1, -322.59, 21.995000000000346
 23760, 3722.0500,  1, -303.00, 22.41000000000031
 23797, 3725.9050,  1, -255.45, 26.265000000000327
 23900, 3736.6350,  1, -356.55, 36.995000000000346
 23972, 3744.1350,  1, -340.81, 44.495000000000346
 24025, 3749.6550,  2, -144.99,  50
 24025, 3749.6550,  2, -158.11,  50
 24025, 3749.6550,  2, -217.72,  50
 24076, 3768.1150,  1, -239.69, 5.119999999999891
 24150, 3775.8200,  1, -260.15, 12.825000000000273
 24221, 3783.2150,  1, -262.04, 20.220000000000255
 24313, 3792.8000,  1, -218.93, 29.80500000000029
 24340, 3795.6150,  1, -175.22, 32.61999999999989
 24417, 3803.6350,  1, -431.64, 40.64000000000033
 24442, 3806.2400,  1, -265.95, 43.24499999999989
 24493, 3811.5500,  1, -293.79, 48.55500000000029
 24527, 3829.3850,  1, -243.97, 3.3400000000001455
 24528, 3829.4900,  1, -252.50, 3.444999999999709
 24551, 3831.8850,  1, -271.56, 5.8400000000001455
 24560, 3832.8200,  1, -183.05, 6.775000000000091
 24562, 3833.0300,  1, -211.07, 6.985000000000127
 24571, 3833.9650,  1, -167.20, 7.920000000000073
 24668, 3844.0700,  1, -323.90, 18.02500000000009
 24794, 3857.1950,  1, -254.07, 31.15000000000009
 24831, 3875.1550,  1, -237.72, 3.650000000000091
 25144, 3907.7600,  3, 184.10, 36.24499999999989
 25198, 3913.3850,  3, 198.30, 41.83999999999969
 25276, 3921.5100,  2, -215.78,  50
 25276, 3921.5100,  2, -126.24,  50
 25276, 3921.5100,  1, -384.19, 50.00500000000011
 25276, 3921.5100,  2, -102.68,  50
 25276, 3921.5100,  2, -113.46,  50
 25330, 3941.2400,  1, -252.72, 5.419999999999618
 25334, 3941.6550,  1, -252.92, 5.835000000000036
 25336, 3941.8650,  1, -267.36, 6.044999999999618
 25585, 3967.8000,  1, -375.77, 31.980000000000018
 25593, 3968.6350,  1, -418.38, 32.815000000000055
 25611, 3970.5100,  1, -444.67, 34.690000000000055
 25629, 3972.3850,  1, -359.53, 36.565000000000055
 25758, 3985.8200,  2, -269.88,  50
 25814, 4005.8000,  1, -229.19, 5.630000000000109
 25818, 4006.2150,  1, -280.23, 6.045000000000073
 25820, 4006.4250,  1, -261.27, 6.255000000000109
 25934, 4018.3000,  1, -178.25, 18.13000000000011
 25965, 4021.5300,  3, 310.02, 21.324999999999818
 26022, 4027.4650,  3, 256.31, 27.269999999999982
 26093, 4034.8650,  3, 219.32, 34.63000000000011
 26240, 4050.1750,  2, -25.77,  50
 26294, 4069.5500,  1, -199.73, 5.425000000000182
 26391, 4079.6550,  1, -218.71, 15.5300000000002
 26446, 4085.3850,  1, -239.10, 21.26000000000022
 26476, 4088.5100,  1, -303.67, 24.38500000000022
 26477, 4088.6150,  1, -209.96, 24.48999999999978
 26480, 4088.9250,  1, -310.81, 24.800000000000182
 26561, 4097.3400,  3, 197.94, 33.149999999999636
 26634, 4104.8050,  3, 197.98, 40.64000000000033
 26730, 4127.9850,  1, -240.72, 9.719999999999345
 26749, 4129.9250,  1, -260.44, 11.659999999999854
 26762, 4131.2550,  1, -214.33, 12.989999999999782
 26792, 4134.3250,  1, -303.92, 16.05999999999949
 26865, 4141.7900,  3, 258.00, 23.420000000000073
 26903, 4145.6750,  3, 243.74, 27.339999999999236
 26995, 4155.0850,  3, 202.86, 36.789999999999964
 27100, 4165.8250,  3, 161.35, 47.50500000000011
 27351, 4204.9300,  3, 234.47, 25.5600000000004
 27356, 4205.4450,  1, -248.66, 26.079999999999927
 27368, 4206.6700,  3, 248.73, 27.265000000000327
 27389, 4208.8200,  1, -223.18, 29.454999999999927
 27421, 4212.0900,  3, 230.57, 32.6850000000004
 27426, 4212.6000,  3, 212.34, 33.14000000000033
 27491, 4219.2500,  3, 190.46, 39.86499999999978
 27521, 4222.3200,  3, 150.77, 42.94999999999982
 27663, 4250.8300,  1, -188.03, 14.420000000000073
 27790, 4263.8200,  1, -214.10, 27.409999999999854
 27843, 4269.2400,  3, 183.73, 32.82499999999982
 27854, 4270.3650,  3, 221.72, 33.88000000000011
 27859, 4270.8750,  3, 174.25, 34.409999999999854
 27893, 4274.3500,  3, 191.42, 37.88500000000022
 27912, 4276.2950,  1, -271.55, 39.88500000000022
 27973, 4282.5350,  3, 178.11, 46.095000000000255
 28058, 4304.3600,  1, -250.71, 8.594999999999345
 28104, 4309.0600,  1, -173.98, 13.295000000000073
 28168, 4315.6100,  1, -165.79, 19.844999999999345
 28275, 4326.5500,  1, -248.07, 30.784999999999854
 28291, 4328.1850,  1, -259.01, 32.42000000000007
 28357, 4334.9350,  3, 175.59, 39.099999999999454
 28391, 4338.4150,  1, -312.77, 42.649999999999636
 28463, 4345.7800,  2, -73.78,  50
 28682, 4381.1750,  3, 295.90, 22.110000000000582
 28716, 4384.6550,  1, -206.16, 25.670000000000073
 28720, 4385.0600,  1, -212.05, 26.075000000000728
 28758, 4388.9500,  3, 219.98, 29.914999999999964
 28802, 4393.4500,  3, 168.60, 34.400000000000546
 28877, 4401.1200,  1, -300.48, 42.13500000000022
 28902, 4403.6750,  3, 176.81, 44.64500000000044
 28905, 4403.9850,  3, 165.39, 44.98500000000058
 29125, 4439.5700,  1, -197.52, 22.399999999999636
 29258, 4453.1700,  3, 213.60, 35.99499999999989
 29270, 4454.3950,  3, 241.84, 37.19999999999982
 29294, 4456.8500,  1, -368.60, 39.68000000000029
 29311, 4458.5900,  1, -325.44, 41.42000000000007
 29331, 4460.6350,  1, -296.51, 43.465000000000146
 29344, 4461.9650,  1, -291.59, 44.79500000000007
 29394, 4467.0800,  1, -302.24, 49.909999999999854
 29540, 4495.2000,  1, -224.28, 14.729999999999563
 29622, 4503.5850,  3, 270.14, 23.050000000000182
 29660, 4507.4700,  1, -249.18, 27.0
 29661, 4507.5750,  1, -217.45, 27.104999999999563
 29694, 4510.9500,  1, -241.21, 30.479999999999563
 29753, 4516.9850,  3, 189.59, 36.460000000000036
 29768, 4518.5150,  3, 188.78, 38.029999999999745
 29885, 4530.4850,  2, -63.27,  50
 30023, 4557.6250,  1, -170.59, 13.909999999999854
 30035, 4558.8500,  1, -193.21, 15.135000000000218
 30052, 4560.5900,  3, 293.37, 16.800000000000182
 30071, 4562.5350,  1, -196.06, 18.81999999999971
 30075, 4562.9450,  1, -183.06, 19.229999999999563
 30085, 4563.9650,  1, -172.85, 20.25
 30154, 4571.0200,  3, 220.62, 27.279999999999745
 30173, 4572.9650,  1, -188.91, 29.25
 30289, 4598.0550,  1, -182.36, 11.659999999999854
 30294, 4598.5700,  1, -249.78, 12.174999999999272
 30309, 4600.1000,  1, -165.46, 13.704999999999927
 30312, 4600.4100,  1, -181.42, 14.014999999999418
 30324, 4601.6350,  1, -323.95, 15.239999999999782
 30329, 4602.1450,  1, -295.38, 15.75
 30360, 4605.3200,  1, -265.13, 18.924999999999272
 30391, 4608.4900,  1, -148.44, 22.094999999999345
 30449, 4627.7650,  1, -254.46, 5.725000000000364
 30451, 4627.9700,  1, -259.61, 5.930000000000291
 30452, 4628.0750,  1, -265.10, 6.0349999999998545
 30461, 4628.9950,  1, -271.52, 6.954999999999927
 30480, 4630.9350,  1, -275.30, 8.895000000000437
 30491, 4632.0600,  1, -289.72, 10.020000000000437
 30491, 4632.0600,  1, -235.21, 10.020000000000437
 30493, 4632.2650,  1, -299.37, 10.225000000000364
 30546, 4651.9650,  1, -232.65, 5.2150000000001455
 30576, 4655.0350,  1, -176.57, 8.284999999999854
 30618, 4659.3300,  1, -203.50, 12.579999999999927
 30683, 4665.9750,  1, -337.91, 19.225000000000364
 30829, 4680.9100,  1, -319.69, 34.159999999999854
 30836, 4681.6250,  1, -347.36, 34.875
 30839, 4681.9300,  1, -292.96, 35.18000000000029
 30984, 4696.7600,  2, -78.57,  50
 31055, 4718.4850,  1, -230.29, 7.059999999999491
 31080, 4721.0400,  1, -265.76, 9.614999999999782
 31105, 4723.5950,  1, -257.60, 12.170000000000073
 31111, 4724.2100,  3, 284.20, 12.779999999999745
 31173, 4730.5500,  1, -332.73, 19.125
 31174, 4730.6550,  1, -163.46, 19.229999999999563
 31206, 4733.9250,  1, -240.60, 22.5
 31244, 4737.8100,  1, -350.65, 26.38500000000022
 31340, 4761.2350,  1, -236.81, 9.719999999999345
 31348, 4762.0500,  1, -252.24, 10.534999999999854
 31367, 4763.9950,  1, -294.30, 12.479999999999563
 31390, 4766.3450,  1, -237.02, 14.829999999999927
 31467, 4774.2200,  3, 296.40, 22.61999999999989
 31487, 4776.2650,  1, -225.16, 24.75
 31615, 4789.3600,  3, 222.83, 37.76499999999942
 31619, 4789.7650,  3, 235.49, 38.17499999999927
 31829, 4824.4450,  3, 296.46, 21.280000000000655
 31859, 4827.5100,  3, 288.43, 24.350000000000364
 31902, 4831.9100,  3, 257.97, 28.76000000000022
 31902, 4831.9100,  3, 280.19, 28.74000000000069
 31974, 4839.2700,  3, 229.57, 36.11999999999989
 31991, 4841.0100,  3, 198.42, 37.905000000000655
 31995, 4841.4200,  1, -255.59, 38.350000000000364
 32059, 4847.9650,  3, 164.01, 44.850000000000364
 32159, 4872.1350,  1, -176.87, 10.125
 32224, 4878.7850,  1, -204.11, 16.774999999999636
 32309, 4887.4750,  3, 240.12, 25.399999999999636
 32333, 4889.9300,  3, 237.19, 27.81999999999971
 32344, 4891.0550,  1, -179.17, 29.045000000000073
 32391, 4895.8650,  3, 209.08, 33.784999999999854
 32394, 4896.1700,  3, 194.42, 34.11999999999989
 32549, 4912.0200,  2, -146.70,  50
 32679, 4938.4150,  1, -157.29, 13.090000000000146
 32718, 4942.4050,  1, -185.91, 17.079999999999927
 32723, 4942.9150,  1, -200.38, 17.590000000000146
 32728, 4943.4250,  3, 251.20, 18.074999999999818
 32752, 4945.8800,  1, -176.95, 20.55500000000029
 32756, 4946.2900,  1, -235.54, 20.965000000000146
 32807, 4951.5050,  1, -301.76, 26.18000000000029
 32834, 4954.2650,  1, -230.11, 28.94000000000051
 32908, 4976.0900,  1, -274.69, 7.360000000000582
 32923, 4977.6250,  1, -282.29, 8.895000000000437
 32925, 4977.8300,  1, -280.46, 9.100000000000364
 32927, 4978.0350,  1, -290.97, 9.305000000000291
 32935, 4978.8500,  1, -292.29, 10.1200000000008
 32938, 4979.1600,  1, -297.46, 10.430000000000291
 32942, 4979.5700,  1, -279.44, 10.840000000000146
 33125, 4998.2850,  1, -268.16, 29.55500000000029
 33379, 5037.5350,  1, -210.12, 25.774999999999636
 33382, 5037.8400,  1, -191.00, 26.079999999999927
 33413, 5041.0100,  1, -244.98, 29.25
 33417, 5041.4200,  1, -240.78, 29.659999999999854
 33462, 5046.0200,  3, 219.35, 34.17000000000007
 33465, 5046.3300,  3, 225.59, 34.5649999999996
 33493, 5049.1950,  3, 198.97, 37.344999999999345
 33504, 5050.3200,  3, 175.28, 38.48999999999978
 33674, 5080.8200,  1, -254.30, 17.284999999999854
 33708, 5084.2950,  1, -181.38, 20.76000000000022
 33723, 5085.8300,  1, -220.08, 22.295000000000073
 33759, 5089.5100,  3, 261.26, 25.900000000000546
 33887, 5102.6000,  1, -259.01, 39.06500000000051
 33889, 5102.8050,  3, 230.19, 39.215000000000146
 33958, 5109.8650,  3, 181.15, 46.25500000000011
 33966, 5110.6800,  3, 141.09, 47.13500000000022
 34101, 5137.5000,  1, -164.63, 13.704999999999927
 34131, 5140.5700,  1, -180.44, 16.774999999999636
 34133, 5140.7700,  1, -199.16, 16.975000000000364
 34141, 5141.5900,  1, -220.14, 17.795000000000073
 34144, 5141.8950,  1, -173.74, 18.100000000000364
 34187, 5146.2950,  3, 273.57, 22.465000000000146
 34191, 5146.7050,  3, 277.89, 22.824999999999818
 34220, 5149.6700,  3, 276.56, 25.850000000000364
 34267, 5168.7250,  1, -234.12, 4.700000000000728
 34346, 5176.8050,  1, -212.04, 12.780000000000655
 34405, 5182.8400,  3, 292.87, 18.730000000000473
 34406, 5182.9450,  3, 289.00, 18.829999999999927
 34438, 5186.2150,  3, 294.50, 22.160000000000764
 34444, 5186.8300,  3, 269.64, 22.74000000000069
 34461, 5188.5700,  3, 269.59, 24.44000000000051
 34482, 5190.7150,  3, 236.45, 26.664999999999964
 34702, 5227.1450,  3, 263.17, 22.340000000000146
 34724, 5229.3950,  3, 237.68, 24.61999999999989
 34731, 5230.1150,  3, 256.45, 25.359999999999673
 34739, 5230.9300,  3, 248.05, 26.109999999999673
 34746, 5231.6450,  3, 268.52, 26.824999999999818
 34760, 5233.0800,  3, 239.36, 28.31999999999971
 34776, 5234.7150,  3, 231.95, 29.94499999999971
 34911, 5248.6000,  3, 192.60, 43.82999999999993
 35021, 5273.1200,  1, -131.99, 11.149999999999636
 35041, 5275.1650,  3, 346.73, 13.179999999999382
 35061, 5277.2100,  3, 311.36, 15.149999999999636
 35063, 5277.4150,  3, 314.21, 15.349999999999454
 35069, 5278.0300,  3, 298.87, 16.014999999999418
 35075, 5278.6400,  3, 320.50, 16.61499999999978
 35130, 5284.2650,  3, 279.44, 22.279999999999745
 35151, 5286.4150,  3, 283.86, 24.38499999999931
 35306, 5315.4850,  3, 311.12, 15.710000000000036
 35307, 5315.5850,  3, 284.75, 15.820000000000618
 35319, 5316.8100,  3, 298.69, 17.035000000000764
 35321, 5317.0150,  3, 286.76, 17.210000000000036
 35321, 5317.0150,  3, 279.03, 17.1850000000004
 35355, 5320.4950,  3, 275.70, 20.675000000000182
 35370, 5322.0300,  3, 284.32, 22.289999999999964
 35392, 5324.2800,  3, 263.67, 24.44500000000062
 35561, 5353.9550,  1, -150.54, 17.18499999999949
 35578, 5355.6950,  3, 292.68, 18.849999999999454
 35592, 5357.1250,  3, 289.02, 20.289999999999964
 35635, 5361.5200,  3, 245.32, 24.734999999999673
 35643, 5362.3400,  3, 251.24, 25.5
 35645, 5362.5450,  3, 260.58, 25.75
 35659, 5363.9750,  3, 241.89, 27.13499999999931
 35680, 5366.1250,  3, 242.74, 29.349999999999454
 35832, 5394.8100,  3, 321.55, 15.359999999999673
 35846, 5396.2450,  3, 314.33, 16.775000000000546
 35865, 5398.1850,  3, 317.72, 18.795000000000073
 35872, 5398.9050,  1, -132.03, 19.534999999999854
 35897, 5401.4600,  3, 310.82, 22.05500000000029
 35913, 5403.0950,  3, 276.42, 23.63000000000011
 35978, 5409.7450,  3, 247.20, 30.355000000000473
 35979, 5409.8450,  3, 253.32, 30.470000000000255
 36078, 5431.4500,  1, -162.22, 10.024999999999636
 36132, 5436.9700,  3, 311.59, 15.449999999999818
 36133, 5437.0750,  1, -147.15, 15.649999999999636
 36151, 5438.9150,  3, 277.28, 17.399999999999636
 36163, 5440.1400,  3, 287.20, 18.644999999999527
 36165, 5440.3450,  3, 301.54, 18.88500000000022
 36202, 5444.1300,  3, 285.62, 22.664999999999964
 36217, 5445.6650,  3, 294.34, 24.149999999999636
 36271, 5464.2550,  1, -248.11, 5.420000000000073
 36299, 5467.1200,  1, -269.38, 8.284999999999854
 36305, 5467.7350,  1, -269.79, 8.899999999999636
 36330, 5470.2900,  1, -294.23, 11.454999999999927
 36560, 5493.8100,  1, -257.19, 34.975000000000364
 36621, 5500.0500,  1, -260.02, 41.215000000000146
 36692, 5507.3100,  3, 170.30, 48.38000000000011
 36707, 5508.8450,  2, -84.36,  50
 36880, 5539.7500,  3, 310.88, 17.449999999999818
 36930, 5544.8650,  3, 269.31, 22.534999999999854
 36930, 5544.8650,  3, 308.38, 22.50500000000011
 36956, 5547.5200,  3, 270.24, 25.234999999999673
 36971, 5549.0550,  3, 259.51, 26.73999999999978
 36991, 5551.1000,  1, -217.87, 28.840000000000146
 37074, 5559.5900,  3, 193.82, 37.284999999999854
 37080, 5560.2050,  3, 199.12, 37.844999999999345
 37272, 5593.2050,  1, -195.01, 19.534999999999854
 37278, 5593.8200,  1, -226.56, 20.149999999999636
 37289, 5594.9450,  3, 241.23, 21.175000000000182
 37299, 5595.9650,  3, 260.17, 22.229999999999563
 37311, 5597.1950,  3, 262.56, 23.50500000000011
 37388, 5605.0700,  1, -261.32, 31.399999999999636
 37434, 5609.7700,  3, 224.02, 36.039999999999964
 37510, 5617.5450,  3, 212.54, 43.845000000000255
 37679, 5647.9500,  3, 309.30, 17.17999999999938
 37720, 5652.1400,  3, 277.04, 21.359999999999673
 37741, 5654.2900,  3, 243.92, 23.519999999999527
 37755, 5655.7200,  3, 274.50, 24.88499999999931
 37756, 5655.8250,  3, 280.42, 25.045000000000073
 37765, 5656.7450,  3, 258.18, 25.894999999999527
 37765, 5656.7450,  3, 260.12, 25.875
 37777, 5657.9700,  3, 264.86, 27.17999999999938
 37826, 5676.0700,  1, -208.11, 4.9099999999998545
 37931, 5686.8050,  1, -206.94, 15.645000000000437
 37936, 5687.3200,  1, -180.94, 16.159999999999854
 37937, 5687.4200,  3, 319.28, 16.164999999999964
 37992, 5693.0450,  3, 250.76, 21.800000000000182
 37998, 5693.6600,  3, 282.09, 22.409999999999854
 38001, 5693.9650,  3, 227.90, 22.715000000000146
 38008, 5694.6800,  3, 227.44, 23.515000000000327
 38248, 5733.0800,  3, 280.63, 24.344999999999345
 38257, 5734.0000,  1, -167.21, 25.36499999999978
 38268, 5735.1250,  3, 290.71, 26.484999999999673
 38268, 5735.1250,  3, 281.73, 26.404999999999745
 38276, 5735.9450,  3, 300.87, 27.215000000000146
 38281, 5736.4550,  3, 266.70, 27.734999999999673
 38340, 5742.4900,  1, -271.55, 33.85499999999956
 38345, 5743.0000,  1, -304.22, 34.36499999999978
 38508, 5772.8450,  1, -213.36, 16.465000000000146
 38521, 5774.1750,  3, 280.59, 17.774999999999636
 38540, 5776.1200,  3, 267.00, 19.6899999999996
 38558, 5777.9600,  3, 297.30, 21.574999999999818
 38577, 5779.9050,  3, 273.16, 23.51000000000022
 38582, 5780.4150,  3, 263.14, 23.954999999999927
 38621, 5784.4050,  3, 287.07, 27.99499999999989
 38711, 5793.6100,  3, 221.92, 37.154999999999745
 38865, 5822.7100,  3, 310.70, 15.625
 38931, 5829.4600,  3, 269.78, 22.394999999999527
 38965, 5832.9350,  3, 326.18, 25.799999999999272
 38985, 5834.9850,  1, -218.23, 27.924999999999272
 38997, 5836.2100,  3, 235.30, 29.144999999999527
 39022, 5838.7650,  3, 245.01, 31.61999999999989
 39042, 5840.8100,  3, 209.10, 33.654999999999745
 39201, 5857.0750,  2, -45.41,  50
 39436, 5894.1750,  1, -246.94, 23.829999999999927
 39447, 5895.3000,  1, -201.40, 24.954999999999927
 39461, 5896.7350,  1, -241.68, 26.389999999999418
 39471, 5897.7550,  1, -212.09, 27.409999999999854
 39521, 5902.8700,  3, 197.58, 32.42000000000007
 39535, 5904.3000,  3, 190.07, 33.92500000000018
 39561, 5906.9600,  3, 168.14, 36.57999999999993
 39571, 5907.9850,  3, 158.58, 37.55499999999938
 39700, 5934.1950,  1, -185.54, 13.094999999999345
 39720, 5936.2400,  3, 299.44, 15.134999999999309
 39751, 5939.4100,  3, 298.39, 18.264999999999418
 39800, 5944.4200,  3, 275.46, 23.224999999999454
 39805, 5944.9300,  3, 267.14, 23.729999999999563
 39842, 5948.7150,  3, 255.55, 27.524999999999636
 39852, 5949.7400,  3, 254.18, 28.61999999999989
