   104, 35.9900,  3, 132.53, 11.16
   108, 36.4200,  3, 137.25, 11.679999999999996
   109, 36.5200,  3, 133.37, 11.77
   114, 37.0600,  3, 126.65, 12.319999999999997
   122, 37.9200,  3, 117.89, 13.139999999999997
   123, 38.0200,  3, 125.66, 13.23
   124, 38.1300,  3, 125.28, 13.330000000000002
   125, 38.2400,  3, 132.63, 13.489999999999998
   167, 42.7400,  3, 125.01, 17.95
   255, 52.1700,  3, 99.43, 27.38
   328, 74.2500,  1, -84.63, 7.8799999999999955
   360, 77.7500,  3, 144.53, 11.289999999999992
   362, 77.9700,  3, 129.55, 11.549999999999997
   363, 78.0800,  3, 133.83, 11.629999999999995
   365, 78.2900,  3, 120.36, 11.89
   366, 78.4000,  3, 135.76, 11.929999999999993
   372, 79.0600,  3, 128.18, 12.679999999999993
   377, 79.6100,  3, 122.87, 13.189999999999998
   377, 79.6100,  3, 125.77, 13.22999999999999
   389, 80.9200,  3, 123.02, 14.469999999999999
   453, 101.4000,  1, -81.19, 6.890000000000001
   492, 105.6700,  1, -98.91, 11.159999999999997
   492, 105.6700,  3, 135.47, 11.149999999999991
   493, 105.7800,  3, 125.77, 11.170000000000002
   502, 106.7600,  3, 128.56, 12.239999999999995
   504, 106.9800,  3, 132.37, 12.429999999999993
   505, 107.0900,  3, 137.53, 12.469999999999999
   506, 107.2000,  3, 119.79, 12.659999999999997
   510, 107.6400,  3, 113.08, 13.08999999999999
   510, 107.6400,  3, 121.97, 13.030000000000001
   615, 132.6000,  3, 128.56, 11.350000000000009
   618, 132.9300,  3, 122.83, 11.600000000000009
   619, 133.0400,  3, 129.93, 11.769999999999996
   624, 133.5800,  3, 118.96, 12.260000000000005
   627, 133.9100,  3, 126.23, 12.579999999999998
   627, 133.9100,  3, 125.78, 12.649999999999991
   627, 133.9100,  3, 125.81, 12.649999999999991
   628, 134.0200,  3, 131.83, 12.709999999999994
   629, 134.1300,  3, 129.20, 12.870000000000019
   633, 134.5700,  3, 122.55, 13.220000000000013
   736, 159.1100,  3, 133.37, 11.129999999999995
   737, 159.2200,  3, 136.88, 11.179999999999978
   739, 159.4400,  3, 134.37, 11.409999999999997
   742, 159.7700,  3, 134.35, 11.759999999999991
   744, 159.9900,  3, 140.41, 12.009999999999991
   745, 160.1000,  3, 138.62, 12.049999999999983
   746, 160.2100,  3, 127.39, 12.23999999999998
   750, 160.6500,  3, 119.99, 12.590000000000003
   765, 162.2900,  3, 127.09, 14.280000000000001
   781, 164.0400,  3, 107.58, 16.00999999999999
   885, 188.9600,  3, 129.68, 11.210000000000008
   887, 189.1800,  3, 134.00, 11.380000000000024
   899, 190.4900,  3, 134.01, 12.730000000000018
   899, 190.4900,  3, 120.70, 12.710000000000008
   900, 190.6000,  3, 127.07, 12.810000000000002
   903, 190.9300,  3, 123.23, 13.210000000000008
   904, 191.0400,  3, 118.32, 13.27000000000001
   905, 191.1500,  3, 127.19, 13.360000000000014
   909, 191.5800,  3, 110.74, 13.820000000000022
   912, 191.9100,  3, 117.21, 14.189999999999998
  1015, 216.5500,  3, 128.99, 11.120000000000005
  1020, 217.1000,  3, 126.95, 11.609999999999985
  1022, 217.3200,  3, 127.62, 11.909999999999997
  1022, 217.3200,  3, 128.89, 11.889999999999986
  1027, 217.8600,  3, 124.60, 12.400000000000006
  1028, 217.9700,  3, 122.60, 12.469999999999999
  1030, 218.1900,  3, 130.01, 12.699999999999989
  1036, 218.8500,  3, 129.88, 13.349999999999994
  1037, 218.9600,  3, 129.06, 13.530000000000001
  1293, 260.0800,  3, 124.53, 12.400000000000006
  1299, 260.7100,  3, 125.87, 13.080000000000013
  1301, 260.9100,  3, 128.12, 13.22999999999999
  1308, 261.6500,  3, 115.44, 14.030000000000001
  1309, 261.7500,  3, 122.31, 14.119999999999976
  1337, 264.6600,  3, 103.09, 17.01000000000002
  1338, 264.7700,  3, 103.76, 17.080000000000013
  1340, 264.9700,  3, 119.48, 17.299999999999983
  1462, 277.6800,  2, -35.43,  30
  1573, 302.9700,  3, 140.25, 11.25
  1576, 303.2900,  3, 127.38, 11.629999999999995
  1576, 303.2900,  3, 134.95, 11.649999999999977
  1587, 304.4300,  3, 122.05, 12.78000000000003
  1591, 304.8500,  3, 125.35, 13.139999999999986
  1599, 305.6800,  3, 130.64, 13.949999999999989
  1599, 305.6800,  3, 125.18, 13.970000000000027
  1602, 306.0000,  3, 118.29, 14.28000000000003
  1609, 306.7200,  3, 121.65, 14.990000000000009
  1753, 321.7200,  2, -46.62,  30
  1865, 346.9600,  3, 131.05, 11.420000000000016
  1868, 347.2700,  3, 122.66, 11.75
  1871, 347.5800,  3, 119.13, 11.980000000000018
  1873, 347.7900,  3, 124.42, 12.199999999999989
  1873, 347.7900,  3, 131.78, 12.230000000000018
  1875, 348.0000,  3, 130.17, 12.490000000000009
  1877, 348.2100,  3, 131.76, 12.600000000000023
  1877, 348.2100,  3, 116.87, 12.629999999999995
  1880, 348.5200,  3, 108.79, 12.970000000000027
  1904, 351.0200,  3, 113.15, 15.509999999999991
  2020, 376.6800,  3, 136.53, 11.920000000000016
  2022, 376.9000,  3, 129.67, 12.180000000000007
  2026, 377.3100,  3, 130.60, 12.54000000000002
  2033, 378.0400,  3, 116.08, 13.230000000000018
  2040, 378.7700,  3, 125.63, 13.980000000000018
  2045, 379.2900,  3, 119.07, 14.509999999999991
  2046, 379.4000,  3, 123.89, 14.600000000000023
  2060, 380.8500,  3, 119.03, 16.139999999999986
  2072, 382.1000,  3, 113.10, 17.370000000000005
  2193, 394.7100,  2, -30.07,  30
  2310, 420.4000,  3, 127.31, 11.879999999999995
  2315, 420.9100,  3, 120.83, 12.46999999999997
  2317, 421.1200,  3, 115.63, 12.669999999999959
  2317, 421.1200,  3, 128.72, 12.67999999999995
  2318, 421.2200,  3, 111.17, 12.769999999999982
  2321, 421.5400,  3, 105.28, 13.039999999999964
  2363, 425.9100,  3, 116.88, 17.45999999999998
  2375, 427.1600,  3, 93.07, 18.659999999999968
  2379, 427.5800,  3, 98.40, 19.119999999999948
  2483, 438.4100,  2, -29.83,  30
  2592, 463.1600,  3, 139.86, 11.100000000000023
  2601, 464.1000,  3, 133.07, 11.990000000000009
  2601, 464.1000,  3, 138.51, 12.009999999999991
  2607, 464.7200,  3, 142.54, 12.640000000000043
  2617, 465.7700,  3, 113.73, 13.670000000000016
  2617, 465.7700,  3, 120.40, 13.650000000000034
  2617, 465.7700,  3, 117.25, 13.660000000000025
  2621, 466.1800,  3, 109.07, 14.069999999999993
  2621, 466.1800,  3, 114.27, 14.069999999999993
  2625, 466.6000,  3, 102.72, 14.509999999999991
  2687, 486.6600,  1, -92.54, 6.340000000000032
  2702, 488.2200,  1, -96.98, 7.900000000000034
  2738, 491.9700,  3, 128.87, 11.620000000000005
  2743, 492.5000,  3, 127.52, 12.160000000000025
  2743, 492.5000,  1, -105.75, 12.180000000000007
  2746, 492.8100,  3, 131.63, 12.439999999999998
  2758, 494.0600,  3, 113.23, 13.660000000000025
  2759, 494.1600,  3, 125.23, 13.769999999999982
  2775, 495.8300,  1, -106.68, 15.509999999999991
  2915, 510.4100,  2, -2.38,  30
  2982, 530.9400,  1, -90.52, 6.690000000000055
