    53, 27.5900,  1, -241.30, 5.789999999999999
    56, 27.9100,  1, -233.85, 6.109999999999999
    61, 28.4400,  1, -246.75, 6.640000000000001
    62, 28.5500,  1, -244.25, 6.75
    64, 28.7600,  1, -241.70, 6.960000000000001
    72, 29.6200,  1, -228.58, 7.82
    74, 29.8400,  1, -246.75, 8.04
    74, 29.8400,  1, -242.19, 8.04
    83, 30.8000,  1, -241.84, 9.0
   173, 40.4500,  3, 156.89, 18.540000000000003
   263, 61.2400,  1, -237.33, 9.530000000000001
   266, 61.5600,  1, -241.33, 9.850000000000001
   278, 62.8400,  1, -234.16, 11.130000000000003
   298, 65.0100,  1, -251.90, 13.300000000000004
   317, 67.0900,  1, -261.06, 15.380000000000003
   381, 74.0900,  3, 142.82, 22.369999999999997
   381, 74.0900,  1, -295.72, 22.380000000000003
   543, 91.8100,  2, -134.07,  40
   543, 91.8100,  2, -130.53,  40
   675, 118.2000,  3, 173.30, 14.159999999999997
   690, 119.8400,  3, 168.94, 15.769999999999996
   696, 120.5000,  3, 169.94, 16.5
   699, 120.8300,  3, 167.41, 16.75
   732, 124.4300,  3, 152.19, 20.429999999999993
   738, 125.0900,  3, 154.04, 21.099999999999994
   738, 125.0900,  3, 147.56, 21.099999999999994
   750, 126.4000,  3, 141.14, 22.409999999999997
   755, 126.9500,  3, 135.05, 22.909999999999997
   767, 128.2600,  3, 132.59, 24.17
   889, 152.6000,  3, 180.23, 13.219999999999999
   907, 154.5700,  3, 172.98, 15.139999999999986
   922, 156.2100,  3, 169.81, 16.789999999999992
   923, 156.3200,  3, 168.37, 16.889999999999986
   927, 156.7600,  3, 158.68, 17.369999999999976
   930, 157.0800,  3, 160.83, 17.659999999999997
   933, 157.4100,  3, 164.96, 18.00999999999999
   937, 157.8500,  3, 149.45, 18.42999999999998
   960, 160.3600,  3, 149.49, 20.94999999999999
   997, 164.4100,  3, 137.97, 24.94999999999999
  1078, 184.4000,  3, 201.05, 8.650000000000006
  1084, 185.0500,  3, 199.64, 9.340000000000003
  1086, 185.2700,  3, 196.13, 9.539999999999992
  1089, 185.6000,  3, 189.75, 9.870000000000005
  1093, 186.0400,  3, 187.97, 10.340000000000003
  1099, 186.6900,  3, 186.61, 11.019999999999982
  1104, 187.2400,  3, 183.75, 11.509999999999991
  1108, 187.6800,  3, 184.44, 11.969999999999999
  1132, 190.3000,  3, 169.41, 14.599999999999994
  1191, 196.7600,  3, 143.16, 21.099999999999994
  1270, 216.4100,  3, 198.77, 8.430000000000007
  1287, 218.2700,  3, 189.35, 10.29000000000002
  1292, 218.8200,  3, 179.62, 10.920000000000016
  1298, 219.4700,  3, 189.40, 11.5
  1299, 219.5800,  3, 180.06, 11.650000000000006
  1304, 220.1300,  3, 172.62, 12.190000000000026
  1320, 221.8800,  3, 175.86, 13.970000000000027
  1337, 223.7400,  3, 171.01, 15.740000000000009
  1396, 230.1900,  3, 143.52, 22.190000000000026
  1399, 230.5200,  3, 131.35, 22.52000000000001
  1468, 248.9900,  3, 205.15, 7.349999999999994
  1474, 249.6500,  3, 206.17, 7.97999999999999
  1481, 250.4100,  3, 196.65, 8.829999999999984
  1487, 251.0700,  3, 193.73, 9.409999999999997
  1498, 252.2700,  3, 193.02, 10.599999999999994
  1591, 262.1500,  3, 144.57, 20.569999999999993
  1645, 267.7700,  3, 133.38, 26.149999999999977
  1687, 272.1500,  3, 112.37, 30.50999999999999
  1792, 294.1000,  3, 210.92, 6.2099999999999795
  1805, 295.4600,  3, 194.63, 7.589999999999975
  1807, 295.6600,  3, 200.97, 7.75
  1811, 296.0800,  3, 200.02, 8.199999999999989
  1842, 299.3100,  3, 187.52, 11.409999999999968
  1850, 300.1500,  3, 183.71, 12.259999999999991
  1854, 300.5600,  3, 183.32, 12.629999999999995
  2073, 323.3700,  1, -332.47, 35.51999999999998
  2104, 326.6000,  3, 76.68, 38.69999999999999
  2169, 344.4700,  3, 210.78, 6.550000000000011
  2170, 344.5800,  3, 209.95, 6.680000000000007
  2175, 345.1000,  3, 207.28, 7.199999999999989
  2205, 348.2200,  3, 186.62, 10.310000000000002
  2258, 353.7500,  3, 157.77, 15.850000000000023
  2294, 357.5000,  3, 149.00, 19.670000000000016
  2296, 357.7100,  3, 128.42, 19.79000000000002
  2300, 358.1200,  3, 136.12, 20.230000000000018
  2316, 359.7900,  3, 134.96, 21.930000000000007
  2334, 361.6600,  3, 110.13, 23.75999999999999
  2403, 380.1500,  1, -233.74, 7.099999999999966
  2430, 382.9600,  1, -257.16, 9.909999999999968
  2431, 383.0600,  3, 188.53, 9.95999999999998
  2512, 391.5000,  3, 154.23, 18.430000000000007
  2519, 392.2200,  3, 155.65, 19.099999999999966
  2581, 398.6800,  3, 122.79, 25.610000000000014
  2581, 398.6800,  3, 126.71, 25.560000000000002
  2642, 405.0400,  3, 109.72, 31.889999999999986
  2651, 405.9700,  3, 96.73, 32.839999999999975
  2688, 409.8300,  3, 87.32, 36.74000000000001
  2781, 430.7900,  3, 178.83, 9.520000000000039
  2809, 433.7100,  3, 165.47, 12.420000000000016
  2811, 433.9100,  3, 163.78, 12.670000000000016
  2814, 434.2200,  3, 172.62, 12.930000000000007
  2821, 434.9600,  3, 158.09, 13.660000000000025
  2823, 435.1600,  3, 156.43, 13.860000000000014
  2846, 437.5600,  3, 154.13, 16.27000000000004
  2873, 440.3700,  3, 140.24, 19.060000000000002
  2890, 442.1500,  3, 126.11, 20.840000000000032
  3020, 455.6800,  3, 85.48, 34.420000000000016
  3089, 473.9300,  3, 210.38, 7.060000000000002
  3168, 482.1600,  3, 169.27, 15.289999999999964
  3193, 484.7700,  3, 156.60, 17.879999999999995
  3207, 486.2200,  3, 160.11, 19.269999999999982
  3208, 486.3300,  3, 158.92, 19.439999999999998
  3215, 487.0600,  3, 147.76, 20.149999999999977
  3218, 487.3700,  3, 151.73, 20.44999999999999
  3294, 495.2900,  3, 112.04, 28.349999999999966
  3405, 506.8500,  2, -162.10,  40
  3405, 506.8500,  2, -174.82,  40
  3479, 525.4300,  3, 204.05, 7.3799999999999955
  3480, 525.5300,  3, 206.87, 7.490000000000009
  3576, 535.4100,  3, 164.16, 17.32000000000005
  3585, 536.3300,  3, 161.20, 18.300000000000068
  3650, 543.0300,  3, 131.67, 24.940000000000055
  3662, 544.2600,  3, 126.67, 26.210000000000036
  3700, 548.1800,  3, 112.89, 30.07000000000005
  3760, 554.3500,  3, 83.01, 36.25
  3772, 555.5800,  3, 81.28, 37.47000000000003
  3838, 573.4600,  3, 211.39, 6.590000000000032
  3911, 580.9800,  3, 179.54, 14.090000000000032
  3921, 582.0100,  3, 170.51, 15.190000000000055
  3955, 585.5100,  3, 155.33, 18.690000000000055
  3968, 586.8500,  3, 143.31, 19.960000000000036
  3984, 588.5000,  3, 141.03, 21.690000000000055
  3987, 588.8100,  3, 133.08, 21.970000000000027
  4009, 591.0700,  3, 133.46, 24.200000000000045
  4028, 593.0300,  3, 122.08, 26.190000000000055
  4065, 596.8300,  3, 103.57, 29.950000000000045
  4140, 615.7000,  3, 203.16, 7.610000000000014
  4196, 621.4600,  3, 178.41, 13.309999999999945
  4201, 621.9800,  3, 179.53, 13.799999999999955
  4213, 623.2100,  3, 171.48, 15.110000000000014
  4231, 625.0700,  3, 165.21, 16.899999999999977
  4235, 625.4800,  3, 164.34, 17.389999999999986
  4280, 630.1100,  3, 145.33, 21.959999999999923
  4359, 638.2500,  3, 100.82, 30.129999999999995
  4455, 648.1300,  2, -165.67,  40
  4455, 648.1300,  2, -157.83,  40
  4526, 667.5700,  3, 205.64, 7.039999999999964
  4531, 668.0800,  3, 203.58, 7.600000000000023
  4536, 668.6000,  3, 204.98, 8.120000000000005
  4585, 673.6500,  3, 175.80, 13.100000000000023
  4586, 673.7500,  3, 173.96, 13.230000000000018
  4589, 674.0600,  3, 175.79, 13.559999999999945
  4619, 677.1500,  3, 166.62, 16.610000000000014
  4623, 677.5600,  3, 156.37, 17.019999999999982
  4645, 679.8200,  3, 139.51, 19.339999999999918
  4679, 683.3200,  3, 126.02, 22.809999999999945
  4753, 701.8800,  3, 206.50, 7.460000000000036
  4777, 704.3500,  3, 202.44, 9.93999999999994
  4777, 704.3500,  3, 193.00, 9.93999999999994
  4784, 705.0700,  3, 188.07, 10.669999999999959
  4789, 705.5800,  3, 182.87, 11.149999999999977
  4791, 705.8000,  3, 182.48, 11.409999999999968
  4798, 706.5100,  3, 186.79, 12.069999999999936
  4806, 707.3300,  3, 178.17, 12.92999999999995
  4809, 707.6500,  3, 174.95, 13.240000000000009
  4814, 708.1600,  3, 173.03, 13.769999999999982
  4903, 729.1600,  3, 201.41, 9.009999999999991
  4907, 729.5700,  3, 198.73, 9.389999999999986
  4918, 730.7000,  3, 198.11, 10.539999999999964
  4929, 731.8300,  3, 183.74, 11.720000000000027
  4941, 733.0700,  3, 181.10, 12.909999999999968
  4954, 734.4100,  3, 178.35, 14.269999999999982
  4955, 734.5100,  3, 174.68, 14.350000000000023
  5020, 741.2000,  3, 150.02, 21.090000000000032
  5085, 747.9000,  3, 128.44, 27.769999999999982
  5103, 749.7500,  3, 114.75, 29.620000000000005
  5186, 769.2300,  3, 192.54, 8.3900000000001
  5208, 771.5000,  3, 189.73, 10.629999999999995
  5218, 772.5300,  3, 184.64, 11.680000000000064
  5219, 772.6300,  3, 184.59, 11.780000000000086
  5220, 772.7300,  3, 182.92, 11.840000000000032
  5238, 774.5800,  3, 177.67, 13.75
  5247, 775.5100,  3, 169.36, 14.670000000000073
  5300, 780.9600,  3, 153.78, 20.1400000000001
  5327, 783.7500,  3, 137.31, 22.940000000000055
  5559, 819.6600,  3, 196.49, 10.410000000000082
  5581, 821.9300,  3, 180.98, 12.759999999999991
  5588, 822.6500,  3, 180.57, 13.440000000000055
  5617, 825.6300,  3, 160.81, 16.399999999999977
  5628, 826.7600,  3, 163.19, 17.590000000000032
  5702, 834.3800,  3, 133.07, 25.129999999999995
  5710, 835.2000,  3, 130.45, 26.0
  5755, 839.8300,  3, 112.42, 30.639999999999986
  5822, 846.7300,  3, 70.21, 37.56000000000006
  5846, 849.2000,  2, -156.68,  40
  5933, 870.1000,  3, 200.15, 8.730000000000018
  5937, 870.5100,  3, 200.63, 9.129999999999995
  5949, 871.7500,  3, 196.47, 10.350000000000023
  5971, 874.0100,  3, 181.63, 12.559999999999945
  5973, 874.2100,  3, 186.87, 12.799999999999955
  5995, 876.4800,  3, 172.93, 15.090000000000032
  6014, 878.4400,  3, 166.68, 16.980000000000018
  6020, 879.0600,  3, 164.37, 17.699999999999932
  6068, 884.0000,  3, 156.72, 22.620000000000005
  6237, 901.4000,  2, -128.18,  40
  6321, 921.9100,  3, 204.25, 8.409999999999968
  6335, 923.3500,  3, 189.75, 9.850000000000023
  6339, 923.7600,  3, 197.89, 10.230000000000018
  6346, 924.4800,  3, 192.58, 10.93999999999994
  6353, 925.2000,  3, 185.43, 11.659999999999968
  6357, 925.6100,  3, 183.58, 12.079999999999927
  6382, 928.1900,  3, 176.16, 14.709999999999923
  6403, 930.3500,  3, 172.07, 16.799999999999955
  6430, 933.1300,  3, 156.16, 19.629999999999995
  6507, 941.0600,  3, 122.07, 27.49000000000001
  6592, 960.8600,  3, 207.92, 8.559999999999945
  6597, 961.3800,  3, 195.80, 9.139999999999986
  6610, 962.7100,  3, 189.39, 10.459999999999923
  6615, 963.2300,  3, 194.79, 11.0
  6653, 967.1500,  3, 172.53, 14.870000000000005
  6662, 968.0700,  3, 173.78, 15.799999999999955
  6683, 970.2300,  3, 160.29, 17.949999999999932
  6687, 970.6500,  3, 163.06, 18.339999999999918
  6712, 973.2100,  3, 150.27, 20.909999999999968
  6757, 977.8500,  3, 129.97, 25.529999999999973
  6868, 1000.4100,  3, 191.29, 11.269999999999982
  6868, 1000.4100,  3, 193.21, 11.230000000000018
  6871, 1000.7100,  3, 185.25, 11.589999999999918
  6872, 1000.8200,  3, 186.93, 11.620000000000005
  6880, 1001.6500,  3, 185.20, 12.509999999999991
  6890, 1002.6800,  3, 180.63, 13.480000000000018
  6892, 1002.8800,  3, 180.05, 13.779999999999973
  6900, 1003.7000,  3, 171.60, 14.519999999999982
  6930, 1006.8000,  3, 152.95, 17.659999999999968
  6968, 1010.7000,  3, 143.04, 21.539999999999964
  7082, 1033.8500,  3, 178.90, 11.949999999999932
  7093, 1035.0200,  3, 171.91, 13.100000000000023
  7098, 1035.5600,  3, 173.89, 13.67999999999995
  7101, 1035.8800,  3, 171.46, 13.999999999999886
  7122, 1038.1300,  3, 169.09, 16.17999999999995
  7140, 1040.0600,  3, 166.64, 18.199999999999932
  7146, 1040.7000,  3, 164.24, 18.759999999999877
  7181, 1044.4500,  3, 148.66, 22.550000000000068
  7218, 1048.4100,  3, 132.40, 26.509999999999877
  7240, 1050.7700,  3, 127.88, 28.83000000000004
  7341, 1072.5600,  3, 194.13, 10.660000000000082
  7349, 1073.4100,  3, 185.28, 11.5
  7354, 1073.9500,  3, 182.66, 12.0
  7360, 1074.6000,  3, 181.10, 12.6400000000001
  7361, 1074.7000,  3, 185.11, 12.759999999999991
  7361, 1074.7000,  3, 180.26, 12.810000000000173
  7375, 1076.2000,  3, 181.43, 14.300000000000182
  7384, 1077.1600,  3, 172.83, 15.210000000000036
  7433, 1082.4100,  3, 150.80, 20.5300000000002
  7454, 1084.6600,  3, 139.70, 22.720000000000027
  7546, 1105.6000,  3, 198.87, 9.650000000000091
  7554, 1106.4500,  3, 195.79, 10.580000000000155
  7569, 1108.0600,  3, 185.54, 12.160000000000082
  7594, 1110.7400,  3, 177.30, 14.830000000000155
  7617, 1113.2000,  3, 173.48, 17.340000000000146
  7646, 1116.3100,  3, 162.29, 20.440000000000055
  7646, 1116.3100,  3, 158.48, 20.38000000000011
  7664, 1118.2400,  3, 156.64, 22.340000000000146
  7665, 1118.3500,  3, 150.14, 22.430000000000064
  7789, 1131.6300,  3, 98.49, 35.75
  7890, 1153.6000,  3, 189.22, 10.639999999999873
  7913, 1156.0600,  3, 180.93, 13.159999999999854
  7915, 1156.2700,  3, 180.16, 13.309999999999945
  7915, 1156.2700,  3, 178.37, 13.289999999999964
  7918, 1156.6000,  3, 174.55, 13.639999999999873
  7920, 1156.8100,  3, 180.81, 13.829999999999927
  7929, 1157.7700,  3, 172.16, 14.849999999999909
  7934, 1158.3100,  3, 172.25, 15.36999999999989
  7937, 1158.6300,  3, 162.05, 15.659999999999854
  7964, 1161.5200,  3, 152.86, 18.559999999999945
  8028, 1179.5200,  3, 210.54, 6.660000000000082
  8077, 1184.7700,  3, 187.84, 11.870000000000118
  8077, 1184.7700,  3, 187.64, 11.960000000000036
  8084, 1185.5200,  3, 187.47, 12.660000000000082
  8086, 1185.7400,  3, 178.74, 12.850000000000136
  8089, 1186.0600,  3, 177.07, 13.240000000000009
  8096, 1186.8100,  3, 176.98, 13.990000000000009
  8099, 1187.1300,  3, 175.72, 14.240000000000009
  8116, 1188.9500,  3, 168.26, 16.15000000000009
  8170, 1194.7400,  3, 147.04, 21.850000000000136
  8263, 1215.7000,  3, 195.51, 9.7800000000002
  8271, 1216.5600,  3, 188.49, 10.700000000000045
  8272, 1216.6600,  3, 194.11, 10.710000000000036
  8281, 1217.6300,  3, 188.59, 11.75
  8285, 1218.0600,  3, 186.24, 12.1400000000001
  8288, 1218.3800,  3, 182.75, 12.5
  8288, 1218.3800,  3, 179.01, 12.460000000000036
  8297, 1219.3500,  3, 176.09, 13.430000000000064
  8298, 1219.4500,  3, 180.80, 13.560000000000173
  8307, 1220.4100,  3, 172.83, 14.550000000000182
  8416, 1243.2400,  3, 185.07, 11.480000000000018
  8417, 1243.3500,  3, 190.88, 11.589999999999918
  8424, 1244.1000,  3, 183.53, 12.379999999999882
  8429, 1244.6300,  3, 173.51, 12.889999999999873
  8430, 1244.7400,  3, 181.33, 13.0
  8432, 1244.9500,  3, 180.17, 13.240000000000009
  8435, 1245.2700,  3, 174.93, 13.529999999999973
  8438, 1245.6000,  3, 178.30, 13.829999999999927
  8455, 1247.4100,  3, 173.00, 15.649999999999864
  8504, 1252.6600,  3, 144.36, 20.980000000000018
  8577, 1271.5200,  3, 208.31, 7.6400000000001
  8586, 1272.4900,  3, 194.27, 8.560000000000173
  8592, 1273.1300,  3, 194.52, 9.259999999999991
  8593, 1273.2400,  3, 196.42, 9.310000000000173
  8603, 1274.3100,  3, 190.06, 10.420000000000073
  8604, 1274.4100,  3, 186.21, 10.540000000000191
  8630, 1277.2000,  3, 172.66, 13.320000000000164
  8631, 1277.3100,  3, 179.05, 13.430000000000064
  8635, 1277.7400,  3, 173.37, 13.8900000000001
  8691, 1283.7400,  3, 144.06, 19.850000000000136
  8786, 1304.8100,  3, 186.85, 10.009999999999991
  8791, 1305.3500,  3, 190.28, 10.5
  8793, 1305.5600,  3, 193.16, 10.720000000000027
  8795, 1305.7700,  3, 186.38, 10.950000000000045
  8796, 1305.8800,  3, 188.72, 11.099999999999909
  8796, 1305.8800,  3, 191.05, 11.019999999999982
  8802, 1306.5200,  3, 183.16, 11.75
  8807, 1307.0600,  3, 184.17, 12.240000000000009
  8813, 1307.7000,  3, 177.82, 12.930000000000064
  8822, 1308.6600,  3, 170.56, 13.88000000000011
  8923, 1330.6000,  3, 192.15, 10.689999999999827
  8925, 1330.8100,  3, 191.76, 10.849999999999909
  8935, 1331.8800,  3, 190.10, 11.879999999999882
  8939, 1332.3100,  3, 175.43, 12.349999999999909
  8941, 1332.5200,  3, 177.66, 12.579999999999927
  8947, 1333.1600,  3, 181.74, 13.169999999999845
  8948, 1333.2700,  3, 180.79, 13.299999999999955
  8952, 1333.7000,  3, 178.02, 13.75
  8963, 1334.8800,  3, 168.27, 14.86999999999989
  8969, 1335.5200,  3, 165.68, 15.529999999999973
  9035, 1353.7000,  3, 211.61, 6.930000000000064
  9039, 1354.1300,  3, 207.55, 7.309999999999945
  9052, 1355.5200,  3, 202.09, 8.740000000000009
  9053, 1355.6300,  3, 198.02, 8.809999999999945
  9062, 1356.6000,  3, 193.63, 9.839999999999918
  9073, 1357.7700,  3, 187.60, 10.920000000000073
  9073, 1357.7700,  3, 181.30, 10.930000000000064
  9091, 1359.7000,  3, 184.61, 12.920000000000073
  9092, 1359.8100,  3, 183.24, 13.009999999999991
  9093, 1359.9100,  3, 176.23, 13.150000000000091
  9199, 1382.2700,  3, 185.70, 11.190000000000055
  9203, 1382.7000,  3, 184.31, 11.589999999999918
  9208, 1383.2400,  3, 182.99, 12.190000000000055
  9209, 1383.3500,  3, 178.80, 12.25
  9209, 1383.3500,  3, 184.74, 12.220000000000027
  9210, 1383.4500,  3, 186.68, 12.360000000000127
  9211, 1383.5600,  3, 181.90, 12.480000000000018
  9216, 1384.1000,  3, 179.31, 12.990000000000009
  9229, 1385.4900,  3, 182.34, 14.460000000000036
  9252, 1387.9500,  3, 161.45, 16.910000000000082
  9339, 1408.2400,  3, 198.62, 9.150000000000091
  9357, 1410.1600,  3, 192.53, 11.120000000000118
  9357, 1410.1600,  3, 183.69, 11.100000000000136
  9358, 1410.2700,  3, 187.15, 11.170000000000073
  9361, 1410.6000,  3, 185.63, 11.539999999999964
  9363, 1410.8100,  3, 191.38, 11.710000000000036
  9372, 1411.7700,  3, 184.03, 12.6400000000001
  9377, 1412.3100,  3, 180.73, 13.170000000000073
  9389, 1413.6000,  3, 178.87, 14.5
  9391, 1413.8100,  3, 173.25, 14.670000000000073
  9489, 1435.4500,  3, 194.75, 10.310000000000173
  9496, 1436.2000,  1, -224.84, 11.120000000000118
  9556, 1442.6300,  3, 160.47, 17.50999999999999
  9563, 1443.3800,  3, 163.66, 18.200000000000045
  9564, 1443.4900,  3, 162.97, 18.340000000000146
  9575, 1444.6600,  3, 159.85, 19.550000000000182
  9585, 1445.7400,  3, 143.38, 20.570000000000164
  9599, 1447.2400,  3, 134.65, 22.070000000000164
  9617, 1449.1600,  3, 123.30, 24.050000000000182
  9828, 1482.9100,  3, 204.69, 7.740000000000009
  9834, 1483.5600,  3, 197.06, 8.440000000000055
  9845, 1484.7400,  3, 193.74, 9.5300000000002
  9852, 1485.4900,  3, 188.01, 10.330000000000155
  9854, 1485.7000,  3, 197.79, 10.52000000000021
  9874, 1487.8500,  3, 178.69, 12.730000000000018
  9896, 1490.2000,  3, 165.59, 15.040000000000191
  9905, 1491.1600,  3, 159.55, 15.960000000000036
  9933, 1494.1600,  3, 150.79, 18.970000000000027
  9948, 1495.7700,  3, 147.60, 20.610000000000127
 10043, 1516.8800,  3, 195.10, 10.019999999999982
 10049, 1517.5200,  3, 188.30, 10.650000000000091
 10064, 1519.1300,  3, 186.69, 12.269999999999982
 10078, 1520.6300,  3, 175.02, 13.710000000000036
 10079, 1520.7400,  3, 166.52, 13.820000000000164
 10091, 1522.0200,  3, 166.41, 15.1400000000001
 10094, 1522.3500,  3, 170.68, 15.480000000000018
 10162, 1529.6300,  3, 134.47, 22.730000000000018
 10164, 1529.8500,  3, 145.74, 22.940000000000055
 10227, 1536.6000,  3, 114.21, 29.65000000000009
 10323, 1557.9900,  3, 190.75, 10.090000000000146
 10331, 1558.8500,  3, 191.65, 10.920000000000073
 10336, 1559.3800,  3, 184.88, 11.529999999999973
 10341, 1559.9100,  3, 176.32, 12.060000000000173
 10344, 1560.2400,  3, 175.75, 12.410000000000082
 10358, 1561.7400,  3, 176.10, 13.88000000000011
 10360, 1561.9500,  3, 174.14, 14.110000000000127
 10362, 1562.1600,  3, 171.93, 14.320000000000164
 10374, 1563.4500,  3, 160.82, 15.560000000000173
 10415, 1567.8500,  3, 150.89, 19.980000000000018
 10510, 1590.0600,  3, 195.54, 10.009999999999991
 10539, 1593.1600,  3, 178.46, 13.069999999999936
 10544, 1593.7000,  3, 180.91, 13.6400000000001
 10547, 1594.0200,  3, 175.73, 13.960000000000036
 10549, 1594.2400,  3, 178.01, 14.160000000000082
 10550, 1594.3500,  3, 172.81, 14.240000000000009
 10588, 1598.4100,  3, 169.00, 18.339999999999918
 10594, 1599.0600,  3, 166.66, 18.970000000000027
 10597, 1599.3800,  3, 168.12, 19.269999999999982
 10603, 1600.0200,  3, 162.51, 19.980000000000018
 10683, 1619.7400,  3, 202.41, 8.420000000000073
 10694, 1620.9100,  3, 194.34, 9.519999999999982
 10701, 1621.6600,  3, 195.07, 10.269999999999982
 10702, 1621.7700,  3, 188.76, 10.360000000000127
 10703, 1621.8800,  3, 188.95, 10.549999999999955
 10704, 1621.9900,  3, 189.09, 10.660000000000082
 10710, 1622.6300,  3, 189.19, 11.269999999999982
 10715, 1623.1600,  3, 184.15, 11.759999999999991
 10730, 1624.7700,  3, 180.43, 13.360000000000127
 10743, 1626.1600,  3, 174.97, 14.799999999999955
 10824, 1646.7000,  3, 201.65, 8.459999999999809
 10834, 1647.7700,  3, 193.28, 9.559999999999945
 10835, 1647.8800,  3, 191.63, 9.679999999999836
 10836, 1647.9900,  3, 198.49, 9.839999999999918
 10844, 1648.8500,  3, 192.41, 10.61999999999989
 10845, 1648.9500,  3, 194.83, 10.759999999999991
 10846, 1649.0600,  3, 189.64, 10.8599999999999
 10853, 1649.8100,  3, 186.67, 11.6099999999999
 10862, 1650.7700,  3, 188.74, 12.589999999999918
 10874, 1652.0600,  3, 176.20, 13.829999999999927
 10963, 1672.5200,  3, 200.72, 9.360000000000127
 10984, 1674.7700,  3, 187.95, 11.580000000000155
 11012, 1677.7700,  3, 175.79, 14.570000000000164
 11012, 1677.7700,  3, 179.60, 14.660000000000082
 11014, 1677.9900,  3, 180.21, 14.820000000000164
 11023, 1678.9500,  3, 172.83, 15.840000000000146
 11037, 1680.4500,  3, 171.40, 17.300000000000182
 11048, 1681.6300,  3, 168.75, 18.450000000000045
 11066, 1683.5600,  3, 150.02, 20.440000000000055
 11077, 1684.7400,  3, 150.91, 21.550000000000182
 11177, 1707.2700,  3, 195.80, 10.589999999999918
 11198, 1709.5200,  3, 188.52, 12.769999999999982
 11202, 1709.9500,  3, 181.94, 13.189999999999827
 11204, 1710.1600,  3, 185.76, 13.460000000000036
 11205, 1710.2700,  3, 180.48, 13.589999999999918
 11213, 1711.1300,  3, 176.07, 14.429999999999836
 11252, 1715.3100,  3, 158.07, 18.579999999999927
 11288, 1719.1600,  3, 141.98, 22.449999999999818
 11297, 1720.1300,  3, 146.08, 23.429999999999836
 11490, 1751.9500,  3, 204.46, 8.13000000000011
 11500, 1753.0200,  3, 203.32, 9.110000000000127
 11517, 1754.8500,  3, 192.65, 11.029999999999973
 11522, 1755.3800,  3, 189.14, 11.5
 11532, 1756.4500,  3, 185.57, 12.539999999999964
 11533, 1756.5600,  3, 186.08, 12.670000000000073
 11542, 1757.5200,  3, 176.27, 13.680000000000064
 11550, 1758.3800,  3, 179.94, 14.460000000000036
 11565, 1759.9900,  3, 169.89, 16.12000000000012
 11567, 1760.2000,  3, 170.84, 16.330000000000155
 11671, 1782.4500,  3, 194.77, 10.960000000000036
 11693, 1784.8100,  1, -246.00, 13.379999999999882
 11726, 1788.3500,  3, 169.30, 16.86999999999989
 11730, 1788.7700,  3, 166.36, 17.299999999999955
 11769, 1792.9500,  3, 145.06, 21.439999999999827
 11793, 1795.5200,  3, 137.70, 24.069999999999936
 11799, 1796.1600,  3, 136.90, 24.669999999999845
 11803, 1796.6000,  3, 134.30, 25.139999999999873
 11825, 1798.9500,  3, 129.45, 27.429999999999836
 12014, 1830.2000,  3, 206.38, 9.1099999999999
 12034, 1832.3500,  3, 190.38, 11.259999999999991
 12039, 1832.8800,  3, 182.57, 11.789999999999964
 12082, 1837.4900,  3, 174.45, 16.420000000000073
 12083, 1837.6000,  3, 168.73, 16.49000000000001
 12106, 1840.0600,  3, 168.16, 18.980000000000018
 12119, 1841.4500,  3, 149.57, 20.3900000000001
 12138, 1843.4900,  3, 155.82, 22.40000000000009
 12144, 1844.1300,  1, -275.25, 23.13000000000011
 12192, 1849.2700,  3, 122.68, 28.170000000000073
 12282, 1869.8100,  3, 200.52, 9.470000000000027
 12292, 1870.8800,  3, 197.43, 10.589999999999918
 12295, 1871.2000,  3, 191.25, 10.870000000000118
 12298, 1871.5200,  3, 192.17, 11.1400000000001
 12299, 1871.6300,  3, 192.54, 11.25
 12305, 1872.2700,  3, 193.55, 11.900000000000091
 12307, 1872.4900,  3, 184.15, 12.1400000000001
 12310, 1872.8100,  3, 184.63, 12.420000000000073
 12336, 1875.6000,  3, 179.01, 15.230000000000018
 12348, 1876.8800,  3, 164.91, 16.579999999999927
 12464, 1900.3100,  3, 187.28, 12.25
 12472, 1901.1600,  3, 185.03, 13.079999999999927
 12488, 1902.8800,  3, 176.24, 14.769999999999982
 12514, 1905.6600,  3, 163.37, 17.63000000000011
 12522, 1906.5200,  3, 159.55, 18.440000000000055
 12560, 1910.6000,  3, 148.26, 22.49000000000001
 12578, 1912.5200,  3, 146.85, 24.480000000000018
 12634, 1918.5200,  3, 117.23, 30.460000000000036
 12638, 1918.9500,  3, 119.95, 30.920000000000073
 12723, 1928.0600,  2, -165.75,  40
 12794, 1946.6300,  3, 205.18, 7.339999999999918
 12806, 1947.9100,  3, 206.36, 8.6099999999999
 12831, 1950.6000,  3, 195.30, 11.269999999999982
 12831, 1950.6000,  1, -236.05, 11.3599999999999
 12835, 1951.0200,  3, 188.97, 11.720000000000027
 12888, 1956.7000,  3, 169.52, 17.420000000000073
 12930, 1961.2000,  3, 143.20, 21.950000000000045
 12951, 1963.4500,  3, 144.71, 24.190000000000055
 13067, 1975.8800,  3, 94.20, 36.61999999999989
 13086, 1977.9100,  3, 92.02, 38.57999999999993
 13200, 2001.1300,  3, 190.37, 11.990000000000009
 13211, 2002.3100,  3, 185.94, 13.160000000000082
 13221, 2003.3800,  3, 182.68, 14.25
 13230, 2004.3500,  3, 177.72, 15.25
 13247, 2006.1600,  3, 169.68, 17.069999999999936
 13265, 2008.1000,  3, 161.19, 19.039999999999964
 13304, 2012.2700,  3, 149.01, 23.13000000000011
 13326, 2014.6300,  3, 130.63, 25.5
 13353, 2017.5200,  3, 127.69, 28.440000000000055
 13403, 2022.8800,  3, 111.43, 33.73000000000002
 13499, 2044.2000,  3, 198.44, 10.089999999999918
 13504, 2044.7400,  3, 188.37, 10.660000000000082
 13508, 2045.1600,  3, 185.31, 11.049999999999955
 13510, 2045.3800,  3, 189.21, 11.269999999999982
 13525, 2046.9900,  3, 185.04, 12.920000000000073
 13533, 2047.8500,  3, 185.10, 13.710000000000036
 13537, 2048.2600,  3, 177.97, 14.1400000000001
 13543, 2048.9100,  3, 178.47, 14.779999999999973
 13551, 2049.7600,  3, 173.38, 15.6400000000001
 13557, 2050.4100,  3, 173.77, 16.27000000000021
 13684, 2076.1600,  3, 174.12, 13.450000000000273
 13693, 2077.1200,  3, 173.16, 14.390000000000327
 13708, 2078.7300,  3, 165.05, 15.980000000000018
 13716, 2079.5900,  3, 172.26, 16.91000000000031
 13730, 2081.0900,  3, 161.62, 18.40000000000009
 13740, 2082.1600,  3, 163.32, 19.440000000000055
 13742, 2082.3700,  3, 155.90, 19.65000000000009
 13745, 2082.7000,  3, 151.55, 19.93000000000029
 13768, 2085.1600,  3, 150.46, 22.490000000000236
 13796, 2088.1600,  3, 133.42, 25.40000000000009
 13895, 2110.4700,  3, 193.69, 10.460000000000036
 13904, 2111.4300,  3, 190.18, 11.420000000000073
 13912, 2112.2800,  3, 193.02, 12.290000000000418
 13957, 2117.1100,  3, 165.84, 17.110000000000127
 13958, 2117.2200,  3, 159.86, 17.230000000000018
 13980, 2119.5700,  3, 159.18, 19.51000000000022
 13992, 2120.8600,  3, 157.63, 20.830000000000382
 13993, 2120.9700,  3, 156.78, 20.920000000000073
 14031, 2125.0300,  3, 146.62, 25.0300000000002
 14039, 2125.8900,  3, 143.52, 25.830000000000382
 14164, 2150.3400,  3, 191.31, 13.240000000000236
 14174, 2151.4100,  3, 181.01, 14.300000000000182
 14187, 2152.8000,  3, 174.77, 15.740000000000236
 14193, 2153.4500,  3, 174.22, 16.300000000000182
 14206, 2154.8400,  3, 172.03, 17.75
 14212, 2155.4800,  3, 167.89, 18.34999999999991
 14220, 2156.3400,  3, 162.67, 19.289999999999964
 14267, 2161.3700,  3, 147.61, 24.269999999999982
 14302, 2165.1200,  3, 130.51, 27.990000000000236
 14386, 2174.1200,  3, 106.13, 36.98000000000002
 14505, 2197.9500,  3, 184.81, 12.550000000000182
 14516, 2199.1200,  3, 180.48, 13.820000000000164
 14518, 2199.3400,  3, 176.97, 13.960000000000036
 14578, 2205.7600,  3, 155.95, 20.420000000000073
 14581, 2206.0900,  3, 154.71, 20.710000000000036
 14588, 2206.8400,  3, 150.89, 21.5
 14595, 2207.5900,  3, 149.47, 22.2800000000002
 14606, 2208.7600,  3, 139.19, 23.440000000000055
 14610, 2209.2000,  3, 147.57, 23.86999999999989
 14761, 2225.3700,  2, -187.14,  40
 14898, 2251.1800,  3, 181.82, 14.420000000000073
 14902, 2251.6100,  3, 180.28, 14.820000000000164
 14902, 2251.6100,  3, 179.35, 14.830000000000382
 14923, 2253.8600,  3, 168.02, 17.080000000000382
 14928, 2254.3900,  3, 164.30, 17.600000000000364
 14939, 2255.5700,  3, 163.52, 18.840000000000146
 14950, 2256.7500,  3, 165.99, 19.990000000000236
 14968, 2258.6800,  3, 153.30, 21.93000000000029
 14991, 2261.1400,  3, 144.78, 24.41000000000031
 15030, 2265.3200,  3, 125.18, 28.51000000000022
 15091, 2282.9100,  3, 210.06, 6.400000000000091
 15100, 2283.8700,  3, 210.92, 7.370000000000346
 15101, 2283.9800,  3, 208.64, 7.400000000000091
 15112, 2285.1600,  3, 198.79, 8.650000000000091
 15125, 2286.5500,  3, 190.37, 9.990000000000236
 15143, 2288.4800,  3, 185.60, 11.930000000000291
 15147, 2288.9100,  3, 183.88, 12.330000000000382
 15168, 2291.1600,  3, 175.42, 14.640000000000327
 15176, 2292.0100,  3, 175.03, 15.420000000000073
 15221, 2296.8400,  3, 153.54, 20.340000000000146
 15318, 2319.3600,  3, 195.31, 10.230000000000018
 15326, 2320.2200,  3, 190.46, 11.13000000000011
 15343, 2322.0300,  3, 187.62, 12.940000000000055
 15403, 2328.4700,  3, 162.44, 19.309999999999945
 15427, 2331.0300,  3, 153.59, 21.950000000000273
 15438, 2332.2200,  3, 148.53, 23.11999999999989
 15489, 2337.6800,  3, 126.89, 28.51000000000022
 15530, 2342.0700,  3, 100.08, 33.0
 15556, 2344.8600,  3, 94.95, 35.710000000000036
 15561, 2345.3900,  3, 108.07, 36.25
 15656, 2366.7600,  3, 189.69, 9.990000000000236
 15681, 2369.4500,  3, 187.49, 12.640000000000327
 15692, 2370.6200,  3, 181.96, 13.850000000000364
 15707, 2372.2300,  3, 180.62, 15.450000000000273
 15730, 2374.7000,  3, 171.85, 17.890000000000327
 15737, 2375.4500,  3, 163.33, 18.710000000000036
 15774, 2379.4100,  3, 154.02, 22.620000000000346
 15776, 2379.6200,  3, 150.91, 22.90000000000009
 15801, 2382.3000,  3, 137.39, 25.5600000000004
 15843, 2386.8000,  3, 120.95, 30.0300000000002
 15917, 2405.9500,  3, 207.36, 7.720000000000255
 15932, 2407.5500,  3, 190.82, 9.340000000000146
 15934, 2407.7600,  3, 192.65, 9.559999999999945
 15941, 2408.5100,  3, 189.45, 10.340000000000146
 15945, 2408.9500,  3, 189.11, 10.809999999999945
 16000, 2414.8400,  3, 167.11, 16.68000000000029
 16029, 2417.9500,  3, 161.57, 19.820000000000164
 16039, 2419.0100,  3, 158.20, 20.800000000000182
 16039, 2419.0100,  3, 154.02, 20.820000000000164
 16052, 2420.4100,  3, 150.67, 22.2800000000002
 16131, 2439.9800,  3, 205.32, 8.289999999999964
 16142, 2441.1600,  3, 192.31, 9.440000000000055
 16147, 2441.7000,  3, 183.92, 9.960000000000036
 16156, 2442.6600,  3, 187.33, 10.940000000000055
 16159, 2442.9800,  3, 179.21, 11.319999999999709
 16170, 2444.1600,  3, 180.13, 12.4699999999998
 16182, 2445.4500,  3, 175.15, 13.710000000000036
 16185, 2445.7600,  3, 177.83, 14.059999999999945
 16189, 2446.2000,  3, 179.04, 14.509999999999764
 16191, 2446.4100,  3, 171.00, 14.679999999999836
 16250, 2463.8400,  3, 212.53, 6.199999999999818
 16265, 2465.4500,  3, 202.99, 7.799999999999727
 16266, 2465.5500,  3, 206.19, 7.869999999999891
 16307, 2469.9500,  3, 179.47, 12.2199999999998
 16312, 2470.4800,  3, 191.83, 12.83999999999969
 16345, 2474.0100,  3, 157.91, 16.31999999999971
 16354, 2474.9800,  3, 154.37, 17.299999999999727
 16388, 2478.6200,  3, 155.19, 20.929999999999836
 16395, 2479.3700,  3, 156.07, 21.670000000000073
 16473, 2487.7300,  3, 123.16, 29.98999999999978
 16534, 2506.1100,  3, 212.23, 6.400000000000091
 16575, 2510.5000,  3, 191.37, 10.789999999999964
 16581, 2511.1400,  3, 190.06, 11.41000000000031
 16610, 2514.2500,  3, 183.25, 14.519999999999982
 16611, 2514.3600,  3, 180.98, 14.600000000000364
 16617, 2515.0000,  3, 179.54, 15.220000000000255
 16625, 2515.8600,  3, 175.72, 16.120000000000346
 16633, 2516.7200,  3, 173.40, 16.940000000000055
 16673, 2521.0000,  3, 150.75, 21.300000000000182
 16674, 2521.1100,  3, 157.22, 21.40000000000009
 16746, 2540.5900,  3, 201.97, 7.580000000000382
 16762, 2542.3000,  3, 194.83, 9.290000000000418
 16767, 2542.8400,  3, 193.22, 9.8100000000004
 16772, 2543.3700,  3, 193.28, 10.300000000000182
 16774, 2543.5900,  3, 192.44, 10.5
 16780, 2544.2300,  3, 189.04, 11.180000000000291
 16788, 2545.0900,  3, 189.80, 11.990000000000236
 16802, 2546.5900,  3, 185.72, 13.520000000000437
 16846, 2551.3000,  3, 166.01, 18.270000000000437
 16849, 2551.6200,  3, 169.19, 18.54000000000042
 16967, 2576.3600,  3, 186.23, 12.5
 16979, 2577.6400,  3, 170.57, 13.769999999999982
 16979, 2577.6400,  3, 174.51, 13.789999999999964
 16984, 2578.1800,  3, 173.19, 14.329999999999927
 16998, 2579.6800,  3, 178.15, 15.809999999999945
 17012, 2581.1800,  3, 173.32, 17.320000000000164
 17015, 2581.5000,  3, 168.40, 17.59999999999991
 17025, 2582.5700,  3, 161.89, 18.730000000000018
 17056, 2585.8900,  3, 154.18, 21.970000000000255
 17076, 2588.0300,  3, 142.55, 24.200000000000273
 17139, 2606.8200,  3, 212.58, 6.620000000000346
 17141, 2607.0300,  3, 201.65, 6.769999999999982
 17142, 2607.1400,  3, 209.90, 6.880000000000109
 17163, 2609.3900,  3, 205.82, 9.110000000000127
 17179, 2611.1100,  3, 183.45, 10.830000000000382
 17225, 2616.0300,  3, 169.34, 15.830000000000382
 17235, 2617.1100,  3, 176.32, 16.820000000000164
 17236, 2617.2200,  3, 161.27, 16.990000000000236
 17246, 2618.2800,  3, 157.79, 18.059999999999945
 17298, 2623.8600,  3, 146.61, 23.66000000000031
 17371, 2642.6200,  3, 206.91, 7.640000000000327
 17387, 2644.3400,  3, 198.82, 9.38000000000011
 17391, 2644.7600,  3, 198.29, 9.769999999999982
 17411, 2646.9100,  3, 180.81, 11.900000000000091
 17413, 2647.1200,  3, 186.25, 12.180000000000291
 17420, 2647.8700,  3, 180.20, 12.88000000000011
 17443, 2650.3400,  3, 174.75, 15.41000000000031
 17466, 2652.8000,  3, 160.01, 17.840000000000146
 17478, 2654.0900,  3, 156.54, 19.13000000000011
 17480, 2654.3000,  3, 157.77, 19.370000000000346
 17613, 2679.5700,  3, 181.45, 14.069999999999709
 17639, 2682.3600,  3, 168.96, 16.860000000000127
 17642, 2682.6800,  3, 171.79, 17.199999999999818
 17646, 2683.1100,  3, 168.89, 17.610000000000127
 17667, 2685.3600,  3, 158.97, 19.889999999999873
 17680, 2686.7500,  3, 157.30, 21.299999999999727
 17701, 2689.0000,  3, 144.79, 23.549999999999727
 17714, 2690.3900,  3, 140.12, 24.860000000000127
 17855, 2705.5000,  2, -109.07,  40
 17855, 2705.5000,  2, -106.25,  40
 17931, 2726.6200,  3, 206.44, 7.9099999999998545
 17948, 2728.4500,  3, 196.50, 9.690000000000055
 17950, 2728.6600,  3, 193.79, 9.909999999999854
 17961, 2729.8400,  3, 196.58, 11.11999999999989
 17999, 2733.9100,  3, 169.15, 15.199999999999818
 18005, 2734.5500,  3, 178.92, 15.769999999999982
 18015, 2735.6200,  3, 169.90, 16.90000000000009
 18024, 2736.5900,  3, 170.01, 17.799999999999727
 18051, 2739.4800,  3, 157.85, 20.710000000000036
 18127, 2747.6200,  3, 124.67, 28.840000000000146
 18206, 2767.1600,  3, 204.01, 8.300000000000182
 18225, 2769.2000,  3, 187.16, 10.400000000000091
 18243, 2771.1200,  3, 176.79, 12.260000000000218
 18251, 2771.9800,  3, 174.52, 13.159999999999854
 18253, 2772.2000,  3, 174.16, 13.360000000000127
 18254, 2772.3000,  3, 167.97, 13.490000000000236
 18261, 2773.0500,  3, 173.46, 14.230000000000018
 18277, 2774.7600,  3, 165.11, 15.909999999999854
 18294, 2776.5900,  3, 164.95, 17.710000000000036
 18317, 2779.0500,  3, 160.90, 20.230000000000018
 18415, 2800.5900,  3, 190.26, 10.350000000000364
 18420, 2801.1200,  3, 196.23, 10.890000000000327
 18430, 2802.2000,  3, 188.36, 11.900000000000091
 18445, 2803.8000,  3, 182.15, 13.570000000000164
 18450, 2804.3400,  3, 174.05, 14.080000000000382
 18457, 2805.0900,  3, 171.31, 14.789999999999964
 18469, 2806.3700,  3, 164.83, 16.100000000000364
 18486, 2808.2000,  3, 161.12, 17.960000000000036
 18489, 2808.5100,  3, 163.92, 18.26000000000022
 18507, 2810.4500,  3, 153.43, 20.140000000000327
 18577, 2829.1100,  3, 204.35, 7.349999999999909
 18604, 2832.0000,  3, 193.23, 10.269999999999982
 18617, 2833.3900,  3, 190.08, 11.670000000000073
 18622, 2833.9300,  3, 184.57, 12.179999999999836
 18696, 2841.8600,  3, 152.14, 20.050000000000182
 18705, 2842.8200,  3, 146.87, 21.019999999999982
 18723, 2844.7500,  3, 147.60, 23.019999999999982
 18728, 2845.2800,  3, 138.06, 23.4699999999998
 18729, 2845.3900,  3, 139.35, 23.590000000000146
 18729, 2845.3900,  3, 131.24, 23.670000000000073
 18820, 2866.1600,  3, 195.27, 9.570000000000164
 18822, 2866.3700,  3, 199.64, 9.740000000000236
 18825, 2866.7000,  3, 193.30, 10.099999999999909
 18831, 2867.3400,  3, 197.55, 10.760000000000218
 18851, 2869.4800,  3, 181.47, 12.900000000000091
 18863, 2870.7600,  3, 185.47, 14.170000000000073
 18884, 2873.0100,  3, 166.51, 16.449999999999818
 18900, 2874.7300,  3, 157.93, 18.159999999999854
 18902, 2874.9500,  3, 156.71, 18.360000000000127
 18910, 2875.8000,  3, 160.35, 19.26000000000022
 19046, 2901.5700,  3, 176.10, 14.440000000000055
 19055, 2902.5300,  3, 176.99, 15.36999999999989
 19059, 2902.9700,  3, 177.29, 15.800000000000182
 19085, 2905.7500,  3, 164.79, 18.61999999999989
 19102, 2907.5700,  3, 157.60, 20.450000000000273
 19104, 2907.7800,  3, 154.42, 20.66000000000031
 19110, 2908.4300,  3, 158.28, 21.320000000000164
 19112, 2908.6400,  3, 162.62, 21.5
 19132, 2910.7800,  3, 148.44, 23.579999999999927
 19362, 2946.3900,  3, 203.86, 8.970000000000255
 19362, 2946.3900,  3, 188.60, 8.920000000000073
 19405, 2951.0000,  3, 181.04, 13.570000000000164
 19490, 2960.1100,  3, 151.94, 22.690000000000055
 19555, 2967.0700,  3, 122.23, 29.640000000000327
 19573, 2969.0000,  3, 111.18, 31.570000000000164
 19617, 2973.7200,  3, 98.25, 36.320000000000164
 19631, 2975.2200,  3, 102.31, 37.720000000000255
 19652, 2977.4700,  2, -114.56,  40
 19652, 2977.4700,  2, -159.26,  40
 19778, 3001.9500,  3, 185.28, 13.289999999999964
 19783, 3002.4800,  3, 180.24, 13.799999999999727
 19800, 3004.3000,  3, 176.65, 15.61999999999989
 19815, 3005.9100,  3, 172.49, 17.23999999999978
 19826, 3007.0900,  3, 168.00, 18.40000000000009
 19836, 3008.1600,  3, 165.28, 19.449999999999818
 19840, 3008.5900,  3, 160.69, 19.90000000000009
 19853, 3009.9800,  3, 155.77, 21.269999999999982
 19860, 3010.7300,  3, 152.63, 22.039999999999964
 19968, 3022.3000,  3, 110.54, 33.63000000000011
