   197, 45.8100,  3, 53.17, 21.189999999999998
   239, 50.3100,  3, 43.54, 25.630000000000003
   243, 50.7400,  1, -72.97, 26.130000000000003
   247, 51.1700,  3, 40.47, 26.520000000000003
   251, 51.5900,  3, 37.96, 26.96
   267, 53.3100,  3, 36.42, 28.630000000000003
   269, 53.5200,  3, 40.58, 28.9
   275, 54.1700,  3, 40.67, 29.549999999999997
   276, 54.2700,  3, 35.02, 29.61
   373, 64.6800,  2, -50.88,  40
   693, 114.1100,  3, 38.22, 34.75
   694, 114.2200,  3, 36.60, 34.84
   714, 116.4000,  3, 32.53, 37.040000000000006
   717, 116.7300,  3, 35.45, 37.3
   732, 118.3700,  3, 31.67, 39.03
   741, 119.3600,  2, -39.27,  40
   741, 119.3600,  2, -23.12,  40
   741, 119.3600,  2, -43.05,  40
   741, 119.3600,  2, -21.65,  40
   741, 119.3600,  2, -43.44,  40
   912, 151.5100,  1, -57.27, 18.48999999999998
   942, 154.7900,  1, -75.36, 21.769999999999982
   945, 155.1100,  1, -112.07, 22.090000000000003
   968, 157.6300,  3, 44.45, 24.599999999999994
   973, 158.1800,  3, 38.28, 25.119999999999976
  1021, 163.4300,  1, -69.01, 30.409999999999997
  1035, 164.9600,  3, 29.24, 31.840000000000003
  1054, 167.0400,  3, 33.57, 33.92999999999998
  1061, 167.8000,  3, 35.28, 34.66999999999999
  1199, 197.4700,  1, -49.28, 9.949999999999989
  1201, 197.6900,  1, -50.60, 10.169999999999987
  1307, 209.2900,  3, 56.72, 21.659999999999997
  1308, 209.4000,  1, -68.13, 21.879999999999995
  1312, 209.8300,  3, 51.23, 22.28
  1315, 210.1600,  3, 45.88, 22.629999999999995
  1327, 211.4700,  3, 50.94, 23.92999999999998
  1350, 213.9900,  3, 43.30, 26.379999999999995
  1363, 215.4100,  1, -72.25, 27.889999999999986
  1474, 227.5500,  2, -43.41,  40
  1698, 265.9300,  3, 48.64, 23.669999999999987
  1718, 268.0200,  3, 45.24, 25.840000000000003
  1719, 268.1200,  3, 49.16, 25.940000000000026
  1729, 269.1600,  3, 44.20, 26.92999999999998
  1729, 269.1600,  3, 46.45, 26.940000000000026
  1735, 269.7900,  3, 42.35, 27.56000000000003
  1736, 269.9000,  3, 42.49, 27.640000000000015
  1742, 270.5200,  3, 46.34, 28.28
  1748, 271.1500,  3, 42.70, 28.919999999999987
  1854, 282.1800,  2, -44.07,  40
  2056, 317.6000,  1, -66.71, 20.82000000000005
  2065, 318.5400,  3, 53.15, 21.720000000000027
  2091, 321.2500,  3, 53.13, 24.380000000000052
  2091, 321.2500,  3, 46.58, 24.450000000000045
  2092, 321.3500,  3, 50.44, 24.49000000000001
  2097, 321.8700,  3, 49.59, 25.02000000000004
  2104, 322.6000,  3, 51.02, 25.74000000000001
  2109, 323.1200,  3, 35.55, 26.30000000000001
  2140, 326.3500,  3, 41.65, 29.55000000000001
  2241, 336.8700,  2, -45.95,  40
  2394, 367.1500,  1, -56.72, 15.739999999999952
  2430, 370.9000,  3, 55.98, 19.379999999999995
  2450, 372.9700,  1, -61.71, 21.560000000000002
  2450, 372.9700,  3, 46.53, 21.519999999999982
  2456, 373.6000,  3, 53.91, 22.159999999999968
  2458, 373.8100,  3, 51.86, 22.329999999999984
  2473, 375.3700,  3, 45.70, 23.889999999999986
  2492, 377.3500,  3, 45.46, 25.889999999999986
  2627, 391.4100,  2, -42.36,  40
  2627, 391.4100,  2, -44.25,  40
  2740, 416.6200,  1, -58.35, 11.569999999999993
  2810, 423.9100,  3, 58.74, 18.829999999999984
  2826, 425.5800,  3, 46.89, 20.44999999999999
  2847, 427.7700,  3, 46.63, 22.680000000000007
  2850, 428.0800,  3, 47.18, 22.94999999999999
  2854, 428.5000,  3, 40.08, 23.439999999999998
  2864, 429.5400,  3, 40.47, 24.47999999999996
  2865, 429.6500,  3, 47.77, 24.529999999999973
  3013, 445.0600,  2, -42.01,  40
  3013, 445.0600,  2, -44.39,  40
  3138, 471.4300,  1, -53.47, 12.819999999999993
  3145, 472.1600,  1, -59.97, 13.550000000000011
  3174, 475.1800,  1, -58.27, 16.569999999999993
  3212, 479.1500,  3, 44.13, 20.44999999999999
  3218, 479.7700,  3, 47.93, 21.139999999999986
  3229, 480.9100,  3, 40.80, 22.279999999999973
  3251, 483.2100,  3, 38.66, 24.539999999999964
  3302, 488.5200,  3, 40.93, 29.879999999999995
  3399, 498.6200,  2, -43.03,  40
  3399, 498.6200,  2, -28.12,  40
  3568, 529.4100,  1, -62.62, 17.199999999999932
  3606, 533.3200,  3, 45.52, 21.069999999999936
  3612, 533.9400,  3, 39.55, 21.659999999999968
  3627, 535.4800,  1, -76.30, 23.269999999999982
  3659, 538.7800,  3, 35.05, 26.529999999999973
  3684, 541.3500,  3, 27.13, 29.110000000000014
  3786, 551.8500,  3, 23.83, 39.59999999999991
  3790, 552.2600,  2, -48.21,  40
  3790, 552.2600,  2, -43.57,  40
  3790, 552.2600,  2, -39.29,  40
  4016, 588.9400,  3, 40.52, 22.960000000000036
  4025, 589.8600,  3, 45.48, 23.870000000000005
  4051, 592.5500,  3, 47.70, 26.590000000000032
  4059, 593.3600,  3, 43.74, 27.440000000000055
  4061, 593.5700,  3, 31.05, 27.610000000000014
  4071, 594.6000,  3, 47.01, 28.629999999999995
  4078, 595.3200,  3, 30.06, 29.379999999999995
  4181, 605.9300,  2, -41.37,  40
  4181, 605.9300,  2, -40.46,  40
  4181, 605.9300,  2, -44.31,  40
  4392, 641.1000,  3, 51.65, 21.5
  4393, 641.2000,  3, 37.19, 21.559999999999945
  4398, 641.7100,  3, 46.85, 22.089999999999918
  4401, 642.0300,  3, 44.60, 22.42999999999995
  4421, 644.0800,  3, 46.67, 24.449999999999932
  4449, 646.9600,  3, 32.49, 27.289999999999964
  4508, 653.0500,  3, 34.06, 33.40999999999997
  4572, 659.6300,  2, -49.98,  40
  4572, 659.6300,  2, -47.06,  40
  4572, 659.6300,  2, -45.73,  40
  4763, 693.5700,  3, 45.27, 19.399999999999977
  4780, 695.3200,  1, -69.19, 21.210000000000036
  4870, 704.5800,  3, 29.89, 30.43999999999994
  4880, 705.6100,  3, 37.21, 31.43999999999994
  4889, 706.5500,  1, -85.75, 32.43999999999994
  4907, 708.4000,  3, 30.61, 34.26999999999998
  4943, 712.1000,  3, 24.02, 37.889999999999986
  4963, 714.1600,  2, -44.09,  40
  4963, 714.1600,  2, -45.84,  40
  4963, 714.1600,  2, -50.22,  40
  5148, 746.8500,  3, 50.73, 18.81000000000006
  5152, 747.2600,  1, -65.64, 19.24000000000001
  5158, 747.8800,  1, -62.43, 19.860000000000014
  5164, 748.5000,  3, 50.38, 20.420000000000073
  5167, 748.8100,  3, 46.52, 20.769999999999982
  5167, 748.8100,  3, 47.85, 20.75999999999999
  5184, 750.5600,  3, 44.76, 22.460000000000036
  5224, 754.6800,  3, 48.23, 26.649999999999977
  5306, 763.1100,  3, 32.68, 35.07000000000005
  5354, 768.0600,  2, -44.05,  40
  5537, 800.2500,  1, -59.29, 18.639999999999986
  5562, 802.8200,  3, 51.07, 21.139999999999986
  5573, 803.9500,  3, 48.36, 22.25
  5596, 806.3200,  3, 37.69, 24.67999999999995
  5613, 808.0700,  3, 44.21, 26.370000000000005
  5719, 818.9800,  3, 25.23, 37.34000000000003
  5745, 821.6600,  2, -41.98,  40
  5745, 821.6600,  2, -45.09,  40
  5745, 821.6600,  2, -41.36,  40
  5856, 847.3500,  1, -54.86, 11.220000000000027
  5866, 848.3800,  1, -55.42, 12.25
  5907, 852.6000,  3, 57.81, 16.409999999999968
  5926, 854.5600,  3, 51.76, 18.41999999999996
  6074, 869.8000,  3, 29.11, 33.629999999999995
  6115, 874.0100,  1, -91.92, 37.879999999999995
  6136, 876.1800,  2, -46.73,  40
  6136, 876.1800,  2, -46.79,  40
  6136, 876.1800,  2, -53.17,  40
  6136, 876.1800,  2, -47.24,  40
  6292, 906.5100,  3, 54.52, 15.780000000000086
  6297, 907.0300,  3, 59.79, 16.25999999999999
  6302, 907.5500,  3, 56.56, 16.800000000000068
  6308, 908.1600,  3, 57.17, 17.410000000000082
  6313, 908.6800,  3, 50.23, 17.950000000000045
  6323, 909.7000,  3, 47.83, 19.0
  6363, 913.8200,  3, 46.67, 23.08000000000004
  6372, 914.7500,  3, 47.88, 24.050000000000068
  6527, 930.7000,  2, -45.25,  40
  6527, 930.7000,  2, -42.04,  40
  6656, 958.4400,  1, -56.74, 13.07000000000005
  6698, 962.7600,  3, 55.50, 17.309999999999945
  6709, 963.9000,  3, 51.36, 18.42999999999995
  6709, 963.9000,  3, 59.07, 18.460000000000036
  6709, 963.9000,  3, 51.77, 18.460000000000036
  6730, 966.0600,  3, 52.74, 20.649999999999977
  6918, 985.4100,  2, -42.31,  40
  6918, 985.4100,  2, -43.42,  40
  6918, 985.4100,  2, -49.75,  40
  6918, 985.4100,  2, -51.82,  40
  7024, 1010.6500,  1, -49.28, 10.709999999999923
  7099, 1018.3600,  3, 57.00, 18.389999999999986
  7109, 1019.4000,  3, 52.62, 19.41999999999996
  7121, 1020.6300,  3, 42.30, 20.6099999999999
  7121, 1020.6300,  3, 50.65, 20.649999999999977
  7181, 1026.9100,  3, 36.29, 26.87999999999988
  7188, 1027.6600,  3, 35.11, 27.62999999999988
  7264, 1035.8100,  3, 30.32, 35.76999999999998
  7266, 1036.0200,  3, 23.45, 35.98000000000002
  7303, 1039.9900,  2, -48.62,  40
  7459, 1071.0200,  3, 54.52, 16.440000000000055
  7469, 1072.1000,  3, 51.89, 17.519999999999982
  7496, 1074.9900,  3, 55.71, 20.440000000000055
  7512, 1076.7000,  3, 38.59, 22.079999999999927
  7556, 1081.4100,  3, 43.09, 26.850000000000136
  7679, 1094.6000,  2, -38.19,  40
  7679, 1094.6000,  2, -79.59,  40
  7679, 1094.6000,  2, -45.16,  40
  7679, 1094.6000,  3, 17.37, 39.97000000000003
  7679, 1094.6000,  2, -50.92,  40
  7804, 1121.2700,  1, -55.04, 13.150000000000091
  7856, 1126.8500,  3, 59.82, 18.700000000000045
  7857, 1126.9500,  1, -71.85, 18.830000000000155
  7892, 1130.7000,  3, 46.97, 22.550000000000182
  7959, 1137.8800,  3, 43.81, 29.65000000000009
  8037, 1146.2400,  3, 26.17, 38.01000000000022
  8055, 1148.1600,  2, -40.18,  40
  8055, 1148.1600,  2, -50.42,  40
  8055, 1148.1600,  2, -30.95,  40
  8055, 1148.1600,  2, -41.81,  40
  8166, 1173.5200,  1, -58.21, 11.670000000000073
  8244, 1181.8800,  3, 55.15, 20.019999999999982
  8267, 1184.3500,  3, 50.09, 22.440000000000055
  8267, 1184.3500,  3, 51.68, 22.3900000000001
  8268, 1184.4500,  3, 50.83, 22.50999999999999
  8277, 1185.4100,  3, 46.99, 23.519999999999982
  8431, 1201.9100,  2, -47.30,  40
  8431, 1201.9100,  2, -44.91,  40
  8431, 1201.9100,  2, -36.70,  40
  8431, 1201.9100,  2, -40.37,  40
  8562, 1229.4900,  1, -52.58, 13.819999999999936
  8570, 1230.3500,  1, -54.80, 14.679999999999836
  8604, 1233.9900,  3, 58.24, 18.289999999999964
  8643, 1238.1600,  3, 49.26, 22.439999999999827
  8661, 1240.1000,  3, 48.20, 24.3599999999999
  8683, 1242.4500,  1, -76.81, 26.779999999999973
  8708, 1245.1300,  3, 39.16, 29.389999999999873
  8786, 1253.4900,  3, 26.24, 37.809999999999945
  8801, 1255.1000,  3, 20.78, 39.399999999999864
  8807, 1255.7400,  2, -50.04,  40
  8899, 1279.9900,  1, -58.44, 9.6400000000001
  8976, 1288.2400,  3, 61.42, 17.850000000000136
  8984, 1289.1000,  3, 50.43, 18.710000000000036
  8991, 1289.8500,  3, 54.26, 19.3900000000001
  9036, 1294.6600,  3, 47.44, 24.220000000000027
  9062, 1297.4500,  3, 46.25, 27.04000000000019
  9111, 1302.7000,  3, 30.99, 32.25999999999999
  9183, 1310.4100,  2, -45.06,  40
  9183, 1310.4100,  2, -54.33,  40
  9183, 1310.4100,  2, -66.57,  40
  9336, 1340.1600,  1, -60.35, 16.170000000000073
  9355, 1342.2000,  3, 55.45, 18.1400000000001
  9360, 1342.7400,  3, 56.37, 18.670000000000073
  9367, 1343.4900,  1, -60.53, 19.5
  9372, 1344.0200,  3, 54.15, 19.930000000000064
  9383, 1345.2000,  3, 57.69, 21.15000000000009
  9559, 1364.0600,  2, -39.44,  40
  9559, 1364.0600,  2, -44.54,  40
  9559, 1364.0600,  2, -53.98,  40
  9559, 1364.0600,  2, -44.42,  40
  9723, 1394.9500,  3, 54.49, 17.2800000000002
  9789, 1402.0200,  3, 42.71, 24.29000000000019
  9828, 1406.2000,  3, 43.74, 28.51000000000022
  9829, 1406.3100,  3, 36.16, 28.63000000000011
  9891, 1412.9500,  1, -86.53, 35.330000000000155
  9935, 1417.6600,  2, -37.28,  40
  9935, 1417.6600,  2, -39.41,  40
  9935, 1417.6600,  2, -36.97,  40
  9935, 1417.6600,  2, -40.33,  40
  9935, 1417.6600,  2, -43.46,  40
 10112, 1450.8500,  3, 59.86, 18.730000000000018
 10119, 1451.6000,  3, 53.85, 19.450000000000045
 10217, 1462.1000,  3, 46.17, 29.970000000000027
 10236, 1464.1300,  3, 31.61, 31.960000000000036
 10291, 1470.0200,  3, 36.92, 37.840000000000146
 10311, 1472.1600,  2, -45.15,  40
 10311, 1472.1600,  2, -32.55,  40
 10311, 1472.1600,  2, -43.25,  40
 10311, 1472.1600,  2, -45.03,  40
 10311, 1472.1600,  2, -38.12,  40
 10533, 1509.2400,  3, 49.62, 23.460000000000036
 10538, 1509.7700,  3, 51.94, 24.089999999999918
 10539, 1509.8800,  3, 42.40, 24.159999999999854
 10552, 1511.2700,  3, 51.18, 25.519999999999982
 10600, 1516.4100,  3, 41.50, 30.659999999999854
 10604, 1516.8500,  3, 40.20, 31.089999999999918
 10660, 1522.8500,  3, 36.93, 37.149999999999864
 10687, 1525.7400,  2, -43.35,  40
 10687, 1525.7400,  2, -42.41,  40
 10687, 1525.7400,  2, -86.59,  40
 10875, 1559.3100,  3, 62.52, 19.889999999999873
 10892, 1561.1300,  3, 49.45, 21.70999999999981
 10902, 1562.2000,  3, 51.93, 22.74000000000001
 10902, 1562.2000,  3, 50.74, 22.789999999999964
 10928, 1564.9900,  3, 44.47, 25.529999999999973
 10938, 1566.0600,  3, 44.58, 26.559999999999945
 11063, 1579.4500,  2, -38.67,  40
 11063, 1579.4500,  2, -43.37,  40
 11063, 1579.4500,  2, -45.27,  40
 11063, 1579.4500,  2, -43.95,  40
 11227, 1610.3500,  3, 47.34, 17.34999999999991
 11231, 1610.7700,  3, 54.11, 17.75
 11238, 1611.5200,  3, 54.96, 18.470000000000027
 11269, 1614.8500,  3, 59.38, 21.84999999999991
 11289, 1616.9900,  3, 53.27, 23.90000000000009
 11339, 1622.3500,  3, 33.52, 29.309999999999945
 11339, 1622.3500,  3, 39.14, 29.319999999999936
 11439, 1633.0600,  2, -34.40,  40
 11439, 1633.0600,  2, -44.39,  40
 11439, 1633.0600,  2, -49.28,  40
 11636, 1667.2700,  3, 44.45, 20.809999999999945
 11639, 1667.6000,  3, 53.85, 21.169999999999845
 11643, 1668.0200,  3, 53.26, 21.59999999999991
 11645, 1668.2400,  3, 49.78, 21.789999999999964
 11665, 1670.3800,  3, 53.34, 23.909999999999854
 11719, 1676.1600,  3, 41.58, 29.7199999999998
 11803, 1685.1600,  3, 33.41, 38.679999999999836
 11815, 1686.4500,  2, -50.56,  40
 11815, 1686.4500,  2, -40.33,  40
 11815, 1686.4500,  2, -68.94,  40
 11996, 1719.2000,  3, 42.71, 19.100000000000136
 11998, 1719.4100,  3, 53.52, 19.309999999999945
 12012, 1720.9100,  3, 53.44, 20.809999999999945
 12025, 1722.3100,  3, 54.86, 22.200000000000045
 12047, 1724.6600,  3, 52.66, 24.549999999999955
 12052, 1725.2000,  3, 43.37, 25.110000000000127
 12070, 1727.1300,  3, 43.42, 27.039999999999964
 12105, 1730.8800,  3, 48.91, 30.809999999999945
 12191, 1740.1000,  2, -44.65,  40
 12191, 1740.1000,  2, -35.04,  40
 12312, 1767.5200,  1, -52.71, 12.75
 12356, 1772.2400,  3, 57.09, 17.460000000000036
 12361, 1772.7700,  3, 52.94, 17.910000000000082
 12388, 1775.6600,  3, 51.28, 20.87000000000012
 12395, 1776.4100,  3, 48.75, 21.539999999999964
 12402, 1777.1600,  3, 45.85, 22.339999999999918
 12567, 1794.8500,  2, -46.52,  40
 12567, 1794.8500,  2, -63.72,  40
 12567, 1794.8500,  2, -39.68,  40
 12567, 1794.8500,  2, -40.21,  40
 12689, 1821.3100,  1, -55.14, 12.839999999999918
 12699, 1822.3800,  1, -53.41, 13.910000000000082
 12734, 1826.1300,  3, 52.45, 17.549999999999955
 12847, 1838.2400,  3, 40.11, 29.75999999999999
 12943, 1848.5200,  2, -38.83,  40
 12943, 1848.5200,  2, -38.65,  40
 12943, 1848.5200,  2, -44.23,  40
 12943, 1848.5200,  2, -47.89,  40
 12943, 1848.5200,  2, -44.55,  40
 12943, 1848.5200,  2, -33.54,  40
 13126, 1881.6600,  3, 55.26, 19.279999999999973
 13136, 1882.7400,  3, 46.92, 20.3900000000001
 13139, 1883.0600,  3, 51.91, 20.660000000000082
 13157, 1884.9900,  3, 38.39, 22.610000000000127
 13203, 1889.9100,  3, 47.82, 27.559999999999945
 13218, 1891.5200,  3, 47.36, 29.12000000000012
 13319, 1902.3500,  2, -75.42,  40
 13319, 1902.3500,  2, -39.40,  40
 13319, 1902.3500,  2, -47.19,  40
 13406, 1925.1600,  1, -55.71, 9.070000000000164
 13503, 1935.5600,  3, 51.95, 19.440000000000055
 13507, 1935.9900,  3, 47.34, 19.800000000000182
 13508, 1936.1000,  3, 48.17, 19.910000000000082
 13582, 1944.0200,  3, 41.66, 27.820000000000164
 13603, 1946.2700,  3, 34.93, 30.070000000000164
 13627, 1948.8500,  3, 40.13, 32.700000000000045
 13638, 1950.0200,  3, 38.89, 33.86000000000013
 13695, 1956.1300,  2, -41.73,  40
 13695, 1956.1300,  2, -45.31,  40
 13799, 1980.7400,  1, -54.17, 10.930000000000064
 13836, 1984.7000,  3, 53.63, 14.840000000000146
 13946, 1996.4900,  3, 47.28, 26.600000000000136
 14036, 2006.1300,  3, 31.95, 36.22000000000003
 14052, 2007.8500,  3, 32.63, 37.940000000000055
 14059, 2008.6000,  3, 33.13, 38.76999999999998
 14071, 2009.8800,  2, -46.18,  40
 14071, 2009.8800,  2, -36.26,  40
 14071, 2009.8800,  2, -39.93,  40
 14071, 2009.8800,  2, -38.72,  40
 14169, 2033.8500,  1, -58.00, 10.269999999999982
 14218, 2039.1000,  3, 54.75, 15.410000000000082
 14236, 2041.0200,  3, 58.11, 17.3900000000001
 14237, 2041.1300,  3, 54.08, 17.470000000000027
 14251, 2042.6300,  3, 55.39, 19.039999999999964
 14284, 2046.1600,  3, 51.27, 22.5
 14338, 2051.9500,  3, 38.42, 28.320000000000164
 14341, 2052.2600,  3, 37.36, 28.579999999999927
 14447, 2063.6200,  2, -30.52,  40
 14447, 2063.6200,  2, -50.17,  40
 14604, 2093.8000,  3, 59.05, 16.590000000000146
 14614, 2094.8700,  3, 54.28, 17.66000000000031
 14622, 2095.7300,  3, 43.07, 18.480000000000018
 14633, 2096.9100,  3, 55.27, 19.610000000000127
 14637, 2097.3400,  3, 54.95, 20.050000000000182
 14641, 2097.7600,  3, 52.28, 20.470000000000255
 14655, 2099.2600,  3, 40.11, 22.019999999999982
 14658, 2099.5900,  3, 43.55, 22.289999999999964
 14665, 2100.3400,  3, 43.35, 23.100000000000364
 14701, 2104.2000,  3, 38.05, 26.980000000000018
 14813, 2129.7200,  1, -57.14, 11.909999999999854
 14873, 2136.1400,  3, 58.66, 18.320000000000164
 14875, 2136.3600,  3, 46.91, 18.539999999999964
 14884, 2137.3200,  3, 51.10, 19.450000000000273
 14888, 2137.7500,  3, 51.84, 19.90000000000009
 14894, 2138.3900,  3, 55.75, 20.490000000000236
 14903, 2139.3600,  3, 46.14, 21.460000000000036
 14911, 2140.2200,  3, 44.44, 22.300000000000182
 14931, 2142.3600,  3, 42.39, 24.51000000000022
 15045, 2154.5700,  3, 37.42, 36.720000000000255
 15158, 2179.9100,  1, -58.09, 12.009999999999764
 15222, 2186.7600,  3, 53.44, 18.83999999999969
 15226, 2187.2000,  3, 43.38, 19.259999999999764
 15238, 2188.4800,  3, 53.97, 20.539999999999964
 15242, 2188.9100,  3, 46.54, 21.0
 15289, 2193.9500,  3, 48.77, 25.980000000000018
 15352, 2200.7000,  3, 38.83, 32.76999999999998
 15420, 2207.9800,  2, -40.84,  40
 15420, 2207.9800,  2, -51.69,  40
 15420, 2207.9800,  2, -48.44,  40
 15592, 2239.8000,  3, 55.25, 18.170000000000073
 15593, 2239.9100,  3, 54.56, 18.300000000000182
 15594, 2240.0100,  3, 44.57, 18.40000000000009
 15601, 2240.7600,  1, -63.35, 19.18000000000029
 15608, 2241.5100,  3, 55.34, 19.86999999999989
 15612, 2241.9500,  3, 52.19, 20.34999999999991
 15660, 2247.0900,  3, 38.55, 25.5
 15661, 2247.2000,  3, 49.66, 25.579999999999927
 15666, 2247.7300,  3, 43.96, 26.110000000000127
 15693, 2250.6200,  3, 45.11, 29.0
 15838, 2280.7800,  3, 53.23, 15.38000000000011
 15873, 2284.5300,  3, 54.71, 19.11999999999989
 15881, 2285.3900,  3, 53.35, 19.990000000000236
 15884, 2285.7200,  3, 46.59, 20.329999999999927
 15884, 2285.7200,  3, 51.73, 20.329999999999927
 15894, 2286.7800,  3, 47.30, 21.38000000000011
 15896, 2287.0000,  3, 49.32, 21.63000000000011
 16068, 2305.4300,  2, -38.38,  40
 16068, 2305.4300,  2, -39.16,  40
 16068, 2305.4300,  2, -68.10,  40
 16169, 2329.5900,  1, -53.48, 10.610000000000127
 16207, 2333.6600,  1, -61.54, 14.679999999999836
 16242, 2337.4100,  3, 51.96, 18.34999999999991
 16242, 2337.4100,  3, 52.73, 18.420000000000073
 16250, 2338.2600,  3, 52.08, 19.179999999999836
 16328, 2346.6200,  3, 36.59, 27.590000000000146
 16367, 2350.8000,  3, 25.67, 31.769999999999982
 16444, 2359.0500,  2, -47.95,  40
 16444, 2359.0500,  2, -46.46,  40
 16444, 2359.0500,  2, -40.90,  40
 16598, 2389.8600,  3, 58.31, 16.259999999999764
 16608, 2390.9300,  3, 58.32, 17.25
 16614, 2391.5700,  3, 51.41, 17.980000000000018
 16621, 2392.3200,  3, 50.60, 18.73999999999978
 16624, 2392.6400,  3, 48.67, 19.019999999999982
 16631, 2393.3900,  3, 50.48, 19.779999999999745
 16637, 2394.0300,  3, 48.72, 20.389999999999873
 16656, 2396.0700,  3, 49.41, 22.440000000000055
 16657, 2396.1800,  3, 43.41, 22.519999999999982
 16820, 2413.6400,  2, -49.78,  40
 16922, 2438.7200,  1, -56.60, 10.7199999999998
 16929, 2439.4700,  1, -56.41, 11.4699999999998
 16935, 2440.1100,  1, -57.00, 12.110000000000127
 16982, 2445.1400,  3, 55.48, 17.070000000000164
 17018, 2449.0000,  3, 50.56, 20.98999999999978
 17055, 2452.9700,  3, 48.46, 24.940000000000055
 17058, 2453.2800,  3, 44.97, 25.25
 17070, 2454.5700,  3, 42.95, 26.519999999999982
 17196, 2468.0700,  2, -73.61,  40
 17196, 2468.0700,  2, -46.59,  40
 17350, 2497.8000,  3, 56.48, 16.199999999999818
 17360, 2498.8700,  3, 61.15, 17.320000000000164
 17386, 2501.6600,  3, 55.41, 20.0300000000002
 17387, 2501.7600,  3, 52.26, 20.139999999999873
 17390, 2502.0900,  3, 54.71, 20.51000000000022
 17393, 2502.4100,  3, 45.81, 20.809999999999945
 17396, 2502.7300,  3, 54.53, 21.09999999999991
 17461, 2509.7000,  1, -73.74, 28.179999999999836
 17572, 2521.5900,  2, -90.77,  40
 17572, 2521.5900,  2, -42.41,  40
 17724, 2551.2600,  3, 60.25, 15.990000000000236
 17727, 2551.5900,  3, 49.15, 16.38000000000011
 17738, 2552.7600,  3, 52.35, 17.51000000000022
 17749, 2553.9500,  3, 49.56, 18.65000000000009
 17758, 2554.9100,  3, 49.51, 19.68000000000029
 17761, 2555.2300,  3, 51.14, 19.960000000000036
 17832, 2562.8400,  3, 46.31, 27.600000000000364
 17899, 2570.0100,  3, 18.17, 34.74000000000024
 17923, 2572.5900,  1, -97.43, 37.39000000000033
 17935, 2573.8700,  3, 23.54, 38.58000000000038
 18099, 2604.8700,  3, 56.74, 17.350000000000364
 18100, 2604.9800,  3, 58.56, 17.5
 18108, 2605.8400,  3, 51.18, 18.360000000000127
 18114, 2606.4800,  3, 54.82, 19.0300000000002
 18165, 2611.9500,  3, 45.92, 24.490000000000236
 18170, 2612.4800,  3, 46.11, 25.01000000000022
 18310, 2627.4800,  2, -36.01,  40
 18310, 2627.4800,  2, -46.17,  40
 18310, 2627.4800,  2, -46.01,  40
 18310, 2627.4800,  2, -64.22,  40
 18418, 2653.4700,  1, -56.75, 11.359999999999673
 18457, 2657.6400,  3, 57.41, 15.449999999999818
 18475, 2659.5700,  3, 52.51, 17.420000000000073
 18475, 2659.5700,  3, 52.71, 17.420000000000073
 18478, 2659.8900,  3, 56.73, 17.75
 18493, 2661.5000,  3, 54.57, 19.379999999999654
 18494, 2661.6100,  3, 46.15, 19.480000000000018
 18686, 2682.1800,  2, -40.35,  40
 18686, 2682.1800,  2, -33.13,  40
 18686, 2682.1800,  2, -41.03,  40
 18844, 2712.5100,  3, 50.22, 16.61999999999989
 18847, 2712.8400,  3, 51.59, 17.009999999999764
 18851, 2713.2600,  3, 51.45, 17.379999999999654
 18854, 2713.5900,  3, 51.27, 17.75
 18906, 2719.1600,  3, 37.69, 23.309999999999945
 18976, 2726.6600,  3, 32.45, 30.83999999999969
 18997, 2728.9100,  3, 25.73, 33.0
 19047, 2734.2600,  3, 16.68, 38.399999999999636
 19062, 2735.8700,  2, -40.92,  40
 19062, 2735.8700,  2, -46.39,  40
 19205, 2764.8000,  3, 57.27, 15.010000000000218
 19208, 2765.1200,  3, 54.07, 15.3100000000004
 19208, 2765.1200,  3, 53.54, 15.350000000000364
 19216, 2765.9800,  3, 56.46, 16.18000000000029
 19218, 2766.2000,  3, 54.24, 16.440000000000055
 19227, 2767.1600,  3, 56.11, 17.41000000000031
 19243, 2768.8700,  3, 60.22, 19.070000000000164
 19278, 2772.6200,  3, 52.30, 22.90000000000009
 19438, 2789.7600,  2, -55.20,  40
 19438, 2789.7600,  2, -73.81,  40
 19601, 2821.5700,  3, 47.71, 17.2199999999998
 19618, 2823.3900,  3, 57.79, 19.019999999999982
 19620, 2823.6100,  3, 53.15, 19.25
 19623, 2823.9300,  3, 37.53, 19.529999999999745
 19625, 2824.1400,  3, 49.13, 19.710000000000036
 19669, 2828.8600,  3, 51.70, 24.509999999999764
 19814, 2844.3900,  2, -46.42,  40
 19814, 2844.3900,  2, -45.39,  40
 19814, 2844.3900,  2, -51.66,  40
 19814, 2844.3900,  2, -79.02,  40
 19966, 2874.1200,  3, 57.33, 15.9699999999998
 19974, 2874.9800,  3, 57.69, 16.83999999999969
 19978, 2875.4100,  3, 49.26, 17.279999999999745
 19987, 2876.3700,  3, 53.74, 18.299999999999727
 20005, 2878.3000,  3, 52.25, 20.2199999999998
 20005, 2878.3000,  3, 49.60, 20.149999999999636
 20014, 2879.2600,  3, 48.55, 21.179999999999836
 20051, 2883.2300,  3, 42.41, 25.149999999999636
 20190, 2898.1200,  2, -36.18,  40
 20190, 2898.1200,  2, -48.01,  40
 20342, 2927.8700,  3, 62.72, 15.9699999999998
 20347, 2928.4100,  3, 62.94, 16.519999999999982
 20353, 2929.0500,  3, 52.72, 17.159999999999854
 20364, 2930.2300,  3, 47.31, 18.389999999999873
 20365, 2930.3400,  3, 47.20, 18.509999999999764
 20384, 2932.3700,  3, 50.66, 20.539999999999964
 20411, 2935.2600,  3, 44.69, 23.419999999999618
 20413, 2935.4800,  3, 46.58, 23.58999999999969
 20470, 2941.5900,  1, -74.93, 29.789999999999964
 20531, 2948.1200,  1, -81.59, 36.31999999999971
 20682, 2977.7500,  3, 56.50, 15.909999999999854
 20690, 2978.6100,  3, 52.76, 16.81999999999971
 20691, 2978.7200,  3, 50.20, 16.899999999999636
 20729, 2982.7800,  3, 50.93, 20.929999999999836
 20746, 2984.6100,  3, 48.06, 22.809999999999945
 20762, 2986.3200,  3, 40.95, 24.449999999999818
 20859, 2996.7200,  3, 24.53, 34.879999999999654
 20895, 3000.5700,  3, 17.80, 38.70999999999958
 20907, 3001.8600,  2, -49.31,  40
 20907, 3001.8600,  2, -39.19,  40
 21070, 3032.6600,  3, 56.17, 17.240000000000236
 21079, 3033.6200,  3, 43.91, 18.200000000000273
 21082, 3033.9500,  3, 50.43, 18.519999999999982
 21098, 3035.6600,  1, -63.29, 20.25
 21105, 3036.4100,  3, 48.17, 20.990000000000236
 21105, 3036.4100,  3, 49.42, 20.920000000000073
 21137, 3039.8400,  3, 44.85, 24.370000000000346
 21142, 3040.3700,  3, 44.61, 24.91000000000031
 21283, 3055.4800,  2, -39.01,  40
 21283, 3055.4800,  2, -46.68,  40
 21424, 3084.1800,  3, 55.36, 14.849999999999909
 21438, 3085.6800,  3, 59.27, 16.379999999999654
 21466, 3088.6800,  3, 54.84, 19.34999999999991
 21477, 3089.8600,  3, 54.78, 20.4699999999998
 21484, 3090.6100,  3, 52.53, 21.23999999999978
 21489, 3091.1400,  3, 42.92, 21.84999999999991
 21608, 3103.8900,  1, -83.40, 34.60999999999967
 21643, 3107.6400,  3, 16.66, 38.29999999999973
 21659, 3109.3600,  2, -46.48,  40
 21659, 3109.3600,  2, -41.96,  40
 21824, 3140.5500,  3, 56.04, 17.409999999999854
 21829, 3141.0900,  3, 49.42, 17.950000000000273
 21846, 3142.9100,  3, 44.86, 19.800000000000182
 21871, 3145.5900,  3, 41.70, 22.420000000000073
 21891, 3147.7300,  1, -70.33, 24.65000000000009
 21896, 3148.2600,  3, 45.03, 25.090000000000146
 22035, 3163.1600,  2, -43.08,  40
 22035, 3163.1600,  2, -40.44,  40
 22035, 3163.1600,  2, -43.01,  40
 22190, 3193.4100,  3, 53.50, 16.300000000000182
 22206, 3195.1200,  3, 56.44, 18.039999999999964
 22215, 3196.0900,  3, 46.94, 18.980000000000018
 22222, 3196.8400,  3, 50.79, 19.789999999999964
 22228, 3197.4800,  3, 49.18, 20.40000000000009
 22232, 3197.9100,  3, 49.09, 20.829999999999927
 22310, 3206.2600,  3, 35.96, 29.190000000000055
 22411, 3217.0900,  2, -42.56,  40
 22411, 3217.0900,  2, -41.10,  40
 22411, 3217.0900,  2, -50.05,  40
 22575, 3249.1100,  3, 62.07, 17.340000000000146
 22575, 3249.1100,  3, 51.75, 17.2800000000002
 22579, 3249.5300,  3, 49.49, 17.75
 22591, 3250.8200,  3, 43.17, 19.039999999999964
 22609, 3252.7500,  3, 50.48, 20.949999999999818
 22619, 3253.8200,  3, 48.93, 22.0
 22633, 3255.3200,  3, 42.98, 23.539999999999964
 22747, 3267.5300,  3, 25.09, 35.75
 22787, 3271.8200,  2, -45.50,  40
 22787, 3271.8200,  2, -42.01,  40
 22928, 3301.2200,  3, 57.46, 14.88000000000011
 22953, 3303.8900,  3, 57.80, 17.559999999999945
 22963, 3304.9700,  3, 55.79, 18.570000000000164
 22975, 3306.2500,  3, 44.95, 19.86999999999989
 22999, 3308.8200,  3, 48.40, 22.440000000000055
 23163, 3326.3900,  2, -40.97,  40
 23163, 3326.3900,  2, -39.74,  40
 23163, 3326.3900,  2, -49.89,  40
 23163, 3326.3900,  2, -42.30,  40
 23163, 3326.3900,  2, -38.54,  40
 23309, 3355.4100,  3, 60.53, 15.320000000000164
 23324, 3357.0100,  3, 48.69, 16.949999999999818
 23324, 3357.0100,  3, 56.60, 16.98999999999978
 23340, 3358.7300,  1, -67.42, 18.75
 23347, 3359.4800,  3, 57.88, 19.429999999999836
 23399, 3365.0500,  3, 35.75, 25.039999999999964
 23404, 3365.5900,  3, 39.05, 25.59999999999991
 23539, 3380.0500,  2, -65.74,  40
 23539, 3380.0500,  2, -47.98,  40
 23539, 3380.0500,  2, -76.49,  40
 23707, 3411.3900,  3, 49.48, 17.710000000000036
 23709, 3411.6100,  3, 55.76, 17.920000000000073
 23712, 3411.9300,  3, 48.84, 18.299999999999727
 23715, 3412.2500,  3, 49.11, 18.58999999999969
 23715, 3412.2500,  3, 49.62, 18.59999999999991
 23724, 3413.2200,  3, 52.93, 19.579999999999927
 23734, 3414.2800,  1, -69.35, 20.670000000000073
 23873, 3429.1800,  3, 31.85, 35.529999999999745
 23915, 3433.6800,  2, -50.80,  40
 23915, 3433.6800,  2, -45.17,  40
 24055, 3463.0500,  3, 57.48, 14.740000000000236
 24070, 3464.6600,  3, 54.39, 16.340000000000146
 24081, 3465.8400,  3, 50.91, 17.519999999999982
 24098, 3467.6600,  3, 54.61, 19.34999999999991
 24108, 3468.7300,  3, 49.56, 20.38000000000011
 24120, 3470.0100,  3, 53.12, 21.7199999999998
 24166, 3474.9500,  3, 41.98, 26.63000000000011
 24291, 3488.3400,  2, -48.89,  40
 24291, 3488.3400,  2, -47.80,  40
 24291, 3488.3400,  2, -42.94,  40
 24419, 3515.5700,  3, 62.19, 13.409999999999854
 24436, 3517.3900,  3, 55.44, 15.300000000000182
 24447, 3518.5700,  3, 48.97, 16.429999999999836
 24465, 3520.5000,  3, 58.37, 18.34999999999991
 24474, 3521.4700,  3, 52.98, 19.36999999999989
 24667, 3542.1400,  2, -53.18,  40
 24667, 3542.1400,  2, -68.45,  40
 24667, 3542.1400,  2, -51.65,  40
 24667, 3542.1400,  2, -53.58,  40
 24667, 3542.1400,  2, -34.62,  40
 24803, 3570.1600,  3, 60.49, 14.279999999999745
 24813, 3571.2300,  3, 52.34, 15.319999999999709
 24820, 3571.9800,  3, 53.44, 16.109999999999673
 24859, 3576.1600,  3, 48.76, 20.279999999999745
 24937, 3584.5100,  3, 37.93, 28.669999999999618
 25043, 3595.8700,  2, -47.52,  40
 25043, 3595.8700,  2, -63.56,  40
 25043, 3595.8700,  2, -49.42,  40
 25043, 3595.8700,  2, -49.91,  40
 25043, 3595.8700,  2, -51.88,  40
 25193, 3626.3700,  1, -60.19, 15.849999999999909
 25207, 3627.8700,  3, 54.98, 17.300000000000182
 25217, 3628.9500,  3, 46.71, 18.420000000000073
 25305, 3638.3700,  3, 41.83, 27.800000000000182
 25395, 3648.0100,  3, 25.15, 37.40000000000009
 25419, 3650.5900,  2, -47.90,  40
 25419, 3650.5900,  2, -46.27,  40
 25419, 3650.5900,  2, -50.38,  40
 25419, 3650.5900,  2, -52.42,  40
 25553, 3678.3600,  3, 49.49, 14.080000000000382
 25570, 3680.1800,  3, 52.63, 15.900000000000091
 25589, 3682.2200,  3, 53.50, 17.940000000000055
 25622, 3685.7500,  3, 42.93, 21.470000000000255
 25632, 3686.8200,  3, 40.93, 22.590000000000146
 25659, 3689.7200,  3, 44.21, 25.460000000000036
 25795, 3704.2800,  2, -46.37,  40
 25795, 3704.2800,  2, -54.21,  40
 25795, 3704.2800,  2, -44.20,  40
 25925, 3731.8600,  3, 52.76, 13.63000000000011
 25932, 3732.6100,  3, 48.78, 14.38000000000011
 25947, 3734.2200,  3, 50.31, 15.990000000000236
 25948, 3734.3200,  3, 54.53, 16.090000000000146
 25951, 3734.6400,  3, 53.79, 16.420000000000073
 25959, 3735.5000,  3, 49.01, 17.269999999999982
 26079, 3748.3600,  3, 37.73, 30.110000000000127
 26171, 3758.2200,  2, -43.35,  40
 26171, 3758.2200,  2, -49.55,  40
 26171, 3758.2200,  2, -46.81,  40
 26316, 3787.2300,  3, 55.40, 15.25
 26323, 3787.9800,  3, 54.25, 16.009999999999764
 26332, 3788.9500,  3, 59.48, 16.980000000000018
 26347, 3790.5500,  3, 49.56, 18.59999999999991
 26357, 3791.6200,  3, 51.77, 19.659999999999854
 26376, 3793.6600,  3, 47.63, 21.73999999999978
 26383, 3794.4100,  3, 42.64, 22.480000000000018
 26392, 3795.3700,  3, 45.55, 23.460000000000036
 26419, 3798.2600,  3, 33.33, 26.34999999999991
 26450, 3801.5900,  3, 16.08, 29.59999999999991
 26589, 3829.9700,  3, 58.35, 14.710000000000036
 26603, 3831.4700,  3, 61.90, 16.279999999999745
 26618, 3833.0700,  3, 54.34, 17.88000000000011
 26623, 3833.6100,  3, 49.46, 18.329999999999927
 26647, 3836.1800,  3, 47.87, 20.929999999999836
 26654, 3836.9300,  3, 50.76, 21.699999999999818
 26825, 3855.2500,  2, -48.09,  40
 26825, 3855.2500,  2, -55.34,  40
 26825, 3855.2500,  2, -71.02,  40
 26825, 3855.2500,  2, -44.40,  40
 26966, 3884.6100,  3, 58.70, 14.809999999999945
 26987, 3886.8600,  3, 55.71, 17.13000000000011
 26989, 3887.0700,  3, 54.38, 17.309999999999945
 26990, 3887.1800,  3, 48.99, 17.420000000000073
 26998, 3888.0300,  3, 48.06, 18.300000000000182
 26998, 3888.0300,  3, 55.79, 18.269999999999982
 27012, 3889.5300,  3, 50.50, 19.800000000000182
 27193, 3908.9300,  1, -91.60, 39.2199999999998
 27201, 3909.7800,  2, -33.17,  40
 27201, 3909.7800,  2, -64.79,  40
 27333, 3938.3000,  3, 59.74, 13.849999999999909
 27351, 3940.2300,  3, 56.52, 15.789999999999964
 27352, 3940.3400,  3, 60.33, 15.889999999999873
 27366, 3941.8400,  3, 53.70, 17.38000000000011
 27373, 3942.5900,  3, 58.37, 18.109999999999673
 27375, 3942.8000,  3, 52.54, 18.33999999999969
 27379, 3943.2300,  3, 56.30, 18.809999999999945
 27389, 3944.3000,  3, 52.27, 19.81999999999971
 27407, 3946.2300,  3, 43.70, 21.75
 27577, 3964.4500,  2, -45.84,  40
 27722, 3993.3000,  3, 53.43, 15.240000000000236
 27725, 3993.6200,  3, 56.91, 15.570000000000164
 27729, 3994.0500,  3, 50.94, 16.020000000000437
 27734, 3994.5900,  3, 51.03, 16.570000000000164
 27758, 3997.1600,  3, 51.34, 19.140000000000327
 27775, 3998.9800,  3, 38.23, 20.90000000000009
 27781, 3999.6200,  3, 49.58, 21.550000000000182
 27790, 4000.5900,  3, 54.20, 22.570000000000164
 27927, 4015.2600,  1, -97.60, 37.27000000000044
 27934, 4016.0100,  3, 29.92, 37.95000000000027
 28068, 4044.8200,  3, 60.31, 14.159999999999854
 28085, 4046.6400,  3, 51.69, 16.029999999999745
 28088, 4046.9700,  3, 60.28, 16.299999999999727
 28095, 4047.7200,  3, 52.32, 17.039999999999964
 28096, 4047.8200,  3, 46.06, 17.23999999999978
 28099, 4048.1400,  3, 55.24, 17.509999999999764
 28103, 4048.5700,  3, 54.09, 17.909999999999854
 28110, 4049.3200,  3, 54.25, 18.649999999999636
 28113, 4049.6400,  3, 50.99, 18.98999999999978
 28115, 4049.8600,  3, 50.02, 19.199999999999818
 28230, 4076.5300,  1, -66.97, 12.210000000000036
 28242, 4077.8200,  3, 62.43, 13.4699999999998
 28250, 4078.6800,  3, 50.66, 14.309999999999945
 28250, 4078.6800,  3, 56.55, 14.289999999999964
 28270, 4080.8200,  3, 50.62, 16.419999999999618
 28276, 4081.4700,  3, 49.50, 17.109999999999673
 28281, 4082.0000,  3, 52.07, 17.56999999999971
 28284, 4082.3200,  3, 47.12, 17.949999999999818
 28285, 4082.4300,  3, 47.96, 18.06999999999971
 28298, 4083.8200,  3, 43.30, 19.4699999999998
 28378, 4105.7100,  1, -54.93, 8.319999999999709
 28436, 4111.8100,  3, 59.57, 14.36999999999989
 28444, 4112.6600,  3, 62.05, 15.210000000000036
 28456, 4113.9200,  3, 50.57, 16.5
 28462, 4114.5500,  3, 56.08, 17.109999999999673
 28462, 4114.5500,  3, 42.64, 17.079999999999927
 28464, 4114.7600,  3, 48.83, 17.299999999999272
 28493, 4117.8100,  3, 45.36, 20.38000000000011
 28517, 4120.3400,  1, -83.08, 22.949999999999818
 28558, 4124.6600,  3, 37.59, 27.229999999999563
 28685, 4151.5600,  3, 54.98, 13.25
 28691, 4152.2000,  3, 55.20, 13.86999999999989
 28697, 4152.8300,  3, 52.86, 14.420000000000073
 28701, 4153.2500,  3, 55.52, 14.849999999999454
 28705, 4153.6700,  3, 53.35, 15.260000000000218
 28709, 4154.0900,  3, 60.13, 15.769999999999527
 28710, 4154.2000,  3, 54.45, 15.840000000000146
 28719, 4155.1400,  3, 43.44, 16.829999999999927
 28721, 4155.3500,  3, 54.23, 17.01000000000022
 28730, 4156.3000,  3, 43.90, 17.98999999999978
 28860, 4183.4300,  3, 49.54, 13.520000000000437
 28872, 4184.7000,  3, 54.42, 14.770000000000437
 28877, 4185.2200,  3, 59.28, 15.3100000000004
 28880, 4185.5400,  3, 52.71, 15.650000000000546
 28886, 4186.1700,  3, 53.65, 16.270000000000437
 28891, 4186.7000,  3, 51.32, 16.829999999999927
 28897, 4187.3300,  3, 44.19, 17.410000000000764
 28905, 4188.1700,  3, 43.26, 18.24000000000069
 28906, 4188.2700,  3, 53.28, 18.32000000000062
 29112, 4209.9600,  2, -52.02,  40
 29255, 4238.4500,  3, 51.71, 14.75
 29260, 4238.9700,  3, 51.53, 15.359999999999673
 29273, 4240.3400,  3, 54.49, 16.659999999999854
 29281, 4241.1800,  3, 42.65, 17.549999999999272
 29301, 4243.2900,  1, -58.61, 19.6899999999996
 29387, 4252.3400,  3, 25.08, 28.729999999999563
 29408, 4254.5500,  1, -78.73, 30.949999999999818
 29444, 4258.3400,  1, -90.33, 34.73999999999978
 29494, 4263.6000,  2, -47.50,  40
 29494, 4263.6000,  2, -48.93,  40
 29623, 4290.5500,  3, 58.02, 13.340000000000146
 29634, 4291.7100,  3, 60.74, 14.479999999999563
 29642, 4292.5500,  3, 56.53, 15.299999999999272
 29644, 4292.7600,  3, 53.94, 15.529999999999745
 29645, 4292.8700,  3, 49.95, 15.639999999999418
 29669, 4295.3900,  3, 48.87, 18.199999999999818
 29671, 4295.6000,  3, 58.85, 18.31999999999971
 29679, 4296.4500,  3, 43.99, 19.1899999999996
 29876, 4317.1800,  2, -39.96,  40
 29876, 4317.1800,  2, -40.26,  40
 30020, 4345.7400,  3, 57.18, 14.920000000000073
 30022, 4345.9500,  1, -57.75, 15.159999999999854
 30031, 4346.8900,  3, 59.90, 16.050000000000182
 30032, 4347.0000,  3, 52.10, 16.11999999999989
 30032, 4347.0000,  3, 56.10, 16.13000000000011
 30057, 4349.6300,  3, 48.91, 18.800000000000182
 30074, 4351.4200,  3, 51.84, 20.609999999999673
 30079, 4351.9500,  3, 45.11, 21.100000000000364
 30258, 4370.7900,  2, -60.11,  40
 30391, 4398.2000,  3, 54.32, 13.680000000000291
 30402, 4399.3500,  3, 60.11, 14.930000000000291
 30405, 4399.6700,  3, 58.74, 15.159999999999854
 30447, 4404.0900,  3, 45.81, 19.600000000000364
 30525, 4412.3000,  3, 31.48, 27.860000000000582
 30579, 4417.9900,  1, -82.39, 33.57999999999993
 30612, 4421.4600,  1, -89.94, 37.05000000000018
 30640, 4424.4100,  2, -41.94,  40
 30640, 4424.4100,  2, -38.06,  40
 30640, 4424.4100,  2, -74.61,  40
 30771, 4451.6000,  3, 55.49, 13.549999999999272
 30778, 4452.3400,  3, 51.69, 14.279999999999745
 30781, 4452.6600,  3, 64.39, 14.579999999999927
 30783, 4452.8700,  3, 52.04, 14.759999999999309
 30783, 4452.8700,  3, 60.13, 14.80999999999949
 30787, 4453.2900,  3, 50.77, 15.259999999999309
 30790, 4453.6000,  3, 46.93, 15.529999999999745
 30817, 4456.4500,  3, 50.00, 18.31999999999971
 30967, 4472.2400,  3, 27.27, 34.19999999999982
 31022, 4478.0200,  2, -153.61,  40
 31129, 4502.6600,  1, -55.41, 11.05999999999949
 31162, 4506.1300,  3, 59.74, 14.420000000000073
 31174, 4507.3900,  3, 51.61, 15.759999999999309
 31183, 4508.3400,  3, 55.15, 16.670000000000073
 31187, 4508.7600,  1, -69.54, 17.159999999999854
 31189, 4508.9700,  3, 47.96, 17.329999999999927
 31343, 4525.1800,  1, -98.22, 33.57999999999993
 31404, 4531.6000,  2, -83.00,  40
 31404, 4531.6000,  2, -52.94,  40
 31404, 4531.6000,  2, -47.28,  40
 31493, 4555.3000,  1, -53.78, 9.150000000000546
 31555, 4561.8300,  3, 54.39, 15.570000000000618
 31556, 4561.9300,  3, 53.80, 15.740000000000691
 31567, 4563.0900,  3, 46.70, 16.910000000000764
 31572, 4563.6200,  3, 57.26, 17.3700000000008
 31609, 4567.5100,  3, 44.83, 21.300000000000182
 31725, 4579.7200,  3, 25.01, 33.48000000000047
 31787, 4586.2500,  2, -42.13,  40
 31787, 4586.2500,  2, -53.36,  40
 31787, 4586.2500,  2, -42.18,  40
 31913, 4612.9500,  3, 65.33, 12.989999999999782
 31923, 4614.0000,  3, 57.28, 14.079999999999927
 31934, 4615.1600,  3, 56.43, 15.259999999999309
 31939, 4615.6800,  3, 45.42, 15.719999999999345
 31949, 4616.7400,  3, 53.05, 16.799999999999272
 31962, 4618.1000,  3, 46.16, 18.13000000000011
 32006, 4622.7400,  3, 38.40, 22.839999999999236
 32169, 4639.8900,  2, -54.37,  40
 32169, 4639.8900,  2, -41.11,  40
 32169, 4639.8900,  2, -58.76,  40
 32288, 4665.9600,  3, 65.79, 12.259999999999309
 32305, 4667.7500,  3, 50.21, 14.029999999999745
 32312, 4668.4900,  3, 57.27, 14.769999999999527
 32317, 4669.0100,  3, 59.66, 15.299999999999272
 32320, 4669.3300,  3, 48.03, 15.599999999999454
 32331, 4670.4900,  3, 58.92, 16.73999999999978
 32333, 4670.7000,  3, 52.22, 17.019999999999527
 32381, 4675.7500,  1, -70.35, 22.109999999999673
 32551, 4693.6400,  2, -37.79,  40
 32551, 4693.6400,  2, -59.71,  40
 32673, 4720.7600,  3, 59.25, 12.579999999999927
 32677, 4721.1800,  3, 62.47, 12.949999999999818
 32681, 4721.6000,  3, 56.20, 13.430000000000291
 32684, 4721.9200,  3, 52.59, 13.6899999999996
 32695, 4723.0800,  3, 52.60, 14.88000000000011
 32713, 4724.9700,  3, 49.89, 16.76000000000022
 32716, 4725.2900,  3, 52.61, 17.11999999999989
 32732, 4726.9700,  3, 46.23, 18.75
 32874, 4741.9200,  3, 20.23, 33.75
 32933, 4748.1300,  2, -76.73,  40
 33049, 4774.7600,  3, 58.96, 11.920000000000073
 33056, 4775.5000,  3, 52.21, 12.719999999999345
 33057, 4775.6000,  3, 54.12, 12.769999999999527
 33068, 4776.7600,  3, 57.99, 13.909999999999854
 33077, 4777.7100,  3, 58.22, 14.909999999999854
 33082, 4778.2400,  3, 61.24, 15.4399999999996
 33172, 4787.7100,  1, -78.40, 24.949999999999818
 33315, 4802.7600,  2, -54.73,  40
 33315, 4802.7600,  2, -39.86,  40
 33315, 4802.7600,  2, -53.66,  40
 33429, 4829.1600,  3, 58.20, 11.680000000000291
 33433, 4829.5800,  3, 56.83, 12.100000000000364
 33433, 4829.5800,  3, 54.61, 12.150000000000546
 33439, 4830.2100,  3, 58.33, 12.800000000000182
 33443, 4830.6300,  3, 58.63, 13.220000000000255
 33462, 4832.6300,  1, -67.41, 15.260000000000218
 33464, 4832.8400,  3, 51.03, 15.38000000000011
 33697, 4857.3700,  2, -56.70,  40
 33697, 4857.3700,  2, -34.67,  40
 33697, 4857.3700,  2, -50.71,  40
 33803, 4881.9700,  1, -52.15, 10.94000000000051
 33820, 4883.7600,  3, 63.83, 12.710000000000036
 33826, 4884.3900,  3, 67.96, 13.270000000000437
 33828, 4884.6000,  3, 60.52, 13.5600000000004
 33831, 4884.9200,  3, 61.76, 13.88000000000011
 33863, 4888.2900,  3, 53.85, 17.25
 33881, 4890.1800,  3, 50.92, 19.11999999999989
 33884, 4890.5000,  3, 54.26, 19.390000000000327
 34080, 4911.1300,  2, -42.92,  40
 34080, 4911.1300,  2, -47.66,  40
 34190, 4937.2700,  3, 63.30, 11.300000000000182
 34207, 4939.0600,  3, 60.56, 13.050000000000182
 34211, 4939.4900,  3, 51.93, 13.5600000000004
 34214, 4939.8000,  3, 54.83, 13.8100000000004
 34217, 4940.1200,  3, 53.02, 14.170000000000073
 34221, 4940.5400,  3, 57.39, 14.550000000000182
 34227, 4941.1700,  3, 53.80, 15.220000000000255
 34250, 4943.5900,  3, 47.07, 17.670000000000073
 34331, 4952.1200,  1, -67.61, 26.210000000000036
 34462, 4965.9100,  2, -39.36,  40
 34573, 4991.1200,  3, 66.50, 11.38000000000011
 34580, 4991.8500,  3, 59.94, 12.19000000000051
 34596, 4993.5400,  3, 56.46, 13.850000000000364
 34597, 4993.6400,  3, 50.89, 13.950000000000728
 34607, 4994.7000,  3, 51.34, 15.030000000000655
 34615, 4995.5400,  3, 55.19, 15.780000000000655
 34636, 4997.7500,  3, 41.11, 18.0600000000004
 34845, 5019.7500,  2, -53.76,  40
 34845, 5019.7500,  2, -39.93,  40
 34845, 5019.7500,  2, -43.05,  40
 34965, 5045.8900,  3, 60.21, 12.399999999999636
 34966, 5046.0000,  3, 56.94, 12.449999999999818
 34966, 5046.0000,  3, 61.86, 12.5
 34967, 5046.1000,  3, 58.02, 12.61999999999989
 34986, 5048.1000,  3, 51.52, 14.599999999999454
 34995, 5049.0500,  3, 55.92, 15.569999999999709
 35018, 5051.4700,  3, 53.46, 17.909999999999854
 35035, 5053.2600,  1, -72.37, 19.789999999999964
 35051, 5054.9500,  3, 45.28, 21.36999999999989
 35227, 5073.4700,  2, -71.09,  40
 35345, 5099.2000,  3, 60.91, 12.110000000000582
 35355, 5100.2500,  3, 59.47, 13.230000000000473
 35355, 5100.2500,  3, 52.51, 13.180000000000291
 35365, 5101.3000,  3, 46.86, 14.239999999999782
 35370, 5101.8300,  3, 52.42, 14.760000000000218
 35609, 5126.9900,  2, -45.96,  40
 35609, 5126.9900,  2, -40.07,  40
 35609, 5126.9900,  2, -41.03,  40
 35609, 5126.9900,  2, -50.38,  40
 35609, 5126.9900,  2, -61.12,  40
 35704, 5150.3500,  1, -52.70, 9.780000000000655
 35728, 5152.8800,  3, 58.12, 12.210000000000036
 35738, 5153.9300,  3, 52.82, 13.300000000000182
 35738, 5153.9300,  3, 57.54, 13.280000000000655
 35751, 5155.3000,  3, 54.04, 14.720000000000255
 35759, 5156.1400,  3, 46.05, 15.550000000000182
 35761, 5156.3500,  3, 51.33, 15.770000000000437
 35783, 5158.6700,  1, -58.72, 18.100000000000364
 35992, 5180.6700,  2, -31.88,  40
 35992, 5180.6700,  2, -44.68,  40
 36101, 5205.6300,  3, 55.29, 11.159999999999854
 36121, 5207.7400,  3, 56.94, 13.340000000000146
 36123, 5207.9500,  3, 55.09, 13.510000000000218
 36131, 5208.7900,  3, 52.99, 14.340000000000146
 36132, 5208.8900,  3, 47.93, 14.460000000000036
 36141, 5209.8400,  3, 51.29, 15.44000000000051
 36148, 5210.5800,  3, 37.83, 16.140000000000327
 36170, 5212.8900,  3, 51.83, 18.43000000000029
 36202, 5216.2600,  3, 42.49, 21.800000000000182
 36314, 5228.0500,  1, -91.26, 33.68000000000029
 36421, 5252.6300,  3, 58.35, 11.039999999999964
 36435, 5254.1000,  3, 56.10, 12.5
 36435, 5254.1000,  3, 59.34, 12.44000000000051
 36437, 5254.3100,  3, 56.61, 12.69000000000051
 36438, 5254.4200,  3, 58.40, 12.789999999999964
 36442, 5254.8400,  3, 55.81, 13.19000000000051
 36443, 5254.9500,  3, 54.44, 13.260000000000218
 36453, 5256.0000,  3, 49.90, 14.38000000000011
 36564, 5267.6800,  3, 33.41, 26.039999999999964
 36696, 5281.5800,  2, -47.44,  40
 36805, 5306.4600,  3, 60.42, 11.170000000000073
 36810, 5306.9900,  3, 55.71, 11.739999999999782
 36825, 5308.5600,  3, 56.81, 13.320000000000618
 36850, 5311.2000,  3, 57.27, 15.980000000000473
 36883, 5314.6700,  3, 50.66, 19.360000000000582
 36896, 5316.0400,  3, 40.01, 20.73999999999978
 36929, 5319.5100,  3, 47.32, 24.270000000000437
 37078, 5335.2000,  2, -49.41,  40
 37078, 5335.2000,  2, -40.35,  40
 37078, 5335.2000,  2, -42.36,  40
 37189, 5360.2500,  3, 58.82, 11.44000000000051
 37194, 5360.7700,  3, 59.66, 11.970000000000255
 37197, 5361.0900,  3, 53.10, 12.210000000000036
 37202, 5361.6200,  3, 57.23, 12.800000000000182
 37220, 5363.5100,  3, 50.47, 14.640000000000327
 37461, 5388.8800,  2, -53.38,  40
 37461, 5388.8800,  2, -46.26,  40
 37461, 5388.8800,  2, -48.10,  40
 37461, 5388.8800,  2, -64.20,  40
 37461, 5388.8800,  2, -34.13,  40
 37548, 5411.5200,  1, -52.73, 8.94000000000051
 37570, 5413.8400,  3, 59.67, 11.170000000000073
 37576, 5414.4700,  3, 56.19, 11.800000000000182
 37576, 5414.4700,  3, 61.31, 11.850000000000364
 37579, 5414.7900,  3, 60.91, 12.149999999999636
 37584, 5415.3100,  3, 57.29, 12.69000000000051
 37590, 5415.9500,  3, 50.86, 13.3100000000004
 37606, 5417.6300,  3, 50.19, 15.020000000000437
 37788, 5436.7900,  1, -84.34, 34.210000000000036
 37843, 5442.5800,  2, -38.00,  40
 37952, 5467.4700,  3, 64.13, 11.210000000000036
 37958, 5468.1000,  3, 59.70, 11.789999999999964
 37966, 5468.9500,  3, 55.96, 12.680000000000291
 37984, 5470.8400,  3, 53.73, 14.609999999999673
 38000, 5472.5200,  3, 50.08, 16.220000000000255
 38072, 5480.1000,  3, 41.43, 23.81999999999971
 38086, 5481.5800,  3, 38.86, 25.340000000000146
 38157, 5489.0500,  3, 21.99, 32.76999999999953
 38225, 5496.2100,  2, -95.47,  40
 38225, 5496.2100,  2, -40.49,  40
 38339, 5521.6300,  1, -57.99, 11.789999999999964
 38349, 5522.6800,  3, 59.28, 12.80999999999949
 38353, 5523.1000,  3, 54.33, 13.239999999999782
 38353, 5523.1000,  3, 45.20, 13.180000000000291
 38355, 5523.3100,  3, 57.02, 13.4399999999996
 38395, 5527.5200,  1, -57.67, 17.68000000000029
 38404, 5528.4700,  3, 40.38, 18.55999999999949
 38405, 5528.5800,  3, 55.70, 18.659999999999854
 38607, 5549.8400,  2, -52.70,  40
 38607, 5549.8400,  2, -45.24,  40
 38717, 5574.7600,  3, 60.73, 11.289999999999964
 38729, 5576.0200,  3, 59.33, 12.529999999999745
 38743, 5577.5000,  3, 59.55, 14.029999999999745
 38747, 5577.9200,  3, 54.92, 14.429999999999382
 38774, 5580.7600,  3, 48.66, 17.289999999999964
 38808, 5584.3400,  3, 42.56, 20.9399999999996
 38989, 5603.3900,  2, -52.13,  40
 38989, 5603.3900,  2, -80.89,  40
 38989, 5603.3900,  2, -47.63,  40
 38989, 5603.3900,  2, -89.71,  40
 39095, 5628.0100,  3, 66.42, 10.88000000000011
 39103, 5628.8500,  3, 55.80, 11.700000000000728
 39106, 5629.1700,  3, 63.24, 12.020000000000437
 39108, 5629.3800,  3, 56.54, 12.240000000000691
 39117, 5630.3300,  3, 56.42, 13.240000000000691
 39135, 5632.2200,  3, 52.10, 15.079999999999927
 39138, 5632.5400,  1, -50.29, 15.470000000000255
 39187, 5637.7000,  3, 40.45, 20.520000000000437
 39372, 5657.1700,  2, -46.14,  40
 39372, 5657.1700,  2, -55.06,  40
 39485, 5683.3900,  3, 60.57, 11.670000000000073
 39490, 5683.9200,  3, 50.73, 12.170000000000073
 39493, 5684.2400,  3, 55.66, 12.510000000000218
 39500, 5684.9700,  3, 54.27, 13.1899999999996
 39516, 5686.6600,  3, 45.28, 14.86999999999989
 39528, 5687.9200,  3, 52.06, 16.170000000000073
 39754, 5711.7100,  2, -52.47,  40
 39754, 5711.7100,  2, -35.02,  40
 39754, 5711.7100,  2, -45.11,  40
 39754, 5711.7100,  2, -117.36,  40
 39862, 5736.5100,  3, 64.82, 11.100000000000364
 39863, 5736.6200,  3, 52.56, 11.210000000000036
 39864, 5736.7200,  3, 50.44, 11.3100000000004
 39872, 5737.5600,  3, 55.01, 12.19000000000051
 39873, 5737.6700,  3, 63.72, 12.200000000000728
 39878, 5738.2000,  3, 62.91, 12.800000000000182
 39882, 5738.6200,  3, 53.38, 13.19000000000051
 39896, 5740.0900,  3, 53.63, 14.650000000000546
 39918, 5742.4100,  3, 42.70, 16.99000000000069
 40137, 5765.4600,  2, -40.14,  40
 40255, 5791.2000,  3, 55.52, 12.140000000000327
 40265, 5792.2500,  3, 50.71, 13.170000000000073
 40277, 5793.5100,  3, 51.69, 14.470000000000255
 40278, 5793.6200,  3, 44.34, 14.610000000000582
 40285, 5794.3500,  3, 47.14, 15.260000000000218
 40519, 5818.9900,  2, -47.37,  40
 40519, 5818.9900,  2, -52.02,  40
 40519, 5818.9900,  2, -45.16,  40
 40644, 5846.4700,  3, 60.50, 12.900000000000546
 40645, 5846.5800,  3, 50.67, 12.970000000000255
 40645, 5846.5800,  3, 57.16, 12.94000000000051
 40648, 5846.8900,  3, 54.36, 13.340000000000146
 40652, 5847.3100,  3, 47.41, 13.770000000000437
 40658, 5847.9500,  3, 54.57, 14.38000000000011
 40689, 5851.2100,  3, 39.46, 17.640000000000327
 40902, 5873.6300,  2, -51.79,  40
 40902, 5873.6300,  2, -66.02,  40
 40902, 5873.6300,  2, -65.59,  40
 41012, 5898.6200,  3, 66.17, 11.289999999999964
 41019, 5899.3500,  3, 57.60, 12.0600000000004
 41025, 5899.9900,  3, 47.21, 12.680000000000291
 41029, 5900.4100,  3, 56.20, 13.140000000000327
 41033, 5900.8300,  3, 52.18, 13.569999999999709
 41284, 5927.2500,  2, -86.05,  40
 41284, 5927.2500,  2, -48.44,  40
 41284, 5927.2500,  2, -62.94,  40
 41284, 5927.2500,  2, -86.53,  40
 41284, 5927.2500,  2, -54.69,  40
 41396, 5953.4700,  3, 56.59, 11.490000000000691
 41400, 5953.8900,  3, 52.97, 11.900000000000546
 41406, 5954.5200,  3, 51.16, 12.520000000000437
 41412, 5955.1600,  3, 51.04, 13.160000000000764
 41418, 5955.7900,  3, 53.94, 13.860000000000582
 41442, 5958.3100,  3, 36.96, 16.3100000000004
 41503, 5964.7400,  3, 29.47, 22.770000000000437
 41667, 5982.0000,  2, -50.30,  40
 41667, 5982.0000,  2, -53.87,  40
 41775, 6007.6800,  3, 59.05, 11.149999999999636
 41776, 6007.7900,  3, 59.41, 11.209999999999127
 41777, 6007.8900,  3, 61.54, 11.359999999999673
 41777, 6007.8900,  3, 56.69, 11.349999999999454
 41787, 6008.9500,  3, 61.29, 12.409999999999854
 41790, 6009.2600,  3, 58.09, 12.699999999999818
 41808, 6011.1600,  3, 44.32, 14.55999999999949
 41844, 6014.9500,  3, 53.99, 18.329999999999927
 42049, 6036.5200,  2, -41.86,  40
 42049, 6036.5200,  2, -47.86,  40
 42164, 6063.1300,  3, 58.26, 11.8100000000004
 42167, 6063.4500,  3, 56.71, 12.170000000000073
 42170, 6063.7600,  3, 52.91, 12.470000000000255
 42181, 6064.9200,  3, 53.88, 13.670000000000073
 42245, 6071.6600,  3, 47.36, 20.3100000000004
 42431, 6091.2400,  2, -53.71,  40
 42431, 6091.2400,  2, -68.57,  40
 42431, 6091.2400,  2, -70.18,  40
 42431, 6091.2400,  2, -59.06,  40
 42431, 6091.2400,  2, -53.91,  40
 42549, 6117.0400,  3, 54.69, 12.159999999999854
 42555, 6117.6700,  3, 59.49, 12.8100000000004
 42559, 6118.0900,  3, 51.48, 13.210000000000036
 42559, 6118.0900,  3, 58.55, 13.180000000000291
 42568, 6119.0400,  3, 44.51, 14.149999999999636
 42609, 6123.3500,  3, 49.20, 18.48999999999978
 42647, 6127.3500,  3, 42.33, 22.420000000000073
 42813, 6144.8300,  2, -68.42,  40
 42813, 6144.8300,  2, -52.93,  40
 42813, 6144.8300,  2, -48.21,  40
 42929, 6171.2600,  3, 59.54, 11.949999999999818
 42931, 6171.4700,  3, 61.51, 12.199999999999818
 42965, 6175.0500,  3, 52.32, 15.699999999999818
 43015, 6180.3100,  3, 40.84, 21.029999999999745
 43195, 6199.2600,  2, -47.17,  40
 43195, 6199.2600,  2, -57.26,  40
 43195, 6199.2600,  2, -58.70,  40
 43195, 6199.2600,  2, -51.14,  40
 43195, 6199.2600,  2, -108.37,  40
 43195, 6199.2600,  2, -61.68,  40
 43314, 6225.9100,  3, 55.78, 12.289999999999964
 43324, 6226.9600,  3, 59.87, 13.300000000000182
 43334, 6228.0100,  3, 59.95, 14.329999999999927
 43382, 6233.0600,  3, 39.98, 19.389999999999418
 43383, 6233.1700,  3, 42.01, 19.48999999999978
 43439, 6239.0600,  3, 33.23, 25.38000000000011
 43577, 6253.5900,  2, -45.26,  40
 43577, 6253.5900,  2, -45.50,  40
 43577, 6253.5900,  2, -62.74,  40
 43577, 6253.5900,  2, -50.83,  40
 43680, 6278.7500,  3, 63.45, 10.579999999999927
 43686, 6279.3800,  3, 67.46, 11.170000000000073
 43708, 6281.7000,  3, 58.45, 13.489999999999782
 43712, 6282.1200,  3, 57.91, 13.930000000000291
 43832, 6294.7500,  3, 45.54, 26.520000000000437
 43959, 6308.1200,  2, -37.33,  40
 43959, 6308.1200,  2, -49.48,  40
 43959, 6308.1200,  2, -48.02,  40
 43959, 6308.1200,  2, -74.19,  40
 43959, 6308.1200,  2, -58.01,  40
 44078, 6334.1600,  3, 52.72, 12.260000000000218
 44079, 6334.2600,  3, 49.85, 12.349999999999454
 44083, 6334.6800,  3, 49.52, 12.80999999999949
 44087, 6335.1000,  3, 48.37, 13.229999999999563
 44087, 6335.1000,  3, 49.95, 13.229999999999563
 44341, 6361.8400,  2, -74.04,  40
 44341, 6361.8400,  2, -62.43,  40
 44341, 6361.8400,  2, -77.20,  40
 44341, 6361.8400,  2, -55.08,  40
 44341, 6361.8400,  2, -67.99,  40
 44454, 6387.1200,  3, 58.59, 11.670000000000073
 44456, 6387.3300,  3, 57.50, 11.819999999999709
 44460, 6387.7500,  3, 55.79, 12.299999999999272
 44460, 6387.7500,  3, 54.38, 12.219999999999345
 44484, 6390.2700,  3, 44.91, 14.779999999999745
 44486, 6390.4900,  3, 42.08, 15.049999999999272
 44519, 6393.9600,  3, 36.28, 18.50999999999931
 44723, 6415.4300,  2, -61.75,  40
 44723, 6415.4300,  2, -58.25,  40
 44723, 6415.4300,  2, -57.51,  40
 44827, 6439.7200,  3, 60.04, 10.720000000000255
 44832, 6440.2500,  3, 58.16, 11.210000000000036
 44834, 6440.4600,  3, 54.28, 11.430000000000291
 44839, 6440.9900,  3, 50.67, 11.920000000000073
 44846, 6441.7200,  3, 53.75, 12.650000000000546
 44849, 6442.0400,  3, 55.61, 12.949999999999818
 44852, 6442.3500,  3, 50.58, 13.350000000000364
 44871, 6444.3500,  3, 47.68, 15.280000000000655
 44899, 6447.3000,  3, 45.20, 18.210000000000036
 45105, 6468.9900,  2, -67.55,  40
 45217, 6496.0400,  3, 52.55, 11.5600000000004
 45219, 6496.2500,  3, 59.33, 11.699999999999818
 45227, 6497.0900,  3, 55.10, 12.569999999999709
 45236, 6498.0400,  3, 53.59, 13.479999999999563
 45244, 6498.8800,  3, 43.94, 14.319999999999709
 45273, 6501.9300,  3, 46.54, 17.38000000000011
 45487, 6524.4600,  2, -46.86,  40
 45487, 6524.4600,  2, -51.00,  40
 45487, 6524.4600,  2, -76.57,  40
 45487, 6524.4600,  2, -41.61,  40
 45603, 6549.8800,  3, 57.81, 11.960000000000036
 45604, 6549.9900,  3, 59.64, 12.090000000000146
 45606, 6550.2000,  3, 57.92, 12.239999999999782
 45617, 6551.3500,  3, 62.82, 13.449999999999818
 45631, 6552.8300,  3, 46.59, 14.9399999999996
 45636, 6553.3500,  3, 42.60, 15.390000000000327
 45869, 6577.8800,  2, -53.06,  40
 45869, 6577.8800,  2, -55.41,  40
 45869, 6577.8800,  2, -89.88,  40
 45869, 6577.8800,  2, -59.37,  40
 45978, 6602.8700,  3, 64.65, 11.179999999999382
 45981, 6603.1800,  3, 59.26, 11.549999999999272
 45991, 6604.2400,  3, 54.47, 12.549999999999272
 45996, 6604.7600,  3, 58.29, 13.1299999999992
 46011, 6606.3400,  3, 48.50, 14.6899999999996
 46060, 6611.5000,  3, 45.09, 19.839999999999236
 46251, 6631.6000,  2, -56.24,  40
 46251, 6631.6000,  2, -48.92,  40
 46251, 6631.6000,  2, -80.31,  40
 46251, 6631.6000,  2, -59.85,  40
 46362, 6657.4500,  3, 54.17, 11.400000000000546
 46370, 6658.2900,  3, 55.45, 12.280000000000655
 46386, 6659.9700,  3, 55.87, 13.900000000000546
 46389, 6660.2900,  3, 55.77, 14.220000000000255
 46395, 6660.9200,  3, 55.91, 14.930000000000291
 46400, 6661.4500,  3, 49.06, 15.44000000000051
 46402, 6661.6600,  3, 51.29, 15.6200000000008
 46410, 6662.5000,  3, 51.98, 16.51000000000022
 46470, 6668.8100,  3, 33.73, 22.75
 46634, 6686.0800,  2, -57.22,  40
 46743, 6711.1000,  3, 59.62, 11.159999999999854
 46751, 6711.9500,  3, 54.95, 12.029999999999745
 46752, 6712.0500,  3, 57.13, 12.199999999999818
 46753, 6712.1600,  3, 54.60, 12.229999999999563
 46769, 6713.8400,  3, 52.38, 13.979999999999563
 46775, 6714.4700,  3, 47.18, 14.590000000000146
 46782, 6715.2100,  3, 45.73, 15.349999999999454
 46830, 6720.2600,  3, 34.42, 20.36999999999989
 47016, 6739.8400,  2, -61.65,  40
 47016, 6739.8400,  2, -62.75,  40
 47125, 6764.5400,  3, 60.90, 11.159999999999854
 47131, 6765.1700,  3, 58.15, 11.800000000000182
 47134, 6765.4900,  3, 54.70, 12.110000000000582
 47136, 6765.7000,  3, 52.02, 12.329999999999927
 47136, 6765.7000,  3, 55.63, 12.38000000000011
 47159, 6768.1200,  3, 51.85, 14.730000000000473
 47181, 6770.4300,  3, 51.41, 17.11999999999989
 47183, 6770.6400,  3, 46.95, 17.3100000000004
 47320, 6785.0600,  3, 4.45, 31.770000000000437
 47399, 6793.3800,  2, -58.30,  40
 47512, 6818.7500,  3, 54.73, 11.63000000000011
 47518, 6819.3800,  3, 51.79, 12.230000000000473
 47522, 6819.8000,  3, 55.11, 12.710000000000036
 47529, 6820.5400,  3, 44.78, 13.36999999999989
 47537, 6821.3800,  3, 47.09, 14.210000000000036
 47578, 6825.7000,  3, 38.24, 18.600000000000364
 47620, 6830.1200,  3, 31.95, 23.020000000000437
 47668, 6835.1700,  3, 41.82, 28.020000000000437
 47782, 6847.1700,  2, -55.63,  40
 47782, 6847.1700,  2, -66.87,  40
 47890, 6871.7200,  3, 62.48, 11.109999999999673
 47897, 6872.4600,  3, 54.59, 11.8799999999992
 47911, 6873.9300,  3, 56.90, 13.319999999999709
 47920, 6874.8800,  3, 53.27, 14.269999999999527
 47925, 6875.4100,  3, 50.05, 14.80999999999949
 47961, 6879.2000,  3, 44.21, 18.609999999999673
 48108, 6894.6700,  3, 3.59, 34.00999999999931
 48164, 6900.5600,  2, -60.80,  40
 48164, 6900.5600,  2, -64.10,  40
 48164, 6900.5600,  2, -79.69,  40
 48270, 6925.2200,  3, 62.17, 10.86999999999989
 48280, 6926.2700,  3, 60.98, 11.960000000000036
 48284, 6926.7000,  3, 54.99, 12.390000000000327
 48302, 6928.5900,  3, 46.42, 14.240000000000691
 48306, 6929.0100,  3, 57.67, 14.720000000000255
 48307, 6929.1200,  1, -64.74, 14.840000000000146
 48320, 6930.4900,  3, 47.42, 16.110000000000582
 48394, 6938.2700,  3, 30.70, 23.900000000000546
 48436, 6942.7000,  3, 32.23, 28.400000000000546
 48547, 6954.3800,  2, -64.28,  40
 48653, 6979.8500,  3, 57.56, 10.920000000000073
 48654, 6979.9600,  3, 56.37, 10.980000000000473
 48659, 6980.4900,  3, 59.02, 11.470000000000255
 48659, 6980.4900,  3, 59.45, 11.550000000000182
 48662, 6980.8000,  3, 61.53, 11.860000000000582
 48665, 6981.1200,  3, 50.79, 12.159999999999854
 48665, 6981.1200,  3, 59.38, 12.19000000000051
 48674, 6982.0600,  3, 48.94, 13.090000000000146
 48679, 6982.5900,  3, 53.97, 13.640000000000327
 48929, 7008.9100,  2, -37.46,  40
 49023, 7032.2600,  1, -48.88, 9.680000000000291
 49040, 7034.0500,  3, 59.61, 11.460000000000036
 49057, 7035.8400,  3, 54.42, 13.239999999999782
 49062, 7036.3700,  3, 55.71, 13.69000000000051
 49065, 7036.6800,  3, 52.74, 14.050000000000182
 49106, 7041.0000,  3, 47.93, 18.36999999999989
 49311, 7062.5800,  2, -62.72,  40
 49311, 7062.5800,  2, -49.86,  40
 49311, 7062.5800,  2, -84.51,  40
 49311, 7062.5800,  2, -73.86,  40
 49415, 7086.9700,  1, -54.43, 10.730000000000473
 49418, 7087.2900,  3, 63.25, 10.949999999999818
 49421, 7087.6000,  3, 61.75, 11.320000000000618
 49427, 7088.2400,  3, 55.43, 11.890000000000327
 49430, 7088.5500,  3, 52.00, 12.230000000000473
 49443, 7089.9200,  3, 47.70, 13.600000000000364
 49479, 7093.7100,  3, 46.86, 17.400000000000546
 49488, 7094.6600,  3, 48.09, 18.3100000000004
 49693, 7116.2400,  2, -41.85,  40
 49693, 7116.2400,  2, -45.50,  40
 49801, 7140.9700,  3, 61.53, 11.0600000000004
 49802, 7141.0800,  3, 60.88, 11.230000000000473
 49803, 7141.1800,  3, 63.77, 11.320000000000618
 49805, 7141.3900,  3, 57.40, 11.5600000000004
 49807, 7141.6000,  3, 59.91, 11.770000000000437
 49809, 7141.8100,  3, 55.22, 11.890000000000327
 49812, 7142.1300,  3, 56.36, 12.220000000000255
 49821, 7143.0800,  3, 53.60, 13.240000000000691
 49844, 7145.5000,  3, 44.23, 15.670000000000073
 49872, 7148.4500,  3, 48.57, 18.57000000000062
 49983, 7173.6800,  3, 55.47, 11.550000000000182
 49989, 7174.3100,  3, 58.07, 12.170000000000073
 49990, 7174.4200,  3, 54.66, 12.289999999999964
 49991, 7174.5200,  3, 50.06, 12.360000000000582
 49999, 7175.3700,  3, 62.51, 13.240000000000691
